['423', '0', '10', '12', '64', '89', '197', '217', '294', '298', '389', '398', '405', '416', '458', '463', '486']
['348', '121', '125', '139', '372', '411']
['251', '18', '92', '116', '146', '147', '194', '338', '368', '385', '420', '431']
['90', '17', '19', '49', '82', '114', '137', '153', '164', '223', '238', '256', '279']
['1', '5', '53', '62', '66', '130', '166', '326', '355', '363', '369', '376']
['388', '71', '152', '203', '233', '299', '321', '332', '394']
['96', '80', '101', '135', '237', '253', '275', '318', '343', '402', '426', '466', '481']
['272', '51', '65', '98', '161', '163', '213', '270', '415', '434']
['8', '28', '70', '157', '179', '216', '265', '278', '292', '295', '303', '328', '395', '432', '448']
['187', '41', '74', '111', '190', '228', '241', '351']
['26', '34', '50', '87', '94', '95', '118', '165', '183', '208', '252', '261', '281', '333', '378', '387', '400', '427', '444', '465']
['314', '4', '20', '27', '43', '75', '85', '184', '195', '218', '226', '263']
['15', '55', '138', '276', '305', '340']
['45', '2', '177', '206', '225', '283', '396', '403', '409', '424', '478', '487']
['13', '25', '61', '185', '222', '227', '243', '246', '317', '352', '365', '367', '377', '462']
['457', '7', '52', '107', '144', '307', '329', '399']
['347', '31', '108', '193', '286', '308', '354', '430', '469', '471', '480']
['425', '69', '76', '99', '204', '302', '342', '410']
['170', '39', '63', '91', '282', '312', '315', '361', '381', '383']
['33', '57', '104', '159', '188', '200', '232', '319', '422', '429', '435']
['231', '3', '24', '100', '148', '210', '297', '309', '334', '433']
['304', '78', '199', '254', '274', '290', '296', '310', '311', '336', '380']
['207', '59', '113', '258', '269', '289', '323', '371', '401', '460']
['140', '11', '35', '202', '235', '359', '373', '379', '397']
['291', '32', '117', '174', '349', '357', '366', '382', '412', '441']
['56', '133', '158', '234', '392']
['257', '175', '384', '445']
['172', '47', '126', '134', '198', '353', '414', '418', '440', '464']
['386', '16', '30', '128', '167', '169', '181', '201']
['339', '60', '109', '173', '245', '360', '446', '483']
['473', '67', '110', '112', '143', '215', '271', '337']
['259', '48', '73', '136', '168', '247', '306', '461']
['178', '131', '186', '240', '322', '356', '442']
['316', '9', '72', '191', '346', '404', '489']
['260', '14', '123', '229', '266', '284', '320', '438', '452', '484']
['439', '6', '36', '54', '58', '93', '115', '129', '214', '239', '255']
['277', '44', '103', '149', '268', '437', '479']
['97', '219', '242', '267', '293', '391', '468', '477']
['280', '83', '132', '155', '160', '192', '196', '224', '325', '413', '456', '482']
['182', '37', '122', '127', '220', '230', '244', '262', '330', '344', '362', '374', '393', '408', '453', '472']
['42', '40', '79', '84', '150', '162', '287', '327', '335', '345', '350', '447', '451']
['211', '29', '77', '124', '151', '288', '370', '406', '421', '428', '443', '475', '485']
['419', '156', '417', '455', '459', '488']
['264', '23', '86', '331', '358', '364', '436', '467']
['119', '22', '68', '102', '141', '449', '450']
['205', '105', '106', '176', '221', '250', '341', '375', '390', '470']
['171', '21', '180', '189', '209', '248', '301', '454']
['212', '88', '142', '145', '236', '273', '407', '474']
['154', '46', '249']
['120', '38', '81', '285', '300', '313', '324', '476']
