['259', '284', '292', '104', '295', '63', '322', '128', '288', '110', '227', '29', '28', '280', '81', '4', '158']
['119', '107', '222', '360', '361', '175', '187', '249', '171', '185', '253', '53', '325', '26', '166', '103', '39', '41', '261']
['73', '172', '251', '109', '302', '120', '145', '123', '138', '186', '10', '202', '271', '168']
['199', '281', '45', '151', '330', '169', '160', '306', '87', '121', '339', '182', '115', '308', '44', '100']
['297', '213', '112', '92', '154', '177', '234', '97', '350', '237', '329', '210', '343', '52', '176', '269', '20', '342', '89', '260', '293', '316']
['180', '51', '93', '101', '241', '256', '139', '320', '243', '229', '149', '223', '181', '79', '220', '245']
['6', '13', '85', '224', '212', '334', '289', '1', '74', '283', '60', '61', '268', '163', '88', '205']
['179', '31', '22', '108', '125', '36', '192', '146', '232', '153', '309', '124', '311']
['102', '230', '344', '193', '72', '21', '59', '298', '262', '54', '323', '290', '157', '164']
['140', '33', '48', '357', '340', '8', '96', '285', '95']
['207', '30', '255', '331', '68', '65', '203', '215', '198', '221', '336']
['354', '23', '363', '208', '296', '32', '254', '173', '355', '99', '272', '239', '258', '263', '58', '152', '82', '62']
['117', '17', '116', '183', '351', '282', '127', '226', '327', '307', '47', '126', '337']
['349', '188', '5', '98', '319', '11', '301', '194', '328', '43', '294', '132', '225']
['347', '267', '170', '18', '304', '276', '49', '12', '250', '321', '141', '315', '133', '190', '231', '353', '217', '147', '83', '303', '35', '9']
['313', '91', '238', '277', '86', '264', '159', '167', '156', '242', '318', '129', '348', '310', '162']
['25', '345', '358', '15', '84', '279', '130', '174', '324', '27', '248', '42', '335']
['67', '38', '76', '71', '7', '197', '326', '134', '270', '247', '55', '235', '37', '111', '214', '75', '352', '56', '206']
['362', '19', '135', '266', '113', '142', '233', '70', '131', '66', '291']
['136', '114', '314', '106', '3', '24', '90', '236', '333', '94', '275']
['286', '165', '16', '244', '274', '356', '332', '80', '57', '209', '118', '312', '338', '240', '287', '191', '161']
['78', '137', '143', '64', '257', '189', '46', '211', '178', '184', '50', '216', '346', '359', '40', '200', '273']
['246', '144', '278', '0', '122', '201', '317', '252', '300', '69', '14', '150', '305', '299', '77', '196']
['204', '341', '2', '228', '265', '105', '219', '195', '155', '218', '148', '34']
