['80', '350', '61', '180', '389', '166', '14', '335', '457', '114', '289', '113']
['184', '394', '21', '383', '140', '188', '186', '109', '115', '452', '183', '479', '465', '496', '39', '361', '420', '151', '117']
['29', '89', '460', '69', '367', '327', '124', '253', '417', '354', '415', '311', '254', '48']
['386', '398', '345', '369', '216', '248', '70', '450', '370', '348', '143']
['256', '43', '231', '396', '112', '322', '421', '200', '84', '74', '385', '329', '293', '111', '296', '209', '286']
['65', '7', '483', '226', '426', '83', '453', '352', '157', '75', '474', '258', '261', '377']
['471', '105', '176', '382', '63', '326', '146', '85', '414', '221', '108', '110', '388', '372', '96']
['468', '282', '358', '349', '359', '42', '339', '476', '91', '104', '279', '330', '46', '181', '357', '190', '328', '162']
['484', '381', '338', '158', '41', '488', '197', '59', '13', '334', '27']
['292', '298', '285', '218', '152', '155', '142', '445', '9', '264', '422', '58', '438', '102', '265', '478']
['191', '302', '499', '447', '100', '246', '272', '130', '355', '6', '321', '237']
['486', '56', '314', '49', '480', '234', '206', '131', '401', '375', '419', '165', '266', '199', '299', '12', '273', '62', '244', '337']
['343', '371', '475', '230', '240', '57', '201', '406', '323', '189', '333']
['118', '251', '229', '204', '207', '76', '307', '487', '245', '331', '439', '98', '294', '378', '215', '407', '232', '174', '225', '239']
['250', '45', '182', '50', '442', '36', '497', '493', '141', '368', '167', '270', '290']
['30', '185', '277', '3', '52', '305', '217', '150', '67', '448', '405', '440', '491', '318', '38', '224', '303', '477', '238', '134', '431']
['393', '161', '274', '195', '374', '10', '308', '127', '276', '297', '87', '138', '444', '145', '428', '72', '103', '360', '409', '5']
['8', '121', '441', '400', '481', '88', '312', '344', '93', '310', '99', '68', '412', '287', '125', '346', '325', '306', '194', '163', '262', '395']
['92', '304', '347', '456', '156', '44', '20', '95', '434', '284', '390', '23', '430']
['275', '153', '462', '353', '219', '461', '387', '301', '139', '82', '192', '364']
['380', '135', '397', '278', '263', '55', '416', '300', '427', '247', '137', '212', '319', '249']
['205', '1', '178', '473', '73', '392', '97', '485', '187', '315', '35', '408', '494', '149', '213', '227', '443', '15', '170', '81', '210', '362', '16', '78']
['373', '291', '235', '144', '24', '31', '160', '413', '211', '51', '295', '223']
['128', '86', '147', '411', '222', '399', '198', '492', '77', '432', '341', '342', '356', '280', '40', '233', '18', '123', '288']
['4', '53', '94', '148', '269', '446', '384', '340', '268', '28', '391', '228', '64', '241', '317', '332', '106', '168', '404', '47', '313', '435']
['220', '495', '208', '455', '309', '79', '260', '175', '154', '454', '490', '424', '316', '136', '196', '433', '463', '126', '466', '133']
['403', '60', '498', '90', '283', '470', '26', '25', '172', '402', '271', '120', '259', '37', '437', '489', '423', '66']
['379', '255', '177', '17', '464', '159', '451', '429', '243', '32', '34', '365', '418', '179']
['324', '33', '320', '351', '363', '252', '0', '107', '336', '376', '19', '169', '119', '281', '164']
['193', '71', '22', '132', '101', '472', '366', '482', '171', '129', '436', '236', '116', '214']
['173', '469', '425', '449', '203', '267', '242', '459', '54', '2', '458', '257', '122', '11', '410', '467', '202']
