['arg', 'abf', 'aff', 'ahv', 'ahx', 'aou', 'apz', 'aqo', 'aoa', 'afu', 'ajq', 'aka', 'ahr', 'ahf', 'agk', 'aiv']
['aii', 'aac', 'ack', 'aeb', 'afl', 'agi', 'agl', 'aji', 'aoz', 'apw', 'art', 'atc']
['ags', 'aam', 'aas', 'aba', 'acp', 'afg', 'afn', 'akt', 'anl', 'aqk', 'ask', 'atf']
['aqq', 'abl', 'abu', 'acy', 'afy', 'ahi', 'aiw', 'akg', 'ams', 'amu', 'amw', 'aos', 'atd']
['arf', 'aaw', 'abg', 'abh', 'acc', 'ajj', 'ajx', 'akv', 'ana', 'aoh']
['aer', 'aae', 'aal', 'adb', 'aeh', 'aet', 'agm', 'amk', 'anj', 'ant', 'aop', 'aor', 'aqd']
['agr', 'acb', 'ada', 'adq', 'age', 'amj', 'aqp']
['aat', 'abp', 'afp', 'afz', 'aha', 'aiq', 'akb', 'akk', 'akq', 'amo', 'amr', 'anb', 'anz', 'aqt', 'ata']
['app', 'adf', 'adk', 'aki', 'als', 'amf', 'ane', 'anf', 'aod', 'asq']
['aaa', 'aab', 'aai', 'aaz', 'abv', 'ahn', 'ajh', 'alw', 'ame', 'anr']
['ado', 'acg', 'ads', 'ain', 'akz', 'alm', 'aox', 'apf', 'aql', 'ark', 'asn']
['aia', 'abm', 'acd', 'aci', 'acu', 'ade', 'aes', 'ajc', 'ano', 'apa', 'arh', 'arl']
['ann', 'adj', 'afj', 'afv', 'ajy', 'anm', 'aoq', 'api', 'aqi', 'arw']
['ach', 'aak', 'acf', 'acm', 'aeu', 'aez', 'ajo', 'akn', 'ani', 'aoe', 'apc', 'ape', 'aqr', 'arn', 'asd']
['aib', 'adm', 'afo', 'agf', 'aik', 'alq', 'alz', 'amt', 'ank', 'aot', 'asw']
['ahu', 'aax', 'aca', 'acx', 'adr', 'adv', 'adw', 'aei', 'afb', 'afc', 'agh', 'ahj', 'ahq', 'any', 'apk', 'aqs', 'ari']
['aqb', 'aag', 'aaq', 'abs', 'abw', 'aey', 'agy', 'ahz', 'amx', 'ash']
['aom', 'abc', 'acj', 'adh', 'ael', 'afh', 'aiz', 'akf', 'aly', 'and', 'aov', 'aqe']
['aoi', 'abr', 'ahs', 'akm', 'amp', 'apj', 'apv', 'aqw', 'aqx', 'asx']
['asy', 'aec', 'aht', 'aln', 'amm', 'aob', 'apm', 'asa']
['aig', 'aah', 'abe', 'aij', 'anq', 'ars']
['abq', 'adp', 'afd', 'afk', 'agg', 'aku', 'alp']
['aiy', 'aay', 'adt', 'aem', 'aeo', 'ahm', 'ajf', 'alf', 'amn', 'apg', 'aqa', 'arj']
['acz', 'aej', 'aeq', 'ahh', 'aie', 'aif', 'all', 'alx', 'ase', 'asm']
['acw', 'abz', 'adg', 'agb', 'agc', 'ait', 'aks', 'aky', 'ami', 'asj']
['apr', 'abd', 'acl', 'acr', 'aju', 'amb', 'aqg', 'aqh', 'ard', 'aru', 'ass', 'ate']
['aho', 'abn', 'ahb', 'ajw', 'akc', 'alc', 'amq', 'aoc', 'apb', 'apo', 'arm', 'ary', 'asz']
['aaf', 'aeg', 'ago', 'alg', 'arc', 'arv', 'atb']
['aep', 'aee', 'ajs', 'akd', 'akl', 'akx', 'aon', 'aow', 'apq', 'asb']
['ajd', 'ail', 'aim', 'ajz', 'alb', 'amh', 'aqm']
['aph', 'adl', 'adn', 'aen', 'afe', 'agv', 'ahe', 'aje', 'ajm', 'alk', 'amy', 'aoj', 'aqc', 'aro']
['agd', 'adx', 'ahk', 'ahw', 'ajl', 'alo', 'amc', 'aml', 'apn', 'aqy', 'asr']
['aqf', 'adu', 'aea', 'agn', 'aja', 'alt', 'apd']
['aef', 'abt', 'acq', 'adi', 'aed', 'aek', 'ajr', 'ako', 'ale', 'anh', 'anw', 'aqv', 'arb']
['amg', 'aan', 'abb', 'akp', 'alu', 'ans', 'apl', 'arq', 'arz']
['apt', 'aga', 'aof', 'arx', 'aso']
['ala', 'add', 'afs', 'ahy', 'ais', 'amv', 'arp', 'asg', 'asp']
['aqz', 'adz', 'aft', 'alr', 'aoo']
['ake', 'agq', 'aip', 'aiu', 'aok']
['aav', 'acv', 'afw', 'aio', 'alj', 'anp', 'aog', 'aps']
['aad', 'aap', 'aco', 'aev', 'afi', 'aid', 'akr', 'ang', 'apx']
['ast', 'aex', 'agj', 'agz', 'ahd', 'aih', 'ajb', 'ajv', 'alh', 'amz']
['aao', 'ace', 'agp', 'agw', 'akh', 'amd', 'aqj', 'asc', 'asi']
['abx', 'afr', 'asf', 'asl', 'ajk']
['afq', 'afm', 'agt', 'ald', 'aoy', 'aqn', 'asv']
['ajp', 'aar', 'afx', 'agu', 'akw', 'ali', 'aol', 'apy', 'are', 'asu']
['abj', 'aaj', 'aau', 'aby', 'adc', 'afa', 'ahg', 'ahp', 'ajg', 'akj', 'anc']
['ady', 'abi', 'abk', 'acn', 'ajt', 'anu']
['ara', 'acs', 'aew', 'agx', 'ahc', 'air', 'ama', 'anx', 'apu']
['arr', 'abo', 'act', 'ahl', 'aic', 'aix', 'ajn', 'alv', 'anv', 'aqu']
