['202', '78', '261', '264', '146', '194', '160']
['67', '99', '108', '134']
['201', '3', '45']
['93', '159', '257']
['163']
['203', '82', '133', '259']
['19', '112', '211', '263']
['173', '39', '107', '226', '258']
['233', '120', '174']
['269', '102', '207', '224', '241']
['44', '54', '70', '110', '239']
['72', '116', '235']
['253', '23', '138']
['75', '81', '85', '126', '158', '191', '204']
['267', '147', '157']
['43', '2', '164']
['4', '9']
['16', '29']
['65', '57', '94', '115']
['185', '187']
['24', '68']
['150']
['245', '111', '252']
['12']
['154', '7', '51', '169', '212', '228']
['104', '6']
['230', '217']
['216', '117']
['247', '66', '87', '190']
['42', '37', '77', '98', '127']
['11']
['128']
['76', '14', '132', '170', '223']
['15']
['55', '86', '162', '221', '254']
['177', '8', '156']
['219', '141']
['130', '28', '31', '64', '137', '145', '262']
['195', '79', '227']
['143', '50', '62', '240']
['208', '18', '106']
['35', '61', '125']
['30', '153', '244']
['36', '92']
['197', '21', '33', '148', '200']
['105', '103', '215']
['101', '189', '210', '220']
['181', '17']
['118', '53', '60', '122', '151', '238', '251']
['142', '149', '167', '178', '225', '237']
['250', '56', '199']
['222', '198', '229', '246']
['95', '100']
['121', '46', '175']
['188', '71', '83', '186']
['52', '84', '119', '139', '213']
['63', '58', '166', '171', '206']
['196', '91', '131', '136', '268']
['248', '32', '96', '152']
['73', '1', '193']
['34', '59', '266']
['22', '144', '182']
['40', '179', '231']
['69', '90', '180', '243']
['176', '155', '183', '242']
['129', '205', '232']
['74', '161', '255', '260']
['26', '124']
['80', '184', '209']
['89']
['49', '13', '25', '218']
['135', '41', '140', '214']
['38']
['10', '172', '192']
['236', '88', '109', '165']
['113', '249']
['27', '168', '234']
['256', '0', '48', '97']
['20', '114', '123', '265']
['47']
['5']
