['351', '158', '250', '225']
['228', '151', '290', '391', '393']
['96']
['389']
['398', '139', '146', '247']
['293']
['254', '41', '167']
['365', '125', '206', '213', '265']
['62', '25']
['255']
['314']
['262', '360']
['37']
['104', '83']
['110']
['226', '153', '241', '284', '371']
['224', '66']
['353', '59', '333']
['29', '148']
['324', '325']
['352']
['94']
['16', '122']
['181', '191']
['86']
['119', '65', '127']
['99']
['64', '386']
['77']
['379']
['103', '68']
['230', '173', '368']
['52']
['141', '84', '310']
['74']
['375', '92']
['304']
['232']
['260', '80']
['78', '395']
['39', '305']
['63', '363']
['345']
['316', '188', '367', '390']
['259']
['280', '211']
['334', '399']
['147']
['221', '152']
['350']
['235']
['23']
['227']
['192']
['187']
['220', '123', '124']
['239', '162', '244']
['15', '143', '297']
['266']
['73', '47']
['201', '12', '76', '370']
['276']
['307', '18']
['1', '129', '237']
['337', '57']
['159', '107']
['176', '34', '142', '252', '397']
['376']
['378', '75', '165', '299']
['264', '243']
['184']
['31']
['347', '234']
['4']
['321', '42']
['208', '222']
['145', '27', '134', '287']
['0', '200']
['249']
['358', '102', '300', '381']
['179', '14', '385']
['354']
['132', '126']
['199', '202']
['133', '17']
['114']
['180', '282']
['70', '330']
['296', '56', '256', '394']
['275', '101', '207']
['9']
['10', '130']
['238', '163']
['372']
['231', '91', '204', '205']
['60']
['366', '285', '306', '332']
['233', '8']
['311']
['229', '58']
['149']
['157', '21']
['3']
['43', '154', '313']
['108']
['198', '328']
['48', '95']
['329', '288']
['214', '194']
['281', '236']
['396', '364']
['309']
['136', '2', '268']
['384']
['274', '164']
['197', '161']
['271']
['374', '253', '387']
['193', '113']
['33', '298']
['71', '340', '380']
['97', '26']
['46', '6']
['279']
['169']
['117', '303', '308']
['382']
['118']
['209']
['20']
['186', '50', '383']
['348']
['98', '111']
['292', '135', '278']
['28', '286']
['54', '100', '270']
['242', '106', '150', '336']
['318', '81', '115']
['30']
['357', '82', '331']
['45']
['40', '121']
['69']
['338', '388']
['190']
['215', '257']
['349']
['195', '178']
['170', '312']
['373']
['327', '85', '323']
['246']
['49', '171']
['346']
['361']
['217', '203']
['245']
['131', '7', '24', '339']
['302', '196']
['156']
['53', '267']
['301']
['272', '44', '155']
['89']
['315']
['210', '216', '223']
['317', '90', '166']
['175', '116']
['35']
['291']
['109', '273', '343']
['13', '19', '88', '322']
['51', '67']
['55', '36', '140']
['112', '251']
['248', '87']
['219']
['356', '258']
['172']
['218', '355']
['342', '120', '177']
['277', '32']
['144', '240']
['212', '320']
['344']
['38', '11', '160']
['362', '185', '392']
['138', '295']
['61', '79', '174', '326']
['369']
['377', '5']
['128', '335']
['182']
['137', '183', '189']
['283', '93', '105', '263']
['168', '22']
['341']
['294', '72', '269']
['261', '359']
['319', '289']
