['57']
['159', '134']
['185', '109']
['152', '20']
['90', '136']
['206', '245', '184', '236', '102']
['151']
['230', '8']
['122', '88', '163', '162']
['173', '44']
['51', '63', '247', '168']
['71', '62']
['226', '200']
['116', '205']
['212', '82']
['84', '119', '167', '104']
['70', '231']
['105']
['97']
['133']
['53', '74']
['155', '191']
['25', '17', '204', '199']
['30']
['193', '219', '215', '5', '242']
['35']
['83', '75']
['36']
['81', '43']
['140']
['169', '28']
['141']
['183', '33']
['172', '211', '22']
['239']
['4', '161']
['50']
['106', '103', '243']
['221', '27']
['54']
['107', '21', '77', '64']
['99']
['112']
['76', '153']
['86', '227']
['208', '69']
['148']
['228', '207']
['100', '89']
['110', '145']
['16']
['192']
['73', '46', '47']
['42']
['93', '139', '41']
['218']
['176', '65']
['146', '3', '224', '190', '118']
['6', '7']
['178', '129', '179']
['37', '149']
['189', '40']
['143']
['13']
['38']
['29', '52', '246', '147', '196']
['131']
['188', '2', '98']
['194', '59']
['120', '48']
['80']
['66']
['121', '202']
['217']
['241', '177']
['166']
['209', '201']
['1', '187']
['78', '175']
['56']
['32', '14', '96', '125']
['213', '23']
['58', '114']
['240']
['108', '186']
['233']
['222', '91']
['174', '26', '31']
['223', '232']
['55', '68']
['85']
['124']
['130', '244']
['195', '137']
['11', '94', '49', '182']
['24', '154']
['79']
['150', '249']
['160', '67', '158', '117']
['39', '127', '135']
['220', '156', '9', '210']
['111', '115']
['10']
['235', '170']
['87', '0']
['237', '128']
['180', '238']
['144', '34']
['225']
['15', '157']
['197', '12']
['248']
['203']
['132']
['126', '138', '60']
['216']
['142']
['164']
['18', '92']
['123']
['72', '165']
['45', '214']
['229']
['19', '198']
['113', '181', '61']
['95', '171', '101', '234']
