['46lol', '5lol', '450lol', '192lol', '173lol', '259lol', '4lol', '86lol', '345lol']
['303lol', '416lol', '460lol', '470lol', '499lol', '13lol']
['226lol', '438lol', '101lol', '383lol', '430lol', '432lol', '265lol']
['393lol', '224lol']
['492lol', '109lol', '50lol', '391lol', '461lol']
['36lol', '89lol', '20lol', '149lol']
['191lol']
['324lol', '38lol', '59lol', '168lol', '477lol']
['243lol', '155lol', '412lol', '82lol', '150lol', '280lol', '378lol', '151lol']
['346lol', '137lol', '144lol', '44lol']
['10lol', '76lol']
['61lol', '225lol', '272lol', '163lol', '65lol', '188lol']
['446lol', '261lol', '102lol']
['308lol', '232lol', '426lol', '444lol', '78lol', '147lol', '297lol']
['49lol', '476lol', '437lol', '310lol', '119lol', '325lol']
['16lol', '66lol', '358lol', '311lol', '295lol', '111lol']
['120lol', '373lol', '352lol', '465lol', '218lol']
['235lol', '100lol', '23lol', '330lol', '117lol']
['178lol', '9lol']
['385lol', '216lol', '187lol', '107lol']
['227lol', '131lol']
['215lol', '113lol', '356lol', '414lol']
['384lol', '291lol', '92lol', '289lol', '368lol']
['302lol', '197lol', '462lol']
['128lol', '153lol', '284lol', '286lol', '24lol', '195lol']
['354lol', '453lol', '91lol', '98lol']
['300lol', '251lol', '342lol', '51lol', '394lol']
['148lol', '247lol', '299lol', '182lol']
['442lol', '206lol', '377lol', '141lol']
['198lol', '497lol', '397lol', '21lol', '425lol', '448lol', '353lol', '202lol']
['253lol', '424lol', '164lol']
['458lol', '255lol', '257lol', '401lol', '405lol']
['40lol', '336lol', '293lol', '409lol']
['283lol', '58lol', '245lol']
['486lol', '314lol', '230lol', '219lol', '429lol']
['221lol', '313lol', '3lol', '85lol', '447lol']
['165lol', '28lol', '339lol', '237lol', '73lol', '118lol']
['367lol', '69lol', '376lol', '484lol', '312lol', '478lol']
['123lol', '37lol', '124lol', '54lol', '175lol']
['296lol', '185lol']
['231lol', '349lol', '145lol', '403lol']
['108lol', '387lol', '408lol', '167lol', '277lol', '407lol', '229lol']
['395lol', '30lol', '332lol', '45lol', '318lol']
['306lol', '203lol', '415lol', '317lol', '166lol', '273lol']
['250lol', '142lol', '47lol', '421lol']
['81lol', '329lol', '389lol', '490lol', '181lol', '423lol', '282lol']
['17lol', '83lol', '190lol', '288lol', '67lol']
['241lol', '154lol', '31lol', '246lol']
['292lol', '392lol', '398lol', '133lol']
['350lol', '194lol', '333lol', '375lol']
['445lol', '483lol']
['236lol', '115lol', '366lol', '121lol', '88lol']
['307lol', '379lol', '321lol']
['7lol', '359lol', '48lol', '228lol']
['87lol', '186lol', '180lol']
['122lol', '184lol', '74lol', '62lol', '34lol', '15lol', '348lol']
['56lol', '29lol', '129lol', '485lol']
['112lol', '162lol', '156lol', '482lol']
['491lol', '281lol', '468lol', '267lol', '316lol']
['75lol', '42lol', '475lol']
['469lol', '340lol', '6lol', '200lol']
['64lol', '213lol', '53lol', '19lol']
['271lol', '357lol', '211lol', '57lol']
['435lol', '201lol', '474lol', '454lol', '331lol', '362lol']
['328lol', '274lol', '304lol', '1lol', '205lol', '55lol', '238lol']
['481lol', '160lol', '320lol']
['196lol', '335lol', '176lol']
['204lol', '488lol', '244lol']
['12lol', '436lol', '127lol', '433lol']
['322lol', '489lol', '361lol', '428lol', '80lol', '183lol']
['298lol', '434lol', '487lol', '417lol']
['234lol', '72lol', '210lol', '464lol']
['411lol', '480lol', '278lol']
['134lol', '174lol', '372lol', '449lol', '223lol', '410lol', '360lol']
['370lol', '262lol', '35lol', '380lol', '84lol']
['269lol', '420lol', '419lol', '71lol']
['240lol', '249lol', '441lol', '170lol', '159lol']
['99lol', '39lol', '96lol', '22lol', '114lol', '136lol']
['431lol', '25lol', '334lol']
['418lol']
['463lol', '326lol', '285lol', '347lol', '264lol']
['457lol', '116lol', '473lol', '132lol', '252lol']
['287lol', '388lol']
['209lol', '146lol', '14lol', '456lol']
['161lol', '341lol', '266lol', '363lol', '381lol', '217lol']
['319lol', '105lol', '455lol', '140lol', '301lol', '68lol', '70lol', '77lol', '459lol']
['242lol', '208lol', '467lol', '139lol', '169lol', '110lol', '495lol']
['239lol', '0lol', '94lol', '220lol', '427lol', '496lol']
['172lol', '305lol', '152lol', '138lol', '396lol', '260lol', '233lol', '365lol']
['270lol', '439lol', '189lol', '268lol', '254lol', '452lol', '323lol', '11lol']
['248lol', '402lol', '479lol', '171lol']
['256lol', '344lol', '279lol', '103lol', '399lol']
['337lol', '290lol', '343lol', '158lol', '125lol', '309lol', '214lol', '43lol']
['275lol', '382lol', '60lol']
['390lol', '93lol', '18lol', '193lol', '258lol', '2lol', '179lol']
['207lol']
['157lol', '199lol']
['33lol', '143lol', '97lol', '371lol', '369lol', '443lol', '135lol']
['422lol', '222lol', '106lol', '440lol']
['400lol', '32lol', '276lol', '364lol']
['52lol', '472lol', '404lol']
['327lol', '294lol', '263lol', '177lol', '494lol']
['41lol', '338lol', '451lol', '374lol']
['471lol', '212lol', '27lol', '63lol', '126lol', '79lol', '466lol', '90lol']
['104lol', '413lol', '498lol', '406lol', '130lol', '8lol', '95lol', '386lol']
['315lol', '355lol', '493lol', '351lol', '26lol']
