['404', '24', '77', '214', '230', '249', '261', '313', '451', '452']
['435', '5', '38', '48', '50', '80', '157', '168', '208', '240', '376']
['88', '35', '338', '355', '378', '414', '458', '467', '469', '478', '484']
['275', '10', '83', '107', '217', '235', '320', '352', '364', '374', '400']
['171', '61', '101', '138', '166', '173', '203', '266', '341', '351', '398']
['172', '148', '255', '280', '287', '437', '466', '486']
['169', '16', '108', '129', '158', '207', '294', '367', '389', '390', '421']
['251', '22', '47', '90', '277', '322', '442', '444']
['433', '3', '33', '40', '65', '76', '113', '128', '186', '359', '363']
['473', '118', '142', '229', '247', '312', '483']
['327', '68', '134', '139', '195', '324', '456', '468', '485']
['110', '9', '18', '27', '34', '99', '106', '194', '258', '310']
['177', '191', '223', '318', '356', '358', '375', '415', '470', '482']
['408', '45', '225', '286', '328', '354', '380', '397', '463', '476']
['481', '72', '140', '246', '301', '420', '432', '439', '465']
['368', '55', '86', '189', '292', '349', '440', '462', '464', '488']
['182', '44', '204', '215', '342', '423', '461']
['319', '7', '135', '163', '187', '220', '288', '336', '449', '471']
['151', '23', '37', '78', '109', '185', '259', '347', '385', '394', '410']
['429', '15', '26', '70', '160', '178', '190', '199', '323', '325', '419']
['91', '82', '111', '132', '143', '170', '248', '253', '399', '447', '453']
['64', '39', '53', '75', '97', '197', '198', '224', '321', '331', '381']
['252', '98', '161', '293', '311', '377', '383', '409']
['384', '6', '13', '54', '62', '93', '144', '155', '237', '304', '395']
['430', '0', '32', '145', '149', '165', '205', '227', '234', '262', '303']
['81', '20', '51', '71', '89', '96', '133', '206', '244', '279', '291']
['265', '2', '17', '116', '120', '147', '156', '218', '306', '316', '370']
['127', '58', '94', '231', '335', '343', '371', '405', '446']
['85', '69', '238', '282', '348', '360', '388', '418', '474']
['154', '11', '29', '73', '276', '337', '362', '434', '480']
['401', '4', '52', '174', '175', '176', '184', '188', '219', '326', '344']
['302', '112', '119', '200', '242', '250', '271', '300', '309', '333', '366']
['350', '95', '124', '346', '372', '411']
['487', '42', '84', '167', '179', '236', '245', '267', '290', '330', '340']
['202', '19', '164', '270', '299', '307', '345', '406', '424', '448', '455']
['268', '31', '36', '66', '92', '222', '239', '272', '284', '295', '413']
['122', '14', '137', '226', '256', '305', '334', '402', '403']
['382', '228', '269', '357', '391']
['233', '21', '49', '87', '114', '232', '393', '459']
['445', '12', '56', '180', '196', '216', '221', '373', '428']
['426', '41', '102', '125', '136', '317', '329', '412', '417']
['450', '63', '183', '213', '241', '243', '273', '281', '314', '379', '392']
['153', '28', '121', '159', '181', '254', '339', '353', '386', '472']
['438', '74', '126', '131', '201', '263', '264', '361', '365', '387', '441']
['479', '46', '60', '79', '152', '193', '210', '211', '289', '297', '298']
['30', '1', '104', '117', '260', '274', '427', '475']
['296', '43', '100', '115', '130', '146', '192', '396', '431', '454', '457']
['283', '25', '57', '59', '278', '308', '315', '477']
['436', '8', '67', '103', '105', '162', '209', '257', '332', '369']
['212', '123', '141', '150', '285', '407', '416', '422', '425', '443', '460']
