['118', '88', '100', '101', '111', '155', '171', '172', '202', '222', '245', '255', '260', '272', '280', '284', '287', '282', '288']
['239', '20', '69', '74', '109', '112', '156', '174', '221', '253', '290', '292']
['102', '36', '103', '119', '134', '206', '217', '218', '291']
['97', '9', '10', '14', '26', '76', '86', '87', '95', '116', '122', '144', '152', '164', '165', '175', '256', '268']
['215', '6', '19', '78', '89', '99', '182', '204', '207', '208', '220', '226', '243', '248', '252', '285', '296']
['198', '48', '72', '77', '81', '85', '108', '127', '160', '179', '185', '203', '210', '237', '250', '262']
['163', '39', '53', '65', '107', '129', '138', '150', '173', '178', '189', '197', '213', '244', '264', '269', '276']
['32', '13', '18', '23', '25', '34', '38', '60', '67', '191', '199', '232', '234', '281']
['153', '1', '43', '46', '82', '84', '91', '120', '147', '151', '180', '181', '200', '211', '216', '225', '227', '242', '274', '277']
['238', '3', '27', '75', '96', '117', '123', '135', '142', '145', '158', '168', '177', '196', '223', '257', '266']
['201', '22', '62', '167', '192', '193', '231', '258', '300']
['293', '4', '16', '37', '90', '121', '141', '166', '205', '228']
['170', '30', '33', '45', '61', '70', '105', '113', '125', '148', '169', '188', '209', '212', '233', '236', '249', '251', '286', '295']
['28', '21', '54', '115', '187', '246', '263', '279']
['130', '29', '44', '47', '49', '92', '229', '235', '241', '259', '273', '297']
['12', '7', '8', '17', '35', '51', '68', '71', '94', '98', '110', '162', '190', '194', '214', '271']
['154', '2', '5', '15', '24', '56', '73', '80', '83', '106', '114', '128', '133', '137', '149', '183', '247', '267', '289', '298']
['136', '31', '42', '55', '59', '64', '93', '139', '143', '157', '184', '195', '224', '240', '278', '294']
['140', '50', '52', '104', '132', '159', '176', '186', '219', '230', '261', '270']
['63', '11', '40', '41', '57', '58', '66', '79', '124', '126', '131', '146', '161', '254', '265', '275', '283', '299']
