['145', '211', '358', '61', '45', '342', '425', '439', '361', '144']
['73', '324', '353', '25', '319', '260']
['401']
['52', '92', '231', '341', '488', '93', '29']
['226', '60', '465', '447']
['380', '267', '136', '3', '484', '373', '493', '230', '355']
['339', '79', '214']
['109', '34', '182', '360', '18']
['448', '103', '305', '429']
['385', '307', '375', '357', '248', '40', '152']
['265', '156', '232', '134']
['202', '106', '413', '398', '368', '459', '90', '123']
['80', '499', '171', '77']
['190', '143', '205', '331', '419']
['65', '7', '75', '56', '340']
['284', '479', '155', '114']
['306', '363', '370', '250', '170', '414', '275', '384']
['335']
['279', '141', '107', '98', '293', '350']
['101', '196', '15', '207', '295', '382']
['223', '300', '387', '173', '104', '102', '299', '239']
['374', '31', '51']
['428', '367', '229']
['498', '475', '327', '264']
['82', '122', '131', '255']
['137', '487', '218', '149', '191']
['201', '209', '440', '462', '271', '329', '210', '57']
['287', '195', '24', '63', '177']
['469', '437', '391', '282', '344', '46']
['352', '480', '240', '129', '322']
['174', '486', '153']
['436', '158', '176', '204', '110', '443']
['27', '408', '97', '199', '323']
['333', '473', '194', '55', '96', '489']
['294', '315', '32', '268', '472']
['41', '216', '247', '303', '35']
['50', '21', '422', '359', '404', '224']
['418', '458', '213', '117', '266', '9']
['215', '14', '421', '78']
['286', '338', '42', '1']
['270', '402', '438', '30', '297']
['188', '296', '272', '241', '94']
['11', '461', '113', '388']
['54', '192', '430', '203']
['147', '108', '184']
['283', '84', '289']
['148', '47', '258', '135', '127', '412', '435', '151']
['309', '157']
['403', '139', '432', '130']
['321', '345', '133', '17', '320']
['441', '33', '212']
['302', '328', '269', '346', '379', '460']
['5', '470', '394', '348']
['111', '91', '316']
['242', '237', '193']
['120', '185', '67', '304', '453', '251']
['72', '220', '364', '146', '12']
['377', '262', '278']
['8', '415', '431', '492', '497', '290']
['372', '2', '253']
['200', '181', '249', '222']
['347', '405', '276']
['312', '257', '219', '365']
['298', '178', '390', '175', '39']
['236', '6', '186', '280']
['446', '464', '424', '457', '105']
['483', '378', '119']
['169', '87', '142']
['183', '411', '336', '494', '369', '386']
['48', '38', '397']
['245', '167', '463', '244']
['354', '62', '227', '208']
['416', '427', '100', '161', '115']
['471', '273', '53', '19']
['325', '491', '64', '140', '150', '285']
['165', '383', '482', '291', '277', '343']
['454', '468', '362', '71']
['423', '124', '474', '228', '442']
['406', '85', '43', '288', '455', '292', '126', '221']
['160', '452', '314', '371']
['389', '74', '225', '234']
['450', '356', '59', '10', '444', '351', '22', '44']
['49', '434', '121', '445', '466', '83']
['20', '197', '451', '159', '168']
['235', '138', '485', '381', '395']
['125', '172', '274', '409', '16', '254', '37']
['81', '154', '500', '495']
['206', '313', '334', '95', '217', '326', '118', '66', '281', '490']
['337', '233', '86', '496']
['433', '163', '76', '187']
['68', '243', '420']
['456', '198', '349', '311', '28', '310', '88', '399']
['58', '179', '36', '189', '332', '261']
['449', '69', '426', '410', '166', '481', '376', '89', '99']
['164', '417', '396', '116', '476', '330']
['478', '308', '112', '301', '128']
['393', '400', '366', '467', '180', '246']
['13', '26', '70', '238', '477', '407', '259', '392']
['162', '252', '263', '317']
['23', '4', '256', '132', '318']
