['go', 'kd', 'jt', 'cd', 'il', 'y', 'fl', 'dp', 'kb', 'kf']
['df', 'hr', 'ea', 'ji', 'hb', 'jw', 'dt', 'el', 'i', 'hp']
['o', 'cy', 'fj', 'is', 'kg', 'ey', 'ex', 'cn', 'hs', 'r']
['fh', 'fz', 'gy', 'ec', 'bu', 'w', 'cw', 'ct', 'ae', 'ke']
['fn', 'ap', 'jv', 'db', 'p', 'fg', 'dg', 'de', 'dx', 'cc']
['gn', 'aw', 'cb', 'ib', 'jk', 'gu', 'eo', 'ft', 'aj', 'iv']
['dz', 'ce', 'cx', 'm', 'do', 'dc', 'eh', 'jg', 'cl', 'cu']
['jx', 'at', 'dm', 'dd', 'ep', 'jl', 's', 'ax', 'ej', 'jy']
['z', 'al', 'fp', 'co', 'ba', 'd', 'ef', 'hi', 'hn', 'ha']
['fv', 'gh', 'ag', 'jn', 'bp', 'ho', 'bx', 'if', 'gg', 'gi']
['fw', 'dy', 'kc', 'ip', 'bw', 'au', 'gr', 'js', 'ck', 'je']
['fy', 'jf', 'jc', 'km', 'en', 'eg', 'cm', 'ic', 'gm', 'iw']
['ga', 'ez', 'fk', 'da', 'bf', 'bk', 'iq', 'dq', 'bg', 'hw']
['dk', 'bi', 'ab', 'fq', 'dr', 'l', 'hg', 'k', 'ek', 'ak']
['dv', 'jp', 'bt', 'ik', 'ij', 'ja', 'f', 'ir', 'fs', 'gb']
['bc', 'et', 'gt', 'gs', 'gz', 'gx', 'gf', 'ge', 'gd', 'gc']
['jd', 'gl', 'gk', 'gj', 'ia', 'dn', 'dl', 'dj', 'dh', 'di']
['g', 'dw', 'du', 'ds', 'h', 'jq', 't', 'x', 'em', 'ei']
['jo', 'ee', 'ed', 'eb', 'jr', 'eu', 'ew', 'ev', 'eq', 'es']
['jh', 'er', 'jz', 'ju', 'it', 'bd', 'be', 'bb', 'bl', 'bm']
['ca', 'bn', 'bo', 'bh', 'bj', 'bv', 'bq', 'br', 'bs', 'by']
['iy', 'bz', 'c', 'jm', 'cj', 'ci', 'ch', 'cg', 'cf', 'io']
['aa', 'cz', 'cs', 'cr', 'cq', 'cp', 'cv', 'ka', 'ih', 'iu']
['fd', 'jb', 'hz', 'hx', 'hy', 'hq', 'hv', 'ht', 'hu', 'hj']
['fe', 'hk', 'hh', 'hl', 'hm', 'hc', 'hf', 'hd', 'he', 'ii']
['q', 'b', 'j', 'n', 'kk', 'v', 'im', 'ix', 'ac', 'ad']
['gw', 'af', 'ai', 'ah', 'am', 'ao', 'an', 'aq', 'as', 'ar']
['gv', 'av', 'ay', 'az', 'ie', 'zz', 'ig', 'in', 'fr', 'fu']
['gq', 'fx', 'fa', 'fb', 'fc', 'ff', 'fi', 'fm', 'fo', 'a']
['gp', 'jj', 'e', 'kj', 'ki', 'kh', 'kn', 'iz', 'kl', 'u']
