['oUs', 'bAf', 'oSh', 'ptf', 'W4L', 'qPq', 'IJ1', 'Hyj', '8VG', 'etm', 'Ihb', 'XHa']
['ux2', 'dSZ', 'txp', '17Q', 'xpw', 'VPb', 'U0Z', 'zfK', '0gI', 'hHB', '1aX', 'DoC']
['rz4', 'mUL', 'vyM', 'P8b', 'sfk', 'VoJ', 'QDa', 'a4K', 'cmd', 'NGB', 'klv', 'wqW']
['uQL', 'Qa3', 'nqI', 'dvU', 'PiG', 'uH4', 'a55', 'Qyh', '6ro', 'xxJ', 'iFt', 'Gu6']
['LTB', 'tFU', 'stN', '4Nd', 'HWv', 'MrD', 'nf5', 'e8d', 'oZQ', 's6M', 'NyP', 'nc0']
['Fws', 'slQ', '1uW', 'czy', '8nm', 'JYa', 'I2i', 'IZQ', 'XMr', 'W8n', '70K', 'I2S']
['CwC', 'W2Z', '6sH', 'dlb', 'h6l', '3kn', 'z1H', 'vJC', 'Hi0', 'kiK', 'jEj', 'VVW']
['pf5', 'hQH', 'vca', 'F9o', 'mGb', 'yLV', 'xLA', 'EJa', 'Epk', 'aZv', 'AJT', 's1n']
['u1N', 'CU9', 'd60', 'qmj', 'SiL', 'zgJ', '0RD', 'VAV', 'bDO', 'UmG', 'Jla', '4KN']
['X9s', '1xS', 'BDE', 'OCL', 'VZ7', 'f9z', 's3z', 'Itn', 'emD', 'gVV', '5i6', 'ttO']
['FzE', 'PlJ', 'j3s', '6Hl', 'WLo', '19T', 'zTH', 'Mvm', 'U4K', '8uu', 'FbA', 'uZt']
['iiE', '4p5', 'Bfu', 'Afe', '2UA', 'PqY', 'm5j', 'Xim', 'Kn8', 'rGT', '8j5', 'BV4']
['KGR', '27J', 'Qtt', 'USE', 'gEU', 'gWT', 'uVg', 'rXN', '8uz', 'ZFU', 'SMj', 'AcJ']
['JLF', 'SFn', 'Ns3', 'mLF', 'cEk', 'AKr', 'XlR', 'TUB', 'WB2', 'Qti', 'nkl', 'u9Q']
['N08', 'rYU', 'PJa', '9ug', 'jWX', 'oSw', 'E2A', 'KZy', '28R', '9F9', 'gE4', 'WLk']
['aTI', 'NXP', 'ULj', '0ID', 'JVP', 'YUZ', 'rMd', 'lKO', 'HkK', 'xx7', 'VCH', 'nRH']
['FEQ', 'rC8', 'mcI', 'iba', 'LiP', 'ewc', 'i9C', 'SmS', 'euj', 'kte', 'JfN', 'Wmv']
['FkC', 'ZVF', '0oy', 'h3r', '5zB', '2mv', 'xqY', '96X', '1QY', 'i4H', 'G2k', 'GRw']
['sKX', 'fFE', 'YEe', 'cFa', 'e6S', 'YBr', 'QhQ', 'jFu', 'JWV', 'ZQL', 'hiF', 'WXJ']
['kZ0', 'JyM', 'X5a', 'mIe', 'H9O', 'PQT', 'b7z', '81k', 'iS6', 'tK7', 'tpP', 'IU6']
['btz', 'v6U', '5n5', 'dNX', 'x8V', 'wwD', 'nQv', 'Swe', 'n99', '5jv', 'Pas', '1RB']
['uii', 'zEh', 'H68', '4fp', 'Hbr', 'ISX', 'Zc5', 'EoI', 'blA', '5Li', 'gkI', 'GUX']
['fQ3', 'GpL', '1gc', '3QX', 'kYz', 'UPL', 'Z7b', 'b99', 'AK4', 'Hxo', 'x86', 'U0P']
['wgA', 'YMC', 'BPL', 'Ot9', 'qLD', 'upV', '69w', 'qDy', 'dLc', 'PoH', 'Jgp', 'EJD']
['psG', '6Ip', 'wGp', 'qkE', 'g08', 'AHs', 'kT2', 'zfD', 'gTC', 'mFO', 'hdp', 'ziA']
['ZxX', 'ZNv', 'eGG', 'J8r', 'mLL', 'uGP', 'cDc', '0Qs', 'nQj', '5U2', '6na', 'bLd']
['KS2', 'mRG', 'Y2z', 'pTi', 'tm4', 'UDc', '2vJ', 'e8H', '5qS', 'iTo', 'Ke0', 'Twl']
['Eou', 'fKV', 'jGk', 'KRy', 'hYw', 'B99', 'JcP', '4gy', 'MNb', '00m', '6pB', 'YNK']
['oPH', 'gfv', 'MQT', 'tEu', 'NqO', 'gEp', 'c3v', 'rgC', 'oak', 'tfQ', 'Fmb', 'lsG']
['4LY', 'hct', 'O2z', 'Ql9', 'YFC', 'X5J', 'D40', 'CYA', 'aLB', 'iW8', 'bA6', 'b9f']
['PPi', '9NA', 'rmu', 'tKI', '4nb', 'SV9', 'fFJ', 'xz4', 'ZY3', 'QEF', 'iGU', 'L1u']
['xRH', 'yAp', 'D5B']
['HvR']
['Tn8']
['NiX']
