['114', '11', '41', '74', '158', '206', '229', '273', '296', '190', '107']
['196', '9', '35', '73', '90', '163', '173', '200', '203', '271']
['208', '40', '60', '70', '83', '102', '127', '250']
['108', '18', '29', '100', '147', '179', '233', '257', '291', '292']
['171', '28', '42', '99', '118', '125', '198', '204', '211', '236', '252', '286']
['51', '15', '53', '71', '137', '174']
['207', '17', '43', '145', '191', '272', '279']
['226', '30', '45', '67', '82', '85', '139', '241', '275', '276', '295']
['0', '6', '7', '59', '77', '94', '96', '122', '134', '197', '210', '223', '231', '264']
['56', '1', '22', '39', '63', '84', '242', '266', '267', '268', '281', '289', '299']
['244', '12', '34', '79', '87', '104', '111', '123', '154', '215', '220']
['287', '33', '78', '115', '150', '188', '195', '214', '232']
['283', '4', '14', '32', '50', '109', '112', '152', '156', '194', '205', '245']
['181', '25', '65', '133', '138', '169', '230', '270']
['192', '48', '58', '97', '103', '130', '146', '218', '224', '253', '290']
['20', '10', '21', '75', '110', '185', '201', '209', '217']
['238', '3', '31', '52', '61', '88', '98', '121', '148', '168', '212', '246', '256', '269']
['62', '37', '93', '129', '159', '199', '202', '219', '243', '260', '293', '297']
['262', '16', '36', '81', '86', '140', '151', '165', '222', '285', '288']
['155', '2', '46', '92', '105', '116', '124', '160', '183']
['184', '47', '55', '89', '106', '153', '225', '258']
['162', '27', '76', '120', '135', '166', '170', '178', '274', '294']
['189', '5', '8', '26', '57', '64', '66', '72', '142', '161', '167', '248', '249', '255']
['95', '68', '119', '131', '132', '136', '176', '278', '284']
['13', '19', '128', '239', '282']
['261', '49', '54', '141', '164', '193', '263', '265', '277']
['187', '91', '117', '143', '144', '157', '182', '186', '213', '216', '227', '228', '234', '235', '240']
['237']
['80', '23', '24', '44', '69', '101', '172', '175', '177', '221', '280']
['247', '38', '113', '126', '149', '180', '251', '254', '259', '298']
