['161', '68', '205']
['10', '85', '143']
['28', '21', '209']
['179', '174']
['151', '149', '153', '234']
['196']
['135', '22', '79']
['243', '128']
['133', '25', '51']
['158', '202']
['114', '46', '224']
['20']
['11', '112', '127', '203']
['101', '8', '26', '72']
['66', '29']
['189', '50', '71', '129']
['43', '235']
['148', '165']
['216']
['230', '219', '239']
['241', '35', '88', '97', '228']
['96', '120', '208']
['210', '57', '132', '206']
['77', '41', '201']
['233', '48', '65', '157', '229']
['186', '70']
['185', '118']
['172', '39', '91', '139']
['81', '18', '122', '178']
['213']
['87', '119']
['115', '95']
['64']
['170']
['7', '49']
['125', '38', '225']
['105', '37']
['249', '86']
['52']
['62', '152', '184']
['56', '147', '204']
['54']
['80']
['123', '98']
['175', '104', '173']
['238', '4']
['5', '17', '212']
['19', '44', '154']
['103', '217', '242']
['192']
['247', '93', '136']
['117', '16', '47', '188']
['99', '67', '236']
['141', '211', '227']
['23', '27']
['83']
['187', '58', '90', '199']
['130']
['159', '0', '31', '223']
['246']
['137', '166']
['156', '12', '15', '116', '162']
['55']
['30', '9', '215']
['181', '14', '142', '171']
['61']
['124']
['168', '42']
['106', '100', '155', '221']
['240']
['84', '24', '195']
['232', '82', '145', '194']
['45']
['111']
['248', '167']
['33', '140']
['2', '75', '150']
['1', '59', '63', '160']
['177', '3', '13']
['218', '53']
['89', '131']
['121', '231']
['102', '176']
['200', '6', '126']
['109', '144', '163']
['226', '36', '244']
['191']
['169', '69']
['32', '34', '180']
['113']
['134']
['183', '74', '190']
['207', '146', '182', '198']
['60', '92', '220', '245']
['214', '78']
['40', '222', '237']
['76', '108', '193']
['107', '164', '250']
['110', '138']
['197', '73', '94']
