['188', '18', '51', '66', '157', '164', '195', '198', '210', '247', '254', '262', '266', '278', '289', '290', '314', '321', '398', '401', '171', '183', '221', '283', '42', '104', '65', '277', '243', '1']
['19', '35', '41', '122', '123', '132', '156', '214', '248', '293', '332', '402', '416', '275', '209', '196', '114', '37', '27', '352', '294', '365', '406', '175', '13']
['203', '44', '84', '110', '128', '144', '176', '276', '308', '363']
['415', '23', '28', '47', '62', '101', '102', '216', '229', '258', '359']
['119', '118', '194', '237', '273', '288', '316', '364', '378']
['337', '21', '59', '82', '91', '139', '141', '151', '160', '228', '269', '304', '323', '331', '336', '351']
['70', '49', '85', '92', '215', '226', '256', '354', '392', '408', '410']
['393', '36', '98', '108', '125', '148', '206', '212', '217', '236', '251', '371', '374', '376']
['339', '32', '52', '111', '172', '205', '343', '390', '413']
['155', '14', '26', '76', '90', '192', '222', '241', '259']
['169', '2', '38', '117', '149', '161', '213', '291', '325', '334', '344', '360', '397', '400', '417']
['140', '71', '81', '106', '137', '142', '165', '197', '244', '250', '282', '335', '367']
['105', '16', '109', '133', '249', '253', '267', '302', '309', '353', '395', '411']
['12', '5', '11', '17', '126', '138', '145', '154', '189', '326', '347']
['370', '79', '99', '115', '121', '147', '153', '167', '168', '234', '261', '338', '345', '368']
['255', '40', '54', '78', '93', '96', '166', '185', '199', '264', '297', '310', '320', '324', '362']
['208', '45', '270', '287', '380', '333', '284']
['407', '22', '29', '86', '134', '136', '268', '271', '285', '286', '328', '330', '342', '346', '381', '403', '409']
['116', '0', '24', '33', '58', '107', '113', '170', '174', '177', '202', '219', '232', '299', '312', '356', '361', '418']
['329', '56', '68', '127', '143', '207', '257', '272', '281', '311', '373', '375', '386', '388', '391']
['95', '20', '53', '73', '112', '129', '158', '159', '181', '231', '252', '307', '327']
['274', '4', '6', '8', '30', '67', '77', '83', '89', '94', '130', '204', '211', '263', '301', '340', '348', '358', '369', '383']
['124', '7', '10', '31', '48', '61', '74', '100', '103', '162', '163', '193', '265', '295', '389']
['182', '3', '64', '87', '97', '120', '201', '220', '225', '227', '238', '279', '300', '306']
['25', '80', '150', '186', '190', '200', '218', '357', '372', '412', '419']
['223', '9', '63', '69', '131', '135', '184', '239', '246', '305', '384']
['15', '50', '55', '60', '146', '179', '224', '296', '313', '315', '355']
['280', '39', '57', '72', '152', '178', '187', '191', '230', '235', '240', '245', '317', '318', '319', '349', '366', '377', '394', '414']
['43', '34', '46', '75', '180', '233', '242', '260', '303', '341', '350', '385', '396', '404', '405']
['379', '88', '292', '298', '322', '382', '387', '399']
