['405', '2', '59', '65', '113', '175', '206', '230', '265', '276', '278', '281', '296', '310', '324', '325', '341', '345', '351', '392', '426', '463', '212', '204', '218', '474', '380', '0']
['497', '7', '41', '62', '69', '114', '117', '148', '161', '180', '217', '239', '262', '266', '273', '314', '322', '336', '365', '375', '419', '434', '433', '448', '469']
['269', '52', '61', '87', '100', '130', '134', '138', '155', '160', '189', '210', '244', '270', '280', '300', '315', '348', '387', '393', '466', '470', '472', '473', '483']
['398', '15', '31', '45', '47', '48', '50', '127', '140', '159', '208', '211', '241', '259', '292', '297', '441', '452', '461', '471', '493']
['450', '4', '37', '57', '91', '98', '105', '109', '112', '158', '186', '216', '253', '258', '301', '335', '407']
['16', '18', '28', '80', '85', '118', '125', '162', '166', '190', '235', '247', '286', '331', '386', '395', '403', '439', '442', '458', '490', '498']
['460', '49', '53', '56', '76', '79', '89', '96', '135', '141', '143', '153', '249', '308', '312', '344', '363', '368', '376', '390', '404', '417', '429', '437', '462']
['275', '66', '107', '110', '116', '120', '150', '156', '167', '172', '192', '215', '234', '243', '251', '285', '320', '342', '358', '370', '383', '411', '444', '451', '455', '457', '459', '488']
['102', '14', '17', '38', '42', '44', '111', '124', '214', '221', '225', '231', '240', '257', '289', '291', '303', '306', '347', '349', '352', '364', '367', '415', '443', '480', '484', '492']
['229', '24', '34', '83', '86', '133', '146', '194', '246', '268', '295', '318', '333', '378', '379', '384', '416', '431', '447', '487', '495']
['454', '11', '21', '39', '70', '75', '81', '152', '157', '165', '191', '203', '223', '228', '305', '329', '332', '361', '372', '381', '399', '406', '409', '424', '428', '465']
['430', '6', '30', '43', '55', '58', '67', '73', '106', '121', '136', '174', '195', '237', '245', '283', '293', '302', '313', '323', '337', '355', '382', '414', '427', '464']
['371', '63', '68', '84', '101', '103', '123', '126', '128', '139', '154', '179', '188', '233', '288', '309', '319', '321', '357', '388', '396', '412', '467', '468', '477', '489', '499']
['77', '20', '64', '92', '95', '122', '131', '144', '164', '169', '196', '201', '213', '220', '224', '232', '248', '250', '261', '264', '271', '282', '290', '346', '366', '373', '389', '394', '479']
['3', '8', '12', '35', '71', '88', '132', '170', '173', '177', '181', '197', '209', '298', '304', '391', '413', '420', '421', '440', '446', '453']
['227', '22', '26', '33', '72', '90', '94', '99', '115', '185', '222', '263', '284', '307', '328', '338', '353', '362', '425']
['108', '1', '13', '51', '54', '142', '145', '171', '193', '238', '252', '256', '267', '274', '277', '294', '299', '326', '330', '339', '356', '369', '397', '432', '438', '476', '478']
['207', '10', '19', '25', '46', '78', '104', '129', '147', '151', '176', '178', '184', '199', '200', '202', '205', '226', '236', '242', '287', '317', '327', '334', '350', '354', '400', '402', '435', '445', '456', '485']
['23', '27', '29', '32', '36', '40', '74', '93', '97', '119', '163', '168', '182', '183', '187', '219', '255', '260', '272', '279', '311', '343', '360', '374', '385', '418', '436', '449', '475', '481', '482', '494', '496']
['9', '5', '60', '82', '137', '149', '198', '254', '316', '340', '359', '377', '401', '408', '410', '422', '423', '486', '491']
