['302', '308', '409']
['356', '30', '197', '412']
['383', '135', '188', '216', '309']
['414']
['8']
['193', '349', '406']
['101', '15', '236']
['185', '27', '97', '146', '323']
['251']
['11', '418']
['55', '200', '305', '320', '368']
['324', '46', '71', '143', '195']
['328', '102', '114', '119']
['140', '181']
['244', '43', '122', '273', '285']
['350', '74', '316', '369', '381']
['392', '38', '73', '82', '171']
['79', '64', '217', '224', '266']
['402', '6', '51', '166', '385']
['118', '177', '334']
['62', '131', '228', '245', '290']
['269', '270']
['176', '152', '423']
['75', '223', '250', '347', '400']
['163', '32', '112', '137', '165']
['189', '281', '375']
['49', '248', '261']
['380', '25', '246', '291']
['83', '16', '50', '351', '363']
['179', '194', '235', '413', '422']
['123', '80', '361']
['405', '219', '360']
['175', '23', '231', '393']
['225', '127', '207', '315', '426']
['322', '35', '45', '61', '160']
['13', '142', '169', '379']
['398', '358']
['90']
['151', '47', '186', '258', '332']
['14', '85', '93', '95']
['311', '116', '294', '366']
['337', '33', '37', '81', '198']
['108', '86', '107', '133', '167']
['60', '215', '386']
['67', '59', '153', '212', '284']
['272', '19', '76', '220']
['89', '42', '268', '396']
['404', '18', '57', '88']
['162', '87', '326']
['104', '222', '277', '372']
['410', '240', '340']
['2', '103', '126', '354', '417']
['99', '286', '310', '345', '353']
['415', '330']
['221', '399', '420']
['373', '376']
['229', '132', '242', '313']
['256', '130', '211', '252', '260']
['241', '115', '159', '408']
['28']
['124', '70', '182', '199', '355']
['1', '239']
['3']
['425', '44', '100', '145', '304']
['94', '26', '105', '264', '301']
['206', '161', '196', '247', '338']
['36']
['0', '157', '336', '364']
['24', '203', '300']
['401', '191', '232']
['306', '210', '390']
['134', '384', '419']
['172', '10', '271']
['52']
['341', '53', '128', '204', '249']
['9', '307']
['317', '394']
['39', '34', '209']
['388', '91', '190', '276', '424']
['68', '56', '63', '84', '187']
['149', '213', '234', '243', '255']
['148', '72', '184', '287', '312']
['218', '92']
['65', '180', '267', '318', '357']
['416', '109', '257']
['382', '283']
['205']
['168', '106', '288']
['202', '69', '254']
['147', '192', '346']
['274', '4']
['329', '263']
['233', '77', '377']
['164', '17', '389']
['259', '48', '121', '170', '298']
['117', '21', '41', '111', '348']
['378', '335']
['156', '155', '331', '352']
['237', '98']
['110', '174', '397']
['391', '265', '279', '421']
['78', '158', '282', '293', '319']
['303', '253']
['20', '230', '296']
['54', '226']
['183', '113', '321', '371']
['333', '370']
['141', '144', '154', '339', '344']
['275', '29', '314']
['292', '5', '295', '365', '395']
['208', '7', '120', '125', '280']
['173', '150']
['278', '12', '299', '387']
['407', '96', '325', '359', '411']
['129', '362']
['201', '343']
['238', '327']
['367', '138', '289']
['31', '58', '66', '178']
['227', '22', '374', '403']
['139', '40', '262', '297']
['342', '136', '214']
