['254', '12', '17', '23', '26', '32', '36', '58', '71', '76', '107', '111', '137', '218', '270', '275', '317', '333', '349', '357', '358', '364', '392', '409', '419']
['389', '5', '6', '45', '60', '70', '77', '84', '101', '114', '123', '151', '185', '190', '210', '245', '256', '304', '307', '374', '393', '400']
['166', '9', '130', '201', '231', '272', '273', '326', '337', '381']
['29', '25', '37', '57', '62', '73', '95', '96', '118', '141', '192', '244', '248', '302', '311', '320', '336', '353', '375']
['299', '27', '48', '89', '108', '161', '168', '178', '189', '208', '217', '224', '241', '257', '266', '282', '306', '321', '344', '386', '406', '416']
['132', '86', '117', '221', '263', '277', '314', '334', '339', '365', '380', '401', '405']
['384', '11', '21', '39', '43', '44', '80', '131', '158', '167', '171', '196', '204', '226', '237', '285', '303', '312', '315', '341', '351', '355', '408', '410', '413']
['324', '22', '33', '42', '75', '81', '102', '125', '133', '138', '156', '165', '174', '239', '246', '251', '252', '260', '276', '289', '296', '338', '340', '399']
['61', '1', '4', '88', '91', '121', '195', '212', '232', '235', '247', '265', '286', '322', '348', '350', '363', '382', '402', '415']
['177', '46', '68', '97', '100', '147', '154', '155', '173', '203', '209', '238', '262', '298', '313', '362', '385', '394']
['179', '35', '49', '50', '51', '78', '112', '135', '136', '157', '172', '194', '216', '228', '297', '310', '323', '343', '411']
['34', '15', '59', '72', '82', '87', '115', '160', '162', '198', '242', '264', '281', '359', '388']
['99', '24', '38', '90', '94', '109', '150', '176', '188', '211', '250', '258', '259', '279', '308']
['214', '10', '105', '140', '148', '153', '182', '184', '230', '253', '255', '284', '287', '294', '327', '331', '356', '369', '398']
['370', '47', '54', '128', '149', '152', '187', '193', '197', '202', '215', '233', '234', '236', '243', '295', '301', '319', '329', '342', '345', '368', '383', '412']
['354', '28', '55', '83', '113', '124', '169', '309', '371', '379', '397', '418']
['122', '20', '30', '31', '40', '65', '67', '74', '134', '145', '181', '267', '269', '288', '291', '335', '378', '417']
['225', '3', '7', '92', '98', '110', '116', '119', '139', '170', '186', '191', '261', '271', '278', '292', '300', '318', '330', '352', '367']
['0', '66', '85', '93', '103', '106', '183', '199', '240', '325', '328', '346', '360', '366', '372', '377', '395', '396', '414']
['200', '14', '18', '19', '52', '53', '129', '142', '146', '159', '164', '206', '223', '249', '332', '361', '373', '403', '407']
['16', '2', '8', '13', '41', '56', '63', '64', '69', '79', '104', '144', '180', '213', '227', '268', '283', '290', '305', '316', '376', '390', '391']
['205', '120', '126', '127', '143', '163', '175', '207', '219', '220', '222', '229', '274', '280', '293', '347', '387', '404']
