['233', '89', '117', '170', '191', '195', '200', '224', '242', '248', '260', '262', '276', '277', '1', '53', '65', '132', '194', '206', '299', '0', '43', '83', '205']
['255', '61', '95', '113', '129', '177', '181', '183', '198', '280', '329', '339', '349', '353', '362', '364', '369', '396', '340', '54', '223']
['50', '9', '23', '42', '73', '78', '115', '120', '207', '208', '217', '275', '294', '296', '314', '317', '345', '355']
['41', '17', '19', '20', '45', '48', '76', '82', '103', '124', '140', '144', '156', '179', '212', '215', '226', '231', '265', '281', '282', '288', '297', '330', '356']
['394', '27', '36', '77', '94', '133', '155', '189', '214', '220', '230', '268', '322', '323', '376', '400']
['163', '11', '49', '67', '72', '102', '116', '166', '211', '237', '246', '272', '291', '293', '295', '351', '390']
['308', '8', '38', '106', '107', '145', '150', '152', '158', '286', '301', '307', '368', '393']
['374', '5', '7', '33', '40', '81', '85', '88', '121', '127', '174', '238', '249', '290', '298', '312', '318', '335', '346', '360', '365', '377', '395']
['367', '2', '4', '10', '44', '51', '59', '68', '125', '126', '138', '143', '162', '169', '173', '210', '241', '279', '283', '302', '313', '321', '327', '337', '342']
['148', '6', '25', '30', '60', '104', '110', '128', '160', '178', '184', '221', '250', '264', '269', '319', '320', '350', '354', '373', '381', '383']
['186', '18', '22', '96', '114', '119', '134', '135', '146', '147', '182', '213', '227', '247', '259', '284', '287', '306', '326', '336', '352', '359', '363', '370', '378']
['334', '47', '56', '64', '137', '154', '185', '222', '270', '274', '325', '338', '361', '375']
['232', '86', '98', '130', '141', '240', '256', '261', '267', '300', '309', '311', '328', '331', '384', '385', '388', '391', '392', '398']
['176', '12', '13', '16', '35', '62', '80', '92', '108', '136', '151', '187', '188', '202', '204', '229', '252', '253', '258', '271', '285', '332', '333', '386']
['100', '26', '39', '52', '71', '87', '90', '97', '131', '161', '165', '172', '190', '192', '199', '218', '235', '239', '243', '244', '254', '263', '289', '315', '341']
['343', '167']
['149', '14', '21', '24', '29', '31', '55', '58', '70', '142', '164', '171', '219', '245', '303', '324', '347', '348', '366', '371', '397', '399']
['236', '75', '91', '109', '118', '122', '159', '168', '197', '201', '203', '216', '225', '278', '305', '310', '357', '372', '380', '387', '389']
['79', '28', '46', '63', '66', '74', '93', '99', '111', '123', '139', '153', '175', '180', '228', '251', '257', '273', '292', '316', '344', '358', '379']
['193', '3', '15', '32', '34', '37', '57', '69', '84', '101', '105', '112', '157', '196', '209', '234', '266', '304', '382']
