['371', '1', '458', '453', '389', '383', '338', '326', '329', '296', '264', '267', '256', '210', '190', '149', '118', '107', '83', '70', '34', '27', '271', '45', '207', '239', '324', '228', '286', '293']
['21', '456', '420', '386', '360', '319', '287', '274', '244', '211', '11111', '185', '179', '172', '155', '152', '103', '94', '82', '29', '11112', '370', '273', '281', '11117', '446']
['434', '459', '429', '402', '11121', '334', '327', '290', '161', '117', '105', '78', '52', '17', '269']
['253', '467', '4', '460', '447', '412', '406', '378', '361', '259', '255', '11127', '250', '232', '212', '121', '122', '110', '99', '104']
['1113', '457', '5', '443', '416', '396', '348', '344', '328', '303', '292', '11128', '229', '230', '203', '195', '162', '148', '129', '84', '1115', '79', '67', '54', '42', '47', '30', '11113']
['95', '450', '454', '439', '440', '437', '423', '407', '394', '384', '373', '349', '332', '333', '268', '11116', '227', '220', '186', '180', '151', '111', '43', '11114']
['365', '461', '409', '410', '413', '393', '380', '306', '254', '226', '194', '188', '167', '80']
['302', '466', '442', '426', '397', '11123', '391', '340', '331', '265', '249', '217', '204', '209', '202', '1119', '164', '156', '145', '135', '1118', '72', '74', '60', '35', '1111']
['449', '462', '436', '11126', '392', '377', '336', '337', '325', '221', '223', '216', '191', '169', '159', '144', '124', '90', '81', '68', '55', '46']
['297', '455', '422', '372', '367', '369', '320', '312', '316', '241', '176', '171', '150', '126', '127', '113', '106', '97', '64', '44', '24', '1112']
['49', '417', '399', '375', '352', '353', '309', '11118', '284', '258', '245', '247', '218', '198', '133', '114']
['445', '431', '419', '354', '343', '339', '330', '294', '295', '282', '257', '236', '200', '178', '108', '1116', '59', '14', '8']
['415', '11125', '427', '395', '366', '322', '315', '317', '288', '277', '280', '270', '252', '240', '242', '243', '231', '233', '213', '175', '170', '173', '165', '158', '11']
['299', '463', '404', '405', '11124', '388', '382', '364', '356', '318', '279', '251', '238', '177', '168', '142', '146', '130', '131', '1117', '89', '58', '61', '38', '39', '28', '22', '12']
['189', '452', '418', '390', '387', '11122', '298', '278', '272', '262', '225', '154', '147', '137', '139', '120', '87', '88', '71', '73', '50', '51', '18']
['181', '464', '421', '411', '368', '362', '363', '345', '283', '174', '11110', '141', '96', '85', '75', '37', '31', '13']
['341', '438', '351', '11119', '11120', '321', '313', '308', '300', '11115', '206', '201', '153', '128', '112', '115', '100', '41', '25']
['2', '465', '0', '424', '379', '307', '289', '276', '246', '192', '157', '140', '123', '69', '36', '33', '7', '9', '10']
['425', '448', '432', '400', '401', '355', '358', '346', '314', '310', '275', '235', '182', '183', '184', '166', '143', '109', '102', '91', '92']
['16', '451', '441', '435', '385', '357', '342', '304', '260', '248', '222', '208', '196', '77', '1114', '40', '32', '26']
['98', '433', '381', '374', '350', '323', '305', '266', '261', '219', '214', '193', '134', '101', '86', '65', '66', '53', '20', '11129']
['160', '428', '430', '414', '398', '347', '291', '263', '237', '224', '205', '197', '199', '163', '136', '138', '56', '23', '15']
['215', '3', '444', '408', '403', '376', '359', '335', '311', '301', '285', '234', '6', '187', '132', '119', '125', '116', '93', '76', '63', '57', '62', '19']
