['HBC', 'NXU', 'MVS', 'EKJ', 'IKB', 'VCY', 'HPH', 'NOP', 'AJB', 'RYT', 'ASO', 'IFU', 'MMS', 'QAM', 'HNC', 'YVQ', 'TQM', 'QZB', 'BFH', 'IIT', 'AHE', 'IDJ', 'IDO', 'BIN', 'FXH']
['FWB', 'PJW', 'GWT', 'LMU', 'ULP', 'ZBF', 'EWG', 'FTI', 'KLM', 'QVI', 'CCY', 'RYA', 'ZFU', 'FUR', 'FTL', 'QMI', 'LGP', 'YER', 'CUZ', 'SUT', 'GXJ', 'ZPA', 'RBJ', 'JJB', 'KLV']
['WLU', 'DFW', 'KMD', 'HTW', 'NFI', 'WCB', 'MJV', 'KNZ', 'PVQ', 'TDJ', 'UZY', 'GPL', 'HGD', 'PZA', 'RXD', 'YHX', 'CRF', 'KDV', 'WUI', 'XNY', 'CGD', 'AUL', 'TBT', 'LOQ', 'XHQ']
['CYA', 'UHE', 'BBZ', 'SCK', 'NUG', 'GPH', 'QRE', 'NPS', 'JVR', 'YYC', 'PCL', 'UNW', 'VWX', 'QIK', 'DXK', 'SRB', 'MJR', 'IUY', 'OON', 'CZB', 'MWQ', 'DTU', 'TSS', 'KJN', 'QYA']
['EOF', 'LZE', 'PKK', 'YKH', 'BCW', 'PBP', 'MCI', 'ODG', 'YUG', 'LTC', 'NXI', 'XKQ', 'TMR', 'FCJ', 'HIG', 'RUR', 'FDS', 'UIO', 'RZW', 'RUP', 'RNU', 'GUQ', 'KLZ', 'BTJ', 'WYK']
['LXJ', 'YSP', 'EAA', 'RKO', 'DMP', 'PON', 'WTX', 'VZX', 'UMO', 'SNM', 'RJS', 'YYJ', 'ZFO', 'YPX', 'QTQ', 'GGP', 'NSI', 'UKO', 'NTW', 'FPR', 'EEA', 'XFW', 'IUE', 'TBN', 'ZCY']
['YKR', 'WSD', 'AYK', 'AYJ', 'FHI', 'SFB', 'NLI', 'QDB', 'JGS', 'DAW', 'HUN', 'TFN', 'RYE', 'EDD', 'GFL', 'YWW', 'POC', 'YDL', 'SGO', 'YDT', 'DMN', 'MUV', 'HCD', 'UDD', 'QTR']
['FJH', 'FPT', 'FTE', 'BLK', 'DAT', 'ARM', 'DMH', 'UOM', 'ZBU', 'JZA', 'UZU', 'BCI', 'JZV', 'RNM', 'HMT', 'AIM', 'JHO', 'ROL', 'QFE', 'ARV', 'DRX', 'DYU', 'TKB', 'OVZ', 'KVD']
['TVZ', 'TFQ', 'SMM', 'RSJ', 'ELO', 'ZNQ', 'WHJ', 'WKY', 'CDZ', 'CJB', 'SNS', 'PDU', 'ABC', 'ZCF', 'KLS', 'CXP', 'VMJ', 'MVB', 'OLD', 'XPW', 'GUE', 'SGT', 'WMY', 'PAX', 'KXZ']
['HPV', 'WCD', 'POJ', 'LWH', 'CDW', 'XRV', 'KUO', 'IYH', 'HJA', 'SRP', 'QCJ', 'ZQN', 'ACP', 'VYF', 'TVY', 'HQB', 'WED', 'VWR', 'QQN', 'KVY', 'EQX', 'HXF', 'LZI', 'KAJ', 'IAM']
['DWU', 'VAC', 'TGH', 'BEQ', 'MLN', 'DOT', 'FXX', 'EBB', 'KMP', 'NJD', 'MUL', 'VFV', 'NNG', 'FWN', 'FOD', 'ZJU', 'MUO', 'ZIT', 'TGW', 'FSW', 'SFD', 'SQS', 'CNU', 'ECG', 'IPG']
['WGY', 'YYG', 'INO', 'MSC', 'HGF', 'RDG', 'VQR', 'IPY', 'OXU', 'OEN', 'VFM', 'DHT', 'QLH', 'XEN', 'ELJ', 'DTS', 'QIB', 'BJR', 'ZFK', 'EBY', 'PGO', 'AMV', 'EBA', 'WWL', 'MBZ']
['SFK', 'CHR', 'CEY', 'YKF', 'QJK', 'HZF', 'GUR', 'CFP', 'FWA', 'ZGL', 'GMF', 'NWB', 'QTJ', 'BZI', 'RIA', 'MIE', 'JMT', 'XOE', 'VRD', 'PMO', 'SUQ', 'CAO', 'APD', 'GEF', 'MAC']
['VXB', 'THJ', 'FKU', 'YTQ', 'SAQ', 'EZU', 'TWL', 'MIN', 'QNG', 'JII', 'OZT', 'WER', 'TUK', 'GYM', 'QEP', 'ONX', 'YOA', 'NDJ', 'NDB', 'GUT', 'GUN', 'QLI', 'CHA', 'MED', 'ZRO']
['JOQ', 'NGH', 'YSM', 'DJA', 'IEK', 'OCI', 'SCX', 'PVS', 'BRY', 'UKF', 'OHR', 'WIF', 'NDI', 'MZP', 'TFT', 'IFO', 'MOH', 'TLC', 'CGQ', 'SCZ', 'RKH', 'YYU', 'VTH', 'AGI', 'IPV']
['UFK', 'EUK', 'MSE', 'SCS', 'IPK', 'IQJ', 'SNW', 'SYQ', 'EPR', 'JUQ', 'OII', 'JKL', 'EDP', 'SDH', 'XDE', 'NHA', 'WJS', 'GLR', 'WWT', 'LBW', 'GGA', 'UEN', 'KSW', 'XVF', 'YTR']
['ALL', 'KEQ', 'LLX', 'PYK', 'PAU', 'JMO', 'DTW', 'XEO', 'JSL', 'FXI', 'PTX', 'POR', 'AQN', 'OFJ', 'KZQ', 'JME', 'DCZ', 'JTZ', 'CFJ', 'YSD', 'WZL', 'DNE', 'PME', 'YLS', 'AWX']
['JXM', 'FOW', 'IYD', 'UHU', 'XIY', 'RSG', 'UTL', 'PIL', 'BDX', 'YKQ', 'LJA', 'FCU', 'SFJ', 'ESU', 'FEV', 'YAR', 'JWQ', 'HHK', 'UCH', 'ALG', 'XCX', 'MNB', 'JZY', 'JDC', 'GGM']
['HYW', 'MYN', 'TQB', 'JXZ', 'KNO', 'IIY', 'ITN', 'WDF', 'PGE', 'SQR', 'LZP', 'LUT', 'ALI', 'XWK', 'MLH', 'PAS', 'IKW', 'FQC', 'UGW', 'SUP', 'XQI', 'HXZ', 'LHD', 'NGI', 'CIH']
['NLS', 'FMU', 'NQL', 'WJI', 'TMD', 'YEN', 'XXQ', 'FJL', 'BHL', 'ZKY', 'VMW', 'LWA', 'DZR', 'QBJ', 'AZD', 'LHQ', 'RIX', 'XJW', 'XVQ', 'GSB', 'ACJ', 'GBL', 'SDF', 'YNR', 'IKN']
