['448', '037', '045', '082', '084', '086', '146', '152', '168', '210', '211', '248', '269', '304', '332', '335', '349', '352', '466', '474', '478']
['373', '015', '060', '073', '076', '078', '120', '130', '179', '180', '196', '200', '295', '297', '325', '354', '378', '381', '382', '391', '404', '435', '492']
['031', '063', '134', '135', '154', '171', '190', '191', '207', '236', '247', '251', '266', '267', '305', '342', '350', '369', '374', '409', '413', '454', '465', '472', '488']
['372', '019', '059', '061', '117', '144', '178', '235', '242', '277', '280', '281', '291', '345', '348', '362', '367', '368', '394', '398', '403', '433', '437', '451', '463']
['455', '004', '055', '058', '083', '093', '124', '131', '148', '160', '182', '213', '238', '307', '475', '481', '489']
['436', '006', '012', '068', '071', '099', '106', '107', '177', '288', '320', '355', '383', '406', '412', '446', '447', '462', '467', '477']
['109', '014', '069', '079', '088', '116', '128', '149', '202', '217', '237', '249', '256', '271', '279', '284', '306', '329', '343', '370', '379', '464', '476']
['399', '085', '103', '111', '119', '164', '197', '204', '231', '250', '257', '264', '265', '283', '287', '290', '301', '309', '340', '346', '363', '375', '417', '450', '456']
['244', '011', '102', '108', '114', '157', '169', '186', '209', '214', '218', '310', '312', '364', '393', '424', '430', '442']
['361', '017', '081', '104', '113', '125', '126', '137', '158', '170', '189', '206', '221', '255', '258', '260', '270', '282', '311', '319', '324', '357', '400', '411', '422']
['173', '010', '034', '043', '097', '176', '188', '194', '224', '240', '253', '254', '272', '298', '316', '326', '328', '333', '341', '359', '415', '418', '421', '428', '438']
['371', '001', '040', '050', '156', '184', '203', '208', '226', '228', '230', '233', '300', '308', '330', '347', '360', '365', '389', '396', '453', '457', '458', '460', '491']
['315', '020', '077', '100', '112', '163', '165', '167', '183', '187', '195', '222', '274', '294', '314', '322', '336', '380', '395', '416', '426', '487', '499']
['469', '023', '035', '051', '066', '070', '080', '127', '133', '234', '246', '273', '387', '401', '405', '425', '482', '483', '490']
['408', '002', '009', '038', '138', '151', '199', '216', '252', '296', '313', '317', '334', '339', '366', '376', '388', '407', '432', '441', '443', '449', '485', '496', '497']
['046', '030', '036', '054', '057', '065', '072', '118', '122', '123', '219', '223', '293', '321', '327', '338', '356', '402', '419', '440', '445', '452', '471', '480']
['470', '013', '016', '022', '025', '052', '056', '075', '105', '139', '140', '142', '150', '175', '181', '205', '227', '243', '261', '263', '299', '337', '353', '358', '377']
['259', '029', '032', '044', '047', '074', '091', '110', '147', '153', '159', '166', '192', '193', '212', '215', '232', '239', '275', '302', '303', '384', '390', '429', '444']
['427', '007', '049', '087', '096', '098', '121', '172', '220', '241', '245', '276', '292', '386', '397', '439', '484', '495']
['095', '000', '005', '008', '024', '026', '042', '062', '064', '092', '101', '132', '136', '143', '161', '174', '198', '278', '289', '318', '423', '473']
['268', '003', '018', '021', '027', '028', '033', '067', '115', '129', '141', '155', '162', '201', '229', '262', '285', '344', '479', '486', '493', '494', '498']
['090', '039', '041', '048', '053', '089', '094', '145', '185', '225', '286', '323', '331', '351', '385', '392', '410', '414', '420', '431', '434', '459', '461', '468']
