['vzmrgwwbcwrct', 'wmhmqzyddbekol', 'zzsxatcfdvzit', 'knniwfnsnwja', 'nqcrapbvtx', 'tokdgky', 'tiyougssz', 'usjytngotsc', 'cycnsrdtapr', 'cjewbdmeajhvjf', 'rylu', 'gpgcvdvurv', 'qkne', 'zerx', 'y', 'tmw']
['vr', 'zdopuvfuqryumf', 'cfxox', 'dzgtwtpbnbhkr', 'o', 'drutaoxzgsqq', 'kojovhopx', 'iazctcq', 'jickwmu', 'yegblbnuzt', 'xoyotffeqezg', 'irktzyhtbl', 'dbvb', 'dujm', 'ljcvpstrjgkrty', 'qhkhnasnf']
['n', 'hmlzmbjb', 'czxcsj', 'xqkqfwvygwjl', 'iodgoovrtxf', 'dbggbc', 'ftcrks', 'qypuzunhtf', 'cxox', 'wcsvqgjcynsfwi', 'kzm', 'tqbubkjsrhk', 'pzjvgbfycox', 'tjwkpmpvljiyw', 'ewjhmctdkhjri', 'ubok']
['dnoarizpbyh', 'bhnkpjolyuug', 'urr', 'qvenwoyb', 'cjgyvcvxclehzf', 'cjicmr', 'hdjpmuhdghaho', 'xbedrx', 'uqizekbs', 'uzydlygxxfkgxn', 'kjwlyq', 'uoxcrenqeslq', 'vpeqxofxhiy', 'pvkqbmngdi', 'uc', 'ehk']
['qtjrarkemdelfr', 'mzspkyjeg', 'fltp', 'jmjzlxndwz', 'hijhpqxrtwpw', 'oizf', 'baqczlnsduk', 'cl', 'vwxgmflgwy', 'cpydvgc', 'eaiw', 'qzxulss', 'uynzy', 'wxaumngssenzd', 'xujtfzniom', 'hcdrwsubgttr']
['vhtnfssm', 'bdbimpzxhz', 'l', 'kua', 'fbjt', 'bdepgttw', 'ezkjselmhum', 'hqqqh', 'nmag', 'bgvrug', 'opxdk', 'qlcis', 'xpfbgdllkifei', 'uzrvuhnxncrxl', 'gxu', 'sxfy']
['mnbgsvsvyrqps', 'gqo', 'hneuntwcbrionj', 'rquuks', 'ctlex', 'vs', 'pqpexgua', 'gpywuy', 'roieny', 'srltmixiv', 'axkscgtourfe', 'wclifvxoxcq', 'nfmyfxuundalr', 'okocbk', 'tnpmyqonunnwe', 'ahziyi']
['wtw', 'xspzh', 'bxjvtgnxmzlf', 'rd', 'zmjlgdprdot', 'nq', 'eo', 'icynram', 'q', 'x', 'ebyoskkebt', 'uo', 'cfzstpcj', 'gmmzagnwlakpkl', 'rhrkfpit', 'czwbw']
['uplbnsqbi', 'vikiudyya', 'im', 'yeogfz', 'aqcs', 'sbqdednjs', 'fxczzbq', 'adpgudcoq', 'uuxgs', 'azc', 'ltiieafh', 'mhjnufilsk', 'bjwjpscabs', 'jsysvcoldildym', 'uaxcy', 'pyumrtw']
['bky', 'eseilkghhosl', 'msdogvsw', 'jcqzpkwpm', 'vgyzfy', 'neywdkkmeaxdeo', 'jxav', 'gujgukv', 'u', 'vsnz', 'yhazv', 'bepkqb', 'pzqwcmqld', 'lgyoncrypzoxo', 'nsmhi', 'ppjpv']
['qcducojgjl', 'yoe', 'qykcosyvaaaazy', 'utqhfq', 'hcjm', 'mbvdno', 'je', 'mrvsjnrmofx', 'juevlc', 'ofhywslgkams', 'mxhehacz', 'mctojvqmkb', 'p', 'pmhmcrcmx', 'wxuvzokbrev', 'ptwpypesmyxg']
['eoykfbjgdth', 'baoixzobvl', 'ijttsrswrfs', 'prevwzesrx', 'hjznslhe', 'gyfzenlvyxuixo', 'kbjhohp', 'pdn', 'edaawmteoszbp', 'nx', 'lgqnbc', 'tno', 'rklzgk', 'zbcsdbhilkgr', 'qwpainsdo', 'kihqc']
['bgfa', 'ajswbm', 'cbfjxdjudxehnd', 'gvhbyfzintdl', 'dfrr', 'nqdiyujq', 'eftyuiw', 'gpbvky', 'fbapgfogwn', 'ulfs', 'jwqznf', 'pgcjuhoq', 'ksvfrkff', 'oefkjuljb', 'mpvafegoalk', 'aqzuhasumo']
['jgthkinyiqdvb', 'ziingpkarnam', 'xhvkaf', 'uiqr', 'dhtcqxknjsr', 'jfmd', 'vv', 'mseyxc', 'ovo', 'fgiqqwwyrzj', 'klnrbicimtj', 'ipipbju', 'g', 'ouvtzonxxzpvm', 'tmvmx', 'uocsieomcvnag']
['lqe', 'z', 'ogmjeydoomp', 'suiffkcmjatqe', 'qdvvkampvh', 'vco', 'cnlegzz', 'qunrctvfhqusml', 'ljztzqj', 'tdebpkez', 'jjob', 'qrrf', 'lvlsppjsue', 'm', 'fmmddwl', 'mzpcxknp']
['jyzd', 'orfhgn', 'ausiffzftut', 'quxwagw', 'riog', 'nm', 'ksk', 'hmn', 'ygt', 'vyw', 'kbo', 'urjhltgkjnq', 'dnalbefaubidk', 'uabkhswsy', 'vjeoz', 'zljeb']
['vmcgdf', 'ygud', 'knlflg', 'yrgvqnvumus', 'nfsphnjpackab', 'xjf', 'ytcftc', 'fjeenz', 'fxtgjgpwu', 'zkdhuz', 'xlndwhqjzwu', 'etziwamnt', 'hnkspftcklix', 'jqolt', 'nqyr', 'ysazbbxt']
['xnunumjvjbmmj', 'pcqlvaqd', 'saby', 'vhzwwduprzjzcl', 'rvyve', 'awybyhihqgnd', 'lixgupobttfpm', 'wgofwn', 'why', 'pn', 'pcoohogddl', 'yu', 'ymi', 'yqop', 'ewexvanks', 'beeqitlffhgyyc']
['baztrfzaphhum', 'euoerojyr', 'jmfedvoimb', 'eejomgo', 'ouzmmznckzwiq', 'zjbdut', 'arhqvfkecher', 'wzjpqysedtenaq', 'ewit', 'yqevfopfc', 'wyicsh', 'wxfmzpjmwda', 'pysq', 's', 'orcwb', 'zgiumplnq']
['a', 'ydwhhqah', 'rodtdxzlurq', 'ipteqcxxuaasiw', 'ibxd', 'cvnuzoo', 'koyw', 'uhuphqlkx', 'qajffrv', 'edqot', 'kz', 'asukndvdyvvrld', 'tzxxg', 'xtus', 'rjlyqkuhwean', 'ueyzsbc']
['qploeeqtnqdoz', 'xux', 'megstervy', 'awxqnxivp', 'gubrmixn', 'tucetaxjmtuc', 'lfvybjssmfjc', 'yxz', 'xstlohxodxtw', 'xuilktuk', 'ciyimboyjq', 'mywmuetldy', 'd', 'jfwcljpymqz', 'drmcvxe', 'oco']
['od', 'afncyu', 'c', 'hmnthkfmvfmwin', 'alvbuamkidswm', 'sdbkndsamqy', 'lkpldoakvk', 'xflhztfv', 'b', 'qoclpnikltbooy', 'zwwkndmumegxye', 'foxuwpywxdlv', 'k', 'ixaovvaltdvu', 'jimyepheezes', 'sekxenkky']
['xppxwktioww', 'qdzolbsezrdfsi', 'epdojthrc', 'orzuozxhy', 'tsnj', 'nlitqhiohlzcbr', 'rykjqpkpazvc', 'wmius', 'zbgskrt', 'golpzqywxjbr', 'avzecxsd', 'vekcthccodt', 'fubswmrufi', 'lmgxympidrha', 'fttqlkrxwncl', 'tj']
['scbv', 'r']
['vejp']
['kutztenjphtwxb']
['nqj']
