['22', '460', '437', '418', '361', '360', '345', '308', '298', '297', '291', '263', '250', '236', '233', '232', '226', '225', '218', '101', '51', '46', '21', '394', '377', '416', '35', '323', '481', '133', '333', '118', '302']
['420', '458', '442', '433', '425', '395', '317', '278', '247', '239', '219', '194', '187', '115', '95', '90', '58', '50', '42', '0']
['479', '464', '406', '390', '388', '368', '352', '331', '328', '293', '284', '276', '269', '172', '152', '142', '137', '128', '111', '106', '75', '74', '70', '68', '66', '45', '34', '33']
['476', '483', '443', '409', '393', '371', '348', '322', '304', '271', '238', '178', '151', '119', '72', '65', '61', '59', '44', '43', '41', '37', '3']
['335', '457', '446', '435', '383', '347', '266', '171', '166', '125', '99', '83', '81', '79', '78', '77', '69', '49', '47', '40', '2']
['177', '478', '474', '471', '459', '430', '427', '415', '410', '376', '370', '318', '311', '307', '264', '255', '251', '213', '167', '76', '64', '48', '31']
['397', '466', '450', '448', '439', '396', '391', '384', '375', '341', '290', '253', '242', '240', '209', '204', '201', '148', '129', '103', '100', '88', '84']
['183', '477', '472', '449', '445', '424', '381', '372', '281', '274', '216', '200', '190', '182', '174', '158', '157', '150', '139', '135', '110', '80', '53', '52', '38', '6']
['121', '469', '463', '366', '356', '316', '294', '285', '279', '260', '235', '203', '179', '161', '105', '97', '91', '56', '36', '18', '9', '1']
['14', '475', '468', '423', '411', '402', '354', '332', '303', '287', '268', '262', '261', '257', '241', '222', '206', '196', '185', '153', '114', '86', '54', '28']
['134', '470', '454', '440', '342', '340', '326', '315', '286', '244', '208', '199', '198', '193', '136', '92']
['329', '438', '429', '401', '351', '344', '299', '275', '272', '231', '186', '168', '165', '117', '55', '12', '10']
['67', '452', '434', '431', '419', '389', '378', '374', '358', '355', '336', '324', '321', '277', '246', '138', '108', '73', '27']
['7', '482', '465', '421', '408', '350', '310', '289', '288', '230', '220', '210', '205', '191', '180', '173', '159', '63', '8']
['306', '480', '467', '453', '403', '353', '349', '325', '305', '295', '280', '267', '258', '249', '197', '181', '163', '156', '154', '140', '120', '116', '112', '93', '62', '57', '23', '13']
['24', '407', '357', '283', '282', '254', '245', '223', '195', '192', '170', '143', '127', '122', '102', '39', '32', '11']
['243', '455', '414', '405', '400', '387', '367', '363', '312', '229', '207', '184', '155', '141', '131', '113', '94', '25']
['338', '473', '441', '428', '413', '404', '398', '392', '379', '369', '359', '309', '273', '270', '265', '259', '248', '189', '188', '147', '146', '144', '132', '126', '104', '89', '82', '29', '19']
['461', '451', '422', '399', '386', '380', '365', '346', '313', '301', '292', '228', '227', '221', '160', '98', '87', '17', '15', '5']
['234', '456', '447', '444', '436', '417', '412', '373', '339', '334', '330', '296', '149', '145', '123']
['107', '364', '362', '343', '314', '300', '256', '252', '215', '212', '176', '169', '130', '85', '60', '26', '20', '4', '426']
['16', '462', '432', '385', '382', '337', '327', '320', '319', '237', '224', '217', '214', '211', '202', '175', '164', '162', '124', '109', '96', '71', '30']
