['124', '66', '76', '80', '85', '97', '99', '147', '224', '231', '237', '239', '247', '258', '269', '284', '293', '310', '350', '377', '385']
['225', '46', '91', '149', '194', '266', '333', '369', '373', '378', '408', '412', '415', '424', '439', '455']
['146', '18', '47', '73', '130', '157', '234', '255', '282', '296', '332', '437', '451']
['319', '30', '51', '74', '77', '96', '116', '144', '206', '208', '212', '215', '241', '252', '253', '271', '277', '287', '314', '315', '329']
['142', '3', '34', '44', '48', '93', '106', '113', '117', '148', '213', '226', '285', '335', '346', '352', '370', '376', '383', '384', '395']
['0', '13', '22', '37', '54', '75', '139', '154', '185', '191', '257', '260', '283', '288', '307', '381', '391', '427', '446']
['430', '32', '33', '102', '156', '165', '173', '176', '182', '211', '245', '250', '336', '348', '405', '447']
['259', '45', '82', '92', '109', '128', '164', '170', '233', '305', '360', '389', '396', '398', '432', '444']
['331', '57', '63', '71', '101', '115', '131', '135', '166', '219', '229', '238', '261', '275', '320', '325', '355', '375', '416', '419', '441']
['79', '4', '29', '69', '86', '89', '95', '119', '140', '159', '167', '188', '217', '235', '251', '263', '404', '420', '422', '423', '448']
['68', '5', '16', '23', '100', '152', '265', '394', '418', '438', '456']
['300', '70', '87', '126', '137', '143', '153', '200', '203', '246', '316', '317', '361', '362']
['228', '50', '114', '123', '155', '158', '180', '189', '195', '221', '222', '243', '244', '256', '262', '281', '291', '372', '399', '414', '421']
['27', '1', '19', '43', '59', '60', '81', '118', '127', '171', '232', '248', '306', '326', '339', '366', '382', '417', '450', '454']
['409', '2', '55', '90', '112', '134', '202', '274', '299', '304', '340', '349', '353', '388', '401', '431', '435', '449', '452']
['387', '15', '49', '67', '105', '133', '141', '172', '190', '216', '280', '286', '298', '342', '356', '364', '365', '393', '397', '402', '413']
['403', '7', '107', '120', '161', '184', '270', '294', '301', '321', '323', '330', '334', '341', '345', '363', '425', '429']
['322', '11', '24', '52', '72', '162', '175', '193', '197', '268', '292', '328', '347', '359', '368', '400', '407', '453']
['94', '6', '21', '31', '61', '111', '160', '168', '236', '290', '318', '343', '351', '358', '406', '426', '436', '442', '443']
['177', '36', '42', '56', '83', '103', '110', '122', '129', '132', '145', '199', '240', '254', '267', '297', '308', '312', '327', '357', '379']
['279', '25', '28', '35', '39', '78', '84', '104', '151', '163', '178', '179', '187', '198', '210', '223', '242', '289', '303', '311', '344']
['445', '20', '41', '62', '64', '65', '98', '136', '192', '220', '249', '324', '338', '374', '380', '390', '410', '411', '433', '434', '440']
['209', '9', '40', '150', '181', '205', '218', '273', '276', '295', '309', '354', '367', '392']
['88', '14', '17', '108', '125', '138', '174', '186', '196', '230', '337', '386', '428']
['371', '8', '10', '12', '26', '38', '53', '58', '121', '169', '183', '201', '204', '207', '214', '227', '264', '272', '278', '302', '313']
