['291', '276', '5', '191', '192', '375', '357', '350', '433', '114', '400', '85', '149', '353', '186', '45', '369']
['316', '91', '119', '469', '94']
['457', '404', '73', '87']
['173', '151', '482', '476', '330', '32']
['465', '234', '377']
['15', '485', '81']
['274', '415', '473', '307', '346', '303']
['130', '105', '132', '134']
['169', '305', '67', '423', '12', '14', '296']
['161', '310', '184', '133']
['251', '4', '92', '35', '110', '475']
['50', '362', '241']
['86', '1', '210', '100', '226']
['194', '427', '172', '117', '108']
['261', '491', '3', '166']
['63', '472', '439', '403', '321']
['384', '293', '69']
['123', '289', '359', '229']
['245', '327', '199', '386']
['445', '28', '136', '118', '373', '158', '150']
['255', '115', '7', '266']
['8', '13', '231', '60', '205', '97', '39', '410', '31']
['441', '334', '468', '51', '107', '6', '367', '160']
['461', '335', '339', '153', '295', '298']
['286', '322', '48', '43', '447', '411', '111', '438']
['419', '348', '464', '98', '444']
['399', '189', '76', '284', '33', '148']
['484', '193', '96', '168']
['272', '29', '20', '190']
['70', '271', '237', '179', '314', '428']
['30', '459', '141', '109']
['329', '104', '324', '80', '267', '83']
['258', '223', '313', '402', '176']
['455', '16', '18', '325', '486', '90']
['470', '277', '453', '358', '408', '385']
['167', '338', '195', '129', '41', '382', '54', '490', '89', '185', '196', '481']
['265', '72', '209', '222']
['446', '456', '36', '59', '0']
['203', '84', '479', '383']
['124', '55', '374', '65', '361', '236', '340', '61']
['387', '264', '370', '208']
['364', '174', '145', '154']
['450', '449', '248', '106', '37', '287', '493']
['421', '260']
['162', '474', '301', '247']
['406', '235', '112', '139', '337', '343', '381', '207']
['217', '230', '332', '253', '282', '19', '294', '477', '371']
['152', '239', '391', '412', '281', '480']
['26', '269', '78', '159', '448']
['478', '171', '466', '250']
['240', '155', '460', '318', '336']
['440', '113', '212', '163', '349']
['257', '187']
['46', '288', '326', '426', '263']
['88', '215', '220', '429']
['68', '347', '225', '244']
['315', '483', '368', '422', '497']
['127', '219', '414']
['221', '71', '273', '246', '177']
['34', '279', '300']
['393', '232', '204', '432', '21']
['488', '23', '52', '183', '227', '24']
['38', '388', '489', '302', '436']
['224', '53', '102', '360']
['206', '201', '452']
['416', '64', '137', '495', '278', '99', '435']
['431', '494', '492', '202', '17']
['243', '443', '299', '366', '138']
['22', '66', '93', '47', '320', '146']
['380', '188', '103', '378', '425', '120', '290', '140', '297']
['311', '319', '218', '312', '396', '242']
['451', '341', '331', '351', '401', '182', '487']
['116', '27', '499', '434']
['365', '398', '121', '25', '256']
['147', '424', '175', '292']
['262', '437', '304']
['180', '211']
['407', '213', '77']
['354', '9', '394', '417', '156', '471', '352']
['275', '214']
['363', '56', '283', '82', '11', '420', '430']
['49', '317', '126', '333', '157']
['233', '342', '252', '442', '308']
['135', '125', '270', '165', '128']
['356', '462', '498', '101']
['458', '323', '170', '413', '389']
['392', '344', '280', '216', '198']
['306', '376', '454', '131']
['143', '345', '254', '372', '95', '328']
['2', '355', '397', '249']
['405', '62']
['259', '144', '142', '395', '181', '10']
['57', '42']
['122', '496']
['409', '467', '197', '40', '228', '463']
['74', '418', '164', '75']
['379', '200', '390', '238']
['58', '79']
['268', '178', '44', '309', '285']
