['317', '31', '33', '54', '59', '161', '191', '192', '202', '210', '296', '300', '306', '336', '377', '440', '443', '485', '492']
['132', '6', '13', '57', '58', '84', '95', '101', '140', '159', '205', '208', '224', '246', '255', '323', '343', '365', '400', '459', '473']
['146', '17', '48', '89', '94', '98', '123', '130', '131', '156', '173', '197', '209', '233', '237', '245', '257', '260', '287', '319', '338', '352', '366', '370', '464']
['321', '2', '40', '143', '155', '169', '177', '189', '225', '235', '308', '314', '449']
['478', '9', '26', '27', '29', '44', '51', '111', '126', '133', '137', '141', '180', '187', '294', '312', '320', '331', '407', '411', '433', '453', '468']
['236', '19', '32', '71', '72', '100', '106', '136', '175', '199', '229', '239', '252', '266', '270', '289', '383', '392', '394', '405', '418', '422', '425', '462', '493']
['283', '73', '90', '99', '154', '163', '171', '190', '251', '253', '309', '345', '437', '456']
['134', '47', '70', '81', '127', '157', '240', '258', '326', '348', '355', '356', '368', '421', '429', '455', '458', '465', '476', '479', '497']
['424', '21', '22', '37', '103', '122', '139', '152', '250', '278', '295', '318', '332', '349', '358', '374', '401', '403', '417', '481']
['369', '23', '24', '45', '68', '92', '112', '113', '120', '144', '174', '184', '211', '219', '226', '228', '232', '307', '329', '372', '378', '416', '450', '461', '495']
['274', '36', '66', '69', '76', '80', '201', '248', '259', '277', '288', '290', '310', '381', '389', '398', '399', '406', '413', '442', '444', '447', '472']
['230', '85', '97', '164', '247', '272', '273', '286', '357', '364', '371', '382', '384', '402']
['435', '12', '18', '20', '25', '50', '53', '88', '115', '153', '160', '167', '185', '264', '271', '275', '279', '285', '292', '302', '325', '337', '354', '373', '390', '410', '471', '491']
['487', '5', '56', '63', '128', '142', '172', '214', '227', '330', '339', '344', '346', '359', '367', '385', '397', '408', '426', '446', '477', '482', '484', '489']
['79', '60', '105', '108', '114', '124', '151', '178', '182', '196', '206', '231', '256', '268', '293', '297', '298', '350', '386', '393', '414', '420', '454']
['428', '7', '38', '64', '110', '118', '135', '162', '181', '241', '335', '360', '376', '396', '445', '452', '470', '486', '496']
['102', '0', '4', '65', '75', '78', '82', '158', '194', '347', '363', '380', '419', '436', '483', '499']
['269', '34', '49', '52', '119', '207', '220', '223', '281', '291', '301', '303', '362', '430', '434', '448', '457', '474', '475', '498']
['305', '14', '28', '43', '91', '125', '262', '282', '299', '395', '415']
['30', '8', '42', '83', '86', '138', '147', '165', '179', '213', '216', '222', '261', '263', '265', '316', '342', '391', '439', '494']
['387', '117', '121', '166', '221', '254', '267', '304', '311', '328', '353', '423', '441', '469']
['361', '1', '3', '11', '67', '93', '129', '145', '150', '168', '176', '183', '188', '276', '280', '313', '334', '412', '431']
['427', '74', '96', '107', '109', '148', '193', '195', '200', '217', '218', '234', '242', '243', '244', '340', '341', '404', '451', '466', '488']
['467', '10', '16', '35', '39', '41', '55', '61', '62', '77', '87', '149', '170', '198', '203', '204', '238', '315', '322', '327', '351', '432', '480']
['388', '15', '46', '104', '116', '186', '212', '215', '249', '284', '324', '333', '375', '379', '409', '438', '460', '463', '490']
