['485', '24', '63', '148', '173', '181', '227', '399', '435', '465']
['103', '15', '55', '201', '203', '230', '377', '382', '415', '440']
['432', '133', '179', '237', '272', '348', '356', '406', '444', '462', '464']
['238', '5', '59', '85', '99', '334', '346', '363', '364', '379', '397']
['111', '132', '158', '164', '274', '389', '445', '451', '453', '495']
['154', '40', '69', '86', '100', '239', '247', '292', '369', '384', '401']
['118', '68', '98', '178', '224', '246', '335']
['312', '0', '25', '33', '79', '169', '225', '236', '371', '458', '482']
['263', '104', '126', '210', '248', '319', '365']
['286', '43', '84', '188', '229', '290', '293', '349', '466', '496']
['307', '38', '58', '90', '95', '270', '284', '381', '424', '448', '469']
['97', '186', '240', '242', '267', '409', '441', '460', '461', '491', '498']
['254', '27', '82', '91', '101', '138', '150', '295', '300', '402', '416']
['456', '41', '54', '78', '258', '320', '331', '366', '376', '434', '450']
['439', '2', '48', '114', '219', '345', '472']
['220', '61', '87', '159', '163', '189', '216', '243', '281', '296', '463']
['487', '30', '66', '89', '93', '96', '105', '116', '125', '197', '291']
['198', '7', '51', '74', '102', '264', '367', '405', '426', '428', '494']
['298', '14', '57', '92', '160', '177', '208', '209', '228', '347', '396']
['306', '23', '52', '130', '153', '166', '187', '193', '277', '315', '330']
['470', '9', '170', '266', '318', '383', '391', '430', '474']
['404', '108', '226', '337', '341', '360', '476']
['127', '77', '168', '215', '269', '302', '339', '368', '442']
['123', '88', '155', '157', '165', '252', '403', '425', '436']
['467', '75', '156', '199', '200', '413', '419', '421', '433', '449', '490']
['338', '107', '113', '287', '329', '350', '418', '454', '457']
['241', '152', '249', '325', '342', '352', '354', '459']
['393', '34', '112', '143', '299', '308', '328', '336', '386', '395', '408']
['146', '49', '50', '62', '128', '162', '232', '427', '468']
['147', '20', '31', '119', '172', '259', '260', '283', '324', '358', '372']
['217', '73', '117', '120', '124', '145', '196', '278', '304', '333', '355']
['446', '70', '83', '144', '206', '310', '317', '390', '422', '452']
['257', '32', '35', '121', '195', '309', '316', '321', '370', '375', '410']
['478', '45', '67', '110', '134', '141', '184', '192', '275', '297', '385']
['305', '1', '29', '185', '194', '212', '276', '282', '288', '326', '327']
['60', '39', '46', '64', '72', '76', '137', '140', '204', '205', '357']
['18', '6', '22', '211', '279', '340', '417', '493']
['378', '109', '122', '255', '265', '388', '414', '420', '480', '488', '492']
['332', '13', '94', '135', '174', '180', '221', '253', '261', '344', '361']
['387', '17', '65', '214', '294', '394', '423', '431']
['26', '4', '176', '183', '313', '407', '443', '455']
['47', '8', '53', '81', '106', '256', '268', '301', '311', '351', '362']
['233', '11', '16', '36', '71', '129', '202', '250', '262', '314', '412']
['207', '191', '218', '223', '244', '289', '343', '353', '475']
['473', '151', '161', '182', '271', '359', '398', '438', '471', '483', '486']
['285', '3', '19', '21', '37', '42', '44', '131', '171', '175', '190']
['429', '80', '115', '234', '235', '280', '437', '447', '499']
['167', '142', '213', '273', '303', '392', '411', '477', '484', '489']
['136', '10', '12', '139', '231', '322', '400', '481', '497']
['222', '28', '56', '149', '245', '251', '323', '373', '374', '380', '479']
