['372', '189', '285', '59', '121', '45', '312', '203', '257', '179', '325', '133', '335', '316', '75', '77', '36', '233', '89', '278']
['145', '97', '214', '162', '91', '113', '175', '242', '360', '137', '125', '349', '184', '256', '231', '292', '375']
['282', '160', '255', '204', '188', '298', '297', '343', '383', '288', '110', '219', '115', '287', '132', '19', '263', '329', '80', '128']
['300', '206', '197', '386', '212', '368', '252', '314', '200', '270', '370', '127', '400', '339', '237', '46', '44', '362', '74', '85']
['48', '352', '96', '265', '358', '84', '384', '146', '202', '364', '15', '23', '227', '32', '98', '4', '395', '3', '338']
['248', '326', '108', '155', '304', '279', '180', '236', '43', '174', '87', '114', '12', '136', '52', '356', '10']
['112', '341', '1', '359', '166', '215', '380', '376', '195', '261', '213', '249', '50', '53', '41', '58', '149', '377', '51', '275']
['129', '82', '210', '191', '226', '334', '14', '5', '56', '190', '381', '378', '83', '331', '348', '37', '228']
['207', '88', '266', '294', '176', '208', '68', '81', '274', '262', '281', '123', '333', '104', '158', '346', '157', '177']
['62', '185', '230', '117', '271', '178', '218', '150', '205', '399', '211', '296', '396', '163', '13', '26', '29', '336', '20']
['9', '272', '345', '31', '105', '277', '327', '353', '240', '247', '321', '143', '17', '120', '21', '308', '251', '293', '332', '361']
['55', '92', '366', '126', '388', '67', '320', '135', '234', '156', '243', '144', '102', '54', '40', '192']
['357', '99', '225', '250', '116', '159', '124', '106', '303', '172', '387', '319', '254', '79', '365', '169', '69', '295', '148', '337']
['182', '309', '131', '147', '350', '71', '141', '18', '340', '323', '392', '305', '28', '193', '382', '229', '244', '354', '363']
['38', '63', '72', '389', '57', '245', '151', '122', '142', '140', '367', '170', '374', '130', '223', '199', '217']
['286', '299', '95', '198', '289', '222', '390', '164', '42', '7', '61', '2', '70', '118', '315', '186', '109', '201', '27', '328']
['232', '290', '317', '280', '258', '183', '139', '76', '355', '373', '291', '306', '168', '167', '351', '24', '283', '152', '344']
['107', '269', '342', '39', '302', '49', '35', '161', '187', '216', '397', '154']
['171', '241', '347', '8', '22', '30', '268', '318', '253', '47', '66', '103', '398', '34', '322', '311']
['260', '369', '391', '209', '153', '65', '86', '313', '173', '259', '330', '16', '33', '267', '196', '165']
['100', '6', '385', '221', '246', '220', '90', '301', '393', '394', '25', '324', '379', '11', '111', '238', '273', '235', '119', '371']
['94', '224', '310', '239', '276', '78', '264', '93', '138', '181', '194', '73', '101', '64', '134', '284', '307', '60']
