['51', '0', '231', '433', '436', '448', '472']
['169', '24', '100', '108', '298', '319', '377', '486']
['235', '17', '23', '40', '101', '134', '137', '153', '217', '290', '301']
['127', '32', '34', '95', '155', '214', '396', '421']
['397', '43', '60', '85', '107', '124', '154', '180', '241', '253', '303', '312', '350', '370', '463', '497']
['188', '72', '120', '333', '430', '460', '485']
['193', '110', '189', '273', '278', '368', '469']
['81', '42', '49', '80', '345', '372', '444']
['385', '53', '83', '105', '228', '233', '263', '376', '475']
['74', '28', '26', '35', '62', '71', '142', '151', '330', '349', '359']
['75', '93', '164', '225', '323', '439', '441', '492']
['116', '177', '200', '208', '288', '293', '305', '338', '341', '347', '381', '393', '456', '498']
['206', '82', '156', '168', '383', '453']
['364', '69', '117', '129', '130', '147', '150', '197', '238', '308', '324']
['33', '152', '224', '239', '245', '266', '321', '332', '355', '480', '471', '499']
['56', '25', '143', '159', '179', '352', '384', '394']
['395', '11', '194', '202', '218', '259', '291', '294', '476']
['282', '115', '174', '190', '205', '302', '318', '335', '351', '367', '418', '434']
['230', '210', '213', '353', '403', '414', '427', '461', '467', '494']
['106', '320', '366', '399', '419', '435', '477']
['123', '52', '89', '99', '201', '252', '432', '487']
['61', '38', '48', '113', '114', '131', '181', '392', '405', '407', '426', '428', '431']
['402', '66', '220', '249', '314', '363', '429']
['422', '79', '103', '111', '234', '269', '279', '307', '329']
['192', '12', '18', '27', '45', '64', '139', '191', '207', '326', '375', '417', '424', '437', '484']
['412', '7', '31', '119', '171', '265', '283', '339', '382', '440', '442', '462', '474']
['378', '44', '98', '135', '343', '458', '459', '464', '496']
['59', '3', '87', '146', '163', '175', '276', '304', '357', '387', '420']
['322', '96', '125', '133', '138', '170', '186', '185', '281', '297', '361']
['246', '91', '102', '136', '157', '229', '258', '285', '342', '371', '380', '449']
['6', '21', '41', '50', '173', '236', '272', '287', '295', '315']
['160', '5', '8', '63', '70', '346', '358', '389', '406', '425', '481', '482']
['13', '88', '97', '121', '388']
['390', '68', '77', '144', '311', '327', '337', '365', '400', '466', '488']
['212', '2', '55', '78', '149', '196', '203', '255', '334', '408', '411', '446', '447', '457', '489']
['306', '4', '73', '148', '183', '227', '286', '454', '490']
['479', '76', '167', '172', '274', '277', '300', '398', '452']
['264', '14', '22', '237', '340', '356', '379', '450']
['299', '36', '58', '104', '317', '336', '373', '386', '391']
['493', '67', '126', '145', '182', '198', '226', '242', '256', '260', '354']
['289', '54', '141', '162', '178', '248', '261', '267', '344', '369', '401', '410', '465']
['404', '37', '165', '199', '216', '251', '413']
['176', '1', '19', '57', '132', '240', '262', '310', '316', '416', '473']
['166', '29', '30', '122', '161', '268', '328', '331', '470']
['280', '20', '46', '219', '232', '244', '483']
['16', '9', '187', '195', '325', '415', '468']
['409', '65', '84', '94', '209', '211', '221', '243', '254', '271', '292', '309', '374', '478']
['112', '15', '86', '118', '223', '257', '270', '296', '313', '348', '443', '495']
['222', '92', '158', '184', '204', '215', '275', '284', '360', '362', '438', '455']
['109', '10', '39', '47', '90', '128', '140', '247', '250', '423', '445', '451', '491']
