['235', '56', '120', '233', '249', '327', '337', '394', '487', '75', '395', '402', '288', '127', '442']
['42', '111', '231', '344', '345', '421', '433', '449', '456']
['104', '96', '145', '260', '279', '315', '417', '492']
['180', '60', '276']
['126', '74', '261', '267', '467']
['453', '15', '30', '59', '87', '118', '143', '189', '319', '343', '347', '364']
['37', '3', '112', '169', '230', '422']
['494', '339', '426', '470']
['63', '32', '170', '214', '254', '400', '483']
['295', '135', '152', '168', '272', '401']
['148', '57', '183', '197', '284', '418', '435', '454']
['274', '31', '69', '71', '179', '419']
['237', '27', '209', '366', '384', '388', '438']
['312', '8', '300', '408', '411']
['23', '19', '64', '78', '84', '125', '151', '165', '305', '367', '386', '420', '471', '477', '480']
['108', '13', '98', '290', '332', '341', '403', '424']
['222', '122', '334', '335', '354', '357']
['138', '47', '316', '390', '464', '490']
['105', '100', '212', '215', '303', '379', '416', '459']
['387', '11', '93', '160', '351', '451']
['425', '262', '363', '415', '447']
['147', '0', '90', '190', '203', '244']
['380', '58', '317', '413']
['213', '46', '85', '192', '248', '311', '318']
['149', '68', '133', '269', '307', '321', '324', '328', '461', '479']
['94', '12', '73', '95', '115', '225']
['65', '157', '373', '423', '446']
['92', '25', '86', '101', '161', '171', '220', '232', '270', '293']
['121', '29', '191', '217', '296', '385']
['44', '40', '134', '255', '398', '482']
['200', '243', '259', '349']
['155', '5', '26', '77', '252']
['175', '158', '164', '242', '297', '372', '472']
['224', '67', '306', '323', '340', '352', '392']
['194', '240', '299', '342']
['102', '16', '62', '139', '178', '302', '434']
['219', '97', '103', '202', '227', '263', '278']
['210', '20', '76', '140', '228', '329', '396']
['452', '10', '239', '247', '338', '465', '495']
['484', '195']
['437', '114', '236']
['496', '137', '188', '370', '414']
['326', '39', '61', '113', '271', '375', '399', '474']
['458', '123', '184', '206']
['445', '106', '201', '281', '393', '406', '436', '488']
['1', '2', '51', '54', '132', '181', '264', '381', '397']
['466', '80', '196', '234', '238', '310']
['172', '291', '353', '440', '444']
['478', '41', '91', '116', '250', '273', '333', '427', '455', '489']
['389', '241', '280', '356']
['211', '33', '136', '159', '174', '198', '285', '298', '308', '348', '350', '486']
['34', '24', '109', '156', '266', '289', '304', '330', '331', '432']
['412', '142', '167', '287', '294', '368']
['131']
['468', '4', '88', '187', '229', '286']
['475', '7', '110', '128', '146', '313', '369']
['193', '17', '66', '226']
['485', '45', '49', '81', '439']
['430', '9', '130', '182', '275', '292', '320', '322', '346', '365']
['53', '43', '83', '89', '166', '256', '391', '441']
['409', '221', '223', '265', '282', '283', '376', '450']
['218', '14', '144', '216', '355', '429', '469']
['410', '141', '258', '277', '301', '491']
['460', '99', '207', '251', '314', '374', '404', '405']
['361', '150', '443', '481']
['360', '35', '70', '162', '431', '462']
['18', '48', '79', '153', '208', '253', '268', '336', '382', '457']
['205', '6', '52', '55', '82', '117', '176', '204', '245', '246']
['371', '154', '177', '185', '428', '473']
['28', '36', '448']
['257', '119', '129', '325', '377', '476']
['186', '21', '22', '72', '107', '309', '362', '378', '383']
['358', '38', '124', '163', '173', '199']
['359', '50', '407', '463', '493']
