['237', '223', '290']
['335', '15']
['311', '151', '349']
['50', '1', '77', '101', '310', '332', '344', '389']
['352', '397']
['170', '29', '113', '254', '359', '375']
['183', '293', '333']
['221', '231']
['91', '6', '33', '119', '258', '338', '346']
['0', '51', '104', '147', '189', '226', '274', '282', '317']
['222', '370']
['201', '110', '262', '320']
['377', '49', '131']
['373', '306']
['4', '63', '195', '224']
['136', '124', '142', '166', '240', '374']
['32', '72', '283', '372']
['265', '353']
['87', '209', '289']
['20', '56']
['194', '65', '143', '188']
['44', '177', '272']
['38', '83', '304']
['348']
['277', '98', '250', '263', '369']
['139', '22', '40']
['89', '43', '108']
['351', '115']
['270', '149', '297']
['269', '125', '212']
['368', '116', '294']
['180', '24', '30', '54', '70', '198', '334']
['174', '79', '138', '181']
['100', '8', '82', '160', '339', '355']
['354', '53', '67', '145', '171', '387', '393']
['168', '103', '200', '256', '300']
['301', '182', '238', '255']
['14', '345', '364']
['208', '11', '21', '25', '71', '135', '144', '213', '305']
['18', '97', '128']
['362', '55', '130', '162', '366', '390']
['17', '94', '156', '314']
['75', '45', '84', '271', '316']
['57']
['236', '3', '163', '288']
['360', '175', '357']
['278', '41']
['191', '48', '52', '202', '203', '252', '268', '313', '384', '391']
['73', '62', '121', '218', '264', '327', '382']
['216', '78', '109', '127']
['42', '76', '150', '159', '253', '287']
['190', '161', '378']
['257', '105']
['137', '248']
['303', '2', '260', '281', '309', '315']
['324', '26']
['246', '112', '227', '329']
['312', '34', '47', '111', '336']
['386', '37', '39', '81', '153', '220']
['74', '88', '210', '350']
['172', '239', '243', '396']
['267', '148', '155', '279']
['66', '120', '298', '302']
['347', '10', '96']
['61', '242', '380', '385']
['129', '186', '205', '363']
['342', '241', '343']
['157', '12', '192', '292']
['398', '23', '36', '59', '92']
['244', '90', '140', '154', '276', '285', '367', '381']
['230', '7', '106', '185', '383']
['247', '46', '225', '235', '341']
['259', '69', '158', '275']
['184', '86', '291', '319', '323']
['60', '107', '217']
['122', '102', '219', '322', '379']
['376', '19']
['249']
['187', '179', '196', '325']
['35', '273', '321']
['133', '95', '178', '358']
['337', '204', '251', '331']
['228', '134', '146', '330']
['193', '16', '80', '165', '229']
['31', '176', '286', '365', '395', '399']
['233', '13', '214', '308']
['261']
['64', '152']
['85', '126', '206']
['9', '207', '295', '296', '388']
['318', '99', '141', '169']
['118', '167', '245', '266', '307']
['284', '371']
['5']
['361', '356']
['392', '93', '114', '197', '211', '232', '234', '280', '394']
['132', '326', '328']
['68', '58']
['299', '27', '117', '164', '173', '199']
['215', '28', '123', '340']
