['177', '20', '108', '121', '125', '128', '156', '160', '306', '371', '419', '431', '193', '57', '291', '331']
['142', '90', '98', '105', '237', '267', '274', '278', '333', '442']
['266', '23', '89', '159', '231', '272', '398']
['340', '31', '32', '49', '93', '100', '144', '157', '227', '233', '324', '337', '379', '383', '417', '489']
['479', '60', '153', '276', '352', '370']
['201', '9', '16', '66', '78', '174', '192', '401', '402', '435', '456', '458', '461']
['140', '50', '113', '117', '137', '183', '190', '196', '358']
['374', '110', '170', '184', '365', '386', '388', '390']
['277', '3', '6', '182', '200', '224', '327', '338', '345', '356', '367', '381', '394', '443', '493', '496']
['53', '2', '29', '30', '151', '287', '424']
['280', '37', '87', '88', '134', '171', '252', '279', '348', '396', '423', '455']
['114', '18', '43', '81', '85', '106', '139', '194', '219', '253', '262', '351', '481', '499']
['14', '45', '210', '245', '258', '432']
['51', '259', '270', '409', '415', '425', '482']
['488', '11', '131', '158', '181', '186', '236', '242', '361', '404', '487']
['122', '4', '8', '61', '207', '228', '342', '368', '437', '463', '478']
['99', '55', '82', '83', '95', '138', '257', '283', '446', '492']
['96', '1', '126', '147', '154', '235', '336', '466']
['251', '15', '17', '33', '40', '46', '63', '73', '167', '172', '208', '248', '290', '299', '441']
['375', '21', '109', '391', '399', '445', '469', '495', '498']
['346', '36', '143', '220', '310', '341', '468']
['326', '19', '94', '203', '240', '289', '308', '384', '412', '416', '448']
['451', '7', '25', '97', '149', '204', '215', '226', '285', '407']
['400', '5', '188', '211', '325', '373', '464', '470', '472']
['148', '107', '130', '141', '191', '216', '223', '244', '265', '319', '355', '491']
['490', '72', '179', '264', '323', '343', '427', '465', '473']
['317', '119', '161', '162', '165', '176', '234', '271', '318', '389', '454', '459', '474', '485', '494']
['406', '150', '164', '298', '315', '411', '439', '480']
['339', '27', '39', '41', '54', '116', '173', '213', '229', '239', '328', '334', '387', '453']
['197', '120', '127', '166', '230', '247', '282', '322', '353', '486']
['256', '28', '132', '307']
['430', '0', '42', '178', '344', '354', '362', '403']
['218', '77', '86', '111', '124', '180', '187', '288', '313', '359', '378', '380', '405', '438']
['421', '22', '24', '52', '65', '69', '80', '133', '145', '209', '311', '420']
['92', '59', '84', '118', '152', '175', '393', '414', '497']
['452', '103', '225', '232', '300', '350']
['321', '13', '58', '67', '101', '199', '202', '275', '286', '376', '449']
['377', '44', '136', '146', '155', '254', '428', '444']
['273', '238', '260', '284', '301', '316', '364', '410', '462', '467']
['332', '56', '189', '246', '440']
['47', '198', '206', '304', '314', '349', '363', '408', '426', '429', '434']
['392', '205', '217', '295', '296', '418']
['281', '10', '71', '74', '169', '250', '268', '293', '330', '476']
['471', '76', '112', '168', '185', '221', '243', '255', '294', '385', '397', '413']
['366', '62', '104', '135', '329', '357', '360', '382', '457']
['484', '12', '34', '64', '129', '163', '269', '436', '475']
['302', '48', '75', '115', '303', '335', '422', '433', '477']
['249', '91', '212', '222', '241', '263', '369', '395', '483']
['312', '26', '68', '70', '123', '195', '261', '297', '347', '372', '447', '460']
['35', '38', '79', '102', '214', '292', '305', '309', '320', '450']
