['172', '34', '67', '113', '120', '122', '255', '264', '276', '282', '302', '312', '360', '382', '398', '422', '425', '427', '461', '462', '464', '467', '284']
['268', '14', '39', '43', '51', '227', '250', '265', '274', '288', '336', '337', '342', '358', '391', '433', '455', '485', '125', '419', '240', '446', '329']
['321', '24', '58', '93', '126', '127', '136', '149', '156', '211', '263', '297', '318', '331', '394', '424', '428', '432', '449', '451', '456', '470', '475']
['466', '18', '46', '53', '118', '165', '216', '225', '229', '304', '308', '313', '340', '346', '348', '418', '420', '434', '452', '472', '480', '482', '483']
['104', '11', '19', '25', '85', '101', '102', '129', '134', '147', '190', '205', '206', '224', '236', '256', '260', '271', '322', '328', '403', '195', '181']
['355', '35', '76', '92', '97', '117', '146', '160', '162', '163', '179', '199', '212', '217', '242', '291', '320', '347', '353', '377', '387', '399', '203']
['310', '6', '33', '52', '56', '110', '130', '131', '151', '158', '175', '176', '178', '180', '219', '226', '239', '298', '334', '356', '362', '379', '338']
['484', '9', '31', '36', '44', '81', '100', '109', '111', '114', '145', '167', '197', '232', '339', '365', '395', '426', '463', '473', '477', '479', '112']
['108', '7', '12', '13', '15', '45', '59', '89', '140', '150', '218', '223', '233', '272', '290', '306', '324', '354', '363', '367', '374', '388', '400']
['3', '8', '63', '71', '98', '171', '210', '261', '279', '315', '316', '323', '351', '368', '415', '417', '438', '454', '478', '481', '254', '209', '376']
['220', '1', '16', '27', '70', '82', '90', '96', '115', '235', '238', '249', '293', '296', '311', '350', '364', '397', '402', '405', '408', '439', '441']
['123', '22', '28', '30', '148', '187', '200', '213', '214', '257', '330', '341', '343', '359', '396', '430', '436', '443', '448', '460', '465', '411', '154']
['202', '54', '78', '121', '139', '143', '153', '161', '166', '170', '182', '234', '243', '252', '262', '277', '305', '375', '384', '386', '406', '407']
['47', '10', '66', '74', '86', '106', '198', '285', '299', '317', '319', '332', '389', '410', '412', '444', '447', '457', '458', '474', '476']
['138', '5', '50', '61', '105', '116', '133', '144', '157', '177', '186', '215', '246', '253', '258', '357', '361', '370', '373', '381', '383', '413', '414']
['450', '40', '155', '193', '196', '283', '287', '289', '327', '421', '435', '468', '65']
['23', '2', '4', '26', '29', '41', '49', '62', '75', '79', '80', '94', '141', '184', '228', '292', '307', '352', '371', '390', '409']
['189', '17', '38', '48', '87', '103', '132', '137', '174', '191', '204', '222', '241', '270', '295', '366', '369', '431', '440', '453', '471']
['173', '37', '64', '68', '95', '99', '119', '128', '152', '164', '194', '201', '259', '294', '303', '309', '335', '344', '349', '378', '385', '459']
['267', '42', '60', '91', '107', '168', '169', '207', '221', '230', '247', '248', '251', '266', '269', '273', '300', '301', '314', '333', '393', '401', '404']
['244', '20', '32', '55', '57', '84', '124', '183', '188', '192', '208', '231', '237', '275', '278', '286', '325', '345', '423', '445']
['245', '21', '69', '72', '73', '77', '83', '88', '135', '142', '159', '185', '280', '281', '326', '372', '380', '392', '416', '437', '442', '469']
