['151', '14', '45', '51', '58', '65', '73', '77', '81', '97', '144', '204', '207', '234', '241', '254', '257']
['300', '40', '60', '74', '87', '110', '138', '168', '170', '193', '247']
['165', '4', '112', '118', '131', '134', '147', '164', '199', '221', '249', '293']
['202', '10', '53', '54', '71', '116', '153', '167', '233', '240', '253', '258', '278', '286', '298']
['184', '8', '18', '56', '83', '89', '93', '95', '101', '114', '121', '125', '130', '139', '145', '161', '183', '190', '223', '239', '264', '266', '294']
['128', '21', '27', '35', '63', '70', '162', '178', '179', '200', '203', '211', '238', '259', '268', '277', '282']
['275', '32', '37', '42', '68', '75', '99', '143', '182', '229', '256', '280', '296', '299']
['265', '36', '38', '43', '52', '102', '104', '108', '111', '115', '172', '219', '222', '227', '263', '270', '274']
['205', '22', '26', '28', '46', '57', '66', '80', '106', '117', '124', '196', '208', '232', '261', '289']
['78', '44', '64', '72', '140', '160', '174', '180', '218', '244', '248', '283', '297']
['215', '5', '16', '25', '34', '39', '76', '82', '84', '94', '105', '133', '194', '206', '209', '243', '246', '250', '252', '273', '284', '291']
['113', '6', '20', '23', '41', '61', '85', '177', '191', '192', '195', '272']
['236', '24', '47', '69', '79', '91', '126', '127', '136', '185', '189', '197', '224', '251', '271', '288']
['13', '2', '17', '33', '55', '96', '100', '103', '146', '148', '163', '171', '186', '216', '230', '262']
['120', '62', '92', '119', '123', '150', '154', '201', '255', '276', '279', '287', '292']
['228', '3', '7', '15', '19', '29', '50', '90', '152', '214', '226', '260', '281', '285']
['295', '11', '30', '48', '98', '109', '135', '155', '157', '158', '166', '212', '213', '217', '220', '225', '237']
['149', '86', '88', '122', '129', '137', '141', '159', '169', '175', '188', '198', '245', '290']
['181', '1', '12', '49', '67', '132', '142', '156', '173', '187']
['210', '9', '31', '59', '107', '176', '231', '235', '242', '267', '269']
