['190', '8', '18', '51', '83', '167', '178', '182', '192', '214', '278', '282', '283', '0', '91']
['64', '30', '146', '156', '163', '177', '187', '244', '267', '269', '66', '80', '291', '228']
['296', '46', '77', '205', '212', '277', '281']
['173', '5', '20', '54', '75', '100', '124', '148', '172', '221', '242', '289']
['99', '4', '57', '78', '103', '105', '127', '188', '254', '262', '272', '288', '292', '294', '299']
['144', '14', '65', '104', '109', '120', '149', '159', '233', '249', '274', '293']
['250', '27', '29', '33', '87', '231', '237']
['243', '16', '25', '61', '72', '81', '209', '270']
['38', '15', '19', '48', '96', '108', '220']
['287', '6', '42', '44', '62', '90', '102', '110', '114', '145', '160', '195', '216', '229']
['142', '52', '60', '70', '85', '107', '119', '123', '200', '213', '239', '253']
['56', '88', '174', '184', '223', '235', '258']
['153', '2', '9', '28', '137', '150']
['164', '3', '10', '84', '132', '189', '202', '246', '297']
['45', '22', '135', '140', '141', '218', '256', '275']
['126', '32', '76', '97', '136', '158', '186', '226', '227']
['1', '24', '31', '131', '151', '185', '204', '251', '264', '298']
['175', '129', '168', '191', '206', '215', '232', '240', '248', '259', '290']
['92', '23', '82', '139', '155', '165', '181', '201', '225', '236']
['276', '47', '69', '95', '115', '157', '161', '210', '261', '284']
['162', '7', '39', '59', '194', '208', '257']
['183', '49', '58', '113', '128', '169', '176', '222', '268', '280']
['73', '11', '63', '133', '166', '179', '197', '265', '271']
['245', '118', '154', '170', '203', '230', '241', '252', '266', '273', '285']
['255', '12', '21', '34', '41', '53', '125', '130', '196', '219', '238', '247', '286']
['68', '50', '74', '138', '198', '199', '217']
['43', '13', '17', '26', '35', '37', '40', '79', '101', '112', '116', '117', '134', '143', '147']
['98', '67', '86', '111', '152', '263', '279']
['55', '36', '71', '94', '207', '211', '260', '295']
['193', '89', '93', '106', '121', '122', '171', '180', '224', '234']
