['87', '18', '19', '76', '86', '94', '118', '127', '169', '197', '209', '217', '236', '266', '289', '297', '299']
['262', '4', '15', '46', '50', '114', '159', '203', '216', '250', '260', '295', '312']
['226', '6', '65', '78', '109', '112', '113', '148', '157', '171', '176', '179', '180', '225', '227', '276', '279', '310']
['125', '0', '32', '38', '81', '99', '100', '119', '155', '188', '201', '256', '258']
['130', '16', '20', '73', '77', '163', '172', '184', '189', '194', '218', '229', '251', '252', '286', '307', '308']
['207', '8', '17', '37', '66', '67', '69', '95', '104', '108', '115', '121', '131', '198', '208', '220', '231', '239']
['254', '60', '85', '97', '139', '141', '143', '152', '170', '204', '228', '237', '243', '300', '303']
['238', '26', '160', '164', '186', '214', '248', '293', '301']
['25', '48', '58', '74', '82', '96', '123', '153', '156', '166', '183', '212', '269', '275', '294', '304']
['221', '3', '12', '28', '39', '62', '75', '122', '134', '150', '161', '162', '187', '215', '249', '292']
['29', '23', '84', '89', '102', '177', '182', '210', '219', '230', '240', '242', '268', '311']
['298', '43', '63', '83', '103', '133', '149', '196', '202', '205', '253', '267', '274', '287', '306']
['290', '27', '34', '47', '55', '80', '98', '117', '137', '199']
['1', '2', '9', '92', '111', '173', '185', '222', '224', '235', '271', '273', '277', '283', '302']
['57', '35', '53', '244']
['10', '90', '147', '200', '234', '291']
['284', '7', '24', '36', '44', '59', '120', '128', '138', '211', '281', '313']
['165', '21', '30', '42', '49', '68', '154', '168', '206', '223', '259']
['56', '11', '101', '106', '110', '116', '142', '146', '151', '158', '181', '190', '195', '232', '288', '305', '309']
['71', '5', '33', '52', '70', '91', '136', '175', '213', '245', '264', '285']
['261', '31', '41', '107', '126', '132', '145', '174', '241', '246', '255', '257', '296']
['40', '13', '22', '45', '72', '79', '88', '93', '124', '129', '167', '178', '193', '263', '265', '278', '280', '282']
['192', '14', '51', '54', '61', '64', '105', '135', '140', '144', '191', '233', '247', '270', '272']
