['cjhldsy', 'bnyrwnb', 'glkfhro', 'xcjwaaa', 'xxqfkzr', 'weondbg', 'fhuqtfp', 'yqtlogi', 'puotspj', 'ljxgjfb', 'bnuxlph', 'atfmxqs', 'xlypwfl', 'quaahkj', 'kvfjhzh', 'bwxgkld']
['nqmwwmz', 'mnxptfo', 'ntanocw', 'noyikuy', 'laxdipx', 'zhdvxfc', 'uahwspd', 'mbzuntj', 'djzcmeu', 'zxtfzys', 'skvsmyl', 'ygoytty', 'pkosxjv', 'gmqbbof', 'sipicas']
['emvhlci', 'ultrowi', 'szriiex', 'ipxjgfz', 'kiwoauy', 'dpgzdmu', 'bolryno', 'szlzdlt', 'amfrehb', 'wqohgce', 'atvqyki', 'egfbifk', 'qxwwqfk', 'dpmxdni']
['dazkzcz', 'pojnkue', 'ptpmisy', 'ksjmenx', 'opcamxc', 'jnwitwp', 'shztxik', 'vvadaaj']
['yssbhls', 'gnlcixq', 'qwcwszq', 'aadjodd', 'gceicua', 'vuedrix', 'igvkuru', 'ylscqcm', 'mtbiczg', 'rxnxrbl', 'ebtqhua', 'lmgvnku', 'gevooyy', 'ljllxhw', 'hfzbxzo']
['raymfyf', 'vvwlixv', 'mcirxcd', 'rbpdoot', 'ktqbsnt', 'dqbtiaw', 'vrvkaaa', 'wellvsr', 'fufnjyf', 'alvvzcr', 'urujvnn', 'rqdjqiq', 'afvpuoz', 'uckdnaa', 'bxtdbjc']
['kctacue', 'drtgipl', 'mclspox', 'bhbfrfj', 'cvokrsd', 'vahwsck', 'vjpstks', 'pwaalip', 'mltjlsu', 'wjosnfy']
['hwprfxd', 'igtcqiv', 'sfjvtxw', 'eiuywkb', 'rbwdwlz', 'goxywvb', 'ozoxsck', 'jxlxfoo', 'hnpufhr', 'reolqff', 'rljbssd', 'itivxup', 'lqjdzbc', 'mqwftjq', 'joqmipo', 'znskrzx']
['xsjadss', 'upucitb', 'coupfju', 'vowjmgf', 'ofsoyop', 'qgpciwf', 'mlehrqr', 'tjtezbn', 'jgbbizt', 'cjyrens', 'urudgpc', 'jwpfwqz', 'yiuitfo', 'jnfpvkg', 'mqeymdi', 'ximpauw']
['xxhgtbs', 'grhnknx', 'ekbghpg', 'mbrlttj', 'nlfhgdx', 'nbhknmw', 'owgzpow', 'tfsfpnw', 'vogmqqe', 'douqsoq', 'sieoave', 'ehfkaur', 'kzgbgcg', 'qimiqpx', 'awftunn', 'dcysunk']
['hncniof', 'bkrlzdx', 'nsjgubf', 'iiybggp', 'egezjtl', 'capkmzr', 'labghhm', 'dmsftgx', 'rqevvql', 'pvwdbuk', 'fhrabmr', 'wmodcaj', 'brpqwlx']
['gmultvj', 'npbmbcl', 'efrtcpo', 'werprzm', 'pjsyeez', 'axxwrug', 'dsvowko', 'thidksk', 'ljqttnn', 'zxlpndu', 'ulqqnrx']
['bfonhts', 'jaikykc', 'mirwseo', 'yfabxdu', 'okdlbya', 'rnluyib', 'uhhhxgy', 'crmjrbf', 'pcdlpcz', 'crclbim', 'wenwqgs', 'kuhueyd', 'lpzovzo']
['poyacsv', 'vshvlic', 'xxradgz', 'tqjelgo', 'dlfncva', 'uekjkik', 'ypncztk', 'sfjkptj', 'apuclff', 'qavmxlu', 'bwpwdoy', 'jrguwdk', 'ftbfwum']
['dtfwkrc', 'nvjeors', 'nrctxxu', 'vfebggx', 'nbftfsb', 'hylhzqr', 'cewygrc', 'odoqgfk', 'ymwwchd', 'idyyroc', 'huwkfqk', 'ndqmeid']
['qhwwalp', 'korcvcx', 'ypwfljl', 'fhflmkc', 'ueyjznc', 'uuqtrnp', 'bymyfhs', 'hutontm', 'engjphl', 'hlruggb', 'ksrplzq', 'jmjdmxv', 'jivtfds', 'jbhevly']
['huzgikq', 'adzdoyj', 'wznyiaw', 'jdufzkb', 'olzxpzb', 'zvuccyi', 'eghatxl', 'tjcagrq', 'jigaagt', 'sgrvtpg', 'aslzxho', 'upgszso', 'wlhpnux']
['ciynmhw', 'yvvwjem', 'uwgeeaz', 'zmgjecs', 'rorsdzp', 'ohgorzn', 'jbockfp', 'lucqgzc', 'pmckuxh', 'frxrjcw', 'fzplaod', 'dgvegls', 'gbuoffj', 'vxktmpe', 'fgubrui']
['qlgkouj', 'jplsynx', 'dwfazac', 'lpzhylm', 'qerzkir', 'owvackd', 'kjhsxww', 'ytvwmpd', 'ebexhbz', 'kuwyrgr', 'fxswbii', 'kadvzfh', 'ulpkpaf', 'hqikiss', 'asyegiw', 'rroxpwu']
['momhmut', 'mmsicju', 'gdvcboj', 'dubzmmn', 'fieuife', 'pxgrikq', 'vwcmgzh']
['rxngmkt', 'kitxrio', 'zrhphdg', 'ydirvrp', 'rfhgsrd', 'wdahnhw', 'uckaokp', 'njoxkmb', 'aenkmpt', 'ojujfds', 'bpbiuoh', 'otmayxy', 'ynxyoyb', 'mtrmooo', 'bvvitzv', 'aowxwvx']
['iuddtax', 'hvnuihp', 'whaalyx', 'kpqzpfs', 'abxurqr', 'aytcnpm', 'ktyynlr', 'omyynfi', 'ptcbphe', 'zexclum', 'oikctcj', 'jhstklj', 'aocuywp', 'zfqckzr', 'ovyjjfm', 'ylnttkr']
['fzsjvuk', 'emqikpe', 'iudsrjy', 'fdccgyr', 'lcmynyw', 'qqeafqd', 'zrimkhj', 'nrplxxf', 'vvjtuhb', 'wklasyt', 'roothgi', 'ugpqnzn', 'oayxvdx', 'xdofsvh']
['kolwqja', 'cmlcnuo', 'etkmfom', 'nehlpbv', 'upzignf', 'spgwzqj', 'dnxxgal', 'oegoznu', 'jzqcfee', 'hrmwoaf', 'crzdxig', 'lehooqa', 'nzhlxzk', 'qccnlus', 'hscfpsc', 'cutedox']
['xuppdvy', 'dtmsxwk', 'uitiunf', 'vmrdoff', 'newswsl', 'bbevbps', 'pcrzoox', 'tdrolvx', 'bundjpw', 'ehcdgdr', 'hxlagmh', 'clcozil', 'xaawrda', 'mgtzswf', 'nkylhqw']
['tgshqis', 'nndfzgt', 'qufxqvh', 'gdkxxon', 'eezxrdd', 'qifpupk', 'lfxhllc', 'xabjjff', 'yoqrhdw', 'edebgoj', 'hlkffeh', 'oqqfikf', 'jojnukl', 'liqhklu', 'pnnzbti', 'vbcaiur']
['ckbpvbd', 'zxijrwr', 'sfzipfj', 'gmapuez', 'ngznfds', 'ljxjare', 'jtkovjl', 'azzpyql', 'jcoguvu', 'upxaolv', 'wxbassh', 'acgwdsb', 'jygmmrk', 'joerrak', 'vkrrkcg']
