['401', '12', '40', '46', '117', '205', '259', '275', '280', '285', '293', '299', '317', '341', '372', '433', '441', '450', '221']
['334', '52', '63', '128', '131', '161', '165', '174', '245', '283', '394', '413', '452', '459']
['33', '20', '59', '79', '83', '108', '112', '119', '133', '188', '204', '210', '243', '284', '291', '310', '323', '400', '426', '471', '478']
['160', '3', '54', '65', '73', '98', '114', '137', '138', '143', '159', '206', '233', '237', '256', '281', '325', '339', '344', '387', '424', '439', '451', '465', '476', '486']
['370', '109', '118', '169', '234', '246', '292', '309', '364', '464']
['116', '49', '85', '175', '190', '217', '247', '262', '265', '276', '290', '301', '316', '324', '369', '388', '391', '397', '419', '440']
['23', '22', '25', '67', '82', '96', '97', '124', '125', '135', '152', '220', '250', '272', '311', '340', '405', '406', '438', '447', '461', '462', '485', '495', '499']
['194', '60', '86', '93', '123', '136', '176', '181', '195', '196', '224', '228', '231', '244', '294', '296', '313', '326', '368', '374', '377', '384', '390', '414', '434', '444', '449', '453', '467']
['56', '8', '17', '21', '51', '74', '81', '101', '102', '122', '129', '132', '179', '199', '209', '258', '306', '343', '399', '469', '488', '493']
['338', '1', '34', '48', '55', '113', '201', '214', '227', '254', '286', '304', '305', '318', '331', '354', '380', '395', '396', '402', '481', '498']
['431', '38', '61', '84', '111', '168', '184', '208', '215', '240', '263', '266', '267', '268', '273', '277', '289', '337', '375', '420', '429', '430', '454', '456', '460']
['44', '6', '27', '29', '31', '42', '47', '57', '58', '139', '147', '154', '156', '164', '211', '225', '241', '271', '321', '332', '367', '371', '386', '432', '474']
['173', '36', '43', '45', '66', '68', '80', '127', '141', '142', '150', '171', '182', '257', '320', '322', '351', '409', '416', '421', '425', '436', '472', '479', '489']
['89', '14', '92', '134', '140', '162', '187', '212', '278', '297', '303', '345', '346', '349', '360', '389', '407', '408', '412', '437', '457', '466', '468', '470', '490', '491']
['418', '2', '5', '32', '94', '103', '148', '149', '153', '166', '186', '197', '235', '239', '298', '300', '353', '443', '496']
['417', '11', '15', '39', '71', '78', '189', '229', '242', '282', '295', '319', '355', '358', '365', '366', '373', '385', '392', '423', '446', '455']
['483', '0', '10', '13', '28', '30', '53', '69', '130', '178', '180', '192', '193', '216', '238', '249', '261', '270', '274', '363', '404', '410', '480']
['121', '37', '75', '77', '100', '105', '115', '157', '170', '177', '183', '213', '222', '236', '248', '255', '264', '279', '333', '335', '348', '362', '379', '381', '383', '448', '458', '475']
['378', '24', '70', '88', '90', '144', '145', '146', '163', '223', '252', '253', '269', '287', '307', '312', '314', '330', '350', '352', '361', '376', '415', '435', '463', '492']
['398', '7', '35', '41', '64', '95', '110', '120', '126', '185', '200', '203', '218', '226', '357', '359', '477', '482']
['329', '4', '9', '16', '18', '19', '50', '62', '87', '106', '107', '151', '167', '198', '202', '230', '232', '260', '288', '302', '328', '347', '356', '393', '427', '445', '473', '484', '487', '497']
['104', '26', '72', '76', '91', '99', '155', '158', '172', '191', '207', '219', '251', '308', '315', '327', '336', '342', '382', '403', '411', '422', '428', '442', '494']
