['41', '4', '40', '104', '115', '132', '170', '234', '240', '286', '305', '277', '145', '209', '287']
['265', '11', '153', '185', '205', '216', '229', '257', '300', '301', '27', '124', '154', '231', '176']
['269', '28', '29', '43', '48', '75', '80', '96', '106', '177', '179', '201', '224', '243', '249']
['221', '39', '45', '52', '76', '81', '91', '102', '114', '140', '192', '213', '250', '258', '284']
['248', '33', '58', '77', '79', '113', '121', '146', '151', '166', '172', '173', '182', '183', '189']
['26', '262', '282', '150', '295', '23', '20', '10', '25', '24', '15', '7', '187', '38', '0']
['133', '64', '105', '273', '1', '9', '14', '12', '304', '302', '141', '16', '6']
['57', '22', '34', '71', '85', '111', '159', '188', '220', '235', '247', '268', '271', '285']
['288', '3', '35', '131', '160', '199', '203', '225', '232', '245', '255', '280', '303']
['171', '30', '112', '126', '137', '157', '193', '195', '237', '267', '274', '283', '290', '293', '298']
['88', '5', '44', '84', '87', '110', '158', '180', '181', '194', '196', '198']
['62', '31', '51', '53', '78', '134', '214', '217', '253', '254', '272', '276', '289', '292', '63']
['59', '66', '68', '122', '129', '135', '142', '144', '155', '163', '184', '212', '72']
['191', '86', '99', '123', '139', '152', '162', '197', '206', '238', '256']
['297', '2', '55', '61', '73', '89', '90', '101', '138', '169', '174', '210', '223']
['261', '97', '109', '117', '156', '200', '242', '251', '294', '299', '306']
['148', '8', '56', '70', '92', '98', '100', '128', '147', '161', '164', '211', '218', '244']
['136', '13', '42', '82', '93', '127', '130', '167', '186', '190', '207', '215', '226', '230']
['279', '19', '36', '49', '50', '69', '175', '178', '202', '227', '233', '266', '291', '296']
['241', '83', '108', '125', '208', '222', '236', '239', '252', '259', '263', '270', '275', '278', '281']
['60', '17', '32', '46', '54', '67', '116', '118', '119', '120', '149', '165', '168', '219', '228']
['18', '37', '47', '74', '94', '95', '103', '107', '143', '204', '246', '260', '264']
