['Chelsey', 'Cynthia', 'Jazmine', 'Madeleine', 'Hallie', 'Teresa', 'Noelle', 'Jaclyn', 'Jayden', 'Sonia']
['Giselle', 'Jaqueline', 'Natasha', 'Charlotte', 'Rosa', 'Tabitha', 'Jaden', 'Kaleigh', 'Fiona', 'Sage']
['Tessa', 'Amy', 'Chelsea', 'Holly', 'Katrina', 'Julissa', 'Lesley', 'Ayanna', 'Brisa', 'Tianna']
['Mikayla', 'Bailey', 'Ariel', 'Serena', 'Kirsten', 'Callie', 'Kamryn', 'Tiara', 'Taryn', 'Deborah']
['Yasmin', 'Erika', 'Desiree', 'Kylee', 'Elena', 'Tara', 'Liliana', 'Justine', 'Nora', 'Genevieve']
['Destinee', 'Cheyenne', 'Haylee', 'Cassie', 'Tia', 'Bailee', 'Annabelle', 'Kaley', 'Aileen', 'Eliana']
['Monica', 'Maya', 'Brittney', 'Ava', 'Amelia', 'Savanna', 'Christine', 'Kristina', 'Natalia', 'Macy']
['Casey', 'Caitlin', 'Carly', 'Joanna', 'Deja', 'Linda', 'Zoey', 'Abbey', 'Kiersten', 'Eden']
['Courtney', 'Meghan', 'Kristen', 'Sofia', 'Selena', 'Ivy', 'Lacey', 'Ashlynn', 'Skye', 'Kelli']
['Alisha', 'Alexa', 'Brooklyn', 'Jordyn', 'Yesenia', 'Alissa', 'Georgia', 'Ruth', 'Viviana', 'Alice']
['Katie', 'Erin', 'Audrey', 'Cindy', 'Reagan', 'Kaitlynn', 'Precious', 'Halle', 'Madisyn', 'Zaria']
['Katlyn', 'Angela', 'Margaret', 'Britney', 'Lydia', 'Brenda', 'Katelynn', 'Cierra', 'Sadie', 'Guadalupe']
['Kayleigh', 'Claire', 'Angelica', 'Anastasia', 'Marina', 'Haleigh', 'Theresa', 'Macie', 'Perla', 'Miracle']
['Maggie', 'Melanie', 'Heather', 'Anne', 'Rose', 'Kierra', 'Lilly', 'Phoebe', 'Janelle', 'Brooklynn']
['Breana', 'Brooke', 'Skyler', 'Ruby', 'Deanna', 'Aurora', 'Luz', 'Clare', 'Melina', 'Toni']
['Madyson', 'Andrea', 'Esmeralda', 'Asia', 'Bridget', 'Ciara', 'Meagan', 'Alina', 'Angelique', 'Nichole']
['Dana', 'Mia', 'Kylie', 'Mckenzie', 'Kate', 'Carmen', 'Marisa', 'Gisselle', 'Madalyn', 'Lesly']
['Katelyn', 'Kimberly', 'Laura', 'Summer', 'Imani', 'Raquel', 'Anahi', 'Lexi', 'Carlie', 'Carrie']
['Harley', 'Jordan', 'Gianna', 'Tori', 'Kiana', 'Rhiannon', 'Sasha', 'Piper', 'Barbara', 'Adrienne']
['Isabelle', 'Karina', 'Delaney', 'Raven', 'Alexus', 'Kassandra', 'Helen', 'Heidi', 'Jayda', 'Felicity']
['Karla', 'Jasmin', 'Elise', 'Monique', 'Charity', 'Alyson', 'Paris', 'Tayler', 'Elisa', 'Esperanza']
['Tierra', 'Jacqueline', 'Cassandra', 'Adriana', 'Lillian', 'Whitney', 'Priscilla', 'Cristina', 'Melody', 'Layla']
['Paige', 'Mariah', 'Karen', 'Kendall', 'Cameron', 'Jazmin', 'Kailey', 'Wendy', 'Mariana', 'Maddison']
['Camille', 'Mary', 'Michelle', 'Marissa', 'Alexandria', 'Skylar', 'Ana', 'Evelyn', 'Julie', 'Kara']
['Tatiana', 'Sabrina', 'Alexia', 'Eva', 'Mikaela', 'Elisabeth', 'India', 'Sharon', 'Kenya', 'Leilani']
['Krista', 'Celeste', 'Annie', 'Carolyn', 'Daniella', 'Brandy', 'Carley', 'Irene', 'Alma', 'Alanna']
['Lizbeth', 'Danielle', 'Catherine', 'Kathryn', 'Riley', 'Sophie', 'Naomi', 'Sidney', 'Makenna', 'Lisa']
['Amber', 'Erica', 'Arianna', 'Lindsay', 'Clarissa', 'Bryanna', 'Ellie', 'Kasey', 'Kiley', 'Madelynn']
['Gabriela', 'Lindsey', 'Peyton', 'Aliyah', 'Shayla', 'Esther', 'Gloria', 'Jenny', 'Devin', 'Athena']
['Sylvia', 'Briana', 'Jada', 'Crystal', 'Valeria', 'Fatima', 'Kassidy', 'Hunter', 'Francesca', 'Susan']
['Tyra', 'Jenna', 'Allyson', 'Gracie', 'Tatyana', 'Tatum', 'Kiera', 'Tania', 'Angie', 'Marlene']
['Bethany', 'Sara', 'Leslie', 'Madelyn', 'Alejandra', 'Adrianna', 'Alison', 'Litzy', 'Iris', 'Alayna']
['Tiana', 'Sierra', 'Kaitlin', 'April', 'Jayla', 'Heaven', 'Jacquelyn', 'Cheyanne', 'Marie', 'Janet']
['Genesis', 'Zoe', 'Carolina', 'Renee', 'Tyler', 'Karissa', 'Kelsie', 'Kailee', 'Sydnee', 'Arielle']
['Eve', 'Christina', 'Daniela', 'Payton', 'Kendra', 'Kyra', 'Kathleen', 'Sandra', 'Shania', 'Dakota']
['Aubrey', 'Vanessa', 'Ariana', 'Hayley', 'Mercedes', 'Denise', 'Ashton', 'Clara', 'Eliza', 'Cara']
['Kaylin', 'Isabel', 'Angel', 'Jillian', 'Kennedy', 'Nina', 'Tamia', 'Ellen', 'Emilie', 'Chyna']
['Mayra', 'Michaela', 'Mya', 'Kyla', 'Julianna', 'Ella', 'Meredith', 'Addison', 'Krystal', 'Carla']
['Rylee', 'Molly', 'Diana', 'Jade', 'Vivian', 'Miriam', 'Gillian', 'Kaylie', 'Larissa', 'Malia']
['Kali', 'Lily', 'Patricia', 'Rachael', 'Serenity', 'Colleen', 'Emely', 'Cora', 'Marilyn', 'Julianne']
['Brenna', 'Madeline', 'Daisy', 'Rebekah', 'Juliana', 'Ashlee', 'Martha', 'Kaila', 'Paulina', 'Elaina']
['Lucy', 'Bianca', 'Aaliyah', 'Lauryn', 'Kira', 'Nia', 'Allie', 'Carissa', 'Johanna', 'Shyanne']
['Alana', 'Melissa', 'Kaylee', 'Hanna', 'Abby', 'Kristin', 'Alaina', 'Lucia', 'Ann', 'Regina']
['Yasmine', 'Caroline', 'Faith', 'Makayla', 'Autumn', 'Gabriella', 'Nadia', 'Josie', 'Regan', 'Amari']
['Leah', 'Veronica', 'Mckenna', 'Gina', 'Eleanor', 'Brandi', 'Marisol', 'Jessie', 'Annika', 'Joy']
['Jamie', 'Trinity', 'Kiara', 'Hope', 'Alondra', 'Amaya', 'Mallory', 'Baylee', 'Virginia', 'Hailee']
['Talia', 'Tiffany', 'Kelly', 'Diamond', 'Avery', 'Ashlyn', 'Dominique', 'Cecilia', 'Logan', 'Ashleigh']
['Shelby', 'Gabrielle', 'Alicia', 'Claudia', 'Josephine', 'Tamara', 'Pamela', 'Felicia', 'Lorena', 'Cristal']
['Janae', 'Kelsey', 'Cassidy', 'Jocelyn', 'Angelina', 'Valerie', 'Camryn', 'Makenzie', 'Mckayla', 'Jane']
['Breanna', 'Brittany', 'Miranda', 'Caitlyn', 'Shannon', 'Nancy', 'Paola', 'Emilee', 'Chasity', 'Macey']
