['123', '68', '74', '91', '95', '103', '108', '112', '124', '163', '190', '198', '279', '281', '294', '305', '321', '322']
['385', '14', '22', '109', '132', '143', '156', '197', '230', '256', '280', '336', '363']
['214', '46', '57', '189', '201', '210', '338', '357', '375', '386', '391']
['345', '0', '15', '25', '35', '70', '90', '146', '152', '153', '171', '174', '199', '220', '307', '370', '381', '383', '390']
['128', '18', '37', '64', '71', '96', '149', '167', '196', '216', '218', '222', '225', '283', '286', '298', '334', '335', '368', '369']
['287', '58', '88', '113', '117', '120', '154', '157', '165', '168', '185', '204', '233', '262', '270', '271', '309', '310', '351', '353', '372', '397']
['269', '7', '8', '10', '32', '41', '45', '72', '89', '93', '144', '166', '177', '194', '242', '272', '288', '349', '354', '373', '394']
['284', '28', '29', '63', '99', '169', '228', '236', '301', '316', '346', '355', '365', '388', '393']
['87', '2', '5', '11', '36', '43', '44', '51', '53', '111', '133', '139', '151', '184', '188', '240', '296', '340']
['248', '21', '27', '54', '77', '86', '181', '212', '213', '231', '246', '250', '259', '264', '268', '290', '308', '318', '328', '359', '361', '371', '389']
['81', '9', '23', '67', '94', '135', '202', '257', '273', '282', '299', '300', '303', '306', '312', '326', '344', '350', '384', '392']
['206', '39', '82', '105', '115', '116', '158', '162', '172', '186', '205', '337', '348']
['48', '42', '47', '83', '130', '203', '208', '238', '243', '244', '254', '263', '278', '304', '313', '323', '339', '342', '343', '366', '396']
['142', '12', '24', '31', '62', '73', '75', '78', '84', '92', '101', '104', '127', '173', '176', '192', '224', '232', '249', '251', '320', '352', '377', '387', '398']
['17', '19', '26', '30', '55', '76', '141', '150', '159', '175', '209', '219', '227', '258', '289', '293', '329', '341', '374', '376', '378', '399']
['327', '1', '4', '13', '20', '50', '56', '98', '100', '160', '179', '191', '193', '195', '226', '237', '245', '255', '276', '285', '292', '315', '333', '360', '362', '380', '382']
['217', '33', '49', '52', '61', '65', '121', '122', '131', '170', '261', '275', '295', '297', '311', '317', '330', '395']
['106', '3', '34', '60', '114', '119', '126', '129', '136', '137', '140', '147', '180', '221', '223', '239', '241', '247', '314', '319', '325', '358', '364', '367']
['118', '6', '16', '38', '40', '80', '102', '110', '138', '145', '200', '211', '253', '260', '265', '274', '277', '347', '356', '379']
['107', '59', '66', '69', '79', '85', '97', '125', '134', '148', '155', '161', '164', '178', '182', '183', '187', '207', '215', '229', '234', '235', '252', '266', '267', '291', '302', '324', '331', '332']
