['341', '226', '311']
['131', '5', '18', '112', '123', '168', '259']
['273', '8', '28', '44', '251', '326', '376']
['304', '80', '302', '384']
['182', '11', '58', '138', '255', '318']
['368', '92', '104', '271', '307']
['111', '180', '218', '254', '319', '350']
['62', '21', '130', '334']
['39', '262']
['330', '76', '107', '198', '250', '328', '365']
['43', '14', '89', '133', '178', '196', '240']
['34', '228', '281']
['316', '29', '77', '313']
['275', '149', '312']
['200', '141', '177', '389']
['338', '221', '377']
['51', '140', '167', '186', '235', '343', '345']
['152', '139', '346']
['109', '46', '54', '297', '329', '361', '371']
['337', '291']
['231', '45', '213', '232', '272', '398']
['212', '144', '172', '306']
['75', '15', '110', '153', '187', '211']
['150', '301', '320']
['114']
['190', '36']
['264', '118', '292']
['285', '386']
['146', '207', '296']
['170', '66', '257']
['106', '102', '124', '160', '166', '229', '274']
['24', '239']
['2', '391']
['352', '100', '103']
['283', '41', '121', '201', '293']
['185', '9', '50', '179', '252', '348']
['115', '30', '116', '143', '241', '357', '396']
['155', '48']
['265', '68', '173', '378']
['217', '353']
['6', '52', '159', '215', '278', '336']
['390', '243']
['355', '154', '392']
['356', '303']
['261', '13', '72', '98', '256']
['137', '105', '267']
['347', '26', '156', '245']
['194', '0', '90', '176', '349', '395']
['308', '63']
['142', '1', '78', '242', '263', '323', '370']
['38']
['321', '61', '122', '164', '209']
['67', '162', '222', '282', '287', '310']
['93', '298', '374', '385']
['279', '199', '202']
['289', '10', '127']
['373', '49']
['204', '22', '71', '290', '369']
['339', '4', '266', '286']
['233', '59']
['101', '84', '379']
['366', '322']
['380', '299']
['381', '135', '161']
['87', '55', '158', '169']
['360', '82', '134', '234', '284']
['382', '7', '35', '88', '249', '317']
['163', '197']
['208', '117', '230', '305']
['227', '31', '206', '332']
['236', '96', '220']
['27', '3', '70', '223', '237', '375']
['188', '119', '288', '358']
['295', '129', '210', '324']
['181', '17', '191', '277']
['64', '260', '359']
['219', '33']
['362', '42', '99', '132', '147']
['53', '157', '335', '351']
['214', '65', '108', '331']
['183', '126', '238', '294', '314']
['85', '195']
['248', '56', '60', '73', '205', '327']
['97', '25', '244', '280']
['383', '83', '125', '269']
['354', '19', '388']
['20', '165', '225']
['57', '192', '216', '258', '399']
['189', '340']
['175', '23', '40', '151', '171', '344']
['91', '79', '81', '94', '136']
['246', '32', '145', '253', '315']
['148', '203', '342', '387']
['372', '37', '128', '174']
['224', '16', '69', '276', '364', '394']
['247', '47', '113', '193', '270', '309']
['268', '397']
['74', '86', '95', '333', '367']
['120', '12', '184', '300', '363']
['393', '325']
