['87', '33', '47', '51', '57', '79', '90', '92', '113', '138', '139', '155', '181', '247', '268', '280', '305', '314', '320', '325', '330', '348', '352', '360', '435', '445', '455', '485', '498']
['106', '8', '31', '70', '73', '125', '169', '189', '191', '211', '212', '274', '303', '306', '311', '339', '363', '405', '407', '419', '431', '463', '476']
['151', '1', '62', '86', '99', '101', '153', '198', '203', '210', '215', '242', '243', '299', '300', '340', '357', '415', '420', '457', '468', '491']
['355', '9', '15', '16', '29', '37', '48', '54', '71', '94', '105', '112', '120', '128', '130', '145', '147', '178', '180', '192', '202', '232', '279', '297', '308', '347', '353', '398', '422', '428']
['164', '63', '65', '84', '168', '184', '194', '195', '216', '233', '237', '240', '244', '246', '260', '343', '376', '383', '444', '459', '490']
['375', '7', '66', '80', '114', '117', '119', '214', '218', '222', '229', '275', '277', '301', '331', '336', '377', '390', '395', '410', '417', '437', '471', '495']
['451', '123', '133', '161', '193', '206', '217', '231', '271', '272', '281', '293', '312', '354', '373', '379', '413', '414', '429', '458', '470']
['176', '5', '26', '50', '55', '108', '144', '157', '158', '170', '173', '179', '197', '225', '226', '253', '261', '262', '269', '290', '292', '295', '315', '334', '344', '350', '361', '374', '385', '389']
['453', '14', '46', '58', '83', '129', '152', '159', '167', '204', '227', '282', '288', '321', '388', '394', '411', '432', '482']
['362', '97', '116', '143', '160', '207', '209', '235', '236', '245', '256', '267', '270', '286', '296', '329', '365', '369', '423', '427', '448', '464', '499']
['122', '20', '69', '85', '100', '156', '166', '172', '183', '200', '201', '205', '213', '238', '239', '249', '265', '283', '367', '372', '380', '393', '430', '480', '481', '493']
['472', '13', '21', '25', '39', '40', '41', '42', '45', '53', '56', '78', '131', '224', '241', '289', '327', '342', '349', '364', '404', '412', '439', '446', '484', '489', '494', '496']
['107', '36', '82', '88', '102', '149', '163', '220', '221', '255', '322', '326', '328', '345', '378', '400', '408', '434', '440', '454', '456', '488']
['124', '76', '135', '136', '148', '208', '250', '276', '294', '298', '304', '307', '318', '341', '356', '366', '381', '424', '441', '447', '462', '466', '473', '475', '477', '487', '492']
['228', '3', '12', '23', '49', '67', '75', '103', '109', '118', '121', '127', '132', '185', '186', '196', '219', '230', '234', '258', '285', '324', '396', '399', '409', '416', '418', '442', '450', '465']
['140', '10', '24', '30', '32', '52', '59', '60', '74', '98', '111', '146', '171', '174', '177', '187', '223', '248', '251', '252', '259', '263', '309', '316', '333', '351', '359', '371', '382', '391']
['4', '17', '19', '28', '34', '61', '64', '104', '110', '115', '137', '142', '154', '162', '175', '291', '302', '310', '319', '384', '386', '387', '401', '403', '433', '443', '449', '460', '474']
['22', '0', '2', '43', '68', '81', '89', '93', '96', '134', '165', '188', '190', '254', '264', '273', '313', '323', '338', '346', '402', '436', '452', '461', '478', '479', '486', '497']
['150', '18', '27', '44', '77', '91', '278', '317', '335', '392', '397', '406', '425', '438', '467', '469']
['126', '6', '11', '35', '38', '72', '95', '141', '182', '199', '257', '266', '284', '287', '332', '337', '358', '368', '370', '421', '426', '483']
