['152', '10', '21', '29', '83', '107', '142', '146', '192', '198', '222', '292', '335', '400', '432', '459']
['296', '51', '66', '132', '147', '148', '191', '221', '310', '317', '324', '348', '427', '483', '489', '498', '499']
['479', '24', '62', '63', '166', '180', '193', '217', '252', '289', '312', '383', '390', '430', '448', '478', '494']
['234', '17', '25', '71', '141', '203', '237', '242', '248', '251', '257', '262', '286', '366', '429', '460', '473', '492']
['208', '7', '39', '47', '53', '60', '88', '151', '211', '214', '279', '280', '351', '360', '408', '423', '496']
['256', '12', '55', '68', '73', '136', '140', '155', '169', '184', '185', '202', '226', '303', '343', '381', '395', '442', '465']
['426', '30', '35', '45', '81', '86', '103', '106', '115', '174', '201', '325', '327', '370', '371', '409', '413', '416', '436', '488']
['336', '9', '65', '74', '124', '164', '186', '228', '230', '297', '333', '334', '353', '386', '439', '446', '472', '480', '490']
['199', '4', '13', '31', '37', '46', '50', '108', '139', '178', '225', '239', '243', '267', '287', '337', '422', '435', '440', '470']
['468', '38', '85', '269', '344', '385', '410', '428', '464', '474', '475', '481']
['78', '2', '14', '40', '57', '69', '79', '135', '232', '281', '294', '308', '320', '342', '350', '357', '364', '368', '373', '380']
['181', '1', '19', '105', '114', '121', '126', '138', '143', '149', '153', '182', '233', '250', '290', '300', '309', '376', '378', '453']
['5', '48', '101', '183', '188', '207', '219', '272', '322', '392', '396', '402', '412', '417']
['163', '23', '32', '41', '49', '76', '77', '104', '110', '117', '212', '261', '264', '338', '387', '398', '419', '425', '477']
['6', '28', '84', '96', '210', '229', '235', '255', '273', '329', '339', '358', '405', '443', '486']
['249', '42', '58', '82', '130', '156', '161', '227', '259', '307', '363', '457', '463']
['20', '16', '22', '61', '99', '129', '154', '159', '170', '173', '177', '268', '275', '349', '391', '454', '466']
['484', '8', '111', '128', '131', '246', '271', '276', '293', '305', '332', '397', '438', '449', '461']
['118', '52', '157', '168', '171', '179', '231', '302', '328', '345', '389', '406', '444', '497']
['482', '3', '44', '87', '190', '200', '301', '321', '403', '407', '421', '452', '493']
['278', '67', '92', '175', '197', '216', '245', '330', '367', '393', '404', '495']
['195', '64', '80', '89', '91', '145', '204', '206', '223', '244', '274', '283', '288', '299', '304', '382', '384', '414', '418', '437']
['90', '18', '27', '102', '122', '162', '194', '270', '277', '314', '315', '326', '362', '458', '469', '471']
['165', '26', '54', '56', '93', '94', '97', '119', '172', '209', '213', '356', '388', '455', '491']
['298', '0', '34', '75', '116', '150', '189', '218', '241', '263', '323', '331', '352', '359', '424', '434', '451', '487']
['72', '11', '15', '70', '100', '137', '196', '205', '236', '265', '285', '306', '319', '354', '361', '379', '401', '411', '420', '485']
['258', '123', '127', '220', '247', '253', '254', '260', '374', '431', '433', '476']
['467', '33', '59', '98', '113', '133', '144', '158', '160', '282', '291', '341', '346', '445']
['340', '36', '109', '187', '224', '266', '284', '316', '365', '377', '394', '399', '415', '441', '447', '450', '456', '462']
['43', '95', '112', '120', '125', '134', '167', '176', '215', '238', '240', '295', '311', '313', '318', '347', '355', '369', '372', '375']
