['347', '150', '283', '471', '474', '485']
['247', '45', '131', '135', '141', '180', '195', '344', '429', '434']
['161', '191', '307', '337', '395']
['403', '14', '232']
['101', '98', '115', '385']
['272', '1', '222', '227']
['288', '424', '425']
['297', '366', '445']
['306', '105', '159', '267', '361']
['35', '51', '75', '407']
['270', '43', '61', '237', '368', '440', '452']
['235', '85', '94', '200', '259', '382']
['57', '216', '437']
['217', '230', '298', '389', '441', '494']
['215', '320']
['30', '79', '128', '220', '268', '284', '289']
['31', '134', '190', '194']
['459', '58', '398']
['388', '154', '175', '193']
['328', '74', '89', '184', '279', '370', '373', '448', '492']
['336', '3', '23', '50', '52', '54', '70', '168', '278', '399']
['478', '11', '24', '53', '111', '127', '214']
['242', '108', '245', '264', '292']
['164', '183', '400']
['319', '28', '182', '276', '393']
['122', '208', '346', '433', '477']
['138', '206', '226', '293', '384', '489']
['381', '287', '483']
['5', '187', '325']
['365', '56', '290', '420']
['414', '121', '204', '265', '311', '491']
['377', '103', '273', '303', '316', '332']
['63', '47', '107', '172', '213', '312']
['317', '239', '300']
['167', '78', '113', '146', '157', '473']
['444', '12', '37', '248', '329']
['26', '156', '305', '348', '353', '490']
['225', '269', '301', '335']
['234', '100']
['212', '210', '218', '299', '404', '498']
['372', '27', '125', '147', '231']
['2', '240', '446', '486']
['136', '33', '76', '93', '118', '258', '333']
['286', '21', '29', '176', '421']
['104', '34', '126', '142', '203', '224', '229', '256', '397']
['465', '6', '363']
['10', '356', '412', '422', '443']
['109', '254', '323']
['487', '102', '401', '409', '442', '467']
['493', '223', '280', '314', '350', '416']
['0', '211']
['275', '48', '137', '165', '281', '359', '438', '464']
['463', '117', '321', '470']
['355', '40', '99', '327', '428']
['160', '185', '249', '252', '417', '432', '460']
['91', '44', '90']
['59', '188', '475', '479']
['66', '410', '423', '488']
['202', '13', '38', '42', '87', '469']
['266', '468']
['119', '62', '178']
['380', '65', '77', '116', '162', '236', '241', '308']
['171', '36', '302', '364', '453', '455', '458']
['472', '18', '124', '169', '205']
['49', '228', '318', '324', '371']
['484', '71', '95', '189', '326']
['447', '386']
['181', '186']
['295', '68', '84', '143', '179', '197', '282', '342', '449']
['261', '133', '219', '310', '369']
['454', '97', '296', '341', '358', '457']
['207']
['201', '271', '330']
['340', '22', '25', '120', '174', '196', '431', '495']
['8', '32']
['19', '130', '257', '260', '304', '349', '392']
['114', '15', '233', '313', '352', '374', '396', '436']
['406', '221', '390']
['149', '152', '250', '277', '378', '405', '461']
['123', '39', '81', '238', '262', '427']
['132', '209', '285', '375', '451']
['435', '20', '166', '199', '322', '339']
['430', '153', '177', '345', '351', '439']
['155', '16', '88', '251', '391']
['274', '92', '387']
['110', '86', '148', '379', '413', '456']
['244', '106', '173', '411', '496']
['145', '476', '499']
['334', '4', '46', '246', '263']
['338', '170', '255', '291', '362', '394', '450', '462', '466']
['9', '7', '80', '192', '367']
['112', '129', '376', '383']
['151', '17', '60', '82', '408']
['253', '64', '419']
['481', '343', '354', '418', '482']
['158', '139', '243', '402']
['72', '96', '294', '315', '360']
['163', '41', '73', '140', '415']
['497', '55', '67', '83', '144', '331']
['69', '198', '309', '357', '426', '480']
