['73', '9934', '130']
['9921']
['9899', '41']
['183', '9860', '9821', '223', '9774']
['196', '16', '9982']
['9998']
['9915', '105', '228']
['9952', '103']
['9761', '3', '203']
['9935', '17', '9943', '204', '9771']
['9842', '9928', '9882']
['9833', '80', '185']
['9960', '142', '226']
['9803', '11', '9857', '9784']
['9922', '9965', '9811', '235']
['9853', '169', '248']
['9', '176', '9800', '9779', '9758']
['9988', '9911', '136', '238']
['15']
['9877']
['8', '208']
['184', '9992', '9850', '9799', '9762']
['77']
['9806', '198']
['122', '34', '9878', '9859']
['9893', '9918', '168']
['230', '9874', '9781']
['9858', '9977', '9840', '179', '189', '9798']
['222', '237']
['145', '6', '9978', '69', '172', '193']
['126', '9993', '9876']
['9883', '9950']
['201']
['93', '51', '9868']
['30', '9929', '152', '213']
['9933', '22', '57', '9880', '9809']
['37', '9938']
['9766', '1']
['129', '9875', '137', '9814']
['9954', '9958', '9885', '159']
['9789']
['9906', '31', '118']
['2', '70', '74', '9907']
['9757', '9869']
['9862', '124', '9810']
['141', '9865']
['9889', '9985', '9975', '180']
['9948', '9887']
['9961', '9996', '9946']
['9989', '9886']
['9849']
['9871', '225']
['79', '239']
['9991', '13', '9969', '133']
['92', '9847', '160']
['9999', '250', '9823', '194']
['9852', '9984']
['9888', '47', '140']
['32']
['207', '154']
['9956', '9900']
['40', '9812']
['231', '146', '9826', '9824']
['26']
['138', '12', '9964', '72', '9804', '9764']
['53', '94', '9902']
['199', '9777']
['234', '97', '229']
['58', '148']
['9795']
['178', '9867', '9802']
['52', '23', '91', '242']
['9797']
['33', '9856', '9801']
['244', '106', '139', '9846', '9836']
['9971', '48', '85']
['9983', '112']
['9765', '9923', '82']
['90', '162']
['9866', '10', '76', '87', '216', '9775']
['9896']
['192', '9785']
['9838', '9894', '197']
['9843', '42']
['18', '9953', '9751']
['9967', '123']
['241', '9963', '9947', '9759']
['9979', '9770']
['7', '9813', '247']
['9884', '59']
['217', '9841', '9768']
['9955']
['49', '9926', '111']
['195', '9778', '9772']
['9940']
['9793', '84', '9898', '191']
['86', '27', '36', '114']
['200', '9970', '109', '175', '9822']
['9942', '21', '211']
['9755']
['9908']
['29', '182']
['81', '38', '9919', '102', '156', '9828']
['9901', '173']
['44', '95']
['224', '60', '9939', '9815']
['232', '9976', '63', '108', '9819', '9776']
['9962', '9973', '9949']
['9788', '9995', '45', '89', '9780']
['9872']
['143', '61', '9905', '9861']
['243', '9945', '66', '88', '9783']
['202', '5', '9987', '209']
['9845', '24', '9829', '9754']
['9980', '9990', '9750', '9848']
['125', '71', '9924', '9837', '206']
['153', '147', '9773']
['236', '9951', '67', '9925', '9920', '166', '171']
['9909', '35', '9931', '101', '9879', '9839']
['9910', '9835', '9808']
['9966']
['9941', '174']
['246', '46', '158']
['170', '9854', '9790']
['25']
['9890', '121', '205']
['9782', '39', '9904', '9818']
['9994']
['98', '110']
['9817', '9769']
['19', '9932', '9832', '9763', '9756']
['9753', '9897', '219']
['117', '163']
['9986', '115']
['215', '104', '164']
['218', '135']
['190', '9752']
['9830', '55']
['64', '9959', '132', '134']
['9930', '100']
['9891', '131', '150', '9794', '9760']
['9937', '75', '155']
['9863', '9827']
['9914', '14']
['68', '78', '9816', '249']
['221']
['9968', '151']
['9825', '43', '54', '83', '165', '233']
['120', '28', '56', '96', '181', '245']
['9895', '149', '167', '220']
['157', '9851']
['240']
['9917', '65']
['161', '9767']
['9805', '50', '9927', '9913', '187', '9796']
['9936', '113', '227']
['9870']
['9820', '9892', '9873', '9791', '210', '9787']
['144', '20', '9974', '9916', '9807']
['9786', '62', '99', '128', '9864']
['177', '4', '9972', '119']
['9903', '9957', '127']
['186', '9912', '107', '116', '9834']
['9997', '9944', '9831']
['9881', '9981', '9855', '9844', '188', '212']
['9792', '214']
