['106', '297', '9', '315', '261', '246', '169', '256', '69', '149', '399', '366', '392', '64', '114', '359', '116']
['43', '150', '137', '252', '380', '119', '234', '197', '11', '274', '65', '296', '140', '146', '294', '224', '41', '326', '208']
['46', '82', '83', '199', '192', '78', '170', '249', '216', '38', '321', '4', '236', '104', '97', '337', '282', '303']
['24', '191', '60', '295', '237', '350', '293', '215', '267', '248', '25', '1', '96', '217', '44', '266']
['265', '30', '107', '148', '285', '45', '12', '55', '23', '163', '287', '347', '187', '159', '371', '0', '5', '164', '175']
['7', '391', '388', '171', '332', '306', '228', '193', '14', '395', '317', '351', '318', '269', '271', '186', '353', '255', '290', '156', '34', '61', '373', '211']
['299', '158', '77', '223', '360', '184', '343', '243', '161', '384', '185', '244', '139', '327', '200', '291', '238', '342', '352', '153', '397', '207', '54']
['195', '325', '10', '305', '260', '222', '338', '278', '172', '74', '110', '312', '51', '209', '31', '157', '283', '19', '99', '253', '239', '376', '136', '125']
['319', '300', '348', '383', '35', '126', '67', '49', '62', '52', '53', '307', '302', '304', '322', '251', '245', '22', '162']
['235', '393', '108', '374', '94', '378', '128', '311', '206', '68', '28', '143', '145', '174', '180', '165', '173', '316', '233', '188', '345']
['40', '36', '364', '270', '262', '272', '130', '241', '76', '232', '111', '182', '382', '155', '147', '134', '121', '368', '264', '227', '279', '372', '201']
['298', '231', '367', '135', '129', '214', '167', '329', '310', '168', '333', '15', '220', '354', '398', '365', '204', '151']
['280', '144', '98', '225', '276', '91', '183', '89', '20', '203', '17', '301', '268']
['390', '198', '331', '166', '138', '341', '100', '196', '13', '250', '42', '142', '355', '230', '93', '90', '385', '79', '334', '176']
['50', '133', '29', '375', '8', '109', '117', '289', '2', '63', '226', '37', '95', '275', '314', '21', '58', '6', '178', '57', '229', '47', '340']
['189', '339', '16', '281', '75', '113', '131', '313', '210', '324', '181', '132', '86', '124', '127', '101', '18', '379', '273', '120']
['205', '123', '213', '190', '73', '33', '105', '72', '48', '179', '115', '242', '369', '381', '80', '194', '309', '363', '103']
['122', '263', '240', '370', '26', '396', '219', '32', '112', '70', '218', '221', '362', '154', '81', '361', '284', '118', '202', '358', '356', '59', '141']
['349', '152', '336', '346', '177', '259', '389', '88', '257', '84', '85', '357', '39', '3', '308', '292', '286', '386', '160', '320', '288', '56', '330']
['394', '27', '387', '323', '335', '247', '277', '377', '254', '212', '328', '92', '66', '87', '71', '258', '102', '344']
