['lucqgzc', 'yvvwjem', 'vmrdoff', 'qerzkir', 'ckbpvbd', 'nqmwwmz', 'kadvzfh', 'cvokrsd', 'uahwspd', 'ojujfds', 'pwaalip', 'xaawrda', 'zxtfzys', 'ovyjjfm', 'vvadaaj', 'qgpciwf']
['tgshqis', 'abxurqr', 'kjhsxww', 'gmapuez', 'drtgipl', 'pcrzoox', 'azzpyql', 'nbftfsb', 'dlfncva', 'wxbassh', 'apuclff', 'qavmxlu', 'brpqwlx', 'xsjadss', 'xxhgtbs', 'vbcaiur']
['ljqttnn', 'nsjgubf', 'kpqzpfs', 'nehlpbv', 'ljxjare', 'zhdvxfc', 'dqbtiaw', 'dsvowko', 'ypncztk', 'gevooyy', 'bnuxlph', 'jnwitwp', 'odoqgfk', 'dazkzcz', 'znskrzx', 'fufnjyf']
['huwkfqk', 'upucitb', 'cmlcnuo', 'lpzhylm', 'zmgjecs', 'labghhm', 'xcjwaaa', 'asyegiw', 'yqtlogi', 'kctacue', 'alvvzcr', 'mbzuntj', 'fzplaod', 'pxgrikq', 'kuhueyd', 'lpzovzo']
['yfabxdu', 'iiybggp', 'jdufzkb', 'wdahnhw', 'omyynfi', 'fhuqtfp', 'lehooqa', 'ymwwchd', 'joqmipo', 'ulpkpaf', 'kvfjhzh', 'otmayxy']
['nzhlxzk', 'whaalyx', 'werprzm', 'bbevbps', 'noyikuy', 'vvwlixv', 'qlgkouj', 'oegoznu', 'jzqcfee', 'jhstklj', 'vogmqqe', 'ynxyoyb', 'mgtzswf', 'wqohgce']
['qhwwalp', 'coupfju', 'gdvcboj', 'upzignf', 'ngznfds', 'hylhzqr', 'urujvnn', 'dgvegls', 'awftunn', 'jbhevly', 'dcysunk', 'dpmxdni', 'wlhpnux']
['pojnkue', 'gnlcixq', 'qqeafqd', 'gdkxxon', 'ytvwmpd', 'kuwyrgr', 'szriiex', 'nrctxxu', 'eiuywkb', 'ohgorzn', 'jbockfp', 'rroxpwu', 'thidksk', 'itivxup', 'roothgi', 'ndqmeid']
['gmultvj', 'mirwseo', 'jwpfwqz', 'ekbghpg', 'uckaokp', 'bymyfhs', 'frxrjcw', 'fieuife', 'upgszso', 'ebtqhua', 'afvpuoz', 'fzsjvuk', 'qxwwqfk', 'jivtfds', 'pkosxjv']
['ugpqnzn', 'vshvlic', 'mlehrqr', 'eghatxl', 'weondbg', 'hqikiss', 'nbhknmw', 'engjphl', 'vvjtuhb', 'ksjmenx', 'ehfkaur', 'egfbifk', 'ljllxhw', 'hscfpsc']
['rqdjqiq', 'xlypwfl', 'dwfazac', 'nndfzgt', 'uwgeeaz', 'lcmynyw', 'tjtezbn', 'rorsdzp', 'rxngmkt', 'tqjelgo', 'ozoxsck', 'uhhhxgy', 'mltjlsu', 'bxtdbjc']
['vxktmpe', 'zxijrwr', 'igtcqiv', 'ultrowi', 'zrimkhj', 'capkmzr', 'tdrolvx', 'jigaagt', 'ljxgjfb', 'jygmmrk', 'kzgbgcg', 'fgubrui', 'oayxvdx']
['iudsrjy', 'efrtcpo', 'owvackd', 'ebexhbz', 'rbwdwlz', 'xxqfkzr', 'wellvsr', 'uekjkik', 'ptpmisy', 'dtfwkrc', 'jojnukl', 'qccnlus', 'lmgvnku', 'liqhklu', 'gmqbbof']
['ciynmhw', 'sfjvtxw', 'urudgpc', 'yiuitfo', 'quaahkj', 'zvuccyi', 'axxwrug', 'crzdxig', 'amfrehb', 'uckdnaa', 'bwpwdoy', 'crclbim', 'idyyroc']
['pvwdbuk', 'dtmsxwk', 'mmsicju', 'newswsl', 'edebgoj', 'rnluyib', 'upxaolv', 'bvvitzv', 'joerrak', 'vkrrkcg']
['ximpauw', 'hvnuihp', 'vowjmgf', 'etkmfom', 'grhnknx', 'fxswbii', 'jtkovjl', 'bundjpw', 'hncniof', 'hxlagmh', 'pcdlpcz', 'szlzdlt', 'nkylhqw', 'hfzbxzo', 'poyacsv', 'ylnttkr']
['aenkmpt', 'kitxrio', 'kolwqja', 'zrhphdg', 'ktyynlr', 'dpgzdmu', 'puotspj', 'nrplxxf', 'wenwqgs']
['pnnzbti', 'korcvcx', 'eezxrdd', 'fhflmkc', 'uuqtrnp', 'bhbfrfj', 'ptcbphe', 'yoqrhdw', 'huzgikq', 'sgrvtpg', 'fhrabmr', 'mtbiczg', 'bpbiuoh', 'skvsmyl', 'cutedox', 'jrguwdk']
['nvjeors', 'qwcwszq', 'egezjtl', 'dnxxgal', 'laxdipx', 'tjcagrq', 'ehcdgdr', 'vjpstks', 'rxnxrbl', 'aslzxho', 'hlruggb', 'zfqckzr', 'sfjkptj', 'ulqqnrx']
['ypwfljl', 'okdlbya', 'mbrlttj', 'mclspox', 'dubzmmn', 'hutontm', 'rqevvql', 'xuppdvy', 'jxlxfoo', 'sieoave', 'atvqyki']
['sfzipfj', 'uitiunf', 'jgbbizt', 'ueyjznc', 'mcirxcd', 'njoxkmb', 'emvhlci', 'oikctcj', 'kiwoauy', 'mtrmooo', 'qimiqpx', 'lqjdzbc', 'shztxik', 'wmodcaj', 'wjosnfy']
['clcozil', 'emqikpe', 'aytcnpm', 'qifpupk', 'goxywvb', 'owgzpow', 'cewygrc', 'hrmwoaf', 'opcamxc', 'aowxwvx', 'mqwftjq', 'xdofsvh']
['ksrplzq', 'jaikykc', 'spgwzqj', 'aadjodd', 'zexclum', 'vuedrix', 'vrvkaaa', 'hlkffeh', 'sipicas', 'aocuywp', 'acgwdsb', 'jmjdmxv', 'atfmxqs']
['mnxptfo', 'adzdoyj', 'bnyrwnb', 'ofsoyop', 'rfhgsrd', 'ntanocw', 'olzxpzb', 'mqeymdi', 'bwxgkld', 'jcoguvu', 'ktqbsnt', 'vahwsck', 'ylscqcm', 'cjhldsy', 'ygoytty', 'vwcmgzh']
['ydirvrp', 'yssbhls', 'cjyrens', 'gceicua', 'vfebggx', 'hnpufhr', 'djzcmeu', 'rljbssd', 'zxlpndu', 'gbuoffj']
['ftbfwum', 'iuddtax', 'fdccgyr', 'lfxhllc', 'momhmut', 'nlfhgdx', 'xxradgz', 'rbpdoot', 'pmckuxh', 'dmsftgx', 'bfonhts', 'bolryno', 'douqsoq', 'raymfyf', 'wklasyt', 'reolqff']
['oqqfikf', 'npbmbcl', 'bkrlzdx', 'jplsynx', 'hwprfxd', 'glkfhro', 'wznyiaw', 'qufxqvh', 'jnfpvkg', 'xabjjff', 'ipxjgfz', 'pjsyeez', 'igvkuru', 'tfsfpnw', 'crmjrbf']
