['231', '96', '132', '142', '215', '239', '252', '267']
['69', '65', '108', '133', '166', '172', '178', '194', '207', '226', '228', '257', '262', '273']
['40', '36', '74', '144', '179', '216', '241', '248']
['235', '16', '25', '43', '87', '97', '102', '105', '212', '224', '246', '255']
['48', '57', '68', '113', '137', '162', '213', '233', '242', '260', '275', '278']
['229', '6', '30', '64', '243', '269', '283', '285']
['297', '26', '29', '118', '120', '209', '211', '261']
['148', '78', '160', '174', '184', '186', '200']
['75', '56', '83', '115', '123', '139', '222', '225', '238']
['202', '3', '58', '66', '82', '88', '94', '100', '125', '168', '205', '237', '266', '276']
['217', '38', '47', '73', '136', '167', '181', '232', '284']
['0', '63', '72', '110', '119', '131', '159', '270']
['253', '34', '71', '89', '114', '135', '146', '173', '183', '221', '268', '280']
['111', '27', '84', '86', '91', '103', '104', '157', '163', '247', '271']
['67', '13', '54', '138', '158', '274', '294']
['149', '20', '41', '106', '165', '177', '185', '190', '208', '296']
['171', '5', '10', '52', '161', '187', '188']
['145', '9', '21', '31', '46', '61', '126']
['49', '28', '60', '79', '182', '218', '220', '264']
['204', '2', '42', '45', '112', '116', '127', '180', '189', '195', '277', '288', '291']
['24', '143', '151', '263']
['70', '8', '33', '53', '99', '117', '154', '210', '286', '287']
['249', '4', '12', '59', '80', '85', '109', '122', '153', '192', '193', '298']
['259', '15', '90', '107', '128', '129', '150', '152', '156', '191', '251', '258', '293']
['230', '1', '18', '55', '140', '169', '175', '201', '244', '256']
['219', '14', '39', '76', '141', '203', '206', '236', '254', '282']
['93', '11', '62', '130', '147', '198', '227', '245']
['32', '17', '22', '23', '35', '81', '121', '134', '164', '170', '199', '240', '281', '289', '295', '299']
['290', '7', '19', '50', '92', '155', '176', '197', '214', '234', '272', '279']
['292', '37', '44', '51', '77', '95', '98', '101', '124', '196', '223', '250', '265']
