['MV', 'AL', 'CTRFIJ', 'HO', 'QGUYKQ', 'X', 'C', 'EVDQNK', 'ZHCQG', 'MM', 'ICLIT', 'HJW', 'BNC', 'SY', 'WAXWZU', 'J', 'TUB', 'DBGM', 'JBJS', 'QREJV']
['LZLFY', 'Y', 'WFWU', 'BAVHR', 'VHUHI', 'NAIN', 'WK', 'RKCPEP', 'GDGZN', 'OYJLB', 'BBB', 'IWP', 'N', 'CRAQYE', 'JP', 'SGY', 'MOOKF', 'COYVMU', 'L', 'EMP']
['XLVUF', 'QNN', 'M', 'ETBLO', 'PQ', 'ZULMQ', 'MPYJWG', 'KMU', 'EU', 'KW', 'W', 'ZVWR', 'MLDT', 'WZ', 'T', 'NDF', 'NVLNXP', 'P', 'EP', 'UXBDM']
['ZIIN', 'TGKUE', 'MYSMZ', 'NS', 'G', 'CVSPP', 'SHT', 'I', 'ERR', 'PRYXX', 'MWKWWN', 'EHXPLS', 'JL', 'KLQR', 'UBWSTW', 'JCEYOL', 'DFGWZZ', 'HMURVX', 'KCQRDN', 'NZDAU']
['NGUN', 'JSMAHJ', 'FBW', 'XEAARR', 'YK', 'MXSFK', 'XFGUIZ', 'LWIA', 'BHKK', 'QDMX', 'YXEJT', 'RWO', 'VYGES', 'NTMT', 'ZTK', 'AEV', 'TXNP', 'TYQL', 'E', 'XVU']
['GDFI', 'U', 'ETSAG', 'DVVKX', 'MYN', 'TCBKQ', 'HSHY', 'ZHDBW', 'ZYFXQ', 'S', 'WBPB', 'NBJL', 'YOGJ', 'TSSNJ', 'WTGA', 'WELF', 'UI', 'OTXCZH', 'UK', 'DQQ']
['GI', 'XU', 'H', 'JNJNE', 'ET', 'JUXOIJ', 'ZW', 'D', 'HLT', 'QKT', 'YDDS', 'QNKIQE', 'NO', 'OC', 'THMU', 'OQV', 'RZU', 'CAED', 'IMB', 'EDAKUV']
['AZN', 'LHILT', 'AZGCQ', 'FAF', 'Z', 'ZJUCNC', 'XINMR', 'TB', 'ZAP', 'FP', 'O', 'CHR', 'A', 'MICOE', 'CNYXMO', 'DJC', 'PHS', 'EVTLXI', 'BFZ', 'DCBWSF']
['ACYQN', 'KFYTH', 'QYC', 'GFNZL', 'B', 'VYBQIM', 'IE', 'FLLJ', 'AFH', 'MRT', 'LZQ', 'NP', 'HDJL', 'TZTCA', 'DEXTSN', 'RUC', 'UBYG', 'FJTW', 'LY', 'AW']
['TXCK', 'SRJZQ', 'NDLUNW', 'BSAEQ', 'VL', 'BJ', 'OHZYQ', 'PIGBG', 'QBB', 'IU', 'EYEWXP', 'YO', 'KKFPQ', 'MY', 'FAL', 'ORJB', 'DLJMZC', 'SK', 'ODIF', 'OEJ']
['TN', 'KAZEK', 'FWRV', 'HPXSSF', 'VCFLXV', 'XT', 'EJOR', 'QIZWG', 'ANW', 'WPRTBZ', 'MK', 'GBSI', 'QREJG', 'KPXJFJ', 'AJDT', 'KJHR', 'PJG', 'JMYQEA', 'XLWRB', 'JJ']
['NMU', 'SBM', 'MMUK', 'HDJIQ', 'RM', 'YII', 'TRXUD', 'UJ', 'CMB', 'YQ', 'OL', 'CCIYM', 'BHT', 'JN', 'LNMCTV', 'GCSAZH', 'YEBV', 'NJAA', 'ZDYFZU', 'RQRWJT']
['AB', 'HH', 'HOQPX', 'OVM', 'OYDEJ', 'IYCHS', 'ARYSPZ', 'IGSXN', 'PE', 'OIA', 'WVHKC', 'VWK', 'KBV', 'BX', 'RWHILI', 'VOLULU', 'FVMBV', 'WWF', 'FSZNT', 'QE']
['ZVKC', 'UXXBYF', 'FGPZAA', 'UEKXJH', 'V', 'EYVVY', 'AH', 'PBRPX', 'HGT', 'MISGHL', 'EWAZF', 'TGDTND', 'TAN', 'NDMQJ', 'UVUBDR', 'USZM', 'LW', 'DRLM', 'YFFNQ', 'LJSX']
['GUOYX', 'TJU', 'XS', 'AR', 'ZTR', 'BQIFGG', 'KRXDGO', 'HTA', 'WCZSB', 'TOR', 'SUPLJO', 'TTV', 'TQWWLG', 'FCB', 'SU', 'HHCPMB', 'FXAQ', 'UIUBC', 'BGB', 'CFG']
['OFIPP', 'UU', 'JCM', 'LQ', 'SEWIVO', 'EM', 'FPPMUW', 'DJS', 'BW', 'LTHESD', 'KFBC', 'NDZ', 'ZQAULZ', 'QROYGT', 'AY', 'CN']
['POL']
['AQDX']
['BPZAJ']
['UHTMG']
