['103', '30', '100', '133', '171', '174', '189', '273', '299', '4', '13', '106']
['146', '1', '10', '17', '55', '58', '80', '93', '257', '267', '285']
['245', '54', '91', '104', '123', '173', '183', '194', '204', '205']
['45', '18', '132', '167', '223', '260', '264']
['160', '9', '16', '81', '135', '141', '154', '178']
['35', '27', '69', '125', '143', '169', '184', '196', '197', '214', '272']
['192', '25', '56', '126', '296']
['190', '64', '72', '151', '155', '206', '230', '234', '235', '240', '251', '293']
['32', '36', '39', '51', '129', '182', '209', '244', '249', '297']
['128', '7', '19', '67', '75', '92', '95', '140', '181', '203', '216', '247', '281']
['111', '41', '44', '162', '186', '220', '250', '262', '291']
['188', '78', '97', '118', '195', '215', '224', '248', '258', '278']
['62', '37', '63', '82', '87', '107', '117', '136', '279', '286', '295']
['153', '2', '8', '57', '84', '88', '170', '213', '217', '254', '266', '288']
['166', '114', '222', '269', '280']
['172', '31', '77', '124', '139', '152', '202', '228', '255', '259', '298']
['231', '28', '73', '98', '127', '243', '290']
['145', '5', '12', '61', '79', '121', '130', '159', '274']
['112', '23', '29', '144', '157', '236', '238', '263', '271', '284']
['74', '53', '105', '120', '161', '200', '232', '276', '277']
['26', '46', '49', '52', '85', '101', '102', '109', '137', '163', '177', '185', '261', '287']
['227', '14', '48', '60', '68', '108', '113', '115', '116', '119', '122', '134', '179', '193']
['176', '3', '24', '43', '70', '86', '90', '131', '138', '142', '165', '212', '241', '253']
['225', '0', '66', '147', '233', '242', '246', '252', '270', '283']
['210', '21', '34', '40', '168', '211', '239', '265']
['229', '6', '38', '76', '158', '187', '191', '199', '268', '289']
['226', '11', '15', '50', '71', '89', '96', '156', '175', '219', '221', '256', '275']
['83', '20', '33', '59', '65', '99', '180', '208']
['294', '42', '47', '94', '148', '201', '218']
['22', '110', '149', '150', '164', '198', '207', '237', '282', '292']
