['TaureanWallerPrince', 'AndreDrummond']
['DennisSchroder', 'IshSmith']
['KentBazemore', 'StanleyJohnson']
['JohnCollins', 'AnthonyTolliver']
['DewayneDedmon', 'ReggieBullock']
['MarcoBelinelli', 'LukeKennard']
['ErsanIlyasova', 'AveryBradley']
['IsaiahTaylor', 'ReggieJackson']
['MikeMuscala', 'LangstonGalloway']
['MalcolmDelaney', 'KhrisMiddleton']
['JaysonTatum', 'GiannisAntetokounmpo']
['AlHorford', 'EricBledsoe']
['JaylenBrown', 'TonySnell']
['TerryRozier', 'JohnHenson']
['KyrieIrving', 'MalcolmBrogdon']
['MarcusSmart', 'ThonMaker']
['AronBaynes', 'JasonTerry']
['MarcusMorris', 'SterlingBrown']
['SemiOjeleye', 'JabariParker']
['DanielTheis', 'AndrewWiggins']
['SpencerDinwiddie', 'KarlAnthonyTowns']
['AllenCrabbe', 'TajGibson']
['DeMarreCarroll', 'JeffTeague']
['JoeHarris', 'JimmyButler']
['RondaeHollisJefferson', 'JamalCrawford']
['CarisLeVert', 'TyusJones']
['JarrettAllen', 'NemanjaBjelica']
['QuincyAcy', 'GorguiDieng']
['DAngeloRussell', 'ShabazzMuhammad']
['TylerZeller', 'JrueHoliday']
['KembaWalker', 'AnthonyDavis']
['DwightHoward', 'ETwaunMoore']
['MarvinWilliams', 'DariusMiller']
['NicolasBatum', 'DeMarcusCousins']
['JeremyLamb', 'RajonRondo']
['MichaelKiddGilchrist', 'IanClark']
['FrankKaminsky', 'DanteCunningham']
['TreveonGraham', 'JameerNelson']
['MalikMonk', 'NikolaMirotic']
['MichaelCarterWilliams', 'CourtneyLee']
['JustinHoliday', 'TimHardaway']
['DenzelValentine', 'EnesKanter']
['LauriMarkkanen', 'FrankNtilikina']
['RobinLopez', 'MichaelBeasley']
['JerianGrant', 'KristapsPorzingis']
['DavidNwaba', 'JarrettJack']
['BobbyPortis', 'KyleOQuinn']
['KrisDunn', 'LanceThomas']
['CristianoFelicio', 'DougMcDermott']
['PaulZipser', 'RussellWestbrook']
['LeBronJames', 'PaulGeorge']
['JRSmith', 'CarmeloAnthony']
['JeffGreen', 'StevenAdams']
['KevinLove', 'JeramiGrant']
['KyleKorver', 'RaymondFelton']
['JaeCrowder', 'PatrickPatterson']
['TristanThompson', 'AlexAbrines']
['DwyaneWade', 'AndreRoberson']
['JoseCalderon', 'JoshHuestis']
['CediOsman', 'JonathonSimmons']
['HarrisonBarnes', 'AaronGordon']
['YogiFerrell', 'EvanFournier']
['WesleyMatthews', 'DJAugustin']
['DennisSmith', 'NikolaVucevic']
['DirkNowitzki', 'MarioHezonja']
['DwightPowell', 'BismackBiyombo']
['JJBarea', 'ShelvinMack']
['MaxiKleber', 'ElfridPayton']
['DevinHarris', 'WesleyIwundu']
['SalahMejri', 'BenSimmons']
['WillBarton', 'RobertCovington']
['JamalMurray', 'DarioSaric']
['NikolaJokic', 'JJRedick']
['WilsonChandler', 'JoelEmbiid']
['GaryHarris', 'TJMcConnell']
['MasonPlumlee', 'AmirJohnson']
['TreyLyles', 'JerrydBayless']
['PaulMillsap', 'TimotheLuwawuCabarrot']
['EmmanuelMudiay', 'RichaunHolmes']
['TorreyCraig', 'TJWarren']
['TobiasHarris', 'DraganBender']
['KlayThompson', 'JoshJackson']
['KevinDurant', 'DevinBooker']
['DraymondGreen', 'TylerUlis']
['StephenCurry', 'TroyDaniels']
['AndreIguodala', 'MarqueseChriss']
['NickYoung', 'AlexLen']
['ShaunLivingston', 'TysonChandler']
['DavidWest', 'JaredDudley']
['ZazaPachulia', 'CJMcCollum']
['PatrickMcCaw', 'DamianLillard']
['JamesHarden', 'JusufNurkic']
['PJTucker', 'AlFarouqAminu']
['TrevorAriza', 'EvanTurner']
['EricGordon', 'ShabazzNapier']
['ClintCapela', 'PatConnaughton']
['ChrisPaul', 'EdDavis']
['RyanAnderson', 'MauriceHarkless']
['LucMbahaMoute', 'ZachCollins']
['GeraldGreen', 'BogdanBogdanovic']
['NeneHilario', 'WillieCauleyStein']
['ThaddeusYoung', 'DeAaronFox']
['VictorOladipo', 'BuddyHield']
['BojanBogdanovic', 'GarrettTemple']
['CoryJoseph', 'ZachRandolph']
['DarrenCollison', 'JustinJackson']
['LanceStephenson', 'KostaKoufos']
['MylesTurner', 'SkalLabissiere']
['DomantasSabonis', 'GeorgeHill']
['JoeYoung', 'LaMarcusAldridge']
['AlJefferson', 'PattyMills']
['LouWilliams', 'KyleAnderson']
['DeAndreJordan', 'PauGasol']
['AustinRivers', 'DannyGreen']
['WesleyJohnson', 'DejounteMurray']
['MontrezlHarrell', 'BrynForbes']
['SindariusThornwell', 'ManuGinobili']
['BlakeGriffin', 'RudyGay']
['MilosTeodosic', 'DavisBertans']
['SamDekker', 'DeMarDeRozan']
['KentaviousCaldwellPope', 'KyleLowry']
['KyleKuzma', 'SergeIbaka']
['JuliusRandle', 'JonasValanciunas']
['BrandonIngram', 'PascalSiakam']
['LonzoBall', 'JakobPoeltl']
['BrookLopez', 'FredVanVleet']
['JoshHart', 'OGAnunoby']
['JordanClarkson', 'DelonWright']
['LarryNance', 'CJMiles']
['CoreyBrewer', 'DonovanMitchell']
['MarcGasol', 'JoeIngles']
['DillonBrooks', 'RickyRubio']
['JarellMartin', 'DerrickFavors']
['TyrekeEvans', 'RudyGobert']
['JaMychalGreen', 'RoyceONeale']
['MarioChalmers', 'JonasJerebko']
['AndrewHarrison', 'RodneyHood']
['BenMcLemore', 'AlecBurks']
['JamesEnnis', 'EkpeUdoh']
['DeyontaDavis', 'BradleyBeal']
['JoshRichardson', 'OttoPorter']
['GoranDragic', 'KellyOubre']
['TylerJohnson', 'MarcinGortat']
['WayneEllington', 'MarkieffMorris']
['JamesJohnson', 'TomasSatoransky']
['KellyOlynyk', 'JohnWall']
['JustiseWinslow', 'MikeScott']
['BamAdebayo', 'IanMahinmi']
['HassanWhiteside', 'JodieMeeks']
['DionWaiters']
