['CQ', 'ON', 'HB', 'JF', 'NG', 'PJ', 'HM', 'OM', 'NC', 'RE']
['QT', 'PD', 'PQ', 'IG', 'GF', 'J', 'PI', 'BO', 'DA', 'GU']
['QA', 'QP', 'IP', 'QI', 'QC', 'NK', 'C', 'MT', 'JY', 'KJ']
['SV', 'KP', 'BQ', 'NB', 'EX', 'MC', 'PB', 'CM', 'PE', 'FC']
['BS', 'IM', 'OO', 'CA', 'HY', 'DP', 'GP', 'MM', 'DM', 'CE']
['LO', 'RB', 'FV', 'IL', 'EM', 'CI', 'EV', 'Y', 'MD', 'PS']
['OU', 'GK', 'RF', 'OJ', 'SI', 'JL', 'PN', 'LE', 'BP', 'EQ']
['LW', 'QE', 'FB', 'CD', 'CV', 'SC', 'PR', 'RL', 'RI', 'CR']
['MU', 'D', 'QB', 'F', 'RX', 'OH', 'OK', 'NU', 'FP', 'N']
['IF', 'NA', 'EH', 'FN', 'JT', 'KW', 'RD', 'BY', 'NJ', 'BD']
['KY', 'GB', 'MH', 'CT', 'SH', 'LK', 'FE', 'OY', 'FM', 'RC']
['IH', 'RA', 'IX', 'GQ', 'PU', 'FZ', 'BR', 'NE', 'II', 'RO']
['O', 'HX', 'R', 'SF', 'OG', 'JA', 'PT', 'BB', 'MX', 'SM']
['MG', 'BV', 'ML', 'H', 'ES', 'LB', 'ED', 'KR', 'CU', 'DG']
['BX', 'MS', 'QV', 'MR', 'QL', 'RP', 'CW', 'LV', 'DK', 'KF']
['BJ', 'SD', 'HN', 'IS', 'NT', 'FX', 'NP', 'GR', 'LI', 'RK']
['IO', 'QX', 'EZ', 'KU', 'ID', 'FT', 'OE', 'T', 'GG', 'QK']
['CJ', 'S', 'TB', 'GA', 'NI', 'LC', 'CB', 'DH', 'FD', 'JK']
['DO', 'JG', 'KE', 'BN', 'QH', 'TA', 'EK', 'TC', 'IA', 'JB']
['LQ', 'EU', 'SW', 'GM', 'NZ', 'OI', 'HK', 'BC', 'OV', 'KZ']
['LS', 'GJ', 'BE', 'LN', 'DX', 'HG', 'DI', 'IR', 'SY', 'RM']
['Z', 'BH', 'CX', 'MV', 'SN', 'EW', 'G', 'IK', 'GC', 'IU']
['QQ', 'OX', 'L', 'FK', 'KT', 'BI', 'LG', 'BF', 'DF', 'B']
['P', 'CS', 'FY', 'JW', 'KH', 'DL', 'CP', 'HU', 'GE', 'EJ']
['K', 'MK', 'JM', 'SK', 'OT', 'RJ', 'M', 'JX', 'QJ', 'IW']
['GS', 'SL', 'LP', 'IC', 'PX', 'LD', 'I', 'PZ', 'BT', 'JJ']
['MW', 'ER', 'JP', 'FO', 'QD', 'NH', 'X', 'MN', 'OD', 'ME']
['PP', 'KV', 'OW', 'NN', 'KL', 'HL', 'OA', 'Q', 'PV', 'QM']
['RV', 'LY', 'TD', 'MI', 'EG', 'PM', 'KN', 'PG', 'NM', 'NW']
['LZ', 'OP', 'EP', 'A', 'DT', 'NQ', 'PA', 'CK', 'FL', 'DJ']
['GN', 'FQ', 'RH', 'SG', 'EC', 'FA', 'RN', 'KG', 'NL', 'MJ']
['HF', 'KM', 'QZ', 'ST', 'KC', 'PO', 'IE', 'EB', 'HI', 'IZ']
['HZ', 'FU', 'EO', 'PL', 'HV', 'JU', 'NX', 'EI', 'IB', 'GZ']
['HD', 'RZ', 'DS', 'SJ', 'DD', 'OQ', 'GX', 'OS', 'FH', 'ET']
['OC', 'BZ', 'JR', 'MY', 'SB', 'SP', 'QG', 'JI', 'LH', 'LT']
['PK', 'KB', 'QY', 'V', 'LX', 'GO', 'IN', 'NO', 'OZ', 'PH']
['EL', 'NV', 'KX', 'NY', 'TF', 'HE', 'EA', 'KS', 'DR', 'KI']
['QS', 'JD', 'CH', 'FS', 'SR', 'SO', 'DV', 'PC', 'MP', 'ND']
['HH', 'KK', 'JZ', 'NR', 'HT', 'SS', 'SX', 'CF', 'MF', 'HS']
['IQ', 'LM', 'PY', 'SU', 'IJ', 'EE', 'HO', 'HQ', 'SA', 'QF']
['FG', 'DN', 'JC', 'RW', 'CN', 'FR', 'QN', 'GL', 'MB', 'DB']
['LA', 'EF', 'RS', 'GD', 'QU', 'NS', 'DW', 'JE', 'SZ', 'DQ']
['PF', 'SE', 'DY', 'LF', 'OF', 'RG', 'QO', 'LL', 'TE', 'GI']
['BK', 'MQ', 'HJ', 'HC', 'OL', 'NF', 'HP', 'RR', 'LJ', 'JQ']
['BG', 'DZ', 'W', 'RY', 'BU']
['CZ']
['IT']
['FW']
['RU']
['JO']
['SQ']
['RQ']
['PW']
['CY']
['EY']
['HR']
['JV']
['IY']
['OB']
['FI']
['MZ']
['KD']
['KA']
['HW']
['FJ']
['U']
['GW']
['CL']
['JN']
['QW']
['KO']
['DC']
['JS']
['FF']
['BW']
['LR']
['DE']
['QR']
['EN']
['KQ']
['HA']
['RT']
['GY']
['GT']
['JH']
['DU']
['CO']
['E']
['IV']
['CG']
['OR']
['GH']
['BM']
['MO']
['BL']
['MA']
['GV']
['CC']
['BA']
['LU']
