['Kristina', 'Norma', 'Houston', 'Scotty', 'Dawn', 'Tracy', 'Esther']
['Debra', 'Shaun', 'Kim', 'Dorothy', 'Brittany', 'Joe', 'Irene']
['Richard', 'Latonya', 'Cheryl', 'Alonzo', 'Ladonna', 'Walter', 'Kenneth']
['Maybell', 'Chelsea', 'Anthony', 'Kathryne', 'Rocio', 'Austin', 'Melanie']
['Paul', 'Maureen', 'Salvatore', 'Josephine', 'Marta', 'Daniel', 'Patsy']
['Jonathan', 'Johnny', 'Fredrick', 'Dolores', 'Alan', 'Ernest', 'Wilbur']
['Bernard', 'Desiree', 'Lakesha', 'Jami', 'Benjamin', 'Claire', 'Katrina']
['Argentina', 'Mildred', 'Amanda', 'Joan', 'Alvin', 'Kyle', 'Bernadette']
['Matthew', 'Billie', 'Emerson', 'Stanley', 'Edward', 'Roberta', 'Victor']
['Isabelle', 'Albert', 'Milton', 'Dena', 'Marge', 'Louise', 'Emilee']
['Annie', 'Pauline', 'Shelly', 'Earl', 'Christine', 'Michael', 'Stacy']
['Randall', 'Antonietta', 'Craig', 'Jessie', 'Leigh', 'Harriet', 'Rick']
['Jane', 'Alice', 'Rachel', 'Corinne', 'Susan', 'Samuel', 'Louis']
['Lorena', 'Timothy', 'Vera', 'Beatriz', 'Maria', 'Jacqueline', 'Mireya']
['Lidia', 'Lena', 'Mei', 'Johnnie', 'Gregory', 'Nellie', 'Raymond']
['Ethel', 'Janet', 'Kenny', 'Jerome', 'Lela', 'Linda', 'Patrick']
['Carl', 'Mari', 'Evan', 'Jammie', 'Geraldine', 'Hildegard', 'Carlos']
['John', 'Robert', 'Steven', 'Ericka', 'Gene', 'Dewayne', 'Cynthia']
['Toni', 'Brandon', 'Patrice', 'Lisa', 'Donna', 'Carla', 'Angel']
['Kristen', 'Gary', 'Martin', 'Trenton', 'Kay', 'Johnathan', 'Dottie']
['Marybeth', 'Sally', 'Esta', 'Lester', 'Danielle', 'Harold', 'Lori']
['Barbra', 'Arthur', 'Carolyn', 'Nicholas', 'Robin', 'Eva', 'Ricardo']
['Regina', 'Anne', 'Casandra', 'Lorene', 'Andrea', 'Thomas', 'Aron']
['Cyndy', 'Megan', 'Cedric', 'Kurt', 'Paula', 'Marla', 'Fred']
['Ronald', 'Teresa', 'Weldon', 'Lauren', 'Sandra', 'Myra', 'Colin']
['Darryl', 'Phyllis', 'Arline', 'George', 'Cara', 'Edwin', 'Kelly']
['Randy', 'Ray', 'Christopher', 'Karen', 'Leo', 'Dan', 'Helen']
['Mary', 'Russel', 'Wade', 'Lucy', 'Steve', 'Tomas', 'Gail']
['Allen', 'Samantha', 'Carina', 'Maxine', 'Molly', 'Jeffery', 'Rod']
['Rebecca', 'Jeff', 'Chester', 'Gloria', 'Virginia', 'Manuel', 'Harry']
['Raquel', 'Tammy', 'Delia', 'Rory', 'Carroll', 'Larry', 'Doris']
['Melvin', 'Arturo', 'Hilton', 'Mitchell', 'Pat', 'Loretta', 'Bonita']
['Julius', 'Krista', 'Henry', 'Clifford', 'Tanya', 'Charles', 'Jayne']
['Joseph', 'Matilda', 'Michelle', 'Tabatha', 'Kathryn', 'Mario', 'Ruthie']
['Shirley', 'David', 'Jodi', 'Jewel', 'Martha', 'Derrick', 'James']
['Stephen', 'William', 'Guadalupe', 'Roy', 'Mae', 'Vicente', 'Elizabeth']
['Jonathon', 'Carol', 'Jewell', 'Patricia', 'Bernie', 'Lucia', 'Catherine']
['Rena', 'Virgie', 'Mavis', 'Julia', 'Sheila', 'Gerald', 'Sam']
['Ruth', 'Gordon', 'Marjorie', 'Wilfredo', 'Justine', 'Brenda', 'Laurie']
['Hugo', 'Bessie', 'Fletcher', 'Roger', 'Eduardo', 'Bernice', 'Jeffrey']
['Heather', 'Nancy', 'Jean', 'Brooks', 'Ralph', 'Grace', 'Tim']
['Hillary', 'Jasmine', 'Tom', 'Rhonda', 'Beverly', 'Lucille', 'Mark']
['Jason', 'Evelyn', 'Frank', 'Shante', 'Levi', 'Phillip', 'Chris']
['Zachary', 'Byron', 'Erik', 'Joyce', 'Felipe', 'Douglas', 'Ivan']
['Lottie', 'Bobby', 'Barry', 'Katherine', 'Erica', 'Andre', 'Damian']
['Carlton', 'Tonya', 'Marion', 'Katie', 'Anita', 'Alex', 'Ella']
['Peter', 'Ashley', 'Matt', 'Antoinette', 'Leola', 'Hector', 'Vickie']
['Alberta', 'Janice', 'Carole', 'Sarah', 'Merle', 'Kathleen', 'Tommie']
['Christian', 'Terry', 'Rafael', 'Devon', 'Deborah', 'Cameron', 'Hazel']
['Kristine', 'Marie', 'Fay', 'Darrin', 'Barbara', 'Laura', 'Curtis']
['Anna', 'Sheldon', 'Victoria', 'Betty', 'Gale', 'Adrian', 'Keith']
['Tommy', 'Gerard', 'Shawna', 'Jeanette', 'Lawrence', 'Eunice', 'Newton']
['Dwayne', 'Cleo', 'Frida', 'Horace', 'Gilbert', 'Cesar', 'Clara']
['Pamela', 'Brett', 'Harriett', 'Debbie', 'Kelvin', 'Justin', 'Marcus']
['Dennis', 'Bruce', 'Stephanie', 'Lexie', 'Lizzie', 'Todd', 'Vanessa']
['Emily', 'Isaac', 'Kelli', 'Roberto', 'Melony', 'Carrie', 'Joel']
['Oscar', 'Doretha', 'Noma', 'Daphne', 'Jerry', 'Beatrice', 'Joshua']
['Frances', 'Iris', 'Joy', 'Diane', 'Erma', 'Luis', 'Sara']
['Deandre', 'Sheryl', 'Lowell', 'Kimberly', 'Monica']
['Heidi']
['Quentin']
['Cathleen']
['Rueben']
['Carmen']
['Jessica']
['Sharon']
['Jennifer']
['Miriam']
['Wanda']
['Mona']
['Jeremy']
['Shane']
['Pearl']
['Antonio']
['Elvera']
['Vicky']
['Colleen']
['Clyde']
['Adam']
['Philip']
['Brian']
['Claudia']
['Renee']
['Cindy']
['Mamie']
['Tiara']
['Peggy']
['Lydia']
['Ted']
['Juan']
['Shawn']
['Reggie']
['Olive']
['Theresa']
['Aileen']
['Sulema']
['Crystal']
['Julie']
['Minnie']
['Ada']
['Blanche']
['Lillie']
['Josie']
['Charlotte']
['Maryann']
['Thelma']
['Eric']
['Porfirio']
['Abdul']
['Warren']
['Vance']
['Donald']
['Jim']
['Melissa']
['Lacey']
['Lorenzo']
['Christiana']
['Cheri']
['Nathaniel']
['Margaret']
['Judith']
['Gladys']
['Esperanza']
['Octavia']
