['242', '279', '61', '19', '253', '34']
['46', '234', '333', '47', '354', '154', '265', '48', '343', '221']
['93', '273', '21', '95', '323', '168', '314', '90', '131', '336', '356']
['76', '38', '147', '249', '86', '337', '203', '29', '260', '176', '183', '322', '65', '130', '191', '263']
['250', '222', '346', '220', '37', '120', '56', '27', '45', '264', '107', '121', '302', '313', '44', '17']
['359', '345', '305', '258', '167', '299', '89', '180', '315', '80', '114', '230', '87', '277', '318', '268']
['189', '140', '110', '339', '245', '358', '278', '134', '188', '355']
['232', '295', '35', '14', '41', '184', '117', '202', '261', '100', '146', '212', '335']
['294', '62', '282', '7', '275', '125', '92', '237', '166', '32', '214', '347', '39']
['293', '10', '85', '99', '284', '175', '307', '193', '365', '112', '326', '309', '233', '83', '30', '353']
['286', '111', '375', '257', '215', '291', '67', '53', '23', '235', '199']
['352', '338', '296', '96', '52', '54', '195', '139', '159', '174', '224', '24', '43']
['316', '84', '104', '126', '252', '283', '373', '223', '329', '298', '63', '227']
['287', '8', '49', '128', '231', '321', '243', '79', '331']
['251', '106', '332', '310', '153', '74', '368', '201', '304', '33', '292']
['26', '209', '208', '178', '28', '124', '148', '60']
['328', '40', '241', '64', '31', '219', '311', '71', '217']
['3', '36', '186', '15', '297', '300', '155', '254', '266', '18', '136', '317', '177', '240', '129']
['78', '162', '206', '113', '116', '73', '81', '144', '324', '211', '204', '370', '143', '105', '192']
['165', '197', '364', '229', '256', '238', '4', '185', '272', '135', '25', '161', '132']
['271', '164', '320', '9', '190', '194', '327', '55', '141', '369', '115', '361', '42', '127']
['269', '150', '119', '158', '216', '108', '363', '198', '69', '225']
['172', '319', '267', '330', '137']
['187', '289', '70', '360', '367', '1', '248', '11', '247', '58', '348', '102']
['142', '59', '163', '118', '357']
['239', '88', '340', '13', '98', '205', '301', '276', '344', '270', '5', '101', '171', '236', '213', '244']
['109', '170', '290', '6', '169', '123', '157', '349']
['308', '2', '149', '366', '182', '68', '122', '77', '75', '16', '371', '103']
['22', '20', '72', '138', '262', '156', '259', '228', '285', '151']
['362', '312', '181', '288', '179', '207', '210', '152', '350', '255', '306', '274', '51', '196', '94', '97']
['374', '218', '200', '133', '246', '351', '303', '50', '325', '334', '82', '57', '226']
['91', '66', '173', '280', '160', '12', '281', '145', '372', '341', '342']
