['Killua56', 'Killua28', 'Killua63', 'Killua79', 'Killua86', 'Killua101', 'Killua168', 'Killua170', 'Killua226', 'Killua233', 'Killua288', 'Killua301', 'Killua305', 'Killua322', 'Killua102', 'Killua280']
['Killua138', 'Killua1', 'Killua6', 'Killua21', 'Killua29', 'Killua55', 'Killua60', 'Killua88', 'Killua89', 'Killua107', 'Killua128', 'Killua142', 'Killua189', 'Killua196', 'Killua211', 'Killua229', 'Killua230', 'Killua244', 'Killua247', 'Killua283', 'Killua309', 'Killua354']
['Killua157', 'Killua12', 'Killua17', 'Killua22', 'Killua53', 'Killua67', 'Killua121', 'Killua131', 'Killua141', 'Killua159', 'Killua161', 'Killua164', 'Killua193', 'Killua257', 'Killua266', 'Killua267', 'Killua286', 'Killua287', 'Killua306', 'Killua308', 'Killua324', 'Killua329', 'Killua346', 'Killua350', 'Killua357', 'Killua392', 'Killua396']
['Killua123', 'Killua24', 'Killua27', 'Killua61', 'Killua64', 'Killua137', 'Killua171', 'Killua176', 'Killua192', 'Killua217', 'Killua225', 'Killua227', 'Killua339', 'Killua343', 'Killua370', 'Killua377', 'Killua382', 'Killua384', 'Killua387', 'Killua397']
['Killua210', 'Killua104', 'Killua109', 'Killua111', 'Killua113', 'Killua114', 'Killua117', 'Killua124', 'Killua144', 'Killua148', 'Killua154', 'Killua163', 'Killua167', 'Killua173', 'Killua184', 'Killua206', 'Killua221', 'Killua222', 'Killua224', 'Killua236', 'Killua256', 'Killua270', 'Killua293', 'Killua296', 'Killua347', 'Killua352', 'Killua362', 'Killua380', 'Killua394']
['Killua125', 'Killua33', 'Killua42', 'Killua59', 'Killua65', 'Killua80', 'Killua99', 'Killua135', 'Killua150', 'Killua158', 'Killua190', 'Killua220', 'Killua273', 'Killua277', 'Killua282', 'Killua315', 'Killua318', 'Killua323', 'Killua325', 'Killua363', 'Killua364']
['Killua312', 'Killua4', 'Killua10', 'Killua70', 'Killua200', 'Killua213', 'Killua249', 'Killua252', 'Killua260', 'Killua290', 'Killua295', 'Killua304', 'Killua310', 'Killua331', 'Killua332', 'Killua349', 'Killua356', 'Killua376']
['Killua36', 'Killua49', 'Killua50', 'Killua71', 'Killua165', 'Killua183', 'Killua194', 'Killua195', 'Killua218', 'Killua232', 'Killua235', 'Killua237', 'Killua255', 'Killua264', 'Killua268', 'Killua278', 'Killua316', 'Killua333', 'Killua334', 'Killua371', 'Killua386', 'Killua398']
['Killua359', 'Killua8', 'Killua30', 'Killua52', 'Killua91', 'Killua93', 'Killua139', 'Killua145', 'Killua149', 'Killua186', 'Killua187', 'Killua191', 'Killua231', 'Killua250', 'Killua263', 'Killua269', 'Killua311', 'Killua348', 'Killua367', 'Killua372']
['Killua19', 'Killua0', 'Killua20', 'Killua35', 'Killua38', 'Killua106', 'Killua110', 'Killua136', 'Killua215', 'Killua314', 'Killua336', 'Killua351', 'Killua358', 'Killua369', 'Killua373']
['Killua272', 'Killua13', 'Killua37', 'Killua54', 'Killua95', 'Killua103', 'Killua118', 'Killua134', 'Killua155', 'Killua156', 'Killua166', 'Killua174', 'Killua182', 'Killua203', 'Killua205', 'Killua238', 'Killua246', 'Killua251', 'Killua254', 'Killua279', 'Killua313', 'Killua368', 'Killua378', 'Killua381', 'Killua390']
['Killua317', 'Killua3', 'Killua7', 'Killua84', 'Killua87', 'Killua152', 'Killua175', 'Killua204', 'Killua242', 'Killua289', 'Killua321']
['Killua127', 'Killua31', 'Killua34', 'Killua46', 'Killua66', 'Killua72', 'Killua85', 'Killua122', 'Killua146', 'Killua147', 'Killua151', 'Killua180', 'Killua216', 'Killua234', 'Killua239', 'Killua241', 'Killua275', 'Killua303', 'Killua319', 'Killua379', 'Killua391', 'Killua393', 'Killua395']
['Killua201', 'Killua5', 'Killua75', 'Killua119', 'Killua143', 'Killua153', 'Killua162', 'Killua179', 'Killua188', 'Killua253', 'Killua265', 'Killua341', 'Killua361']
['Killua40', 'Killua9', 'Killua11', 'Killua41', 'Killua44', 'Killua73', 'Killua81', 'Killua100', 'Killua129', 'Killua177', 'Killua181', 'Killua197', 'Killua207', 'Killua262', 'Killua284', 'Killua297', 'Killua360', 'Killua366']
['Killua140', 'Killua16', 'Killua26', 'Killua39', 'Killua62', 'Killua69', 'Killua108', 'Killua132', 'Killua133', 'Killua228', 'Killua240', 'Killua248', 'Killua294', 'Killua298', 'Killua327', 'Killua340', 'Killua342', 'Killua375', 'Killua389']
['Killua330', 'Killua2', 'Killua14', 'Killua23', 'Killua43', 'Killua45', 'Killua76', 'Killua92', 'Killua97', 'Killua112', 'Killua115', 'Killua116', 'Killua130', 'Killua172', 'Killua214', 'Killua223', 'Killua258', 'Killua259', 'Killua271', 'Killua326', 'Killua344', 'Killua353', 'Killua365', 'Killua388']
['Killua57', 'Killua15', 'Killua47', 'Killua58', 'Killua83', 'Killua98', 'Killua126', 'Killua160', 'Killua169', 'Killua185', 'Killua202', 'Killua261', 'Killua300', 'Killua335', 'Killua383', 'Killua399']
['Killua320', 'Killua18', 'Killua25', 'Killua48', 'Killua51', 'Killua68', 'Killua78', 'Killua90', 'Killua94', 'Killua105', 'Killua120', 'Killua219', 'Killua243', 'Killua245', 'Killua274', 'Killua276', 'Killua302', 'Killua307', 'Killua328', 'Killua385']
['Killua338', 'Killua32', 'Killua74', 'Killua77', 'Killua82', 'Killua96', 'Killua178', 'Killua198', 'Killua199', 'Killua208', 'Killua209', 'Killua212', 'Killua281', 'Killua285', 'Killua291', 'Killua292', 'Killua299', 'Killua337', 'Killua345', 'Killua355', 'Killua374']
