['87', '1', '26', '47', '83', '89', '146', '82']
['40', '45', '86', '138', '162', '167', '194', '218', '233']
['59', '65', '75', '108', '155', '215', '223', '226']
['43', '64', '72', '105']
['196', '73', '116']
['220', '16', '55', '151', '193']
['139', '57', '143', '182']
['67', '107', '150', '171', '177', '236']
['92', '23', '36', '70', '80', '169', '201']
['227', '37', '41', '93', '101', '141', '247']
['39', '106', '140', '149', '217', '229', '231']
['127', '77', '84', '95', '130', '156', '160', '191']
['133', '15', '56', '85', '125', '165', '195', '232', '239', '243']
['71', '120', '204']
['44', '7', '132', '148', '176', '179', '186']
['248', '25', '31', '51', '78', '79', '129', '183', '230']
['117', '61', '134', '137', '163', '228']
['135', '8', '202', '210']
['184', '159']
['112', '136', '199']
['249', '2', '54', '94', '180', '224']
['188', '0', '10', '99', '145']
['76', '46', '90', '119', '219']
['42', '29', '69', '88', '211', '238']
['21', '122', '174']
['168', '3', '11', '20', '30', '38', '60', '102', '225', '235']
['12', '34', '62', '142', '207', '209']
['19', '13', '66', '115', '124', '126', '161']
['113', '5', '63', '68', '181']
['114', '50', '152', '153', '172', '197', '216', '242']
['35', '9', '118', '147', '164', '170', '212', '241']
['173', '18', '28', '74', '81', '123', '128', '198', '208']
['22', '48', '98', '157', '213', '221', '237', '246']
['187', '33', '200', '203', '222']
['244', '24', '58', '111', '205']
['190', '131', '144']
['104', '17', '110', '178', '189', '206', '245']
['214', '4', '14', '53', '96', '109', '121', '175', '240']
['234', '32', '103', '158', '166', '192']
['154', '6', '27', '49', '52', '91', '97', '100', '185']
