['80', '1', '2', '102', '144', '149', '180', '214', '218', '239', '249']
['60', '4', '49', '73', '78', '129', '151', '192']
['115', '10', '11', '106', '116', '138', '160', '176', '204']
['172', '22', '23', '45', '48', '51', '66', '67', '95', '163', '241']
['63', '5', '12', '68', '70', '74', '107', '158', '193', '236']
['240', '24', '121', '141', '189', '191', '203', '228']
['84', '26', '44', '52', '59', '72', '135', '152', '162', '181']
['93', '82', '108', '120', '127', '154', '177', '179', '183', '195', '216']
['30', '8', '88', '89', '92', '99', '111', '175', '188', '194', '231']
['124', '50', '61', '64', '114', '143', '145', '156', '168', '210']
['197', '47', '98', '199', '223', '230', '234']
['137', '16', '39', '58', '87', '147', '166', '171', '208', '211']
['62', '6', '38', '42', '53', '83', '100', '122', '134', '140', '157', '182', '186', '209', '222']
['246', '41', '55', '79', '96', '123', '125', '139', '169', '213']
['131', '9', '20', '81', '94', '110', '164', '170', '202', '229', '242']
['117', '3', '14', '29', '34', '69', '101', '109', '130', '159', '207', '250']
['155', '32', '36', '113', '133', '142', '173', '185', '243']
['226', '57', '150', '167', '174', '200', '206', '215', '225', '238']
['161', '19', '85', '103', '112', '119', '128']
['237', '15', '17', '28', '31', '40', '54', '86', '97', '232', '235', '244', '245']
['90', '21', '43', '65', '76', '118', '198', '212']
['46', '25', '33', '35', '37', '91', '165', '184', '190', '196', '205', '220', '224']
['219', '7', '75', '105', '132', '146', '153', '201', '227']
['178', '104', '148', '221', '233', '248']
['136', '13', '18', '27', '56', '71', '77', '126', '187', '217', '247']
