['D78532', '83ACF7', '316244', 'DF44F5', 'F85131', 'DBDDB5', '4AE7C7', 'F2B7FD', '49EEB4', '24A4D1', 'D8849E', 'C3678B', '6EEE66', '593840', '1E571E', 'CC4384', '2E4B9D', 'E46F9E', '81A856', '30EA83']
['A89402', '82B105', 'F61AD7', '8ECA84', 'C748A2', '30C157', '2D56C1', 'B56D74', 'CD5322', '2C02B7', '1986A0', 'D98FB6', '56B4C2', '177A03', 'F448AE', 'EF37A6', 'AC34B5', '92C42A', 'B00B7F', '2BEC39']
['C60FE7', '9B09E5', 'B32674', '09FFA6', '77B9A5', '99392B', '113E1F', 'D9180C', '7FE1F2', '31C6A3', '52FB79', '0A3E48', '29BFBC', '4C1D36', '97D861', 'F4EDF8', '8883AC', 'D6F426', '8AC55C', '369765']
['E479C8', '89372A', '78E144', '929578', '0CFFC9', 'EB9D60', '026256', '49EB71', 'A911EF', '54C37C', 'AF83FA', '4EBF50', '380FF7', 'D0E36A', '608F21', '823C51', 'E1A380', '478A7C', '2819EE', 'EE9200']
['B0F05D', '05473A', 'BCD2F5', 'B2CB4D', '4BD8B1', '83752D', '51197D', '628552', '89A551', '747199', '8BEC15', '73F93C', '4E8355', '770A4C', '0E6FA7', '8E8C76', '66C38E', '415552', '85CFC7', 'CE0D10']
['2D4D61', 'C07CCC', '0264AF', '93D432', '1D39ED', 'F545E1', '6833E8', '3D830C', 'EED7BB', '219F75', '7B325B', '4AC817', 'C9EF6D', '3F75A9', '7CC3A7', '5B4152', 'F28C7F', 'CB5EDA', '8D43AD', '71AE93']
['A4FCD1', '33ABEE', '60B803', '923B8C', 'F9011B', 'D8A834', '160ED4', '7848BA', '4BBAFA', '601CA7', 'D2F8E5', '58ED2B', '882258', 'F9EB1F', '39CAB7', '1F4650', '7B306C', 'B0C2D3', '2961DB', '0FE5DD']
['D2EB79', '88E0AE', 'E3583F', 'DBF47C', '9BAC71', '9DF876', '15AA36', '76131B', '846154', 'FD1DAC', 'CBE0EA', 'CED5FC', '6D4DDC', '03B42D', '28CCA5', 'F32B0B', 'DE6241', 'E2701A', '0525B9', '3EF396']
['865328', '1D9893', '398310', '2B3DD7', 'EB7E6A', '035E05', '09944C', '552199', '3A0D10', '55B952', '8DF985', '1A770B', '5A5DE8', '25B295', 'D79D49', '6D4C8F', '920715', '9FCB42', '31B17E', '34E9FE']
['1330B3', 'C2A74D', '5C5B8D', 'EB3718', '511040', 'BB9072', 'B2C27D', '1866E0', '244528', '206150', '14A3E7', '1350AD', 'B38307', '40C7FF', '1DD8D0', 'F7F9CB', '593AF4', 'EB90EE', 'C69699', 'B4BD91']
['5E4F6B', '43FE78', '9D8AD8', '605983', '26DB4C', 'F33ACF', '82BD08', 'E9F19A', 'B78EF9', '9C4CA5', '7C8A3D', '5A681E', '4FCF52', '5E2607', '503A55', '8806E7', 'B166D1', '2F46CD', 'C4882F', '80F9BC']
['1D0C35', '5C016B', 'C96CD6', '364B78', 'B6ACFC', '1656DC', '3B6837', 'D2BDB6', 'E277CB', '068D28', 'EFBA0C', '7FADE3', '718436', 'FC75E7', 'E15D93', 'C5416A', 'E4C3BA', '81DA52', '3E6399', '6E7E64']
['E191B0', '5332A9', '5BC875', '43F505', '3D4600', '90E78E', 'D50881', '420711', '81E0FA', '6AFCAC', '77042F', 'BE3703', 'A03FB7', '5D5C76', '893D61', '1CAAAC', 'CA893B', 'FCD63D', '4A32EA', 'A1D29E']
['FD33F7', '73271F', '41AFC9', '3963FC', '71AC6D', '66F8EA', '42EE34', '1C3933', 'F4C13E', 'F3EDD7', 'B6FA16', 'FE7E47', '52BFE5', 'C0EA59', '87EE7F', 'EC2626', '0B99EF', 'A4EAD9', '8EC8D8', '2D2248']
['98B1CA', '7647CD', '0C3AFF', '26B294', '2DE42A', 'DCB902', '18D668', '5ADC6D', '4BC7D0', '468F31', '77EB41', 'C0A19A', 'FCB503', 'C19610', '19EFAF', 'C54164', '400D20', 'AB96B9', '5248A9', '2E6B38']
['88FFF8', '62BC31', 'F13455', 'FB3B86', 'F8B91A', 'A34095', '2EDC82', 'DDB7C8', '38EA17', '848C87', 'D8492F', '5D4F2F', '04279E', '69FD70', '8FF839', '539972', 'D83AF7', 'E93252', '29D22B', 'C34593']
['6C1A62', '696B37', 'E7EFA5', '2B8F4B', 'B2A692', '7C730C', '8254EB', '3E7F60', 'E77DD8', 'D0E5BE', 'B13536', '9ABAFB', '98497D', '414B77', '255208', '935873', '940AC5', '118FE2', 'CC08F5', '1D216B']
['037831', 'B49939', '38515C', '20C0D0', 'E4F6EF', '26DA83', '1F6554', 'D363AB', '01E026', 'B4257C', '72D023', 'E0044F', '1743CD', 'DDA295', 'E8A38A', '9C4F00', '47063A', '5C91EE', 'D78522', '36FCBF']
['5451FF', '0231A4', '052CC7', 'A0DDCD', '6BF4D3', '739ABF', '78DB65', '57FCD8', '565E46', '75002A', '2B8E0B', '0AFD91', '5BEDDF', 'B85F11', 'F1B367', '5F88E7', '09CFE9', 'EC35B5', '917501', '31B801']
['3CB50A', 'D65E29', 'BA7ED0', 'FFD642', 'F37211', '94C20E', '1FBE40', 'B8B01F', '7AADBC', '6DCBC8', 'D883C0', 'D31361', 'FBB00D', '0C4437', '95F017', 'D049CD', 'FAB638', 'E33128', '6C3CD5', '4430C2']
['DF5F9C', 'FF3177', '8963E1', 'BE5B1D', '992AEE', '7F8E1D', '463E2C', '189812', 'A5F27A', '292CB3', '5AF312', 'FECCAB', 'ABE83F', 'E81232', '66B93A', '9CE56C', 'CC66B0', 'A4F4BB', '943005', 'EDB261']
['3D046E', '45CE10', '9D6554', '7334F9', '2F584A', '26C6B9', '18AEFC', '4C0FCD', '34ACF3', 'D324E7', 'FBF275', '029563', '82F466', 'EEF23E', 'DFE9C6', '0E78AA', 'DB6CBF', 'AAAF0B', '1E0B30', '66547C']
['C8F1A7', '22394B', '5ABFA9', '1D4417', '10BBE1', '3228BB', '6246E1', '2215AE', 'B2C529', 'E1B665', '326662', '0FC6EE', 'E492E0', '833C34', 'F1DB81', '187923', '8F75EC', '29267F', 'C1CAB9', '4D74EB']
['6C5208', 'D6DD9E', 'BB986B', '99E133', '1600AD', '9C5DCF', 'BC38A8', 'CC9A13', '3235BA', '9923B4', '0AC7A0', '94AED5', '7D4045', '81A0D3', '672145', '00C269', 'CD374A', '5C4F81', '6E3DED', '35DA72']
['1D528C', '9330C0', '273165', '4DBE20', '05F2DC', '5A3E90', '099A40', '00CD58', 'BA6187', '5C0D69', '1B06C5', '861E09', '9C0B9D', '3FAE1E', '0D6A28', 'E8C5B8', '75C017', '46371B', '74ADA7', 'AD6105']
