['177', '13', '23', '33', '178', '219', '222', '223', '242', '84', '103', '114', '150', '165', '224', '241']
['145', '75', '96', '125', '129', '171', '175', '184', '197', '221']
['66', '1', '9', '62', '79', '87', '112', '128', '138', '158', '208', '227', '229', '248']
['123', '26', '53', '88', '101', '122', '160', '162', '173', '189', '198', '212']
['218', '28', '31', '50', '55', '67', '93', '143', '163', '188', '247']
['57', '10', '30', '43', '45', '49', '65', '81', '89', '91', '107', '116', '144', '185', '191']
['3', '32', '35', '72', '77', '102', '105', '119', '169', '172', '202', '203', '207', '220']
['196', '17', '46', '69', '95', '111', '130', '134', '140', '170', '186', '192', '225', '237']
['8', '14', '19', '61', '104', '106', '109', '124', '131', '151', '179', '199', '201', '235']
['34', '16', '58', '94', '120', '127', '157', '164', '182', '190', '193', '217', '239']
['15', '40', '41', '92', '149', '161', '204', '244', '245']
['20', '27', '98', '141', '146', '155', '200', '232', '233', '238']
['209', '12', '18', '21', '22', '29', '71', '83', '110', '133', '137', '152', '153', '156', '166', '174', '243']
['135', '24', '59', '73', '74', '194', '213', '64']
['214', '0', '39', '47', '48', '52', '68', '108', '117', '118', '121', '126', '154', '167', '187', '210', '246']
['76', '36', '60', '70', '99', '148', '159', '176', '211', '226', '230']
['132', '11', '37', '113', '115', '136', '139', '183', '215', '234', '236']
['228', '2', '4', '5', '42', '51', '54', '78', '82', '90', '100', '142', '168', '231']
['181', '7', '25', '56', '63', '86', '147', '180', '205', '206', '216', '249']
['6', '38', '44', '80', '85', '97', '195', '240']
