['14', '95', '161', '214', '216', '258', '259', '430', '479']
['121', '2', '22', '60', '103', '225', '226', '268', '326', '361', '404']
['321', '26', '104', '212', '293', '393', '412', '494']
['91', '29', '157', '325', '352', '439', '469', '474', '484', '485', '488', '496']
['133', '35', '159', '202', '335', '336', '366', '382', '422', '423', '498']
['112', '12', '19', '48', '57', '134', '275', '280', '306', '364', '396', '450']
['294', '1', '3', '15', '89', '108', '167', '197', '270', '319', '353', '377']
['264', '36', '46', '94', '128', '139', '182', '245', '310', '328', '342', '403']
['241', '6', '105', '234', '277', '308', '346', '362', '437', '448']
['145', '99', '113', '138', '210', '287', '357', '370', '409', '460', '464', '482']
['179', '45', '50', '72', '96', '125', '144', '163', '207', '221', '278', '289']
['223', '63', '68', '184', '205', '351', '381', '413', '424', '451', '454', '476']
['32', '27', '51', '93', '255', '298', '303', '374', '459', '473', '489']
['438', '53', '118', '262', '263', '281', '332', '373', '385', '418', '426', '477']
['468', '175', '186', '209', '236', '250', '324', '339', '368', '432', '435', '442']
['219', '4', '11', '44', '79', '84', '120', '132', '266', '288', '292', '417']
['213', '17', '109', '168', '316', '360', '387', '399', '453', '466', '483']
['313', '0', '47', '137', '238', '239', '302', '315', '395', '407', '455', '480']
['150', '80', '107', '146', '217', '252', '305', '390', '497']
['425', '54', '75', '92', '320', '383', '406', '429']
['100', '9', '65', '83', '87', '111', '196', '204', '296', '317', '338', '349']
['415', '25', '33', '77', '160', '211', '218', '249', '273', '369', '405', '449']
['43', '7', '8', '69', '116', '227', '269', '284', '307', '327', '333', '375']
['242', '55', '170', '232', '253', '386', '391', '457', '486']
['59', '153', '166', '174', '178', '190', '267', '322', '356', '363', '371', '379']
['177', '71', '98', '127', '193', '199', '203', '297', '314', '334', '340', '440']
['10', '62', '66', '126', '135', '142', '233', '365', '458', '490', '491', '495']
['42', '58', '101', '149', '151', '154', '173', '257', '330', '344', '384', '436']
['408', '73', '74', '222', '301', '392', '414', '443', '447', '456', '470', '478']
['41', '23', '31', '85', '141', '176', '230', '237', '272', '389', '411', '419']
['122', '78', '172', '188', '189', '300', '347', '378', '398', '441', '472']
['20', '82', '106', '123', '247', '271', '295', '433', '444', '446', '462', '467']
['70', '64', '88', '171', '194', '231', '240', '244', '276', '285', '323', '355']
['345', '37', '39', '130', '206', '337', '343', '358', '465', '492']
['5', '16', '18', '21', '131', '140', '158', '260', '265', '299', '397', '402']
['164', '30', '114', '191', '282', '331', '376', '380', '416', '420', '452', '463']
['61', '13', '52', '67', '102', '110', '129', '148', '181', '187', '198', '311']
['290', '56', '81', '86', '90', '192', '200', '248', '279', '318', '359', '461']
['283', '34', '97', '156', '185', '195', '208', '251', '274', '434', '481', '487']
['261', '38', '40', '115', '119', '136', '143', '165', '169', '180', '224', '235']
['493', '201', '309', '372', '421', '431', '471']
['475', '76', '152', '155', '162', '220', '254', '341', '348', '350']
['228', '49', '124', '304', '354', '388', '401', '427']
['445', '147', '256', '312', '329', '367', '400', '410', '428', '499']
['117', '24', '28', '183', '215', '229', '243', '246', '286', '291', '394']
