['41', '54', '85', '109', '196', '212', '246', '249', '269', '287', '289', '292', '193']
['59', '27', '96', '284', '291']
['141', '0', '18', '31', '39', '73', '90', '138', '162', '185', '224', '251', '281', '304']
['97', '21', '24', '36', '37', '71', '101', '103', '169', '242']
['208', '1', '9', '10', '75', '82', '107', '179', '260']
['296', '11', '42', '63', '79', '152', '164', '172', '181', '184', '268', '299', '302']
['227', '60', '94', '151', '205', '219']
['110', '7', '19', '32', '156', '229', '243', '263', '272', '293']
['176', '30', '48', '80', '122', '145', '230', '274', '282']
['99', '25', '28', '95', '119', '121', '259', '306']
['248', '6', '20', '49', '57', '105', '165', '189', '197', '201', '221', '222', '225', '273']
['66', '2', '4', '38', '160', '174', '217']
['264', '64', '118', '136', '276']
['157', '33', '74', '106', '112', '131', '142', '143', '168', '182', '183', '232', '257', '262']
['254', '13', '70', '86', '114', '137', '149', '166', '200', '210', '216', '258', '277', '294', '307']
['81', '46', '47', '91', '161', '173', '191', '195', '267', '295', '300', '303']
['199', '15', '98', '125', '130', '150', '154', '223']
['305', '14', '35', '45', '62', '76', '93', '159', '233']
['40', '3', '26', '68', '113', '128', '253', '298']
['286', '8', '34', '83', '115', '116', '135', '167', '202', '214', '247']
['78', '12', '29', '43', '52', '132', '180', '203', '228', '234', '236', '239', '241', '271', '285', '290']
['147', '51', '87', '102', '126', '144', '158', '190', '266']
['280', '17', '67', '89', '104', '108', '120', '123', '148', '211', '215', '240', '250', '283']
['192', '77', '127', '134', '140', '170', '171', '187', '188', '204', '218', '220', '244', '261', '275']
['146', '84', '117', '139', '194', '213', '237', '288', '297']
['207', '92', '153', '231', '235', '245', '265', '301']
['124', '22', '100', '175', '177', '178', '206']
['53', '5', '16', '23', '58', '61', '65', '72', '88', '111', '129', '133', '155', '186', '198', '209', '252', '255', '256', '279']
['270', '44', '50', '55', '56', '69', '163', '226', '238', '278']
