['101', '11', '21', '39', '85', '90', '120', '130', '211', '311', '323', '399', '405', '409', '414', '451', '471', '481', '489', '490', '491']
['364', '35', '59', '92', '106', '138', '139', '162', '167', '168', '172', '175', '201', '230', '277', '287', '290', '346', '360', '365', '373', '379', '390', '395', '403', '413', '415', '419', '432', '435']
['225', '24', '60', '115', '137', '190', '213', '227', '247', '258', '278', '280', '302', '331', '333', '420', '425', '442', '454']
['445', '22', '23', '29', '47', '72', '80', '89', '109', '133', '141', '156', '179', '212', '222', '264', '267', '283', '317', '329', '351', '353', '386', '452', '457', '465', '467', '469', '478', '486']
['186', '3', '77', '129', '149', '184', '243', '270', '297', '304', '334', '370', '374', '446', '474', '483', '492', '499']
['291', '5', '15', '40', '46', '51', '58', '99', '107', '108', '132', '210', '244', '263', '281', '313', '356', '359', '368', '394', '412', '429', '463', '479', '493']
['245', '26', '27', '53', '151', '164', '182', '188', '200', '202', '216', '226', '252', '255', '305', '340', '363', '366', '384', '385', '406', '408', '427', '437', '439', '441', '462']
['292', '2', '10', '13', '14', '16', '62', '75', '81', '86', '102', '121', '127', '160', '171', '183', '187', '198', '237', '239', '253', '254', '257', '289', '343', '357', '377', '381', '382', '383']
['472', '1', '31', '33', '42', '55', '97', '103', '113', '163', '178', '214', '235', '241', '248', '251', '265', '303', '318', '320', '332', '342', '378', '411', '436', '447', '476', '485']
['453', '57', '83', '110', '124', '134', '140', '166', '180', '189', '242', '284', '293', '301', '335', '344', '349', '388', '470', '480']
['146', '8', '20', '30', '32', '79', '111', '117', '122', '125', '153', '155', '217', '223', '308', '319', '330', '345', '352', '369', '389', '398', '422', '444']
['6', '4', '36', '67', '93', '94', '114', '165', '185', '194', '204', '234', '268', '273', '288', '299', '371', '375', '455', '464', '497']
['70', '17', '43', '48', '76', '78', '128', '143', '152', '170', '176', '205', '260', '272', '286', '295', '315', '339', '387', '402', '416', '428', '433', '488', '494']
['95', '19', '25', '65', '66', '71', '88', '118', '136', '148', '191', '193', '199', '203', '218', '221', '228', '232', '300', '309', '324', '367', '393', '417', '423', '450', '456', '460']
['314', '38', '50', '54', '82', '87', '119', '123', '135', '150', '161', '195', '196', '197', '206', '231', '240', '250', '274', '279', '282', '306', '325', '358', '426', '495', '496']
['296', '56', '64', '91', '98', '158', '177', '181', '192', '207', '208', '219', '238', '249', '376', '380', '392', '407', '418', '458', '461', '466', '487', '498']
['401', '18', '28', '74', '104', '147', '159', '169', '229', '233', '259', '276', '298', '316', '328', '341', '350', '354', '361', '372', '397', '410', '430', '434', '438', '448', '475']
['443', '9', '34', '37', '41', '45', '61', '63', '68', '96', '100', '126', '131', '145', '209', '236', '256', '307', '322', '326', '327', '338', '347', '404', '421', '424', '449', '459', '477', '482']
['468', '7', '12', '44', '49', '52', '69', '84', '105', '112', '116', '144', '154', '157', '174', '220', '224', '246', '261', '271', '275', '285', '310', '321', '348', '355', '362', '391', '431', '440']
['73', '0', '142', '173', '215', '262', '266', '269', '294', '312', '336', '337', '396', '400', '473', '484']
