['179', '85', '120', '150', '165', '169', '178', '261', '278', '302', '301', '138']
['274', '72', '82', '103', '107', '140', '145', '171', '175']
['46', '11', '30', '47', '94', '95', '105', '139', '167', '183', '246', '248', '307']
['182', '40', '44', '126', '235', '267', '277']
['144', '17', '79', '205', '237', '262', '296']
['137', '51', '70', '176', '236']
['180', '5', '41', '89', '111', '153', '215', '220', '229', '241', '254', '280', '281', '291']
['155', '23', '48', '132', '159', '168', '195', '207', '210', '216', '233', '255', '279', '287']
['190', '31', '35', '37', '116', '122', '142', '160', '174', '197', '219', '270']
['177', '32', '34', '57', '63', '99', '154', '172', '244', '264']
['49', '19', '39', '52', '106', '203', '212', '227', '230', '242', '249', '253']
['285', '43', '59', '61', '73', '90', '110', '114', '115', '127', '135', '228', '298', '308']
['102', '20', '22', '208', '234']
['108', '55', '81', '130', '147', '151', '156', '166', '192', '231', '263', '272', '276', '299']
['157', '38', '67', '84', '87', '129', '152', '173', '202', '213', '221', '271', '289']
['71', '18', '83', '113', '123', '134', '143', '149', '162', '223', '225', '239', '284']
['224', '28', '54', '66', '77', '86', '148', '161', '268', '306']
['257', '13', '131', '188', '283']
['300', '4', '170', '181', '238', '252', '292', '294', '309']
['62', '8', '24', '29', '75', '76', '117', '119', '187', '198']
['133', '80', '100', '128', '193', '196', '243', '258', '288']
['200', '50', '101', '158', '209', '218', '240', '295', '303', '304']
['91', '21', '53', '92']
['121', '3', '42', '68', '96', '118', '136', '186', '189', '266', '275', '305']
['265', '1', '65', '74', '141', '226', '245', '250', '256', '269', '286']
['297', '247']
['124', '6', '7', '16', '25', '56', '98', '146', '163', '185', '251', '282']
['88', '2', '12', '69', '194', '260', '290']
['217', '36', '125', '184', '191', '199', '201', '206', '293']
['164', '10', '15', '33', '204', '211', '214', '232', '259', '273']
['222', '0', '9', '14', '26', '27', '45', '58', '60', '64', '78', '93', '97', '104', '109', '112']
