['193', '24', '49', '123', '130', '179', '276', '394', '400', '454']
['271', '64', '115', '180', '273', '303', '314', '333', '245', '54']
['443', '62', '199', '317', '323', '349', '383', '391', '424', '480']
['346', '124', '174', '191', '211', '430', '156', '200', '85', '127']
['166', '158', '222', '338', '398', '411', '462', '478', '98', '138']
['496', '57', '144', '344', '489', '292', '325']
['450', '159', '226', '395', '437', '481', '247']
['382', '67', '140', '162', '228', '244', '311']
['219', '80', '186', '189', '227', '256', '429']
['2', '18', '63', '72', '82', '279', '312', '315', '386', '479']
['19', '177', '282', '310', '326', '357', '417', '495']
['280', '71', '147', '339', '405']
['242', '12', '249', '263', '284', '305', '419']
['168', '58', '83', '109', '157', '215', '269']
['201', '169', '187', '258', '307', '334', '375', '465']
['476', '44', '134', '207', '277', '364', '380', '464', '475']
['238', '46', '202', '232', '289', '299', '304', '329', '486', '497']
['141', '167', '172', '221']
['14', '161', '253', '274', '374', '379', '385', '468']
['461', '10', '43', '143', '164', '176', '212', '427']
['266', '29', '68', '69', '75', '84', '93', '121', '149', '404']
['440', '214', '262', '265', '445', '499']
['122', '23', '76', '220', '397']
['416', '32', '39', '48', '102', '111', '373', '431']
['285', '6', '34', '131', '204', '218', '319', '360', '469']
['457', '1', '181', '358', '438', '498']
['332', '99', '150', '192', '370']
['128', '70', '126', '301', '399', '418', '423', '436']
['205', '108', '132', '196', '206', '291', '428', '442']
['171', '20', '86', '224', '237', '251', '348', '351', '396', '466']
['51', '16', '59', '104', '148', '208', '246', '328', '500']
['287', '42', '137', '407', '490']
['114', '50', '55', '92', '223', '255', '260', '309', '322', '365']
['471', '95', '136', '195', '235', '259', '281', '308', '350', '362']
['37', '36', '41', '110', '118', '298', '302', '337', '355', '369']
['87', '31', '45', '254', '295', '300', '306', '316', '432']
['15', '65', '154', '264', '356']
['318', '4', '25', '145', '151', '165', '194', '197', '252', '257']
['112', '3', '38', '368', '371', '412', '472']
['409', '56', '78', '103', '239', '243', '275', '376', '388', '413']
['320', '101', '414']
['163', '79', '89', '188', '290', '293', '313', '449', '463']
['270', '52', '73', '100', '283', '372', '421', '433', '446', '458']
['410', '28', '47', '434', '459', '467', '470']
['248', '53', '175', '278', '352', '381', '389', '485', '487']
['8', '33', '35', '272', '296', '387', '452', '488']
['178', '9', '60', '160', '183', '225', '321', '327', '345', '441']
['330', '94', '139', '198', '234', '324', '336', '359']
['460', '119', '173', '343', '420', '426', '435', '482']
['425', '40', '107', '135', '384', '392', '401']
['241', '456', '477']
['170', '74', '96', '113', '120', '209', '230', '353', '377', '378']
['491', '81', '97', '155', '297', '363', '390', '447', '474']
['142', '91', '129', '146', '190', '213', '231', '286', '341', '393']
['26', '77', '182', '250', '342', '347', '366', '406', '422']
['152', '13', '17', '27', '61', '153', '240', '408', '483']
['106', '105', '185', '203', '331', '453']
['233', '11', '30', '116', '367', '415', '493']
['444', '7', '133', '267', '268', '288', '361', '403', '455', '473']
['340', '5', '66', '236', '294', '448', '492']
['90', '22', '117', '125', '216', '217', '261', '439', '451', '494']
['21', '88', '184', '210', '229', '335', '354', '402', '484']
