['Bekki', 'Rhody', 'Paige', 'Stormi', 'Tani', 'Roxane', 'Agnes', 'Mei', 'Della', 'Nissie', 'Pammy', 'Arlee', 'Bernice', 'Delly', 'Thia']
['Marlie', 'Cheslie', 'Paulina', 'Austina', 'Ruperta', 'Willi', 'Shanie', 'Quintana', 'Nicoli', 'Erica', 'Terese', 'Noreen', 'Kania', 'Rosamond', 'Fran']
['Nedda', 'Carroll', 'Daphene', 'Mair', 'Eve', 'Kaitlynn', 'Yetta', 'Gavra', 'Silva', 'Athena', 'Hortense', 'Tamara', 'Jolie', 'Cassondra', 'Nancie']
['Kathleen', 'Sileas', 'Casi', 'Caryn', 'Diane', 'Agatha', 'Latisha', 'Allene', 'Angelica', 'Cristionna', 'Brunhilda', 'Stephannie', 'Krissy', 'Edith', 'Corly']
['Peg', 'Andie', 'Missy', 'Gale', 'Monique', 'Oralee', 'Gae', 'Birgitta', 'Laverne', 'Jacqui', 'Anastassia', 'Annice', 'Gwennie', 'Sheila', 'Fredericka']
['Leda', 'Brigitte', 'Kara', 'Dotti', 'Jesse', 'Nanon', 'Tanitansy', 'Brittan', 'Sofie', 'Ingunna', 'Adiana', 'Vinni', 'Julie', 'Millisent', 'Anabal']
['Meggi', 'Joelly', 'Moyna', 'Row', 'Carri', 'Corinne', 'Doroteya', 'Carla', 'Shoshana', 'Addi', 'Opal', 'Jen', 'Flory', 'Brook', 'Madelena']
['Noell', 'Estella', 'Kittie', 'Doris', 'Adriane', 'Jaynell', 'Hedwiga', 'Netty', 'Yolanda', 'Desiri', 'Demetria', 'Euphemia', 'Haley', 'Ronnica', 'Lisette']
['Martina', 'Charmine', 'Camala', 'Teddi', 'Tiffy', 'Serena', 'Josepha', 'Matilde', 'Jemie', 'Marabel', 'Kellsie', 'Eolanda', 'Bonita', 'Mella', 'Alyson']
['Roslyn', 'Tiphanie', 'Beatrice', 'Kathy', 'Erminia', 'Eran', 'Kaitlin', 'Fawnia', 'Jessamyn', 'Marris', 'Diahann', 'Korney', 'Cindie', 'Antonietta', 'Valli']
['Karie', 'Lesly', 'Yovonnda', 'Clarissa', 'Claudie', 'Vonni', 'Lira', 'Lorena', 'Oliy', 'Melloney', 'Lotte', 'Sile', 'Cathryn', 'Anette', 'Collete']
['Belle', 'Livy', 'Winifred', 'Cristen', 'Avivah', 'Vanni', 'Gerry', 'Ulrike', 'Brear', 'Aviva', 'Mariellen', 'Melinde', 'Maxie', 'Allie', 'Zenia']
['Stesha', 'Amalee', 'Malva', 'Faythe', 'Frankie', 'Debora', 'Janice', 'Britney', 'Stefa', 'Lorain', 'Yoshi', 'Nelie', 'Catha', 'Dyane', 'Kala']
['Colline', 'Tiffany', 'Dee', 'Alia', 'Helyn', 'Rosene', 'Bridgette', 'Selinda', 'Ramonda', 'Mechelle', 'Gabbie', 'Rita', 'Reggi', 'Nicki', 'Dominica']
['Tarra', 'Dorine', 'Morena', 'Marijo', 'Georgiana', 'Lynnet', 'Lydie', 'Natalya', 'Tim', 'Starlin', 'Kellie', 'Myrtle', 'Tallie', 'Lulu', 'Maddalena']
['Vicky', 'Drusy', 'Emelda', 'Charita', 'Agneta', 'Idalina', 'Jorrie', 'Idelle', 'Marlena', 'Fernande', 'Randie', 'Bertie', 'Johanna', 'Leanora', 'Cassandra']
['Conchita', 'Estele', 'Rivkah', 'Cherilynn', 'Ranice', 'Neile', 'Chelsy', 'Sonni', 'Ansley', 'Lani', 'Marisa', 'Gianina', 'Mufinella', 'Lyda', 'Britteny']
['Andromache', 'Orsa', 'Marcie', 'Gaby', 'Shirl', 'Dena', 'Rhodia', 'Clemence', 'Patty', 'Veradis', 'Xylina', 'Mirna', 'Elvera', 'Zulema', 'Tamra']
['Else', 'Inga', 'Sandie', 'Harriet', 'Kiele', 'Fania', 'Anabel', 'Cristabel', 'Risa', 'Rosana', 'Danni', 'Marcella', 'Briny', 'Sada', 'Sula']
['Georgeanne', 'Rowena', 'Alexandrina', 'Agnese', 'Sherrie', 'Anabelle', 'Katti', 'Lorie', 'Clemmie', 'Babara', 'Joanna', 'Sadye', 'Kathryn', 'Dita', 'Eulalie']
