['318', '252', '278', '349']
['42', '316', '346', '361']
['167', '4', '30']
['378', '327']
['70', '43', '165']
['265', '80', '317']
['355', '39', '191']
['312']
['121', '171', '385', '390']
['353']
['298']
['237', '258', '339']
['268', '91', '169']
['35', '218']
['78', '197']
['220', '74', '154']
['375', '142', '235']
['277', '3', '146', '345']
['24', '48', '93', '370', '372']
['49', '11', '189', '249']
['399', '1', '76']
['66']
['311', '305']
['377', '212', '337']
['272', '210', '275']
['168', '7', '100']
['285', '9', '59', '225']
['367', '255']
['336', '184', '190']
['147', '104']
['150', '62', '274']
['158', '159']
['194', '71', '187']
['139', '57', '243', '320']
['245', '156']
['295', '118', '382']
['328', '52']
['216']
['98']
['360', '114', '338', '368', '384']
['323', '276']
['55', '29', '126']
['241', '306', '364']
['334']
['222', '40']
['110', '37', '67', '331']
['75', '38']
['137', '248']
['393', '219', '280', '319', '344']
['214', '33', '79', '164']
['177', '301']
['343', '204']
['379', '105', '111', '314']
['188', '106', '160', '335']
['352', '141']
['284', '143', '356']
['117']
['180', '144', '395']
['281', '293', '322']
['373', '264', '304', '347']
['26', '132', '136', '254', '269']
['97', '60']
['231', '207', '236', '259', '303']
['351']
['5', '109']
['313']
['227', '380']
['53', '289', '315']
['45', '108']
['172']
['292', '398']
['102', '199']
['152']
['363', '209']
['56', '89', '270', '387']
['122', '50', '163', '267']
['68', '321', '396']
['325', '12', '174', '244']
['46', '162']
['226', '47', '127']
['82', '2', '94', '157']
['359', '195']
['201', '10', '15', '273']
['266', '101', '170', '386']
['198', '90', '217']
['283', '95']
['103', '107', '129', '148', '161', '211', '234']
['200', '64', '239', '392']
['173', '131']
['27']
['196']
['357', '21', '307']
['302']
['296', '287']
['341', '326']
['221', '233', '330']
['181', '51', '155', '310']
['54']
['153', '250']
['253', '202', '224']
['18', '246', '350']
['376', '134']
['112']
['260']
['397', '16', '44', '369']
['175']
['358', '23']
['309']
['185', '84', '119', '262', '282']
['329', '215', '232']
['34']
['149', '86', '128', '145']
['65', '257', '332', '394']
['31']
['299', '229']
['230', '73']
['203', '20', '83', '166', '365']
['251']
['135', '261']
['14']
['279', '85', '133', '183']
['366']
['238', '41', '242']
['72', '124']
['291', '6', '247']
['120', '116', '308']
['178', '389']
['113', '13', '19', '28', '140']
['388']
['192', '205']
['297', '290']
['115', '182', '223']
['88', '22', '371']
['294', '63', '340', '348']
['324', '96', '125', '354', '374']
['333']
['87', '99', '288']
['286', '36', '61', '362']
['228', '130', '186', '213']
['138']
['256', '123', '300', '381']
['92', '176']
['25', '8']
['208', '0']
['206', '271']
['179', '17', '69', '383']
['342', '193', '391']
['81']
['58', '77']
['151', '32', '240', '263']
