['38', '64', '67', '119', '156', '161', '179', '194', '205', '212', '260', '268', '280', '313', '318', '325', '347', '352', '356', '363']
['293', '12', '50', '63', '87', '96', '175', '198', '199', '228', '245', '255', '272', '273', '288', '350', '373', '390']
['334', '11', '26', '41', '44', '46', '66', '88', '105', '115', '134', '138', '196', '244', '247', '256', '266', '277', '287', '299']
['111', '4', '102', '118', '121', '122', '124', '209', '234', '259', '274', '282', '283', '309', '314', '327', '342', '348', '349', '377']
['7', '1', '18', '65', '75', '84', '91', '106', '158', '166', '174', '204', '210', '225', '249', '345', '359']
['238', '27', '60', '86', '92', '125', '133', '180', '184', '211', '213', '223', '267', '302', '304', '310', '336', '344', '362', '364']
['112', '0', '22', '36', '59', '61', '62', '70', '109', '128', '129', '152', '177', '207', '270', '271', '279', '308', '338', '374']
['157', '8', '30', '35', '43', '71', '74', '79', '101', '160', '181', '197', '265', '290', '315', '354', '365', '369', '379', '384']
['230', '34', '68', '94', '127', '144', '148', '150', '165', '172', '186', '189', '202', '218', '236', '246', '257', '367', '386', '388']
['298', '15', '31', '42', '83', '99', '162', '164', '170', '192', '215', '284', '300', '306', '312', '319', '341', '343', '355', '398']
['321', '49', '53', '135', '140', '153', '154', '173', '187', '206', '224', '239', '264', '285', '307', '331', '370', '375', '378', '393']
['329', '20', '77', '169', '185', '269', '357', '366', '371', '387']
['145', '21', '24', '32', '45', '78', '85', '104', '114', '116', '143', '147', '151', '168', '176', '203', '221', '250', '253', '278']
['47', '2', '6', '28', '73', '81', '107', '108', '171', '233', '241', '262', '281', '292', '297', '328', '346', '380', '382', '394']
['23', '29', '33', '37', '69', '72', '90', '97', '100', '142', '217', '220', '231', '296', '301', '326', '333', '335', '337', '340']
['159', '40', '52', '58', '80', '82', '139', '149', '200', '201', '229', '254', '294', '316', '320', '322', '323', '339', '358', '361']
['275', '14', '17', '19', '51', '89', '103', '117', '130', '132', '178', '195', '219', '243', '258', '261', '291', '305', '351', '372']
['56', '3', '55', '95', '123', '155', '183', '188', '193', '214', '222', '232', '235', '237', '295', '317', '324', '330', '332', '383']
['311', '10', '16', '110', '136', '141', '167', '182', '227', '248', '251', '252', '289', '353', '360', '368', '376', '392', '395', '397']
['57', '9', '39', '54', '93', '98', '113', '120', '126', '137', '146', '163', '208', '216', '240', '242', '263', '276', '286', '303']
['5', '13', '25', '48', '76', '131', '190', '191', '226', '381', '385', '389', '391', '396', '399']
