['201', '5', '215', '87', '208', '375', '63', '485', '28', '307']
['376', '183', '395', '481', '114']
['434', '432', '35', '64', '70', '65', '462', '286']
['152', '81', '408', '272', '484', '109', '17', '10', '100']
['145', '13', '393', '480', '263', '316', '172']
['236', '341', '122', '121', '134', '401', '182', '326']
['233', '487', '363', '80', '188', '325', '27', '414', '223', '242', '426', '452', '322']
['0', '274', '284', '107', '200', '105', '167']
['119', '72', '259', '30', '227', '320', '409', '153', '16', '255', '299']
['291', '343', '358', '324', '448', '456', '312', '48', '349', '287']
['92', '37', '224', '234', '477']
['321', '222', '280', '141', '447', '497', '96', '41', '168']
['169', '45', '106', '243', '309', '258', '438', '235']
['371', '244', '9', '148', '150', '381', '314', '190', '298', '238']
['61', '387', '130', '449', '373', '62', '226', '323', '473', '205', '380']
['142', '289', '93', '179', '292', '354', '173', '21', '159']
['186', '4', '252', '430', '428', '423', '457', '468', '20', '248', '36', '54']
['435', '217', '266', '193', '157', '451', '46', '490', '306', '25', '493']
['379', '345', '464', '275', '158', '486', '115', '19', '300', '108']
['440', '56', '155']
['425', '137', '413', '436', '350', '53', '439', '489', '50']
['128', '69', '120', '136', '296', '297', '302']
['383', '474']
['79', '499', '460', '199', '446', '385', '410']
['398', '1', '437', '22', '471']
['344', '31', '75', '196', '156', '184', '386', '138', '339', '330', '268']
['364', '265', '191', '219', '198', '212']
['261', '327', '370', '465', '283', '420', '282', '185', '394', '264']
['104', '7', '445', '475', '207', '85', '225', '71', '74', '356']
['427', '52', '192', '361', '231', '245', '39', '34', '342', '429', '463']
['195', '360', '411', '491', '315', '76', '441', '254']
['239', '216', '301', '290', '197', '269', '103', '221', '253', '90', '496', '271']
['308', '111', '310', '213', '26', '404', '492', '488', '279']
['334', '160', '338', '359', '42', '176', '6', '44', '431', '47', '140', '161']
['273', '232', '374', '479', '228', '116']
['40', '94', '164', '407', '498', '83', '495', '340', '131', '472', '412']
['366', '60', '126', '276', '483', '66', '51']
['317', '11', '422', '267', '402', '59', '97', '33', '396']
['180', '419', '57', '189', '304', '467']
['250', '240', '403', '2', '171', '247', '303', '388', '89', '367']
['469', '203', '369', '73', '392', '478', '15', '333', '389', '260', '55']
['424', '421', '277', '378', '337']
['147', '146', '249', '166', '110', '78', '139', '68']
['399', '77', '470', '132', '124', '95', '101', '466', '82', '206']
['311', '202', '455', '133']
['112', '368', '405', '151', '355', '332', '214', '313']
['262', '86', '118', '170', '453', '372', '351', '129', '241', '444', '174']
['294', '154', '187', '135', '127']
['348', '442', '162', '165', '209', '353', '88', '229', '143', '319']
['24', '328', '335', '433', '336', '454', '458']
['237', '67', '113', '18', '58', '177', '210', '305', '102', '417']
['391', '352', '285', '400', '218', '29', '99', '38']
['98', '362', '382', '416', '125', '144', '204', '149']
['251', '257', '406', '278', '3', '8', '377', '91', '365']
['476', '288', '329', '175', '256', '246', '346', '43', '32', '415']
['49', '293', '459', '461', '270', '84', '357', '450', '482', '211']
['230', '117', '384', '318', '331', '443', '397', '295', '220', '181', '12', '14', '494']
['347', '23', '194', '418', '123', '163', '390', '178', '281']
