['x', 'w', 'wwwwwwww', 'ww', 'wwww', 'xxxxx', 'xxxxxxx', 'wwwww', 'wwwwwww', 'xxxx', 'xxx', 'www', 'i', 'j', 'ii', 'jj', 'iiii', 'iiiii', 'jjjjj', 'iiiiii', 'jjjjjj', 'iiiiiii', 'jjjjjjj', 'y', 'z', 'yy', 'zz', 'yyy', 'zzz', 'yyyy', 'zzzz', 'yyyyyyy', 'yyyyyy', 'zzzzzzz', 'yyyyyyyy', 'O', 'OO', 'PP', 'OOO', 'PPP', 'OOOOOO', 'PPPPP', 'PPPPPP', 'PPPPPPPP', 'OOOOOOOO', 'OOOOO', 'PPPP', '7', '77777777', '8888', '77777', '8888888', '7777', '77', '888', '88888', '777', '888888', '88', 'c']
['iiiiiiii', 'ddddd', 'cccccccc', 'ccccc', 'dddddd', 'ccccccc', 'dd', 'ddddddd', 'dddd', 'dddddddd', 'cccc', 'ddd', 'jjjjjjjj', 'jjj', 'lllllll', 'llllll', 'll', 'kkkk', 'kkk', 'kkkkkkk', 'lllll', 'l', 'kk', 'llllllll', 'm', 'n', 'nn', 'mmm', 'mmmm', 'nnnn', 'nnnnn', 'nnnnnnnn', 'mmmmmmmm', 'nnnnnnn', 'mm', 'mmmmm', 'u', 'uuu', 'vvv', 'vvvvv', 'uuuuuu', 'vvvvvvv', 'vvvvvvvv', 'uuuuuuu', 'G', 'H', 'GG', 'HH', 'HHH', 'GGGGG', 'GGGGGG', 'HHHHHH', 'GGGGGGG', 'GGGGGGGG', 'HHHHHHHH', 'II', 'IIIIIII', 'III', 'IIIIIIII', 'JJJJJ']
['zzzzz', 'IIII', 'JJJ', 'J', 'JJJJJJ', 'JJJJJJJ', 'IIIII', 'QQQQQQQ', 'QQQQ', 'RRRRRR', 'QQQQQQQQ', 'RR', 'QQQQQ', 'RRRR', 'QQQQQQ', 'R', 'QQQ', 'QQ', 'ccc', 'gg', 'hh', 'ggggggg', 'hhhhh', 'ggggg', 'hhh', 'hhhhhhhh', 'gggggggg', 'hhhh', 'h', 'hhhhhh', 'lll', 'kkkkkkkk', 'kkkkk', 'o', 'p', 'pp', 'ooo', 'oooo', 'ooooo', 'ppppppp', 'oooooo', 'pppppp', 'ooooooo', 'r', 'qq', 'rr', 'qqqqq', 'rrrrrr', 'qqqqqqqq', 'rrrrrrrr', 'qqqqqq', 'qqqq', 'rrrr', 'rrrrrrr', 'qqqqqqq', 's', 't', 'tt', 'sss', 'ttt']
['OOOO', 'ssss', 'sssss', 'ssssss', 'tttttttt', 'ttttttt', 'uuuuuuuu', 'uuuuu', 'vvvv', 'uuuu', 'xx', 'wwwwww', 'C', 'D', 'DD', 'CCC', 'CCCC', 'CCCCCCCC', 'DDDDDDD', 'DDDDDDDD', 'CCCCCC', 'DDDDD', 'a', 'b', 'aa', 'bb', 'aaa', 'bbb', 'aaaa', 'bbbb', 'aaaaa', 'bbbbb', 'aaaaaa', 'bbbbbb', 'aaaaaaa', 'bbbbbbb', 'aaaaaaaa', 'bbbbbbbb', 'e', 'f', 'ee', 'ff', 'eee', 'fff', 'eeee', 'ffff', 'eeeee', 'fffff', 'eeeeee', 'ffffff', 'eeeeeee', 'fffffff', 'eeeeeeee', 'ffffffff', 'g', 'gggg', 'gggggg', 'jjjj', 'nnn', 'mmmmmm']
['8', 'oo', 'ppp', 'pppp', 'oooooooo', 'pppppppp', 'q', 'qqq', 'ss', 'tttt', 'ttttt', 'sssssss', 'ssssssss', 'yyyyy', 'zzzzzz', 'zzzzzzzz', 'A', 'B', 'AA', 'BB', 'AAA', 'BBB', 'AAAA', 'BBBB', 'AAAAA', 'BBBBB', 'AAAAAA', 'BBBBBB', 'AAAAAAA', 'BBBBBBB', 'AAAAAAAA', 'BBBBBBBB', 'CC', 'DDD', 'DDDD', 'DDDDDD', 'CCCCCCC', 'E', 'F', 'EE', 'FF', 'EEE', 'FFF', 'EEEE', 'FFFF', 'EEEEE', 'FFFFF', 'EEEEEE', 'FFFFFF', 'EEEEEEE', 'FFFFFFF', 'EEEEEEEE', 'FFFFFFFF', 'GGG', 'GGGG', 'HHHH', 'HHHHH', 'JJ', 'JJJJ', 'IIIIII']
['d', 'JJJJJJJJ', 'K', 'L', 'KK', 'LL', 'KKK', 'LLL', 'KKKK', 'LLLL', 'KKKKK', 'LLLLL', 'KKKKKK', 'LLLLLL', 'KKKKKKK', 'LLLLLLL', 'KKKKKKKK', 'LLLLLLLL', 'M', 'N', 'MM', 'NN', 'MMM', 'NNN', 'MMMM', 'NNNN', 'MMMMM', 'NNNNN', 'MMMMMM', 'NNNNNN', 'MMMMMMM', 'NNNNNNN', 'MMMMMMMM', 'NNNNNNNN', 'P', 'OOOOOOO', 'PPPPPPP', 'RRR', 'RRRRR', 'RRRRRRR', 'RRRRRRRR', 'S', 'T', 'SS', 'TT', 'SSS', 'TTT', 'SSSS', 'TTTT', 'SSSSS', 'TTTTT', 'SSSSSS', 'TTTTTT', 'SSSSSSS', 'TTTTTTT', 'SSSSSSSS', 'TTTTTTTT', 'U', 'V', 'UU']
['cc', 'VV', 'UUU', 'VVV', 'UUUU', 'VVVV', 'UUUUU', 'VVVVV', 'UUUUUU', 'VVVVVV', 'UUUUUUU', 'VVVVVVV', 'UUUUUUUU', 'VVVVVVVV', 'W', 'X', 'WW', 'XX', 'WWW', 'XXX', 'WWWW', 'XXXX', 'WWWWW', 'XXXXX', 'WWWWWW', 'XXXXXX', 'WWWWWWW', 'XXXXXXX', 'WWWWWWWW', 'XXXXXXXX', 'Y', 'Z', 'YY', 'ZZ', 'YYY', 'ZZZ', 'YYYY', 'ZZZZ', 'YYYYY', 'ZZZZZ', 'YYYYYY', 'ZZZZZZ', 'YYYYYYY', 'ZZZZZZZ', 'YYYYYYYY', 'ZZZZZZZZ', '1', '2', '11', '22', '111', '222', '1111', '2222', '11111', '22222', '111111', '222222', '1111111', '2222222']
['iii', '11111111', '22222222', '3', '4', '33', '44', '333', '444', '3333', '4444', '33333', '44444', '333333', '444444', '3333333', '4444444', '33333333', '44444444', '5', '6', '55', '66', '555', '666', '5555', '6666', '55555', '66666', '555555', '666666', '5555555', '6666666', '55555555', '66666666', '777777', '7777777', '88888888']
['k']
['nnnnnn']
['mmmmmmm']
['vvvvvv']
['HHHHHHH']
['I']
['Q']
['cccccc']
['ggg']
['hhhhhhh']
['llll']
['kkkkkk']
['ppppp']
['rrr']
['rrrrr']
['tttttt']
['v']
['uu']
['vv']
['xxxxxx']
['xxxxxxxx']
['CCCCC']
