['84', '8', '17', '57', '68', '146', '170', '171', '179', '231', '240', '254', '259', '261', '294', '305', '352']
['263', '5', '21', '30', '105', '125', '241', '298', '356', '454', '458', '462', '463', '467', '479', '491', '496']
['285', '25', '35', '39', '40', '52', '132', '191', '219', '273', '277', '365', '369', '401', '493', '495', '498']
['224', '32', '56', '80', '163', '173', '199', '238', '264', '288', '328', '336', '424', '425', '428', '430', '474']
['266', '79', '90', '101', '126', '152', '165', '166', '250', '262', '271', '276', '314', '341', '354', '393', '410']
['243', '14', '50', '60', '85', '212', '246', '333', '344', '363', '407', '427', '442', '475']
['119', '63', '66', '94', '136', '177', '184', '188', '220', '228', '281', '330', '382', '409', '420', '445', '452']
['327', '55', '88', '107', '160', '178', '195', '308', '326', '392', '396', '426', '435', '446', '488', '490']
['114', '23', '34', '58', '61', '108', '157', '162', '164', '180', '202', '290', '313', '334', '338', '381', '389']
['7', '1', '15', '28', '53', '69', '93', '111', '115', '123', '169', '205', '289', '304', '322', '357', '358']
['172', '48', '72', '109', '112', '129', '153', '155', '175', '198', '242', '255', '310', '321', '351', '443', '469']
['378', '121', '145', '158', '194', '216', '218', '268', '297', '361', '423', '440', '485', '486']
['0', '62', '65', '102', '118', '147', '182', '185', '225', '269', '324', '408', '457']
['497', '36', '44', '215', '349', '384', '444', '449', '472', '492']
['432', '96', '100', '103', '200', '256', '274', '337', '339', '355', '415', '471', '483']
['227', '24', '45', '51', '187', '190', '267', '306', '312', '332', '411', '412', '437', '477', '499']
['161', '82', '87', '133', '251', '270', '282', '320', '329', '342', '347', '350', '364', '436', '459', '466', '476']
['283', '73', '128', '137', '239', '302', '315', '383', '417', '433', '448', '494']
['258', '49', '54', '120', '127', '135', '167', '193', '229', '236', '272', '323', '390', '404', '439', '451', '468']
['77', '3', '22', '26', '67', '130', '148', '149', '176', '208', '221', '237', '248', '249', '253', '293', '299']
['319', '20', '33', '74', '92', '95', '168', '209', '233', '286', '300', '303', '311', '372', '395', '406', '481']
['47', '4', '16', '70', '76', '98', '106', '139', '174', '201', '210', '217', '234', '331', '343', '400', '413']
['398', '19', '43', '97', '150', '156', '183', '244', '245', '292', '368', '394', '460', '465', '473']
['375', '2', '6', '37', '75', '144', '159', '186', '206', '235', '257', '265', '275', '307', '345', '450', '478']
['122', '78', '143', '154', '192', '353', '362', '366', '376', '386', '421']
['278', '9', '11', '41', '42', '116', '131', '196', '203', '284', '380', '405', '434', '464']
['453', '13', '27', '104', '113', '124', '142', '181', '247', '295', '325', '359', '367', '371', '399', '402', '422']
['388', '12', '59', '99', '138', '189', '197', '207', '226', '230', '260', '316', '377', '438', '455', '480']
['487', '18', '71', '89', '110', '214', '222', '280', '296', '301', '360', '370', '379', '397', '418', '470', '482']
['385', '29', '46', '83', '86', '91', '134', '151', '211', '223', '279', '317', '346', '387', '414', '419', '447']
['441', '10', '31', '38', '64', '140', '141', '204', '232', '252', '309', '340', '348', '374', '391', '416', '429']
['117', '81', '213', '287', '291', '318', '335', '373', '403', '431', '456', '461', '484', '489']
