['19', '9', '14', '42', '49', '58', '65', '95', '110', '129', '148', '151', '189', '192', '243', '249', '252', '255', '259', '342', '386', '421', '444', '446', '447', '457', '442', '431']
['102', '2', '23', '44', '59', '66', '103', '168', '173', '175', '182', '228', '233', '242', '274', '283', '339', '347', '349', '382', '388', '456', '460', '478']
['321', '5', '7', '21', '35', '82', '99', '117', '132', '133', '208', '309', '313', '336', '337', '344', '357', '367', '375', '377', '379', '385', '413', '418', '422', '470']
['135', '3', '46', '52', '56', '118', '122', '161', '194', '199', '204', '226', '247', '284', '304', '324', '346', '358', '376', '429', '436', '472', '485']
['424', '11', '26', '30', '91', '93', '112', '123', '137', '285', '289', '297', '306', '312', '314', '326', '454', '464', '471', '479']
['227', '34', '41', '67', '89', '90', '115', '128', '142', '150', '158', '215', '224', '253', '256', '279', '332', '340', '380', '381', '396', '462']
['220', '57', '68', '87', '98', '106', '121', '145', '149', '152', '167', '186', '221', '225', '244', '245', '308', '345', '352', '393', '399', '427', '458', '476', '483']
['402', '1', '78', '94', '97', '119', '124', '143', '157', '163', '179', '234', '246', '261', '295', '299', '350', '387', '412', '428', '435', '449', '453', '469', '480', '482', '486', '487', '490']
['489', '18', '20', '54', '60', '100', '171', '181', '183', '293', '300', '320', '322', '359', '363', '368', '371', '389', '404', '468', '474', '488']
['79', '12', '27', '45', '48', '69', '76', '144', '176', '177', '230', '240', '248', '275', '287', '373', '378', '394', '400', '439', '463', '477']
['423', '13', '16', '61', '74', '75', '108', '116', '120', '146', '154', '180', '187', '200', '210', '229', '258', '264', '282', '305', '325', '335', '351', '360', '362', '365', '401', '417', '473']
['467', '29', '64', '70', '72', '101', '113', '169', '223', '260', '265', '272', '398', '411', '437', '441', '451', '455']
['28', '0', '8', '32', '85', '111', '160', '191', '237', '263', '290', '317', '330', '338', '354', '356', '410', '430', '445', '484']
['71', '37', '38', '83', '104', '126', '141', '159', '164', '166', '170', '178', '196', '198', '202', '209', '211', '216', '218', '222', '268', '276', '278', '303', '323', '333', '409', '415', '432', '448']
['73', '17', '53', '84', '107', '114', '125', '138', '165', '188', '206', '207', '219', '232', '235', '238', '239', '327', '341', '355', '384', '395', '419', '426', '438', '466']
['408', '43', '50', '80', '155', '156', '254', '262', '292', '307', '331', '343', '370', '374', '433', '450', '481']
['130', '62', '88', '92', '96', '136', '147', '174', '184', '185', '197', '203', '205', '214', '217', '257', '273', '280', '310', '311', '316', '329', '334', '361', '369', '391', '405', '420', '425', '459']
['296', '6', '40', '51', '105', '127', '195', '212', '213', '241', '269', '271', '277', '286', '288', '291', '315', '318', '319', '328', '392', '397', '406', '407', '414', '434', '443', '461', '465']
['77', '4', '47', '81', '86', '134', '139', '140', '153', '162', '193', '251', '266', '281', '294', '298', '301', '383', '390', '452', '475']
['36', '10', '15', '22', '24', '25', '31', '33', '39', '55', '63', '109', '131', '172', '190', '201', '231', '236', '250', '267', '270', '302', '348', '353', '364', '366', '372', '403', '416', '440']
