['69', '10', '43', '50', '56', '73', '94', '100', '105', '129', '159', '166', '179', '187', '224', '238', '288', '301', '302', '313', '314', '358', '362', '431', '490', '495']
['361', '17', '57', '99', '106', '120', '131', '140', '153', '163', '193', '213', '219', '228', '264', '270', '274', '364', '387', '400', '405', '416', '419', '451', '453', '472', '492']
['324', '4', '45', '81', '117', '143', '191', '195', '210', '249', '289', '291', '337', '371', '374', '390', '398', '424', '470', '485', '489']
['385', '0', '3', '15', '52', '90', '95', '118', '123', '130', '151', '198', '239', '253', '259', '287', '347', '366', '373', '418']
['42', '1', '11', '22', '25', '65', '79', '92', '101', '185', '312', '315', '328', '349', '357', '389', '394', '412', '435', '439', '450']
['282', '6', '9', '14', '18', '27', '44', '47', '77', '214', '243', '269', '307', '321', '325', '331', '352', '353', '379', '401', '426', '458', '487', '494', '496']
['208', '39', '62', '144', '172', '202', '207', '242', '262', '306', '330', '338', '354', '384', '397', '407', '408', '413', '443', '446', '477']
['41', '2', '29', '34', '46', '48', '59', '80', '82', '128', '154', '169', '174', '221', '225', '266', '319', '333', '377', '378', '402', '442', '456', '463', '464']
['88', '30', '37', '70', '72', '98', '107', '109', '112', '113', '137', '204', '209', '212', '215', '216', '251', '255', '258', '260', '284', '318', '370', '417', '444']
['203', '23', '28', '87', '91', '139', '168', '205', '234', '250', '263', '277', '305', '329', '348', '383', '420', '438', '447', '461', '467', '474', '481']
['303', '49', '60', '67', '93', '115', '116', '125', '150', '162', '188', '240', '356', '368', '430', '449', '471', '479', '493']
['96', '75', '175', '186', '222', '227', '245', '252', '271', '278', '279', '292', '310', '351', '372', '415', '427', '428', '448', '455', '497']
['181', '36', '71', '85', '156', '170', '171', '182', '200', '236', '237', '241', '281', '286', '300', '304', '367', '423', '429', '441', '475', '480', '483', '484']
['20', '33', '55', '61', '74', '84', '89', '103', '104', '111', '134', '136', '152', '157', '167', '190', '220', '232', '233', '254', '273', '290', '316', '317', '322', '326', '382', '396', '473']
['380', '31', '66', '68', '86', '102', '122', '124', '148', '164', '229', '231', '244', '272', '283', '295', '297', '311', '335', '336', '342', '369', '376', '395', '457', '460', '482', '486', '499']
['12', '7', '8', '19', '21', '24', '58', '97', '121', '142', '149', '160', '196', '201', '223', '235', '275', '285', '293', '323', '346', '392', '399', '403', '414', '437', '445', '454']
['391', '13', '16', '35', '76', '83', '114', '119', '127', '132', '133', '141', '145', '147', '158', '176', '178', '180', '218', '268', '296', '320', '344', '359', '360', '363', '365', '393', '432', '434', '440', '452', '459', '465', '476']
['248', '5', '26', '38', '54', '64', '108', '110', '126', '138', '184', '194', '199', '206', '230', '261', '267', '298', '308', '309', '332', '340', '343', '381', '409', '410', '411', '422', '462', '491']
['40', '32', '78', '146', '165', '173', '177', '183', '189', '211', '257', '294', '334', '341', '345', '350', '375', '386', '388', '404', '425', '436', '466', '468', '478']
['53', '51', '63', '135', '155', '161', '192', '197', '217', '226', '246', '247', '256', '265', '276', '280', '299', '327', '339', '355', '406', '421', '433', '469', '488', '498']
