['207', '2', '19', '22', '55', '63', '84', '101', '111', '157', '167', '174', '190', '249', '256', '301', '347', '406', '415', '420', '443', '446', '480', '488', '497']
['463', '8', '9', '10', '27', '86', '89', '96', '112', '163', '173', '213', '224', '235', '272', '296', '362', '379', '382', '405', '451', '470', '494']
['429', '7', '29', '38', '41', '44', '66', '100', '132', '138', '147', '153', '162', '168', '231', '238', '251', '255', '258', '269', '270', '282', '300', '317', '332', '345', '355', '357', '358', '360', '380', '400', '423', '479']
['461', '1', '35', '65', '109', '127', '154', '155', '193', '276', '305', '307', '338', '375', '389', '396', '404', '436', '444', '447', '448', '473', '492']
['348', '4', '42', '81', '90', '151', '156', '159', '214', '259', '320', '331', '339', '354', '363', '390', '391', '407', '409', '459']
['267', '32', '33', '49', '51', '61', '80', '93', '95', '102', '110', '117', '120', '140', '143', '184', '204', '219', '220', '248', '254', '275', '279', '316', '327', '359', '438', '454', '493']
['104', '73', '99', '108', '118', '119', '126', '131', '171', '178', '187', '198', '229', '233', '277', '325', '373', '374', '381', '394', '419', '440', '452', '460', '465', '471', '487', '491']
['283', '68', '165', '176', '181', '183', '191', '199', '216', '246', '262', '274', '291', '298', '330', '349', '383', '421', '449', '483', '495']
['52', '30', '36', '152', '164', '196', '205', '206', '210', '237', '245', '253', '264', '302', '310', '333', '353', '356', '403', '433', '437', '462']
['428', '3', '14', '24', '40', '59', '69', '70', '103', '124', '128', '129', '144', '158', '185', '241', '250', '257', '273', '313', '328', '346', '372', '395', '398', '442', '456', '469', '477', '489', '499']
['192', '15', '45', '46', '170', '223', '225', '260', '289', '292', '315', '326', '376', '387', '408', '417', '424', '435', '455', '472', '490']
['478', '23', '37', '43', '195', '230', '240', '252', '286', '323', '337', '340', '361', '377', '393', '401', '402', '418', '468']
['432', '20', '31', '58', '106', '107', '114', '116', '133', '139', '141', '145', '179', '182', '189', '208', '247', '288', '293', '295', '304', '426', '474', '485']
['12', '0', '76', '79', '82', '94', '113', '121', '134', '161', '194', '201', '203', '209', '217', '227', '263', '268', '284', '299', '311', '319', '365', '371', '388', '439', '445', '464']
['211', '17', '85', '98', '123', '125', '137', '166', '169', '200', '226', '321', '329', '336', '343', '369', '378', '397', '399', '410', '475', '484']
['384', '13', '34', '50', '64', '75', '77', '78', '88', '135', '136', '149', '150', '160', '180', '197', '221', '236', '244', '266', '280', '281', '287', '290', '294', '303', '318', '324', '335', '350', '364', '368', '370', '386', '411', '413', '427', '430', '467', '481', '482']
['172', '5', '21', '39', '72', '87', '105', '146', '202', '218', '232', '297', '312', '342', '352', '416', '425', '453', '486', '496']
['92', '6', '16', '28', '57', '62', '97', '115', '130', '177', '215', '222', '234', '285', '306', '308', '412', '414', '422', '434', '450', '457', '466', '476', '498']
['74', '25', '48', '67', '83', '122', '142', '175', '186', '228', '261', '278', '334', '366', '385', '392', '431', '441', '458']
['271', '11', '18', '26', '47', '53', '54', '56', '60', '71', '91', '148', '188', '212', '239', '242', '243', '265', '309', '314', '322', '341', '344', '351', '367']
