['Rebecca6', 'Carmela6', 'Genziana8', 'Armando8', 'Lauro5', 'Radames4', 'Nathan3', 'Cassiopea9', 'Guendalina3', 'Cassiopea3', 'Emanuel3', 'Nestore6', 'Bettino8', 'Artes8', 'Alessio3', 'Vinicio8', 'Sasha9', 'Marianita1', 'Primo9', 'Azue3']
['Eriberto7', 'Silvano4', 'Concetta1', 'Elda4', 'Diamante6', 'Gianantonio5', 'Tolomeo6', 'Terzo7', 'Tristano5', 'Ercole8', 'Tristano8', 'Joseph7', 'Eusebio6', 'Assia0', 'Marcella4', 'Folco0', 'Marianita5', 'Lidia0', 'Elga3', 'Aroldo4']
['Mauro7', 'Mecren5', 'Fiorentino3', 'Demis2', 'Liborio4', 'Fabio8', 'Enzo3', 'Pacifico0', 'Carlo1', 'Elsa1', 'Folco8', 'Renato5', 'Folco4', 'Carmelo4', 'Benedetta1', 'Anselmo3', 'Ethan7', 'Emanuel7', 'Radames1', 'Nico1']
['Mecren9', 'Danuta0', 'Mariagiulia3', 'Ariel9', 'Pacifico5', 'Marcella0', 'Noah0', 'Bettino1', 'Renzo6', 'Elda2', 'Anselmo9', 'Priamo8', 'Doriana2', 'Ercole4', 'Cira8', 'Romeo2', 'Ferdinando6', 'Demis3', 'Deborah4', 'Pierfrancesco0']
['Rufo5', 'Valdo2', 'Jole3', 'Michael4', 'Ian2', 'Amedeo5', 'Luce6', 'Loredana6', 'Rosita1', 'Odone9', 'Kris3', 'Claudia1', 'Edipo4', 'Folco3', 'Laerte9', 'Deborah9', 'Sesto4', 'Amedeo1', 'Diamante4', 'Gianantonio6']
['Gaetano5', 'Odone4', 'Sue2', 'Brigitta8', 'Cassiopea8', 'Rosalino0', 'Gerlando9', 'Vera2', 'Evangelista9', 'Walter1', 'Lazzaro2', 'Joseph3', 'Gilda5', 'Rosolino0', 'Dylan9', 'Cleopatra1', 'Monia8', 'Edilio5', 'Prisca3', 'Alighieri1']
['Fabio9', 'Lidia4', 'Prisca2', 'Teseo4', 'Gianantonio3', 'Ferdinando0', 'Cleopatra5', 'Osea0', 'Sesto8', 'Giorgio2', 'Kris2', 'Erminio4', 'Demi6', 'Trevis8', 'Amerigo5', 'Eriberto1', 'Sebastian4', 'Demi9', 'Arduino5', 'Ausonio0']
['Deborah2', 'Leonardo1', 'Osea1', 'Bortolo9', 'Valdo9', 'Rita6', 'Eusebio3', 'Anselmo8', 'Piersilvio3', 'Sibilla4', 'Oreste0', 'Sandro2', 'Sesto2', 'Flaviana6', 'Marzio6', 'Elio3', 'Assia4', 'Umberto6', 'Rosalba8', 'Lino4']
['Giulio2', 'Filomena4', 'Alberto5', 'Fatima9', 'Kayla9', 'Lauro3', 'Miriana9', 'Renzo5', 'Primo1', 'Gelsomina6', 'Celeste4', 'Lisa0', 'Dante5', 'Nayade9', 'Mariagiulia9', 'Timoteo9', 'Marzio5', 'Nathan2', 'Graziano0', 'Maika6']
['Luigi4', 'Concetta9', 'Benedetta4', 'Mattia1', 'Cira7', 'Alessandro3', 'Damiana2', 'Davide1', 'Romeo4', 'Concetta5', 'Edilio2', 'Giorgio3', 'Erminio9', 'Bortolo5', 'Primo3', 'Akira3', 'Marvin0', 'Gilda2', 'Ilario9', 'Walter3']
['Cosetta2', 'Anastasio3', 'Donatella7', 'Jari2', 'Mariagiulia0', 'Secondo0', 'Soriana6', 'Enzo0', 'Adriano1', 'Quirino1', 'Nico6', 'Violante6', 'Jelena1', 'Giacinto6', 'Gaetano4', 'Sue0', 'Zaccaria2', 'Giovanna3', 'Ludovico9', 'Tolomeo0']
['Costanzo6', 'Arduino8', 'Isabel6', 'Adriano0', 'Thea4', 'Cleros6', 'Caligola0', 'Orfeo9', 'Rosalino2', 'Jacopo4', 'Costanzo4', 'Nicoletta3', 'Sarita7', 'Fiorenzo1', 'Siro9', 'Tancredi6', 'Hector0', 'Leonardo7', 'Dante0', 'Edipo5']
['Pablo9', 'Jarno1', 'Fabiano3', 'Italo5', 'Eustachio1', 'Marina6', 'Battista3', 'Giovanna5', 'Joshua0', 'Siro3', 'Mirko6', 'Marcella3', 'Miriam7', 'Xavier7', 'Gianriccardo2', 'Demis1', 'Gianmaria7', 'Loredana0', 'Giacobbe7', 'Loretta4']
['Mattia9', 'Ludovico2', 'Cleopatra8', 'Osvaldo5', 'Max1', 'Osea9', 'Giordano5', 'Umberto0', 'Priamo0', 'Amedeo6', 'Matilde9', 'Michael9', 'Enzo7', 'Serse1', 'Jack2', 'Gianriccardo3', 'Gianleonardo6', 'Eriberto9', 'Radames7', 'Michele7']
['Furio5', 'Siro8', 'Enrico1', 'Rebecca2', 'Anastasio7', 'Patrizio4', 'Timoteo5', 'Ercole2', 'Timoteo4', 'Santo3', 'Gregorio7', 'Ursula5', 'Zelida4', 'Italo9', 'Trevis2', 'Enzo6', 'Folco6', 'Mariano0', 'Alighiero7', 'Marianita7']
['Marieva8', 'Oretta5', 'Sabatino1', 'Odino6', 'Guido1', 'Loretta1', 'Mietta2', 'Sebastian2', 'Vania2', 'Costantino7', 'Oretta9', 'Edilio6', 'Isabel1', 'Eliziario6', 'Raoul7', 'Lamberto6', 'Cleopatra7', 'Raniero0', 'Avide3', 'Nestore7']
['Leonardo0', 'Elio8', 'Xavier5', 'Ermes9', 'Ercole1', 'Odino9', 'Gregorio2', 'Marina7', 'Maruska3', 'Mattia6', 'Tazio7', 'Orfeo4', 'Ettore0', 'Fortunata6', 'Orfeo7', 'Caio2', 'Cleros7', 'Laerte5', 'Laura9', 'Gavino8']
['Rebecca5', 'Eustachio2', 'Ercole9', 'Pietro1', 'Irene7', 'Egisto1', 'Antonino6', 'Nabil5', 'Ian0', 'Clodovea2', 'Baldassarre3', 'Sirio6', 'Erminia8', 'Moreno5', 'Sabino2', 'Emanuel1', 'Damiana9', 'Giancarlo3', 'Armando0', 'Gianmarco5']
['Rosalba1', 'Giobbe6', 'Tommaso8', 'Sirio1', 'Penelope7', 'Mirko4', 'Iacopo1', 'Ivano3', 'Brigitta5', 'Santo9', 'Danthon5', 'Lorenzo9', 'Tancredi5', 'Cleros5', 'Davide5', 'Nestore3', 'Elga8', 'Arturo8', 'Caligola7', 'Tazio1']
['Noah6', 'Pablo7', 'Ione9', 'Noel4', 'Armando5', 'Mietta0', 'Ermes4', 'Fabiano1', 'Nestore8', 'Olimpia3', 'Benedetta5', 'Augusto8', 'Erminia2', 'Fatima0', 'Mietta1', 'Claudia6', 'Marina4', 'Bibiana6', 'Secondo5', 'Gioacchino7']
['Marzio4', 'Karim8', 'Filomena3', 'Thea5', 'Joshua3', 'Matteo9', 'Alessio7', 'Ulrico6', 'Erminia5', 'Fatima2', 'Jari0', 'Joannes5', 'Fortunata0', 'Fiorenzo7', 'Fernando8', 'Gioacchino6', 'Sarita4', 'Ethan9', 'Guido6', 'Alan9']
['Albino1', 'Cleros2', 'Miriam8', 'Fiorenzo8', 'Miriana4', 'Emidio9', 'Kai5', 'Arcibaldo8', 'Loris4', 'Davide8', 'Orfeo1', 'Liborio8', 'Jacopo3', 'Marzio7', 'Samira6', 'Antimo9', 'Monia6', 'Nazzareno0', 'Lidia6', 'Ileana5']
['Rocco9', 'Clodovea1', 'Caio6', 'Manfredi5', 'Luce0', 'Rosaria8', 'Quarto3', 'Maika9', 'Sasha7', 'Walter7', 'Laerte0', 'Ruth1', 'Karim1', 'Nathan9', 'Audenico0', 'Bibiana4', 'Marieva7', 'Lia2', 'Miriana7', 'Iacopo2']
['Maggiore3', 'Ubaldo1', 'Laura1', 'Cesidia8', 'Domiziano7', 'Umberto9', 'Penelope5', 'Muzio8', 'Siro0', 'Nestore5', 'Quasimodo0', 'Ubaldo2', 'Elsa0', 'Tancredi4', 'Antonio9', 'Trevis3', 'Nestore4', 'Maggiore2', 'Marino8', 'Samira4']
['Modesto4', 'Giulietta7', 'Celeste3', 'Marianita8', 'Odone8', 'Giorgio6', 'Cleros4', 'Carmela3', 'Orfeo5', 'Vania3', 'Mariagiulia4', 'Luigi7', 'Ethan3', 'Siro2', 'Kayla3', 'Marino4', 'Piersilvio0', 'Cirino1', 'Rodolfo9', 'Amerigo1']
