['Phil', 'Elinor', 'Garland', 'Gerianna', 'Herminia', 'Thalia', 'Leilah', 'Libbi', 'Valerie', 'Christabel', 'Milena', 'Vilma', 'Jaclyn', 'Siusan', 'Patience', 'Vickie', 'Uta', 'Sephira', 'Noelyn']
['Vin', 'Oliy', 'Eadie', 'Maddalena', 'Tessy', 'Debbie', 'Bell', 'Roseann', 'Emmy', 'Frankie', 'Laverne', 'Marley', 'Lanni', 'Shayna', 'Dianna', 'Tresa', 'Penny', 'Matilda', 'Mehetabel']
['Koressa', 'Ondrea', 'Reeva', 'Evvy', 'Rachel', 'Andree', 'Lillis', 'Patti', 'Geri', 'Tiffani', 'Robena', 'Jessika', 'Laraine', 'Hendrika', 'Clemmie', 'Trista', 'Myrilla', 'Chrystel', 'Lettie']
['Ardine', 'Ivie', 'Pandora', 'Shelia', 'Prudi', 'Tybi', 'HelenElizabeth', 'Gayle', 'Lyn', 'Lina', 'Billy', 'Kacey', 'Corinna', 'Joannes', 'Renae', 'Renelle', 'Annie', 'Vallie', 'Laurice']
['Thomasina', 'Anya', 'Melodie', 'Erinna', 'Eddi', 'Alvina', 'Carree', 'Marla', 'Sophie', 'Geralda', 'Karol', 'Linette', 'Pansie', 'Courtnay', 'Gwenette', 'Yalonda', 'Rosalind', 'Suellen', 'Gaynor']
['Shayne', 'Reta', 'Devinne', 'Hyacinth', 'Deeann', 'Arliene', 'Betteanne', 'Lia', 'Randene', 'AnnaDiane', 'Elisabet', 'Edeline', 'Joycelin', 'Kristin', 'Phedra', 'Kora', 'Melva', 'Mina', 'Costanza']
['Henriette', 'Avivah', 'Lila', 'Gigi', 'Tatiana', 'Lorrin', 'Elayne', 'Kania', 'Joleen', 'Jane', 'Cordie', 'Neila', 'Shelli', 'Aubrette', 'Nomi', 'Harriett', 'Ashlen', 'Meris', 'Marlyn']
['Ellie', 'Katleen', 'Biddie', 'Giselle', 'Jennica', 'Darcee', 'Kassia', 'Genna', 'Brynne', 'Jobina', 'Zorana', 'Christin', 'Raven', 'SheilaKathryn', 'Stepha', 'Dolores', 'Siobhan', 'Marice']
['Lisbeth', 'Licha', 'Lori', 'Tanya', 'Karlotta', 'Fredelia', 'Tamarra', 'Natalina', 'Keri', 'Lona', 'Raye', 'Natka', 'Martguerita', 'Katalin', 'Arleyne', 'Debby', 'Mia', 'Romonda']
['Merrielle', 'Jada', 'Denyse', 'Evangeline', 'Lita', 'Nerta', 'Nevsa', 'Laureen', 'Verina', 'Erma', 'Rosalinde', 'Cory', 'Pierrette', 'Nerissa', 'Sheeree', 'Lorena', 'Bessy']
['Esmaria', 'Alyce', 'Megan', 'Delila', 'Tressa', 'Chelsea', 'Maryl', 'Genni', 'Wendeline', 'Carline', 'Lilla', 'Lavinia', 'Laura', 'Marigold', 'Pollyanna', 'Libby', 'Vonny', 'Brenn', 'Camilla']
['Bibbie', 'Coral', 'Zoe', 'Starr', 'Susi', 'Edi', 'Ashli', 'Grazia', 'Corella', 'Cecelia', 'Tobi', 'Jorey', 'Ortensia', 'Madalena']
['Emmalynne', 'Brandise', 'Riannon', 'Marylou', 'Blake', 'Loria', 'Ethelind', 'Reggi', 'Ula', 'Kippy', 'Flori', 'Lorna', 'Andriette', 'Sofia', 'Karisa', 'Tanhya', 'Honey']
['Rosene', 'Jeannine', 'Brigid', 'Lorraine', 'Kalindi', 'Pavla', 'Lisabeth', 'Ginger', 'Misti', 'Livia', 'Constantina', 'Claudina', 'Allsun', 'Kellen', 'Crystie']
['Dulcie', 'Mareah', 'Valentine', 'Lois', 'Bobbie', 'Nelia', 'Goldi', 'Toni', 'Maryjo', 'Ray', 'Madelyn', 'Coretta', 'Hatty', 'Trude', 'Daisi', 'Annalee', 'Tilda', 'Deny', 'Ealasaid']
['Jessamyn', 'Janette', 'Serena', 'Veronike', 'Goldina', 'Madelin', 'Idell', 'Nadine', 'Eve', 'Lorinda', 'Willabella', 'Toma', 'Gussy', 'Sayre', 'Gwendolen', 'Fawne', 'Sheilah', 'Lauretta']
['Heidie', 'Tersina', 'Emilee', 'Lynnett', 'Shay', 'Cate', 'Philomena', 'Di', 'Stefa', 'Shelby', 'Brandie', 'Kay', 'Nora', 'Jacquenette', 'Kaylyn', 'Winifred', 'Dayle', 'Amitie', 'Kerstin']
['Mariette', 'Idalina', 'Jess', 'Neilla', 'Jasmin', 'Charis', 'Rebbecca', 'Anthe', 'Cristina', 'Caryn', 'Wilow', 'Sherline', 'Freda', 'Gerrilee', 'Therine', 'Laverna', 'Isabelle', 'Sharla', 'Vanessa']
['Amabel', 'Giralda', 'Jenna', 'Brynna', 'Ardenia', 'Saundra', 'Sheree', 'Marcia', 'Jodi', 'Una', 'Constantia', 'Nolana', 'Almeda', 'Drucill']
['Dulcia', 'Sara', 'Madonna', 'Raine', 'Sheena', 'Kinna', 'Christina', 'Tova', 'Heather', 'Harrie', 'Gabriell', 'Fayina', 'Chris', 'Eula', 'Pippy', 'Janey', 'Barbaraanne', 'Vivia', 'Viva']
['Callie', 'Rasla', 'Magdaia', 'Cynde', 'AnnaDiana', 'Jolie', 'Dana', 'Minnnie', 'Danell', 'Cayla', 'Sue', 'Leora', 'Natala', 'Dulcea', 'Kylen', 'Essa', 'Catina', 'Donella']
['Kata', 'Rosina', 'Meggy', 'Inna', 'Moyra', 'Vi', 'Paulette', 'Jaime', 'Terra', 'Carmelia', 'Liz', 'Wilone', 'Shani', 'Jsandye', 'Sallyanne', 'Miquela', 'Cherry', 'Phillis']
['Merline', 'Zita', 'Anjanette', 'Analise', 'Pia', 'Clari', 'Barbe', 'Kettie', 'Cordy', 'Kial', 'Midge', 'Lindsy', 'Sibylle', 'Corey', 'Susana', 'Clemmy', 'Paula']
['Carlye', 'Bria', 'Bonnee', 'Fayth', 'Lacey', 'Imogen', 'Feliza', 'Tamarah', 'Tammy', 'Henrietta', 'Nicoli', 'Johnette', 'Cinnamon', 'Ashely', 'Shaina', 'Mable', 'Kelcey', 'Kiersten', 'Erna']
['Faith', 'Jeannie', 'Jeniffer', 'Jeannette', 'Cammie', 'Mariejeanne', 'Emelina', 'Joly', 'Silva', 'Sharron', 'Paulina', 'Jeralee', 'Rozanna', 'Marjie', 'Leona', 'Camille', 'Katha', 'Kathlin', 'Helenka']
