['448', '0', '2', '102', '148', '202', '214', '237', '246', '248', '279', '390', '405', '413', '430', '465', '490']
['171', '39', '71', '90', '96', '118', '138', '152', '158', '200', '235', '238', '262', '278', '282', '285', '296', '306', '342', '343', '357', '368', '374']
['31', '8', '9', '27', '34', '36', '134', '140', '143', '150', '197', '218', '233', '243', '281', '286', '308', '316', '326', '330', '331', '395', '401']
['470', '12', '42', '93', '95', '125', '146', '192', '201', '226', '250', '268', '273', '385', '387', '399', '406', '432', '495', '497', '498']
['277', '54', '97', '98', '135', '174', '177', '182', '228', '289', '292', '299', '303', '314', '328', '333', '378', '415', '437', '439', '457']
['474', '5', '7', '48', '67', '79', '85', '107', '175', '176', '178', '231', '234', '247', '275', '295', '302', '305', '310', '321', '396', '427', '446']
['94', '1', '13', '44', '66', '92', '99', '179', '181', '199', '203', '204', '220', '288', '336', '339', '380', '426', '440', '451', '459', '468', '469']
['162', '30', '53', '119', '133', '141', '149', '154', '183', '207', '260', '284', '410', '445', '453', '482', '488', '489']
['371', '3', '21', '37', '41', '57', '63', '77', '80', '83', '103', '106', '128', '129', '155', '240', '242', '271', '294', '322', '341', '381', '393']
['319', '64', '65', '72', '88', '104', '124', '126', '127', '132', '164', '198', '212', '213', '215', '256', '280', '315', '324', '325', '379', '392', '404']
['4', '20', '38', '73', '115', '165', '185', '221', '241', '301', '309', '346', '348', '360', '372', '418', '424', '443', '450', '464', '477', '478', '480']
['35', '15', '62', '100', '121', '145', '251', '258', '261', '269', '270', '283', '298', '352', '355', '359', '363', '373', '383', '398', '419', '442', '483']
['49', '75', '78', '84', '105', '122', '139', '159', '160', '229', '263', '266', '291', '307', '317', '356', '397', '409', '444', '463', '471', '473', '485']
['52', '16', '47', '142', '167', '172', '208', '249', '267', '297', '311', '313', '354', '377', '388', '438', '462', '479', '484', '491', '493']
['111', '29', '40', '55', '74', '113', '252', '255', '257', '312', '340', '347', '350', '382', '386', '400', '411', '416', '428', '429', '449', '455', '456']
['184', '10', '17', '110', '112', '156', '191', '225', '244', '265', '318', '353', '361', '423', '452', '460', '461', '475', '486', '494', '499']
['358', '25', '70', '123', '137', '153', '161', '187', '189', '216', '224', '239', '245', '253', '274', '304', '334', '394', '407', '412', '425', '433', '487']
['89', '14', '45', '58', '109', '131', '169', '170', '210', '236', '290', '327', '421']
['166', '6', '19', '68', '76', '81', '86', '108', '117', '163', '180', '188', '196', '217', '223', '232', '272', '276', '287', '337', '344', '367', '370']
['481', '32', '33', '51', '60', '69', '82', '116', '144', '147', '151', '195', '219', '335', '351', '369', '403', '431', '434', '441', '458', '466', '476']
['24', '26', '46', '56', '61', '136', '190', '193', '205', '211', '230', '259', '264', '320', '323', '362', '364', '366', '375', '376', '391', '408', '417']
['23', '11', '22', '43', '50', '59', '101', '114', '130', '157', '173', '194', '206', '227', '293', '338', '349', '365', '384', '389', '402', '414', '422']
['447', '18', '28', '87', '91', '120', '168', '186', '209', '222', '254', '300', '329', '332', '345', '420', '435', '436', '454', '467', '472', '492', '496']
