['110', '343', '296', '271', '102', '98', '143', '370', '377', '85', '176', '173', '320', '208', '252', '255', '58', '50', '308', '309', '303']
['239', '190', '105', '34', '337', '95', '20', '372', '392', '88', '240', '325', '200', '79', '368', '389', '287', '261', '153', '42']
['279', '295', '195', '278', '103', '332', '146', '28', '188', '15', '18', '62', '201', '126', '388', '219', '289', '112', '306', '155', '156']
['374', '199', '33', '26', '378', '7', '245', '246', '13', '19', '74', '123', '367', '363', '64', '357', '285', '284', '264', '158', '40']
['100', '349', '191', '238', '232', '130', '139', '21', '376', '82', '175', '186', '202', '78', '127', '319', '380', '66', '67', '54', '302', '151', '48', '45']
['259', '346', '340', '292', '230', '136', '134', '22', '329', '68', '254', '288', '223', '221', '41']
['69', '196', '277', '101', '99', '375', '396', '12', '204', '212', '213', '265', '268', '307']
['30', '276', '339', '235', '140', '248', '171', '323', '3', '382', '60', '61', '166', '281', '263', '266', '269', '116', '111', '154']
['241', '106', '234', '148', '138', '172', '253', '209', '121', '311', '381', '258', '65', '250', '169', '267']
['394', '344', '347', '336', '147', '142', '25', '174', '315', '365', '256', '215', '57', '56', '117', '229', '228', '227', '225', '46', '44']
['122', '297', '293', '198', '197', '193', '108', '331', '6', '149', '27', '23', '397', '185', '326', '8', '165', '9', '214', '262', '119', '220']
['244', '299', '291', '31', '36', '35', '93', '125', '318', '314', '353', '218', '55', '51', '63', '114', '391']
['47', '290', '274', '335', '94', '233', '137', '11', '16', '322', '120', '310', '163', '356', '354', '260', '53', '115', '157']
['243', '342', '348', '104', '338', '90', '92', '96', '1', '178', '182', '180', '187', '14', '128', '312', '316', '369', '366', '360', '384', '167', '351', '4', '300']
['17', '341', '192', '272', '275', '32', '133', '135', '24', '400', '183', '10', '327', '324', '71', '283', '286', '59', '226', '224', '390', '159']
['164', '294', '109', '144', '145', '395', '179', '177', '184', '321', '328', '206', '77', '75', '70', '124', '129', '385', '168', '301', '49']
['170', '107', '330', '91', '237', '83', '80', '86', '87', '84', '247', '249', '181', '72', '2', '386', '387', '160', '352', '350', '358', '216', '210', '282', '304', '222']
['52', '345', '270', '273', '39', '97', '203', '207', '317', '362', '257', '161', '217', '211', '118', '399', '5']
['398', '38', '236', '231', '29', '89', '242', '205', '73', '313', '355', '113']
['43', '298', '194', '37', '334', '333', '141', '132', '131', '379', '371', '373', '393', '81', '189', '76', '364', '361', '383', '251', '162', '359', '280', '305', '150', '152']
