['Vertex324', 'Vertex49', 'Vertex134', 'Vertex169', 'Vertex181', 'Vertex253', 'Vertex269', 'Vertex288', 'Vertex325', 'Vertex338', 'Vertex371', 'Vertex377', 'Vertex223', 'Vertex185', 'Vertex231']
['Vertex397', 'Vertex63', 'Vertex190', 'Vertex316', 'Vertex337', 'Vertex408']
['Vertex244', 'Vertex89', 'Vertex166', 'Vertex197', 'Vertex229', 'Vertex301', 'Vertex368', 'Vertex392', 'Vertex393', 'Vertex396', 'Vertex432']
['Vertex235', 'Vertex41', 'Vertex57', 'Vertex108', 'Vertex146', 'Vertex159', 'Vertex161', 'Vertex217', 'Vertex242', 'Vertex289', 'Vertex294', 'Vertex327', 'Vertex375', 'Vertex436']
['Vertex66', 'Vertex82', 'Vertex116', 'Vertex177', 'Vertex187', 'Vertex205', 'Vertex236', 'Vertex239', 'Vertex259', 'Vertex282', 'Vertex345', 'Vertex362', 'Vertex387', 'Vertex402']
['Vertex287', 'Vertex144', 'Vertex149', 'Vertex174', 'Vertex179', 'Vertex219', 'Vertex258', 'Vertex317', 'Vertex331', 'Vertex355', 'Vertex357']
['Vertex101', 'Vertex111', 'Vertex142', 'Vertex162', 'Vertex178', 'Vertex221', 'Vertex252', 'Vertex273', 'Vertex278', 'Vertex358', 'Vertex363', 'Vertex403']
['Vertex131', 'Vertex46', 'Vertex118', 'Vertex373', 'Vertex381', 'Vertex390', 'Vertex428']
['Vertex150', 'Vertex40', 'Vertex51', 'Vertex168', 'Vertex170', 'Vertex232', 'Vertex400', 'Vertex437']
['Vertex145', 'Vertex76', 'Vertex85', 'Vertex107', 'Vertex141', 'Vertex214', 'Vertex255', 'Vertex305', 'Vertex311', 'Vertex314', 'Vertex339', 'Vertex431']
['Vertex348', 'Vertex96', 'Vertex121', 'Vertex133', 'Vertex171', 'Vertex199', 'Vertex274', 'Vertex275', 'Vertex291', 'Vertex295', 'Vertex419']
['Vertex300', 'Vertex90', 'Vertex119', 'Vertex182', 'Vertex194', 'Vertex198', 'Vertex222', 'Vertex228', 'Vertex254', 'Vertex283', 'Vertex394']
['Vertex117', 'Vertex59', 'Vertex64', 'Vertex87', 'Vertex147', 'Vertex163', 'Vertex200', 'Vertex307', 'Vertex319', 'Vertex320', 'Vertex326', 'Vertex332', 'Vertex342', 'Vertex352', 'Vertex369']
['Vertex347', 'Vertex50', 'Vertex60', 'Vertex88', 'Vertex183', 'Vertex203', 'Vertex224', 'Vertex234', 'Vertex264', 'Vertex286', 'Vertex333', 'Vertex399']
['Vertex272', 'Vertex94', 'Vertex98', 'Vertex110', 'Vertex126', 'Vertex129', 'Vertex388', 'Vertex413', 'Vertex416']
['Vertex249', 'Vertex263', 'Vertex296', 'Vertex405']
['Vertex303', 'Vertex79', 'Vertex165', 'Vertex195', 'Vertex220', 'Vertex245', 'Vertex246', 'Vertex350', 'Vertex383', 'Vertex409', 'Vertex412']
['Vertex237', 'Vertex70', 'Vertex92', 'Vertex115', 'Vertex122', 'Vertex225', 'Vertex292', 'Vertex329', 'Vertex365', 'Vertex422']
['Vertex120', 'Vertex54', 'Vertex65', 'Vertex102', 'Vertex103', 'Vertex132', 'Vertex257', 'Vertex354', 'Vertex411']
['Vertex139', 'Vertex100', 'Vertex158', 'Vertex266', 'Vertex267', 'Vertex277', 'Vertex335', 'Vertex359', 'Vertex385', 'Vertex398', 'Vertex404', 'Vertex439']
['Vertex364', 'Vertex72', 'Vertex130', 'Vertex148', 'Vertex196', 'Vertex285']
['Vertex153', 'Vertex97', 'Vertex104', 'Vertex113', 'Vertex261', 'Vertex265', 'Vertex299', 'Vertex315', 'Vertex366']
['Vertex334', 'Vertex81', 'Vertex84', 'Vertex109', 'Vertex140', 'Vertex201', 'Vertex204', 'Vertex210', 'Vertex276', 'Vertex322', 'Vertex374', 'Vertex407', 'Vertex420']
['Vertex268', 'Vertex155', 'Vertex176', 'Vertex230', 'Vertex298', 'Vertex376', 'Vertex378', 'Vertex406']
['Vertex186', 'Vertex74', 'Vertex123', 'Vertex173', 'Vertex193', 'Vertex209', 'Vertex233', 'Vertex391']
['Vertex341', 'Vertex52', 'Vertex69', 'Vertex106', 'Vertex128', 'Vertex157', 'Vertex309', 'Vertex351', 'Vertex360', 'Vertex379', 'Vertex389', 'Vertex430']
['Vertex137', 'Vertex55', 'Vertex93', 'Vertex207', 'Vertex238', 'Vertex284']
['Vertex250', 'Vertex91', 'Vertex152', 'Vertex175', 'Vertex192', 'Vertex206', 'Vertex395', 'Vertex414', 'Vertex434']
['Vertex216', 'Vertex75', 'Vertex86', 'Vertex136', 'Vertex154', 'Vertex188', 'Vertex189', 'Vertex304', 'Vertex310', 'Vertex361', 'Vertex410']
['Vertex105', 'Vertex67', 'Vertex156', 'Vertex271', 'Vertex281', 'Vertex321', 'Vertex343', 'Vertex401']
['Vertex438', 'Vertex227', 'Vertex384', 'Vertex421', 'Vertex424']
['Vertex349', 'Vertex47', 'Vertex73', 'Vertex80', 'Vertex213', 'Vertex243', 'Vertex248', 'Vertex293', 'Vertex386']
['Vertex425', 'Vertex48', 'Vertex62', 'Vertex77', 'Vertex78', 'Vertex143', 'Vertex212', 'Vertex260', 'Vertex353', 'Vertex367', 'Vertex423']
['Vertex68', 'Vertex53', 'Vertex71', 'Vertex114', 'Vertex124', 'Vertex151', 'Vertex218', 'Vertex279', 'Vertex306', 'Vertex429']
['Vertex256', 'Vertex44', 'Vertex45', 'Vertex95', 'Vertex125', 'Vertex184', 'Vertex191', 'Vertex344', 'Vertex382', 'Vertex415']
['Vertex297', 'Vertex112', 'Vertex208', 'Vertex211', 'Vertex313', 'Vertex318', 'Vertex330', 'Vertex372', 'Vertex426']
['Vertex280', 'Vertex61', 'Vertex127', 'Vertex160', 'Vertex180', 'Vertex312', 'Vertex356', 'Vertex417', 'Vertex433', 'Vertex435']
['Vertex172', 'Vertex43', 'Vertex83', 'Vertex226', 'Vertex247', 'Vertex262', 'Vertex328', 'Vertex380', 'Vertex427']
['Vertex346', 'Vertex42', 'Vertex56', 'Vertex135', 'Vertex138', 'Vertex164', 'Vertex202', 'Vertex215', 'Vertex251', 'Vertex290', 'Vertex336', 'Vertex370']
['Vertex58', 'Vertex99', 'Vertex167', 'Vertex240', 'Vertex241', 'Vertex270', 'Vertex302', 'Vertex308', 'Vertex323', 'Vertex340', 'Vertex418']
