['Cliff', 'Margo', 'Wally', 'Lauri', 'Chang', 'Rhett', 'Helga', 'Fidel', 'Naomi', 'Robin', 'Linda', 'Willy', 'Jared', 'Julia', 'Ellen', 'Britt', 'Clyde', 'Annie', 'Benny', 'Adele', 'Mikel', 'Malik', 'Joann', 'Elvin', 'Monty', 'Jonah', 'Louis', 'Mason', 'Julio', 'Tyron', 'Mable', 'Wyatt', 'Darin', 'April', 'Sonja', 'Gayle', 'Kevin', 'Erick', 'Corey', 'James', 'Janet', 'Karin', 'Tommy', 'Betsy', 'Cindy', 'Verna', 'Grant', 'Jamar', 'Ervin', 'Clint']
['Leona', 'Nancy', 'Ilene', 'Dixie', 'Kayla', 'Wendi', 'Alice', 'Bette', 'Lanny', 'Lucio', 'Robyn', 'Teddy', 'Cyrus', 'Sandy', 'Arlen', 'Ruben', 'Devin', 'Issac', 'Clara', 'Jaime', 'Lyman', 'Freda', 'Alvin', 'Craig', 'Carla', 'Karen', 'Trent', 'Amado', 'Brady', 'Jamel', 'Barry', 'Della', 'Terry', 'Zelma', 'Candy', 'Becky', 'Elmer', 'Ernie', 'Myron', 'Allan', 'Emery', 'Nelda', 'Sadie', 'Tracy', 'Mitzi', 'Ollie', 'Doris', 'Vicky', 'Bryan', 'Josef']
['Tanya', 'Quinn', 'Roger', 'Marla', 'Aline', 'Felix', 'Moses', 'Erika', 'Donny', 'Lorie', 'Greta', 'Marcy', 'Cesar', 'Irvin', 'Viola', 'Casey', 'Laura', 'Ebony', 'Bruno', 'Ahmad', 'Claud', 'Holly', 'Marty', 'Basil', 'Perry', 'Chris', 'Bryon', 'Avery', 'Vilma', 'Nikki', 'Essie', 'Elsie', 'Hazel', 'Paige', 'Dario', 'Edwin', 'Renee', 'Joyce', 'Maria', 'Buddy', 'Leroy', 'Queen', 'Elias', 'Ariel', 'Wilma', 'Odell', 'Chase', 'Danny', 'Brent', 'Aaron']
['Clark', 'Rhoda', 'Maude', 'Chong', 'Marci', 'Davis', 'Mandy', 'Bryce', 'Ronny', 'Tessa', 'Peter', 'Lorna', 'Dusty', 'Hilda', 'Effie', 'Roxie', 'Kathy', 'Kirby', 'Erica', 'Katie', 'Sally', 'Dwain', 'Fritz', 'Sammy', 'Rusty', 'Leila', 'Billy', 'Sybil', 'Wendy', 'Shaun', 'Shane', 'Dante', 'Mamie', 'Alton', 'Elena', 'Audra', 'Mitch', 'Sonny', 'Tonia', 'Leann', 'Wanda', 'Orval', 'Homer', 'Flora', 'Hyman', 'Mario', 'Lacey', 'Janis', 'Major', 'Tammi']
['Tasha', 'Daron', 'Randi', 'Jacob', 'Garry', 'Elvia', 'Nadia', 'Pedro', 'Kelly', 'Amber', 'Deann', 'Moshe', 'Donna', 'Debra', 'Rufus', 'Timmy', 'Randy', 'Olive', 'Terri', 'Misty', 'Merle', 'Berta', 'Percy', 'Adela', 'Roman', 'Pansy', 'Micah', 'Sofia', 'Emily', 'Pearl', 'Brant', 'Jason', 'Eddie', 'Tonya', 'Twila']
['Jayne']
['Maura']
['Steve']
['David']
['Lydia']
['Josie']
['Melba']
['Carly']
['Staci']
['Bobbi']
['Daisy']
['Sheri']
['Brian']
['Patti']
['Brock']
