['41', '98', '162', '203', '214', '227']
['240', '34', '65', '90', '152', '179']
['77', '8', '107', '122', '147', '157']
['242', '15', '17', '174', '186', '215']
['217', '62', '126', '128', '132', '150']
['125', '56', '108', '156', '165', '180']
['84', '46', '136', '188', '232', '93']
['92', '5', '26', '68', '102', '129']
['143', '21', '88', '149', '166', '191']
['94', '11', '14', '120', '167', '234']
['199', '74', '97', '153', '23', '185']
['100', '13', '55', '109', '200', '135']
['116', '47', '60', '112', '194', '231']
['176', '82', '145', '184', '141', '148']
['80', '53', '64', '115', '121', '130']
['164', '96', '146', '154', '159', '189']
['170', '66', '70', '117', '221', '250']
['78', '37', '91', '220', '192', '10']
['228', '187', '223']
['52']
['99', '45', '249']
['212', '57', '59', '229']
['239', '9', '73', '144', '177', '208']
['6', '75', '123', '160', '175', '216']
['137', '54', '127', '247', '248']
['4', '28', '35', '131', '158']
['119', '3', '79', '114', '139', '163']
['171', '197', '201', '205', '209']
['204', '61', '81', '85', '106', '181']
['196', '169', '183', '210', '235']
['226', '89', '110', '193', '198', '219']
['134', '48', '104', '105', '224']
['20', '71', '173', '225']
['133', '42', '83', '190', '238', '243']
['118', '58', '111', '178', '241']
['230', '39', '244']
['63', '16', '246']
['87', '33', '172', '213', '222', '245']
['151', '95', '155', '207', '237']
['32', '103']
['50', '36', '211']
['202', '0', '1', '30', '142', '161']
['69', '12', '18', '40', '49', '51']
['86', '2', '25']
['236']
['67', '113', '140', '182', '233']
['124', '7', '27', '101', '168', '218']
['38', '24', '43', '138']
['195', '44', '76']
['206', '19', '22', '29', '31', '72']
