['Israel', 'Matthew', 'Aiden', 'Henry', 'Jordan', 'Kyle', 'Knox', 'Finley', 'Martin']
['Aidan', 'Oliver', 'Daniel', 'John', 'Jeremiah', 'Kingston', 'Maddox', 'Brooks', 'Sean', 'Dallas']
['Beckett', 'Christopher', 'Asher', 'Kayden', 'Declan', 'Eric', 'Karter', 'River', 'Derek', 'Arthur']
['Justin', 'Lucas', 'Alexander', 'Zachary', 'Brandon', 'Malachi', 'Gael', 'Matteo', 'Oscar', 'Matias']
['Ryder', 'Mateo', 'Aaron', 'Nolan', 'Evan', 'Ashton', 'Tanner', 'Cash']
['Landon', 'Angel', 'Jason', 'Jameson', 'Axel', 'George', 'Jayce', 'Nicolas', 'Peter', 'Charlie']
['Luis', 'Joseph', 'Eli', 'Ezra', 'Jace', 'Cole', 'Juan', 'Clayton', 'Legend', 'Phoenix']
['Grant', 'Mason', 'Parker', 'Miles', 'Paxton', 'Brady', 'Jorge', 'Leon', 'Erick', 'Ace']
['Tristan', 'Sebastian', 'Jayden', 'Levi', 'Ryan', 'Greyson', 'Blake', 'Abraham', 'Omar', 'Simon']
['Weston', 'Thomas', 'Cameron', 'Waylon', 'Jesse', 'Kaden', 'Thiago', 'Walter', 'Colt', 'Louis']
['Griffin', 'David', 'Isaac', 'Caleb', 'Dominic', 'Tyler', 'Alex', 'Andres', 'Jax', 'Paul']
['Antonio', 'Carter', 'Bryce', 'Joel', 'Alejandro', 'Judah', 'Milo', 'Archer', 'Manuel', 'Cody']
['Stephen', 'Wyatt', 'Easton', 'Lorenzo', 'Mark', 'Bryan', 'Enzo', 'Kameron', 'Tobias', 'Amari']
['Rylan', 'am', 'Ayden', 'Wesley', 'Braxton', 'Bennett', 'Alan', 'Elliott', 'Avery', 'Jasper']
['Nash', 'Jackson', 'Jonathan', 'Vincent', 'Harrison', 'Emmett', 'Rowan', 'Tucker', 'Graham', 'Kaleb']
['Isaiah', 'Adam', 'Sawyer', 'Everett', 'Abel', 'Amir', 'Jonah', 'Zayden', 'Messiah', 'Bradley']
['Remington', 'James', 'Theodore', 'Bryson', 'Xander', 'Jeremy', 'Zane', 'Emiliano', 'Brian', 'Lukas']
['Noah', 'Anthony', 'Nathan', 'Christian', 'Silas', 'Emmanuel', 'Steven', 'Dean', 'Preston', 'Dawson']
['Luca', 'Charles', 'Beckham', 'Karson', 'Eduardo']
['Leo', 'Logan', 'Samuel', 'Gabriel', 'Andrew', 'Ian', 'Elias', 'Ezekiel', 'Kaiden', 'Zion']
['Ivan', 'Brayden', 'Carson', 'Maverick', 'Victor', 'Barrett', 'Josue', 'Emerson', 'Iker']
['Nicholas', 'William', 'Luke', 'Bentley', 'Brody', 'August', 'Marcus', 'Holden', 'Jake', 'Francisco']
['Theo', 'Dylan', 'Josiah', 'Hunter', 'Adrian', 'Brantley', 'Felix', 'Corbin', 'Emilio', 'Chance']
['Jose', 'Santiago', 'Nathaniel', 'Ryker', 'Richard', 'Kyrie', 'Cayden', 'Riley', 'Gunner', 'Damien']
['Patrick', 'Cooper', 'Max', 'Diego', 'Jesus', 'Miguel', 'Killian', 'Andre', 'Rafael', 'Reid']
['Elijah', 'Jaxon', 'Colton', 'Xavier', 'Chase', 'King', 'Beau', 'Jude', 'Finn', 'Rhett']
['Caden', 'Ethan', 'Grayson', 'Jack', 'Lincoln', 'Hudson', 'Timothy', 'Kenneth', 'Zander', 'Adriel']
['Elliot', 'Benjamin', 'Jacob', 'Leonardo', 'Damian', 'Kai', 'Hayden', 'Myles', 'Javier', 'Jaden']
['Julian', 'Joshua', 'Connor', 'Robert', 'Austin', 'Roman', 'Micah', 'Giovanni', 'Calvin', 'Maximus']
['Colin', 'Michael', 'Owen', 'Jaxson', 'Gavin', 'Kevin', 'Carlos', 'Maxwell', 'Camden', 'Edward']
