['352', '0', '11', '23', '47', '48', '108', '110', '174', '325', '358']
['83', '38', '104', '113', '199', '308', '310', '387', '389', '393']
['35', '34', '86', '139', '143', '152', '235', '262', '287', '332', '372', '398']
['60', '19', '36', '39', '45', '336', '394']
['338', '1', '13', '135', '148', '157', '171', '200', '328', '330', '391']
['329', '41', '72', '99', '116', '151', '195', '274', '289', '299', '318']
['353', '15', '55', '89', '93', '102', '138', '182', '230', '242', '243', '273']
['380', '59', '98', '130', '220', '227', '238', '316', '320', '359', '385']
['366', '167', '169', '183', '189', '261', '303', '305', '322', '326', '367', '369']
['288', '37', '82', '109', '172', '240', '335', '346', '373', '396']
['163', '17', '68', '71', '73', '155', '224', '334', '340', '364', '392']
['67', '40', '42', '96', '131', '132', '137', '181', '213', '225', '229', '309']
['264', '3', '79', '153', '154', '239', '354', '360', '361']
['49', '9', '50', '65', '184', '282', '286']
['176', '6', '16', '75', '115', '170', '175', '192', '206', '256', '319', '324']
['307', '120', '125', '207', '333']
['371', '5', '64', '80', '84', '122', '141', '193', '223', '260', '263', '270']
['63', '244', '285']
['12', '20', '66', '218', '248', '293', '327', '343', '381']
['77', '117', '205', '250', '252', '331', '337', '345']
['247', '88', '92', '114', '180', '208', '232', '277', '278', '382', '400']
['210', '54', '91', '134', '142', '149', '194', '241', '253', '258', '296', '302']
['29', '32', '191', '196', '211', '265', '267', '294', '347']
['74', '56', '69', '101', '112', '164', '165', '166', '234', '301', '376', '383']
['156', '24', '43', '87', '111', '145', '209', '228', '283']
['311', '10', '51', '95', '159', '202', '268', '269', '275', '298', '304', '351']
['161', '53', '58', '121', '168', '201', '231', '272', '321', '377', '390']
['291', '8', '21', '70', '186', '190', '314', '344', '355', '379']
['178', '18', '103', '127', '136', '140', '144', '158', '215', '236', '245', '281']
['395', '2', '90', '107', '119', '254', '363']
['341', '105', '106', '214', '222', '237', '249', '300', '312']
['162', '25', '26', '81', '221', '246', '295', '323', '386', '388']
['365', '52', '177', '217', '257']
['78', '76', '126', '129', '266', '271', '317']
['378', '57', '100', '124', '173', '197', '226', '251', '279', '280', '374', '384']
['356', '31', '44', '128', '147', '203', '259', '276', '284', '368']
['297', '30', '33', '46', '94', '97', '187', '188', '198', '255', '292', '342']
['160', '28', '118', '146', '179', '313', '315', '349', '357', '370', '397', '399']
['61', '4', '7', '14', '22', '27', '85', '150', '216', '219', '233', '290']
['375', '62', '123', '133', '185', '204', '212', '306', '339', '348', '350', '362']
