['Oluwatobi', 'Kaeley', 'Caliegh', 'Samauri', 'Atika', 'Desteni', 'Rohil', 'Aibhilin', 'Dea', 'Salmaan', 'Deidre', 'Sharlene', 'Timia', 'Leib', 'Zackrey', 'Kaymi', 'Jalyiah', 'Shalonda', 'Jemiah', 'Tralaya', 'Gwendolynn', 'Halo', 'Kobe', 'Seiry', 'Abdulrehman', 'Sincere', 'Mumin', 'Aley', 'Guadalupe', 'Dusan']
['Miley', 'Bow', 'Dairon', 'Janine', 'Lailani', 'Tanyla', 'Marwan', 'Thien', 'Khalee', 'Charlett', 'Juliano', 'Merlina', 'Adeleine', 'Jailon', 'Farah', 'Nitzia', 'Lilyonna', 'Lealand', 'Kemily', 'Kamora', 'Chyna', 'Merary', 'Amonti', 'Ingrid', 'Tam', 'Crystina', 'Nakari', 'Denize', 'Anadalay', 'Raphael']
['Jirah', 'Dereck', 'Marialy', 'Alyze', 'Zamyah', 'Marcellino', 'Kaushik', 'Zaahir', 'Sevren', 'Gertrude', 'Bright', 'Haya', 'Kay', 'Raeleigh', 'Vanesa', 'Yaire', 'Carena', 'Jaaziah', 'Olive', 'Larrissa', 'Terriona', 'Avigail', 'Lilienne', 'Taye', 'Zahriyah', 'Jaleesa', 'Jalilah', 'Daxen', 'Quintavious', 'Amr']
['Kirubel', 'Fidel', 'Coulson', 'Nohely', 'Dhalia', 'Tajuan', 'Kinzie', 'Cicily', 'Trenise', 'Mikea', 'Jamonte', 'Shardae', 'Nancy', 'Marcellius', 'Elysha', 'Ettel', 'Delisha', 'Katalina', 'Detravion', 'Taegan', 'Jezzelle', 'Keemya', 'Nidhi', 'Citlally', 'Thaddius', 'Kairy', 'Ramses', 'Gracia', 'Feven', 'Treyson']
['Sayd', 'Mckaylin', 'Abdulraheem', 'Montana', 'Carsten', 'Danyca', 'Jamiyla', 'Antwane', 'Sameeha', 'Adysen', 'Leni', 'Aleiyah', 'Sihaam', 'Zinia', 'Azeriah', 'Yonason', 'Ameerah', 'Navia', 'Makyra', 'Eeliyah', 'Arsalan', 'Kayliann', 'Jamaad', 'Saheim', 'Kaeleen', 'Nethra', 'Akasha', 'Shakila', 'Yu', 'Soniah']
['Fe', 'Bailei', 'Inaki', 'Guy', 'Jacob', 'Takia', 'Camill', 'Coraline', 'Amor', 'Avielle', 'Veena', 'Mezmariah', 'Braeley', 'Eddieberto', 'Dashun', 'Jeru', 'Ishmel', 'Yajahira', 'Anouk', 'Jos', 'Deriyon', 'Zuzanna', 'Dajana', 'Osmin', 'Quentyn', 'Vivica', 'Srinath', 'Alayasia', 'Demetreus', 'Giankarlo']
['Kenniyah', 'Cylah', 'Yarithza', 'Julia', 'Deedra', 'Harlem', 'Adriene', 'Ahnaya', 'Hayven', 'Shiala', 'Anastacio', 'Jekeria', 'Jophy', 'Shanell', 'Liat', 'Nakaya', 'Endi', 'Jandre', 'Aysenur', 'Shamyia', 'Dominika', 'Aayana', 'Shelbee', 'Jomary', 'Vedika', 'Keni', 'Nalaya', 'Eliziah', 'Cynae', 'Antonin']
['Tobias', 'Cliff', 'Emree', 'Markise', 'Zayquan', 'Mailen', 'Abaan', 'Jerel', 'Litsy', 'Keyin', 'Jeremias', 'Kyo', 'Eleah', 'Marik', 'Tahir', 'Dessie', 'Evia', 'Jasiya', 'Loni', 'Mikaelah', 'Quintasia', 'Donnovan', 'Kaira', 'Suri', 'Anela', 'Jaydah', 'Liann', 'Fox', 'Byron', 'Reynaldo']
['Lamariah', 'Jazir', 'Treyonna', 'Xaviel', 'Jahlen', 'Evangelyne', 'Asha', 'Emilie', 'Ayahna', 'Kapena', 'Prakruti', 'Lauralynn', 'Ancel', 'Rayne', 'Artie', 'Aarohi', 'Shamaiya', 'Serenety', 'Daxx', 'Lada', 'Colie', 'Alaija', 'Tayseer', 'Anagha', 'Handsome', 'Michaell', 'Margie', 'Brenya', 'Britnee', 'Delara']
['Hakop', 'Satomi', 'Jaquis', 'Aman', 'Tayyab', 'Jaleena', 'Kameryn', 'Milene', 'Jersi', 'Zykerria', 'Brydan', 'Jayme', 'Rosalio', 'Adanna', 'Johnavan', 'Nishta', 'Jarem', 'Elisah', 'Ellarie', 'Adaley', 'Kalum', 'Chanze', 'Basha', 'Seleen', 'Tafari', 'Ori', 'Aylana', 'Kitty', 'Taigen', 'Charlize']
['Abhinav', 'Zolin', 'Ricky', 'Mykaylah', 'Sagan', 'Dainen', 'Mikyla', 'Nakeya', 'Khloee', 'Isaak', 'Jasahn', 'Jebediah', 'Emmely', 'Kyston', 'Tashvi', 'Masud', 'Aizik', 'Jesus', 'Jamaine', 'Michai', 'Dorcas', 'Jatziry', 'Fabrizzio', 'Lizmari', 'Bristol', 'Jovey', 'Mylani', 'Rexford', 'Zyeir', 'Jakelin']
['Lazaria', 'Gunther', 'Nayara', 'Marnae', 'Jahred', 'Artyom', 'Sydelle', 'Jabes', 'Dhyan', 'Doyle', 'Yarisbel', 'Shahid', 'Yavian', 'Jarrell', 'Rielly', 'Adaisha', 'Rey', 'Jesalyn', 'Jema', 'Davidjr', 'Devaun', 'Jaeline', 'Ganon', 'Sashya', 'Derionna', 'Zoiee', 'Tobechi', 'Alison', 'Hugo', 'Carine']
['Sussy', 'Kaleo', 'Thadius', 'Alyiana', 'Dell', 'Salif', 'Casandra', 'Tasi', 'Gor', 'Azzareya', 'Stefanny', 'Laticia', 'Tralyn', 'Brinleigh', 'Sabastion', 'Dyami', 'Merissa', 'Kenzington', 'Jdan', 'Marifer', 'Spartan', 'Niemah', 'Siena', 'Jamear', 'Joed', 'Donnelle', 'Amritha', 'Gyzelle', 'Kaymarie', 'Mykenna']
['Hannelore', 'Kenzo', 'Alainna', 'Hashem', 'Leighann', 'Marrius', 'Noami', 'Bailynn', 'Keyvin', 'Katarina', 'Tyannah', 'Ryleeann', 'Soriya', 'Abdoulaziz', 'Abriyana', 'Marck', 'Blaine', 'Kellon', 'Shannel', 'Emmanuela', 'Shy', 'Iris', 'Apollonia', 'Sevastian', 'Sheniyah', 'Jameisha', 'Gauge', 'Anwesha', 'Benito', 'Ailene']
['Ilyn', 'Estephanie', 'Serra', 'Giannie', 'Kariana', 'Farha', 'Kirrah', 'Rock', 'Raymir', 'Larry', 'Alieyah', 'Maude', 'Mylez', 'Janesha', 'Lakiyah', 'Kenzlie', 'Kimball', 'Orren', 'Jerriah', 'Venezia', 'Jax', 'Cordai', 'Trystian', 'Shamiyah', 'Hesham', 'Oviya', 'Analiah', 'Selena', 'Hallei', 'Renyah']
['Shanaiya', 'Matt', 'Griffon', 'Mircale', 'Cisco', 'Aryeh', 'Noha', 'Aanyah', 'Helaman', 'Sinia', 'Kvaughn', 'Armita', 'Ally', 'Khila', 'Ron', 'Ebany', 'Malaja', 'Mariaelena', 'Cyris']
['Natasia']
['Lukis']
['Keili']
['Azavier']
['Mylie']
['Dragon']
['Lynia']
['Monserath']
['Deliany']
['Chidi']
['Mikelle']
['Tacori']
['Coi']
['Casondra']
['Khamil']
['Meryl']
['Sanae']
['Elway']
['Vyncent']
['Leilah']
['Andriy']
['Jaquan']
['Kensleigh']
['Stafford']
['Jaimarie']
['Trinitey']
['Antrone']
['Vinnie']
['Natsumi']
['Keion']
['Asa']
