['102', '367']
['281', '440']
['64']
['101']
['209', '319', '360', '436']
['340', '107']
['279', '229']
['195']
['25', '208', '485']
['48']
['434', '72', '356']
['251', '239']
['165']
['99', '69']
['32', '196']
['40', '347']
['403', '171', '492']
['405', '38', '41']
['499']
['103', '37', '277', '305']
['259', '77']
['113', '1', '205', '308']
['8']
['22']
['44']
['85', '345']
['167']
['327', '43']
['449', '222', '456']
['253']
['67', '120']
['147', '270']
['480', '459']
['388', '343']
['189']
['29', '12']
['432', '9', '185']
['260', '58', '357', '394']
['163', '34', '125', '312', '355']
['280', '361']
['129', '442', '484']
['329', '179', '272']
['115', '373']
['384']
['139']
['428']
['204', '338']
['297', '50', '380']
['119']
['370', '187']
['435', '381']
['295']
['497', '266', '339', '491']
['228', '53']
['71', '70', '271']
['133', '455']
['244', '395']
['18', '227', '286', '324']
['176', '257', '419']
['135', '149', '315']
['414']
['5']
['57', '148', '254', '477']
['212', '42', '344']
['464', '45', '92', '397', '458']
['52', '335', '420']
['476', '183', '292']
['472', '172', '416']
['93', '431']
['284']
['382', '375']
['213', '407']
['321', '471']
['20', '6', '320', '408']
['83']
['27', '424']
['366', '97', '474']
['441', '238']
['138', '19', '121']
['203']
['283', '36', '60']
['177', '166']
['90', '231', '265']
['421', '76', '199', '317']
['378', '304']
['498', '108']
['232', '446']
['412', '264']
['377', '142', '158', '448']
['26']
['290', '24']
['438']
['46', '325', '445']
['460']
['287']
['278', '168']
['402', '371']
['331', '226', '310', '390', '409']
['116', '160', '262']
['81']
['197', '17', '174', '255', '358', '466']
['235', '457']
['230', '51']
['30', '493']
['73', '78', '161', '207']
['453']
['306']
['237']
['252']
['175', '79', '282']
['146', '389']
['245', '66', '98', '309', '326']
['211', '291', '332']
['406', '87', '123']
['494', '150']
['417', '248', '268', '289']
['236', '178', '249', '495']
['426']
['201', '39', '128', '470']
['75']
['56', '173']
['159', '95']
['16', '94', '202', '219', '311', '469']
['124']
['274', '269']
['267', '114', '191', '450']
['401']
['391']
['323', '122', '164', '313', '461']
['413', '363']
['89']
['422', '307', '447']
['170']
['349']
['443']
['294']
['376', '110', '136', '351']
['273', '314']
['374', '117']
['302', '31', '155']
['131', '4', '359']
['151', '210']
['404']
['418', '21', '62', '427']
['184', '7', '33', '463']
['452']
['318', '137']
['300', '256']
['35', '221']
['348', '481']
['322']
['105', '293']
['433', '100', '383']
['483', '11', '276']
['299', '13', '157']
['350', '0', '337']
['288', '437']
['334']
['223', '156', '215']
['423', '392']
['285', '330']
['490', '333']
['2']
['372', '162', '181']
['126', '55', '250', '342', '429']
['192', '489']
['246', '10', '82', '214']
['387', '84', '353']
['169', '400', '467']
['200']
['369', '152', '217', '486']
['465', '143', '234']
['478', '118']
['15', '379']
['91', '86', '206', '488']
['354', '88', '398']
['80', '247', '385', '399']
['316']
['225', '106', '425']
['3', '243']
['296', '132']
['96']
['23']
['154', '301']
['473', '180']
['328']
['487', '241', '362']
['74', '153']
['479', '233']
['336', '28', '346', '444']
['14', '134', '144']
['410']
['365', '49', '65']
['368', '63', '182']
['364']
['61', '54', '112', '396']
['415', '411']
['468', '186']
['275', '352']
['430', '341']
['188', '298']
['451', '68']
['104', '198', '482']
['190', '59', '141', '303']
['109', '111', '127', '130', '220']
['261']
['140', '145', '240']
['263', '194']
['258', '224', '386', '454']
['193', '393']
['242', '47']
['216', '218', '439']
['462', '475', '496']
