['149', '34', '45', '55', '58', '79', '89', '167', '238', '257', '259', '272', '299', '319', '340']
['293', '7', '14', '47', '93', '138', '204', '208', '209', '303', '315', '329', '347', '349', '382', '388']
['317', '41', '100', '141', '160', '200', '203', '207', '235', '250', '253', '271', '273', '275', '295', '342', '378', '381', '384', '395']
['6', '57', '113', '161', '233', '305', '309', '312', '328', '333', '336', '383']
['56', '3', '35', '124', '184', '217', '284', '327', '362', '369']
['387', '5', '11', '102', '127', '128', '202', '236', '252', '346', '356', '366', '376', '389']
['183', '1', '2', '50', '135', '147', '231', '310', '350', '372']
['172', '17', '59', '65', '73', '109', '150', '152', '175', '186', '210', '211', '225', '226', '248', '266', '269', '331', '365']
['157', '30', '64', '97', '137', '159', '162', '218', '220', '244', '324']
['373', '21', '114', '145', '261', '298', '354', '358', '394', '397']
['126', '33', '66', '106', '134', '146', '190', '197', '215', '249', '313', '353']
['234', '0', '131', '166', '260', '274', '292', '307', '308', '320', '335', '338', '367', '392']
['54', '27', '154', '158', '168', '191', '192', '199', '280', '282', '323']
['103', '43', '80', '90', '94', '99', '123', '144', '182', '185', '188', '212', '267', '278', '291', '321', '348']
['20', '36', '62', '87', '110', '228', '322']
['88', '4', '22', '25', '32', '81', '118', '151', '177', '360']
['38', '18', '83', '107', '122', '285', '290', '301', '304', '339', '351']
['49', '60', '71', '86', '92', '104', '243', '254', '314', '318', '337', '343', '361', '379']
['176', '12', '24', '29', '143', '164', '178', '213', '230', '247', '268', '357']
['82', '16', '28', '40', '61', '91', '117', '205', '222', '229', '255', '279', '288', '326', '341', '345', '352', '370']
['84', '8', '70', '108', '121', '130', '170', '171', '196', '363', '386', '391']
['53', '46', '52', '76', '105', '156', '173', '195', '237', '262', '306']
['194', '10', '98', '101', '111', '132', '169', '187', '214', '223', '251', '283', '368']
['96', '48', '72', '119', '120', '129', '148', '174', '221', '297', '300', '355', '374', '390', '393']
['294', '26', '69', '75', '95', '115', '116', '139', '142', '180', '189', '198', '242', '246', '265', '377']
['277', '31', '39', '42', '77', '140', '201', '240', '241', '258', '270', '296', '375', '396']
['19', '15', '23', '68', '78', '85', '125', '133', '136', '216', '224', '276', '286', '332', '334', '385']
['281', '37', '67', '153', '163', '165', '181', '219', '232', '239', '264', '344', '380']
['51', '155', '179', '206', '227', '289', '302', '311', '316', '330', '359', '371']
['112', '9', '13', '44', '63', '74', '193', '245', '256', '263', '287', '325', '364']
