['64', '53', '62', '183', '244', '330', '366', '385', '397', '402', '424', '448']
['365', '43', '85', '107', '116', '164', '177', '188', '201', '246', '249', '375', '390', '419', '427', '428', '488']
['81', '34', '37', '40', '174', '180', '202', '221', '270', '312', '340', '348', '362', '460', '472', '476']
['357', '11', '33', '41', '45', '74', '89', '90', '96', '156', '182', '228', '287', '302', '317', '341', '387', '401', '422', '461', '477']
['140', '52', '99', '146', '196', '247', '269', '335', '346', '350', '353', '364', '440', '445', '462', '480', '484', '494']
['453', '7', '21', '28', '31', '111', '159', '231', '253', '275', '320', '388', '396', '485', '486', '490']
['171', '6', '24', '56', '88', '129', '143', '185', '189', '299', '300', '356', '367', '379']
['234', '59', '84', '92', '93', '112', '113', '167', '192', '209', '230', '260', '373', '416', '430', '456']
['239', '12', '29', '35', '38', '67', '136', '168', '181', '193', '206', '245', '326', '336', '345', '384', '389', '449', '458']
['26', '51', '73', '123', '152', '197', '199', '217', '254', '284', '285', '298', '309', '322', '338', '349', '400', '403', '406', '411', '437']
['318', '16', '47', '76', '97', '102', '110', '121', '128', '133', '139', '195', '286', '371', '381', '439', '469']
['204', '5', '14', '58', '126', '187', '238', '257', '259', '295', '308', '339', '358', '361', '395', '466', '493']
['436', '10', '98', '103', '108', '118', '119', '170', '194', '214', '278', '288', '323', '360', '418', '433', '492']
['291', '50', '82', '135', '142', '153', '169', '218', '265', '280', '282', '337', '392', '423']
['481', '1', '13', '39', '60', '72', '141', '166', '207', '256', '273', '294', '325', '363', '376', '404', '457', '467', '473']
['173', '22', '78', '105', '124', '147', '155', '203', '215', '271', '301', '343', '377', '380', '470']
['459', '18', '19', '23', '83', '208', '213', '222', '250', '283', '297', '314', '431', '435']
['132', '70', '94', '125', '148', '157', '223', '236', '241', '290', '313', '352', '369', '417', '463', '483']
['211', '32', '44', '68', '161', '175', '190', '233', '263', '267', '292', '304', '328', '332', '394', '408', '420', '444', '454']
['468', '3', '8', '9', '104', '131', '219', '232', '329', '347', '398', '405', '413', '441', '447', '478']
['0', '2', '49', '117', '412', '442', '446', '450', '452', '471']
['127', '100', '160', '163', '229', '248', '268', '296', '305', '310', '315', '333', '355', '372', '426', '434', '451', '474']
['344', '20', '30', '36', '42', '71', '115', '154', '162', '184', '198', '200', '210', '224', '264', '277', '303', '327', '382', '432']
['386', '15', '212', '220', '237', '251', '252', '293', '331', '354', '378', '495']
['407', '48', '54', '65', '79', '87', '109', '137', '227', '262', '319', '414', '464']
['438', '25', '57', '66', '91', '101', '106', '134', '149', '178', '179', '307', '311', '359', '368', '374', '425', '479']
['258', '27', '63', '75', '86', '114', '120', '226', '281', '324', '334', '370', '399', '409', '421', '429', '455', '491']
['487', '4', '17', '46', '95', '138', '150', '172', '176', '186', '191', '216', '225', '235', '266', '272', '274', '276', '279', '321', '342', '383', '393', '465']
['489', '55', '61', '69', '77', '80', '122', '130', '144', '145', '151', '158', '165', '205', '240', '242', '243', '255', '261', '289', '306', '316', '351', '391', '410', '415', '443', '475', '482']
