['n1', 'y1', 'y2', 'd3', 'q9', 'x10', 'w10', 'e4', 'e3', 'h2']
['s4', 't1', 'l8', 'j6', 'b7', 'e1', 'r1', 'f2', 'v4', 'n6']
['q3', 'g2', 't7', 'j9', 'j7', 'a5', 'p5', 's8', 'd10', 's5']
['i8', 'y7', 'q1', 'q6', 'j4', 'b2', 'y3', 'w8', 'r2', 'h9']
['p3', 'd7', 'm10', 'r10', 'n10', 'e9', 'p8', 'c7', 'f4', 'g1']
['q5', 't9', 'w2', 'o8', 'm9', 'f3', 'i4', 'v5', 'n5', 'g10']
['i2', 'j5', 'b8', 'o7', 'u3', 'c2', 's6', 'k2', 'i5', 'v9']
['r3', 'l7', 'd2', 'k10', 'n7', 'c1', 'x6', 'p7', 'w4', 's1']
['n8', 'c4', 'd8', 'd4', 'd1', 'q4', 'e8', 'j2', 'm1', 'm3']
['m7', 'g6', 't8', 'b9', 'c8', 'x5', 'f1', 'k1', 'b5', 'i1']
['s2', 'l5', 'l1', 'a6', 'q8', 'x8', 'h1', 'm2', 'b6', 'f5']
['v3', 'g5', 'l2', 'r4', 'f9', 's9', 'k5', 'k8', 'a1', 'b1']
['d5', 'y9', 'e10', 'o5', 'o3', 'u9', 'u10', 'm8', 'p2', 'x9']
['x4', 'l9', 'e2', 'o10', 'm4', 'v1', 'i10', 'n9', 'd6', 'n3']
['x3', 'y8', 'p10', 't4', 't5', 'w5', 'r9', 'u8', 'h10', 'p9']
['l6', 'l4', 'j8', 'a2', 'a8', 'a3', 's3', 'i9', 'i6', 'v6']
['b10', 'w6', 'e6', 'f10', 'p1', 'f8', 'k7', 'v2', 'v7', 'n2']
['h3', 'g7', 'o2', 'o1', 'u5', 'u6', 'm5', 'x7', 'a10', 'i3']
['b4', 'y5', 'q7', 'j10', 'w3', 's10', 'r5', 'h8', 'm6', 'c9']
['w1', 'o9', 'y6', 'r6', 'a7', 'a9', 'u1', 'p4', 'f6', 'g3']
['q10', 'd9', 't3', 'l3', 'o6', 'r7', 'r8', 'h6', 'h5', 'u2']
['x2', 'c5', 'g4', 'g9', 'g8', 'b3', 'y10', 'h7', 'c3', 'j3']
['l10', 'w9', 't10', 'e5', 'e7', 'a4', 'h4', 'u7', 'i7', 'n4']
['c10', 'q2', 't6', 'j1', 'y4', 'x1', 's7', 'k4', 'k9', 'v8']
['p6', 'v10', 'c6', 'o4', 't2', 'u4', 'w7', 'f7', 'k3', 'k6']
