['AGD', 'ABV', 'AFC', 'AHQ', 'AQK', 'AQD', 'AMT', 'AHW', 'AHN', 'ANP', 'ATP', 'AJX', 'AJJ', 'ANQ', 'ANH', 'AAN', 'AKI', 'AEP']
['ABE', 'ASR', 'AEY', 'ANB', 'ALX', 'AHJ', 'AJP', 'ATJ', 'AIY', 'AOW', 'AAQ', 'AAT', 'AMH', 'ATV', 'AFK', 'AIE', 'APR', 'AES']
['ACA', 'AHS', 'AMG', 'AJF', 'AGO', 'ABI', 'ADH', 'ASN', 'ALQ', 'AGH', 'AGC', 'ALS', 'AQH', 'APF', 'APC', 'AJG', 'ARP', 'AHI']
['AFN', 'ABQ', 'ACX', 'AFF', 'AFO', 'ANU', 'AGJ', 'ATI', 'ARF', 'AKE', 'ASM', 'AIA', 'AMV', 'AJL', 'AIH', 'AAF', 'AAU', 'ACO']
['AFS', 'AFQ', 'APO', 'AJA', 'ARC', 'APU', 'AJY', 'AKA', 'ALK', 'AGA', 'AAX', 'ABB', 'ACM', 'AFH', 'AIW', 'AJO', 'ASA', 'AKJ']
['AFU', 'AMX', 'ARD', 'AQW', 'AKW', 'ATE', 'ABY', 'AFG', 'AFJ', 'AFT', 'AGV', 'AGW', 'AHB', 'AHK', 'AKR', 'ALW', 'AOH', 'AOE']
['AJD', 'ARI', 'ARN', 'AAH', 'ABG', 'ABJ', 'ADP', 'AFL', 'AGU', 'AHO', 'AJT', 'APN', 'ASF', 'AQU', 'ATR', 'AON', 'AAB', 'AAV']
['AME', 'AGI', 'AHL', 'AIM', 'AJM', 'AKX', 'AMS', 'ATH', 'AOA', 'AOR', 'ARK', 'AAA', 'AAI', 'AAM', 'ACY', 'AHU', 'AII', 'AIL']
['AMQ', 'AOL', 'AQL', 'ATL', 'ATB', 'ABP', 'ADJ', 'AGS', 'AIP', 'AJE', 'ALN', 'AMF', 'AOQ', 'ATX', 'ASI', 'APS', 'APY', 'ACL']
['ANW', 'ADC', 'AEN', 'AFV', 'AHF', 'AIC', 'AIG', 'AKH', 'ANX', 'AOG', 'ASV', 'ASK', 'AET', 'ALF', 'AMB', 'AMI', 'AND', 'ANI']
['AOB', 'ANM', 'API', 'APV', 'APW', 'ARG', 'ATK', 'ARX', 'AKV', 'ABM', 'ASP', 'AOJ', 'AID', 'AEO', 'ATU', 'ARJ', 'AOT', 'AIV']
['APA', 'AKS', 'AMM', 'ALP', 'AIX', 'AIJ', 'AOO', 'AEG', 'ATM', 'AOP', 'ATO', 'AOX', 'ADM', 'ATD', 'APQ', 'ASO', 'AMP', 'AFR']
['AQM', 'AOD', 'AOV', 'ANE', 'ALU', 'AQY', 'ANG', 'ALD', 'AJQ', 'ABU', 'AMR', 'ACJ', 'ADO', 'APE', 'APK', 'AMK', 'ADK', 'AJB']
['ASL', 'ACE', 'AQI', 'APT', 'AAC', 'AAY', 'ABT', 'AFD', 'ARB', 'ANN', 'ADE', 'ATA', 'ALC', 'ALT', 'AJK', 'ABA', 'ABC', 'AKN']
['AAK', 'ACV', 'AKU', 'ASC', 'AQB', 'AEB', 'AQT', 'AKC', 'AQN', 'AQS', 'ACC', 'ACQ', 'APX', 'ATT', 'ASD', 'AGY', 'AMA', 'APB']
['AAL', 'ARV', 'AMN', 'ASB', 'ACH', 'ATY', 'ARH', 'AOM', 'AEK', 'ARM', 'ADI', 'AIR', 'ALL', 'ASE', 'AQG', 'ARE', 'ABK', 'ABO']
['AAO', 'APP', 'ADV', 'AEA', 'ALV', 'AMO', 'ARA', 'AGR', 'AQQ', 'ANR', 'AGX', 'ATQ', 'ATG', 'ANY', 'ATS', 'AQA', 'AFP', 'AHR']
['AAP', 'AKF', 'AOF', 'ALM', 'AKQ', 'ABH', 'AST', 'AGB', 'ARU', 'AJH', 'ASH', 'AKK', 'ANT', 'AJU', 'AEX', 'ART', 'ACR', 'ACU']
['ABF', 'ADG', 'ATC', 'AOI', 'AQP', 'ANS', 'AJN', 'AFB', 'AFW', 'APM', 'ACW', 'ADL', 'ALY', 'AQC', 'AMD', 'AIS', 'AOK', 'ATN']
['ABN', 'APL', 'AOC', 'AMY', 'ABW', 'AIO', 'ARO', 'AJI', 'ALE', 'AOU', 'AIF', 'ARS', 'AMU', 'AHV', 'AHD', 'ALO', 'ACP', 'ADN']
['ACI', 'AHE', 'AKP', 'AGG', 'AGQ', 'AGL', 'AEJ', 'AQE', 'AKT', 'ALJ', 'AGF', 'AAJ', 'ADB', 'ATF', 'ASS', 'AHA', 'AIQ', 'AGE']
['ACK', 'ALG', 'AKL', 'AGN', 'ANK', 'AQO', 'AAG', 'ABS', 'ANF', 'AKB', 'AFM', 'ASG', 'AHG', 'AEW', 'AHT', 'AHC', 'ANC', 'ABL']
['ACT', 'ADS', 'AFE', 'AQF', 'AQV', 'AJV', 'AJS', 'AJW', 'ALI', 'AGP', 'AIT', 'AAD', 'AAE', 'AAR', 'AAS', 'AAW', 'ABD', 'ABR']
['ADA', 'ABX', 'ACB', 'ACD', 'ACF', 'ACG', 'ACN', 'ACS', 'ADF', 'ADU', 'ADY', 'AEF', 'AEH', 'AEI', 'AEQ', 'AFA', 'AFI', 'AGK']
['ADD', 'AGM', 'AGT', 'AHH', 'AHM', 'AHP', 'AHX', 'AHY', 'AIB', 'AIK', 'AIN', 'AIU', 'AJC', 'AJR', 'AKD', 'AKG', 'AKM', 'AKO']
['ADQ', 'AKY', 'ALA', 'ALB', 'ALH', 'ALR', 'AMC', 'AMJ', 'AML', 'AMW', 'ANA', 'ANJ', 'ANL', 'ANO', 'ANV', 'AOS', 'AOY', 'APD']
['ADR', 'APG', 'APH', 'APJ', 'AQJ', 'AQR', 'AQX', 'ARL', 'ARQ', 'ARR', 'ARW', 'ARY', 'ASJ', 'ASQ', 'ASU', 'ASW', 'ASX', 'ASY']
['ADT', 'ATW']
['ADW']
['ADX']
['AEC']
['AED']
['AEE']
['AEL']
['AEM']
['AER']
['AEU']
['AEV']
['AFX']
['AFY']
