['277', '23', '24', '34', '53', '91', '97', '134', '184', '222', '223', '234', '241', '252', '270', '295', '300', '339', '349', '358', '383', '409', '441', '448']
['360', '7', '26', '51', '60', '62', '68', '120', '127', '165', '180', '212', '283', '348', '366', '402', '439', '450', '453', '468']
['305', '10', '21', '29', '40', '42', '70', '111', '114', '178', '202', '208', '264', '284', '322', '415', '444', '465', '500']
['309', '13', '15', '31', '57', '67', '73', '115', '197', '214', '229', '259', '301', '310', '331', '361', '380', '446', '484']
['271', '39', '83', '84', '122', '147', '157', '198', '203', '257', '262', '342', '384', '387', '427', '428', '435', '457', '498']
['98', '33', '36', '100', '105', '132', '181', '233', '287', '290', '311', '338', '341', '350', '377', '440', '443']
['272', '4', '17', '47', '63', '76', '79', '123', '154', '170', '176', '177', '187', '193', '204', '213', '274', '327', '354', '408', '456', '499']
['113', '56', '109', '118', '124', '182', '183', '221', '263', '268', '288', '302', '316', '317', '347', '369', '376', '388', '405', '417', '418', '421', '426', '477']
['464', '3', '19', '143', '145', '148', '179', '205', '228', '293', '319', '323', '345', '352', '423', '434']
['488', '22', '32', '45', '50', '59', '71', '104', '125', '126', '139', '144', '159', '163', '169', '225', '226', '231', '238', '255', '275', '286', '308', '313', '320', '329', '396', '397', '400', '416']
['353', '14', '30', '54', '74', '129', '166', '266', '291', '299', '333', '343', '346', '381', '471', '475', '487']
['363', '5', '8', '52', '66', '86', '93', '116', '138', '146', '153', '162', '175', '190', '200', '201', '422', '442', '449', '461', '463', '480', '490']
['481', '35', '44', '65', '92', '96', '189', '227', '237', '253', '256', '265', '278', '281', '298', '325', '401', '410', '470', '495']
['382', '48', '55', '64', '69', '87', '88', '106', '112', '136', '156', '161', '168', '192', '209', '244', '248', '297', '337', '378', '425', '445', '451', '460', '492']
['27', '11', '25', '90', '141', '269', '273', '351', '365', '374', '403']
['392', '75', '99', '128', '155', '164', '195', '240', '260', '276', '437', '485', '489']
['399', '49', '133', '149', '171', '173', '186', '230', '285', '303', '318', '356', '385', '389', '404', '430', '431', '483', '486']
['407', '6', '9', '12', '94', '206', '232', '247', '250', '289', '307', '312', '328', '332', '344', '367', '368', '390', '419', '438', '454', '459', '466', '476']
['1', '43', '58', '78', '102', '131', '150', '152', '158', '239', '249', '258', '334', '362', '398', '472', '496', '497']
['447', '20', '61', '151', '217', '235', '236', '254', '282', '306', '321', '324', '357', '370', '462', '478', '491']
['304', '28', '41', '77', '89', '95', '142', '218', '220', '292', '335', '373', '386', '391', '432', '436', '474', '494']
['117', '2', '16', '18', '101', '121', '130', '140', '160', '172', '191', '194', '199', '210', '224', '242', '294', '296', '336', '359', '364', '372', '393', '394', '395', '406', '413', '455', '458', '479']
['379', '37', '81', '85', '107', '108', '167', '174', '216', '280', '375', '411', '412', '429', '433', '452']
['215', '38', '82', '103', '110', '135', '137', '185', '196', '207', '211', '245', '251', '261', '279', '330', '414', '467', '493']
['72', '46', '80', '119', '188', '219', '243', '246', '267', '314', '315', '326', '340', '355', '371', '420', '424', '469', '473', '482']
