['Kelly', 'Dawn', 'Raul', 'Gertrude', 'Rhonda']
['Imogene', 'Clarissa']
['Belinda', 'Katherine', 'Dean']
['Lorraine', 'Irving', 'Steven', 'Catherine', 'Corey', 'Morgan', 'Sam']
['Cecile', 'Donald', 'Stephany']
['Randolph', 'Thelma', 'Raymond', 'Daniel', 'Glennie', 'Sherri', 'Molly']
['Seth', 'Anna', 'Beverly', 'Hugh', 'Roberta']
['Cassandra', 'Marlin', 'Polly']
['Caridad', 'Norma', 'Kim']
['Willis', 'Freda']
['Tony', 'Lilian']
['Philip', 'Jo', 'Quintin']
['Samuel', 'Mary', 'Clyde']
['Matt', 'Kerri', 'Deanna', 'Ellen']
['Lessie', 'Marilyn', 'Audrey']
['Cornelius', 'Judith', 'Susanna']
['Ashley', 'Ronald']
['Marco', 'Laurie', 'Brenda', 'Miles', 'Danny']
['Linda', 'Cory', 'Derek', 'Timothy']
['Roger', 'Betty']
['Justin']
['Margarito', 'William', 'Irene']
['Leigh', 'Nancy']
['Margert', 'Angela', 'Paul', 'Olivia', 'Lulu', 'Chris']
['Emmie', 'Glen', 'Gail', 'Erik']
['Carmen', 'Joe', 'Robyn', 'Bonnie', 'Margaret']
['Patrick', 'Ollie', 'Gladys', 'Matthew']
['Mable', 'Virginia', 'Barbara']
['Guy', 'Bessie', 'Marjorie']
['Beth', 'Brandon', 'Walter', 'Ralph', 'Craig', 'Marcelino', 'Burl', 'Garrett']
['Marie', 'Debra', 'Cindy', 'Kristine', 'Emery']
['Raeann', 'Norman', 'Joann', 'Dale', 'Andrew']
['Kimberly', 'Booker', 'Victor', 'Sylvia', 'Amy', 'Reuben', 'Stephen', 'Fred', 'Stacie']
['Wallace', 'Robin', 'Reginald', 'Doris']
['Kisha', 'Cheryl', 'Loraine', 'Christopher', 'Annette', 'Judy', 'Curtis', 'Tommy', 'Marcella', 'Ingeborg', 'Kerrie']
['Pat']
['Lewis', 'Ray', 'Karen', 'Tamika', 'Fredrick']
['Charlotte', 'Wilson']
['Angelica', 'Jeff', 'Lawrence']
['Roosevelt', 'Anthony', 'Nelson']
['Bruce', 'Troy', 'John', 'Cathy', 'Jesus', 'Bradley', 'Alice', 'Lonnie']
['Mario']
['Helen', 'Stephanie', 'Inez']
['Stanley', 'Pete', 'Lucy']
['Andrea', 'Edward']
['Jorge', 'Rosie', 'Shirley', 'Ernest', 'Susan', 'Georgette']
['Sally', 'Leticia', 'Eric', 'Mireya', 'Elia']
['Nicole', 'Kirk', 'Ruby', 'Fredda', 'Kenneth', 'Gerardo']
['Tara', 'Jose']
['Terry', 'Alex', 'Bernard']
['Jodi', 'Crystal', 'Natalie', 'Grant']
['Sharon', 'Charles', 'Teresa', 'Derrick', 'Juanita', 'Steve', 'Alfred']
['Patricia', 'Robert', 'Brian']
['Ward', 'Alicia', 'Wayne', 'Therese', 'Phyllis', 'Rick', 'Laurence']
['Andre', 'Lane', 'Del', 'Wilma', 'Gwen', 'Danielle', 'Selma']
['Everett', 'Kylie', 'Donna', 'Melanie', 'Wanda', 'Francisco']
['Richard', 'Jacob']
['Dana', 'Morris', 'Sheryl']
['Roberto', 'Albert', 'Carlos', 'Lyle']
['April', 'David']
['Reinaldo', 'Scot', 'Jacque']
['Dawna', 'Cecilia']
['Keri', 'Eura', 'Ouida']
['Laura', 'Lisha']
['Thomas', 'Marlene', 'Lena', 'Frank', 'Cesar', 'Carole', 'Rosalyn']
['Moses', 'Rachel', 'Tracy']
['Heather', 'Nina']
['Alexander', 'Jeffrey']
['Clayton', 'Mark', 'Rolf', 'Carl', 'Janene']
['Vella', 'Jennifer', 'Lillian', 'Andres', 'Lahoma', 'Bethany']
['Michael', 'Myron', 'Elizabeth', 'Ana', 'Gilda', 'Sofia']
['Lucie', 'Alison', 'Monica']
['Melissa', 'Leona']
['Jonathan', 'Pauline', 'Calvin']
['Miguel', 'Joni', 'Jessica', 'Berta', 'Peter', 'Rosalee']
['Ellis', 'Ryan', 'Fernando']
['Geraldine', 'Toni', 'Carmelita', 'Raphael']
['Beulah', 'Larry', 'Maureen', 'Marquerite']
['Dorothea', 'Connie', 'Jane', 'Tanya', 'Arturo', 'Eugene']
['Wesley', 'Gordon']
['Herbert', 'Myriam']
['Mae', 'Hedwig', 'Clarence']
['George', 'Christian', 'Lynne', 'Phillip']
['Amos', 'Juan', 'Ursula', 'Pamela']
['Don', 'Kathleen']
['Christine', 'Jean']
['Wendy', 'Gary', 'Janet', 'Jimmy', 'Willie', 'Lori']
['Winifred', 'Carol', 'Jeffery', 'Will']
['Adele', 'Winnifred']
['Rosa', 'Dennis', 'Josephine', 'Theresa']
['Kellie', 'Kaitlyn', 'Jesse', 'Theodore']
['Travis', 'Pamella', 'Lloyd', 'Harvey']
['Bobby', 'Alvin', 'Kristin']
['Ida', 'Adam', 'Lydia', 'Ivonne', 'Michelle', 'Jeanine', 'Jeremy']
['Karren', 'Marion']
['Sarita', 'Douglas', 'Warren', 'Jason', 'Maryann']
['Gloria', 'Gregory', 'Kathryn', 'Jayme']
['Mack', 'Eleanor', 'Ruth', 'Ronda', 'Antonio', 'Selina', 'Annalee', 'Kevin', 'Priscilla', 'Domingo']
['Krysten', 'Maria', 'Pablo', 'Joanne', 'Rebecca']
['Darrell', 'Nola', 'Marian', 'Veronica', 'Ernestine']
['Sylvester', 'Glenna', 'Peggy', 'Mildred']
['Christina', 'Emily', 'Eva', 'Dorothy', 'Frederick']
['Constance', 'Evelyn', 'James']
['Leanne', 'Roy', 'Mabel', 'Bertha']
['Reggie', 'Tim', 'Paula', 'Suzie']
['Mike', 'Ann', 'Darlene', 'Elsie', 'Tuan', 'Viola']
['Joshua', 'Joseph', 'Harold', 'Latisha', 'Louis', 'Lucille']
['Deborah', 'Stacy', 'Eugenia', 'Lana']
['Cassie', 'Michele', 'Martha', 'Shannon', 'Blair', 'Ricky']
['Gerald', 'Rafael']
['Diana', 'Martin', 'Edwin', 'Esther']
