['265', '9', '42', '84', '308', '341']
['115', '59', '217']
['43', '4', '102', '223', '237', '392']
['172', '359', '388']
['25', '28', '173', '234', '375']
['11', '21', '255']
['288', '16', '140', '236', '276', '347']
['364', '87', '128', '150', '229', '269', '299', '344', '374']
['145', '315', '366']
['282', '120', '211', '358', '363']
['15', '38', '178', '328', '340', '396']
['69', '92', '116', '152', '246']
['385', '83', '207']
['355', '109', '360']
['356', '298']
['290', '165', '216', '219', '274', '301']
['212', '26', '97', '103', '126']
['180', '49', '247', '383']
['41', '171', '380']
['71', '195', '251', '376']
['312']
['205', '187', '190']
['110', '6', '185', '272', '286', '367']
['139', '50', '370', '398']
['47', '261', '280', '394']
['322', '209', '342']
['289', '46', '262']
['161', '292', '372']
['200', '191', '254', '351']
['31', '13', '72', '114', '218', '379', '395']
['378', '74', '133', '189', '283']
['107']
['285', '105', '208', '258', '339', '362']
['18', '231', '273']
['357', '221', '240', '244']
['8', '96', '138', '184']
['302', '27', '40', '100', '113', '164', '193', '214', '242', '284']
['338', '124', '319']
['123', '61', '134', '176', '197']
['136', '95', '331', '335']
['22', '104', '119', '127', '220', '365']
['323']
['228', '10', '66', '343']
['89', '3', '135', '293', '294']
['227', '88', '125', '201', '245', '334']
['249', '210']
['45', '224', '373']
['326', '167', '267', '297']
['179', '268', '320', '336']
['332', '62', '154', '369']
['174', '163']
['91', '70', '160', '198', '389']
['387', '24', '215', '304']
['0', '37', '153', '345']
['122', '65', '263', '399']
['327', '35', '73', '121', '162']
['253', '233', '321']
['183', '117', '170']
['243', '52', '147', '181', '279']
['350', '143', '277', '313']
['206', '12', '317']
['300', '81', '157', '168']
['316', '67', '68', '239', '252', '352']
['296', '54', '94']
['188', '101', '137', '159']
['225', '186', '314']
['306', '20']
['56', '86', '149', '386']
['156', '36', '256']
['141', '51', '64']
['232', '29', '57', '76', '118', '192', '203', '230']
['106', '19', '155', '175', '278', '318']
['310', '63']
['194', '130', '275']
['48', '235']
['32', '291']
['257', '60', '146', '259', '281']
['132', '264', '391']
['78', '151', '303']
['390', '248']
['271', '55', '353', '354']
['77', '111', '131', '324', '337']
['82', '80', '346']
['384', '2', '199']
['158', '14', '33', '39', '266', '349']
['182']
['5', '23', '98', '311', '325', '329']
['129', '250', '287']
['1', '44', '371']
['90', '75', '93', '112', '142', '144', '241']
['169', '7']
['348', '30', '166']
['204', '295']
['177', '108', '382']
['79', '85', '333', '397']
['309', '58', '307', '377']
['270', '17', '34', '213', '222', '381']
['196', '53', '148', '202']
['305', '99', '226', '260', '361']
['238', '330', '368', '393']
