['454', '182', '253', '154', '195', '74', '388', '240', '427', '355', '439', '469', '447', '304', '411', '33', '292', '288', '79', '67', '62', '267', '366', '217', '54', '299', '257', '21', '198', '377']
['363', '134', '421', '28', '175', '184', '135', '465', '476', '442', '331', '5', '194', '332', '170', '221', '127', '474', '349', '429', '394', '183', '280', '477', '328', '75', '83', '115', '251', '464']
['173', '159', '85', '406', '26', '224', '185', '0', '19', '165', '432', '410', '287', '364', '144', '311', '18', '15', '98', '8', '345', '216', '412', '222', '40', '7', '248', '110', '130', '244']
['108', '4', '389', '360', '283', '456', '228', '99', '188', '25', '425', '76', '478', '256', '382', '279', '259', '116', '443', '408', '344', '150', '393', '132', '73', '111', '403', '409', '405']
['177', '318', '96', '324', '51', '39', '123', '370', '423', '82', '17', '422', '60', '334', '180', '249']
['197', '233', '260', '351', '313', '232', '179', '203', '14', '190', '220', '94', '463', '285', '348', '196', '414']
['43', '148', '255', '444', '81', '375', '191', '347', '302', '22', '436', '473', '452', '457', '210', '265', '138', '276', '241']
['117', '171', '122', '131', '168', '368', '316', '142', '322', '367', '397', '369', '178', '90', '357', '269', '44']
['236', '296', '133', '340', '396', '121', '327', '385', '300', '339', '146', '380', '11', '208', '308', '230']
['16', '104', '101', '413', '162', '42', '95', '125', '63', '29', '381', '258', '378', '466', '32', '459', '6', '402', '261']
['211', '346', '151', '31', '88', '362', '103', '124', '47', '319', '475', '48', '23', '45', '353', '373', '335', '301', '291', '449']
['86', '399', '118', '156', '77', '13', '219', '214', '226', '468', '398', '294', '303', '34', '337', '20', '343', '2']
['176', '431', '372', '200', '306', '126', '462', '441', '9', '209', '66', '49', '243', '30', '434']
['114', '46', '400', '272', '289', '109', '254', '139', '358', '65', '352', '80', '84', '172', '38', '323', '314', '470', '479', '270']
['297', '181', '227', '282', '91', '41', '445', '312', '169', '315', '205', '246', '274', '361', '225', '93', '350', '268', '36', '238', '266', '237']
['295', '199', '298', '242', '55', '395', '69', '333', '59', '106', '415', '453', '155', '418', '92']
['119', '52', '277', '440', '338', '417', '193', '213', '262', '374', '450', '72', '229', '201', '376', '281', '235']
['56', '234', '186', '102', '35', '157', '263', '419', '12', '141', '341', '137', '354', '136', '97', '250', '284', '163', '61', '143']
['336', '100', '206', '424', '359', '455', '247', '113', '446', '239', '164', '326', '472', '107', '64', '112', '57', '401']
['451', '430', '187', '437', '404', '273', '202', '70', '383', '129', '467', '24', '245', '128', '189', '215']
['320', '458', '50', '356', '212', '152', '161', '147', '37', '153', '471', '329', '149', '384', '174', '342', '435', '145', '461', '1']
['58', '433', '305', '330', '160', '120', '448', '386', '460', '286', '252', '391', '365', '438', '420', '428', '307']
['166', '371', '207', '317', '325', '71', '390', '278', '271', '223', '264', '3', '87', '293', '218', '78']
['158', '379', '89', '204', '426', '290', '53', '105', '275', '387', '192', '167', '416', '231', '68', '27', '310', '321', '407', '309']
