['136', '26', '33', '53', '83', '134', '144', '149', '163', '201', '216', '224', '248', '268', '251', '295', '306', '313', '315', '349', '360', '389', '382', '402', '403']
['108', '17', '20', '46', '99', '126', '169', '179', '185', '228', '317', '334', '340', '359', '361', '386', '446', '476']
['50', '1', '11', '52', '55', '82', '86', '88', '92', '97', '110', '151', '153', '191', '209', '213', '247', '252', '284', '291', '320', '329', '344', '356', '368', '392', '418', '439', '441', '493', '498']
['343', '58', '79', '84', '95', '119', '135', '138', '174', '232', '243', '280', '309', '373', '381', '383', '448', '460', '463', '490']
['188', '12', '21', '24', '104', '131', '159', '170', '186', '214', '230', '249', '283', '287', '293', '302', '316', '377', '416', '427', '434', '457', '471', '472', '481']
['166', '41', '49', '54', '62', '73', '77', '87', '100', '107', '162', '180', '182', '246', '261', '255', '288', '308', '314', '319', '322', '332', '335', '341', '346', '385', '387', '405', '415', '419', '438', '443', '444', '465', '482']
['324', '0', '3', '25', '30', '34', '42', '43', '63', '101', '122', '140', '157', '318', '354', '369', '391', '393', '376', '380', '420', '449', '456', '475', '483', '499']
['244', '10', '74', '85', '102', '129', '137', '147', '148', '125', '152', '200', '225', '227', '257', '347', '365', '411', '430', '450', '466', '473', '486', '494']
['414', '14', '19', '71', '96', '120', '150', '160', '173', '229', '233', '279', '290', '294', '304', '307', '326', '363', '395', '401', '409', '422', '425', '428', '447', '455', '497']
['276', '6', '15', '51', '66', '89', '103', '111', '128', '133', '154', '197', '215', '220', '237', '240', '260', '275', '298', '394', '379', '431', '452', '467', '479', '485', '487', '491']
['222', '59', '72', '94', '113', '139', '181', '190', '207', '256', '272', '285', '301', '397', '404', '408', '437', '453', '464', '470']
['70', '29', '199', '223', '235', '242', '269', '274', '250', '297', '299', '312', '331', '342', '459', '474', '488']
['56', '23', '39', '47', '76', '90', '109', '117', '142', '171', '178', '193', '194', '208', '231', '245', '264', '292', '327', '367', '432', '436', '462', '489']
['355', '18', '32', '38', '45', '48', '60', '106', '127', '161', '184', '196', '204', '219', '265', '270', '253', '345', '352', '364', '410', '445', '469', '477']
['221', '8', '22', '37', '78', '91', '118', '124', '141', '210', '212', '234', '238', '239', '258', '267', '254', '278', '296', '321', '338', '366', '378', '423', '429']
['348', '4', '65', '115', '155', '158', '187', '203', '218', '271', '286', '300', '311', '333', '371', '384', '396', '399', '424', '433', '451', '478', '492']
['236', '2', '27', '31', '40', '61', '69', '130', '145', '177', '195', '205', '241', '277', '281', '282', '289', '339', '353', '358', '388', '375', '407', '484', '496']
['121', '5', '9', '64', '93', '112', '114', '156', '165', '167', '172', '176', '189', '202', '211', '226', '259', '351', '362', '370', '372', '461', '468', '495']
['400', '7', '16', '28', '35', '36', '44', '68', '75', '80', '105', '116', '143', '168', '183', '217', '263', '266', '273', '303', '305', '323', '325', '328', '330', '350', '357', '374', '390', '413', '421', '435', '440', '442', '458']
['132', '13', '57', '67', '81', '98', '123', '146', '164', '175', '192', '198', '206', '262', '310', '336', '337', '398', '406', '412', '417', '426', '454', '480']
