['224', '158', '83', '218', '235', '85', '105', '115', '189', '179']
['166', '154', '103', '53', '94', '122', '124', '174']
['163', '238', '120', '187', '55', '28', '96', '15', '152']
['205', '4', '92', '19', '8', '73', '249', '173', '56']
['175', '159', '240', '38', '170', '181', '29', '58', '153']
['89', '17', '12', '172', '182', '220']
['145', '109', '198', '156', '144', '80', '72', '64', '183', '63']
['52', '84', '130', '37', '140', '69', '222', '237', '211', '31']
['7', '41', '102', '81', '20', '196']
['228', '117', '185', '191', '176', '67', '147', '236', '78', '134']
['168', '216', '127', '129', '11', '108']
['24', '26', '21', '186', '245', '82', '178', '131', '93']
['14', '150', '225', '132', '133', '247', '111', '97', '232']
['27', '206', '171', '9', '192', '213', '194']
['104', '234', '188', '227', '59', '229', '90', '62', '3', '121']
['123', '100', '95', '226', '146', '101', '2', '223', '221', '46']
['33', '43', '180', '22', '87', '25', '199', '201', '165']
['248', '44', '112', '86', '128']
['65', '204', '42', '1', '110', '71', '74', '157', '138', '0']
['32', '135', '45', '76', '239', '209', '231', '244', '66', '195']
['116', '148', '161', '91', '193', '114', '197', '207']
['106', '98', '143', '202', '107', '219', '49', '70']
['99', '61', '6', '23', '60', '141', '184', '246', '217', '149']
['139', '68', '88', '200', '242', '36', '50', '34', '79']
['125', '212', '243', '177', '5', '75', '190']
['126', '230', '18', '51', '169', '137', '35']
['13', '40', '215', '142', '167', '16', '57', '48', '54', '208']
['203', '39', '30', '160']
['164', '210', '77', '233', '214', '10', '47', '136', '241', '119']
['162', '113', '155', '118', '151']
