['28', '4', '54', '92', '104', '115', '218', '223', '228', '276', '280', '285', '310', '352', '382', '398', '437', '440']
['321', '34', '96', '124', '125', '128', '177', '180', '188', '191', '291', '326', '355', '368', '392', '431']
['478', '14', '32', '135', '141', '211', '224', '245', '279', '325', '394', '460', '468', '470']
['378', '21', '23', '40', '89', '142', '164', '226', '240', '260', '268', '302', '316', '332', '341', '393', '412', '424', '425', '439']
['119', '5', '9', '100', '109', '112', '120', '147', '148', '171', '202', '258', '289', '290', '307', '320', '330', '406', '427', '467']
['150', '55', '72', '173', '179', '187', '227', '251', '294', '300', '305', '344', '356', '361', '411', '484']
['301', '130', '155', '237', '238', '287', '306', '333', '348', '410', '417', '420', '462']
['11', '27', '59', '86', '91', '113', '196', '230', '257', '288', '312', '401', '451', '461']
['345', '16', '24', '69', '83', '131', '231', '253', '270', '283', '336', '376', '434', '446', '463', '492']
['318', '2', '12', '17', '41', '45', '137', '145', '181', '295', '297', '299', '338', '343', '402', '407', '433', '474']
['129', '43', '64', '71', '84', '97', '107', '121', '156', '176', '200', '205', '313', '416', '418', '419', '430', '450', '493']
['485', '62', '68', '105', '106', '157', '190', '246', '259', '314', '370', '435', '469']
['183', '56', '65', '75', '143', '149', '229', '249', '292', '296', '303', '359', '362', '365', '413', '495']
['447', '13', '82', '99', '114', '132', '235', '264', '328', '396', '415', '421', '438', '465', '466']
['221', '7', '10', '25', '39', '77', '102', '103', '225', '234', '256', '335', '339', '350', '353', '373', '422', '442', '449']
['346', '36', '50', '66', '122', '193', '204', '209', '213', '363', '408', '414', '488', '489', '490']
['70', '8', '26', '52', '53', '58', '136', '153', '166', '174', '308', '358', '384', '423', '432', '441', '444', '477', '481', '487']
['281', '37', '73', '81', '162', '215', '232', '277', '327', '360', '377', '385', '387', '389', '452', '479']
['19', '18', '46', '76', '123', '169', '263', '351', '354', '404', '405']
['210', '35', '67', '95', '116', '117', '159', '192', '203', '222', '315', '366', '386', '390', '458', '486', '491']
['319', '30', '85', '88', '154', '206', '208', '220', '236', '242', '255', '274', '286', '347', '403', '428', '454', '476', '482']
['448', '133', '167', '178', '182', '243', '267', '304', '364', '375', '383', '388', '456', '471']
['38', '22', '42', '48', '94', '152', '172', '197', '212', '214', '241', '244', '254', '324', '374', '381', '399']
['93', '49', '61', '78', '126', '140', '163', '195', '216', '239', '269', '322', '331', '367', '429', '445']
['278', '57', '63', '108', '110', '134', '144', '175', '184', '194', '219', '282', '317', '372', '379', '459']
['443', '3', '6', '15', '31', '74', '118', '186', '233', '247', '248', '250', '252', '273', '309', '349', '436', '455']
['20', '127', '161', '170', '185', '198', '201', '261', '275', '311', '334', '340', '395']
['337', '29', '33', '90', '101', '111', '146', '158', '160', '199', '217', '262', '284', '329', '369', '371', '380', '397', '400', '426']
['483', '1', '47', '60', '79', '87', '98', '139', '151', '165', '168', '189', '293', '342', '409', '453', '457']
['480', '0', '44', '51', '80', '138', '207', '265', '266', '271', '272', '298', '323', '357', '391', '464', '472', '473', '475', '494']
