['Chang', 'Dorene', 'Trena', 'Jami', 'Michaela', 'Nieves', 'Kelly', 'Louise', 'Marcos', 'Leonard', 'Rodrigo']
['Mariano', 'Ok', 'Zena', 'Marquitta', 'Ryann', 'Joelle', 'Adah', 'Rosalba', 'Tameika', 'Cleotilde', 'Stanley', 'Esperanza', 'Allena', 'Juliet']
['Porter', 'Annabel', 'Dong', 'Jan', 'Lamonica', 'Kris', 'Altagracia', 'Mariah', 'Tai', 'Christiane', 'Vada']
['Lana', 'Eve', 'Ron', 'Kim', 'Lucia']
['Sharla', 'Tressa', 'Deana', 'Madison', 'Tina', 'Winford', 'Robert', 'Honey', 'Tracie', 'Jacque', 'Marion', 'Clarinda', 'Tamala']
['Saul', 'Sharlene', 'Mariette', 'Danita', 'Jeffrey', 'Irena', 'Chester', 'Darrel', 'Elliott']
['Kyung', 'Marci', 'Martin', 'Alton', 'Phylis', 'Aaron', 'Eustolia', 'Alicia', 'Raleigh', 'Rosalee', 'Pearlie', 'Hershel', 'Dora', 'In', 'Leontine']
['Kristi', 'Pinkie', 'Felix', 'Marvis', 'Travis', 'Eufemia', 'Tanisha', 'Shaun']
['Gerard', 'Xuan', 'Toya', 'Kay', 'Sherwood', 'Claretha', 'Hillary', 'Aretha', 'Russell', 'Kareem', 'Neida']
['Lashay', 'Carson', 'Zoraida', 'Carmon', 'Rachael', 'Treena', 'Alexandra', 'Spencer', 'Tyisha', 'Angella']
['Jesus', 'Whitney', 'Dusti', 'Antoinette', 'Kasey', 'Jina', 'Renetta', 'Fanny', 'Osvaldo', 'Janetta', 'Anabel', 'Leonida']
['Shavon', 'Darnell', 'Eugene', 'Almeta', 'Susan', 'Susannah']
['Frederic', 'Alexa', 'Sharell', 'Alethia', 'Carolee', 'Wes', 'Logan', 'Lizabeth', 'Florinda', 'Loria', 'Jae', 'Oma', 'Stanford', 'Milissa']
['Laraine', 'Byron', 'Clarissa', 'Ema', 'Odell', 'Retta', 'Alvera', 'Glenda', 'Vivien', 'Sharan', 'Nadia', 'Hortense', 'Marcie', 'Percy', 'Randall', 'Easter']
['Tiffani', 'Clarence', 'Helene', 'Destiny', 'Meagan', 'Merrill', 'Kirstin', 'Ambrose', 'Dorthea']
['Orval', 'Darwin', 'Clifton', 'Tamisha', 'Jefferey', 'Verona', 'Hayden', 'Vincenzo', 'Terry', 'Taneka', 'Tammi', 'Elvie']
['Junior', 'Chan', 'Kristopher', 'Jeremy', 'Kendall', 'Arcelia', 'Rolando', 'Valorie', 'Oscar', 'Miranda', 'Oswaldo', 'Jama', 'Danial']
['Cortney', 'Hilario', 'Marlo', 'Delmar', 'Alvin', 'Sheldon', 'Herlinda']
['Amada', 'Lorelei', 'Joan', 'Alane', 'Annamarie', 'Riley', 'Imogene', 'June', 'Antonette']
['Naida', 'Loura', 'Elvia', 'Margart', 'Kitty', 'Chas', 'Bertha', 'Lola', 'Elfrieda', 'Dagmar', 'Renea', 'Trey', 'Clyde', 'Jeanette']
['Kimbra', 'Shonda', 'Raul', 'Charisse', 'Leila', 'Glenna', 'Eloisa', 'Lyn', 'Loren', 'Houston', 'Antonina', 'Brendon', 'Rita']
['Marquis', 'Princess', 'Refugio', 'Gerardo', 'Son', 'Caitlyn', 'Grant', 'Leilani', 'Jay', 'Audie', 'Pa']
['Marvin', 'Angeline', 'Claudie', 'Earnest', 'Charmaine', 'Ella', 'Hassan', 'Lauren', 'Edmond', 'Elenora', 'Hyun']
['Tarah', 'Rima', 'Lasonya', 'Latia', 'Stephani', 'Lezlie', 'Griselda', 'Joye']
['Olevia', 'Horace', 'Rachel', 'Bonnie', 'Doyle', 'Chun', 'Ocie', 'Garland', 'German', 'Chance', 'Isabel', 'Selma', 'Vernon', 'Deirdre']
['Garret', 'Nicole', 'Inga', 'Hiroko', 'Jade', 'Reita', 'Dewitt', 'Roxane', 'Randa', 'Dewayne', 'Johnny', 'Camelia', 'Freddie', 'Naomi', 'Jennie', 'Dion']
['Flavia', 'An', 'Louella', 'Lue', 'Vernia', 'Alex', 'Theo', 'Marilynn', 'Clara', 'Florencio', 'Artie', 'Nickolas', 'Clarice', 'Lisa']
['Millicent', 'Yevette', 'Piedad', 'Clinton', 'Heide', 'Cassie', 'Joanne', 'Kylie', 'Cristi', 'Murray']
['Nathalie', 'Xavier', 'Lucas', 'Oneida', 'Laticia', 'Irma', 'Emmanuel', 'Elicia', 'Marcella', 'Sharilyn', 'Harvey', 'Nohemi']
['Lyndon', 'Kurtis', 'Beverley', 'Elena', 'Savanna', 'Lilly', 'Gisela', 'Shelton', 'Debora', 'Enola', 'Hui', 'Alfred', 'Latoya']
