['291', '193', '286', '293', '344', '385', '403', '433', '451', '455', '82']
['239', '9', '39', '91', '108', '164', '168', '362', '436', '469', '498']
['75', '47', '76', '112', '260', '283', '322', '356', '425', '442']
['349', '142', '167', '207', '390', '400', '404']
['35', '69', '83', '173', '238', '248', '329', '339', '341']
['355', '175', '202', '216', '335', '384', '447']
['445', '4', '152', '154', '235', '252', '257', '306', '334', '338', '377', '398', '453']
['14', '261', '337', '364', '365', '369', '371', '420', '428']
['121', '13', '70', '96', '122', '123', '125', '155', '184', '192', '221', '223', '263', '333', '346', '440', '449', '490']
['138', '72', '113', '326', '387', '397', '407', '465', '480']
['0', '51', '169', '316']
['388', '27', '98', '120', '161', '172', '266', '347', '359', '367', '421']
['156', '11', '59', '111', '117', '176', '255', '267', '301', '314', '389']
['230', '188', '256', '297', '361', '410', '472']
['312', '6', '78', '90', '170', '289', '383', '464', '467']
['459', '153', '246']
['34', '88', '127', '196', '210', '213', '229', '236', '279', '304', '452']
['201', '54', '87', '135', '174', '185', '209', '262', '411', '419', '424']
['179', '33', '45', '50', '100', '104', '119', '149', '269', '271', '273', '321', '368', '429', '484']
['107', '22', '228', '242', '351', '415', '416']
['28', '84', '85', '180', '244', '268', '288', '294', '332', '360', '427', '477']
['198', '166', '190', '195', '491']
['277', '37', '42', '159', '163', '177', '183', '232', '241', '330', '376', '393', '399', '438']
['310', '19', '105', '165', '191', '200', '234', '303', '373', '460', '499']
['219', '65', '68', '73', '110', '178', '437']
['52', '8', '16', '41', '56', '71', '133', '144', '222', '281', '308', '323', '466', '481', '488', '495']
['439', '20', '30', '86', '106', '132', '224', '290', '350']
['7', '31', '58', '139', '141', '143', '305', '307', '331', '345', '413', '430', '432', '443', '462', '494']
['212', '18', '74', '81', '118', '147', '171', '211', '245', '311', '482']
['220', '17', '99', '225', '231', '264', '275', '325', '366', '406', '457']
['414', '67', '80', '97', '124', '136', '197', '205', '206', '243', '265', '386', '468', '485', '487', '496']
['378', '146', '148', '181', '233', '251', '313', '422']
['357', '102', '278', '296', '315', '423']
['61', '55', '114', '157', '158', '287', '320', '417', '476', '489']
['358', '2', '10', '94', '126', '408', '479']
['318', '89', '249', '250', '259', '300', '342', '343', '401', '418', '450', '454']
['292', '44', '60', '129', '203', '412']
['46', '53', '95', '115', '215', '217', '237', '298', '363', '396', '446', '473', '486']
['319', '5', '25', '32', '226', '247', '282', '302', '370', '497']
['426', '128', '140', '208', '299', '317', '348', '374', '402']
['151', '23', '130', '134', '194', '254', '280', '352', '392', '444', '456', '478']
['324', '77', '131', '145', '336']
['382', '3', '109', '189', '227', '272', '276', '372', '483']
['137', '24', '36', '64', '150', '253', '458', '493']
['395', '62', '103', '160', '353', '471', '475']
['340', '15', '21', '63', '92', '116', '284', '295', '391', '470', '492']
['93', '12', '29', '49', '57', '79', '204', '240', '274', '381', '394', '405', '409', '431', '441']
['43', '199', '270', '285', '354', '448', '463']
['38', '26', '40', '66', '101', '182', '214', '258', '327', '375', '435', '474']
['434', '1', '48', '162', '186', '187', '218', '309', '328', '379', '380', '461']
