['262', '32', '64', '159', '169', '249', '292', '321', '423', '433', '8', '355']
['442', '71', '122', '160', '174', '233', '271', '328', '333', '374', '377', '391', '434', '466']
['85', '10', '35', '356', '435']
['450', '16', '17', '136', '189', '282', '365', '390', '405', '421']
['114', '2', '83', '309', '337', '343', '379', '496']
['112', '44', '98', '100', '178', '203', '209', '224', '330', '386', '409', '459', '461', '493']
['242', '3', '151', '199', '266', '270', '290', '381', '387', '398']
['237', '24', '45', '105', '286', '352', '402', '407']
['198', '89', '96', '162', '200', '222', '225', '378', '451']
['310', '36', '78', '226', '244', '371', '399', '437', '462']
['260', '1', '60', '109', '135', '156', '184', '288']
['93', '27', '150', '164', '188', '323', '349', '394']
['133', '69', '79', '116', '131', '197', '201', '408', '422', '469', '499']
['74', '88', '132', '145', '168', '273', '305', '311', '316']
['253', '221', '254', '301', '363', '412', '472']
['54', '43', '72', '103', '108', '255', '280', '293', '304', '440', '446', '467', '479']
['358', '31', '56', '95', '179', '208', '252', '261']
['158', '30', '146', '148', '232', '241', '248', '275', '486']
['313', '47', '67', '94', '154', '190', '210', '287', '480']
['22', '34', '82', '157', '206', '234', '284', '285', '317', '324', '438']
['128', '119', '137', '181', '187', '213', '236', '269', '289', '312', '327', '396', '415', '426']
['205', '37', '48', '51', '300', '302', '306', '427', '428', '436']
['342', '118', '170', '180', '247', '429', '497']
['73', '28', '243', '245', '257', '335', '366', '456']
['113', '7', '15', '18', '19', '61', '97', '238', '362', '367', '404', '443', '452', '454']
['329', '110', '127', '129', '134', '211', '296', '360', '368', '463', '491']
['41', '49', '106', '144', '315', '348', '481']
['21', '228', '231', '235', '303', '314', '340', '373', '476']
['202', '26', '42', '121', '140', '161', '192', '430', '441', '464', '488']
['351', '11', '50', '123', '216', '229', '258', '291', '369', '393', '458', '495']
['99', '55', '126', '139', '299', '332', '347', '465']
['166', '66', '81', '165', '320', '326', '416']
['194', '0', '9', '92', '250', '267', '338', '477', '492']
['485', '111', '172', '191', '392', '401', '424', '445']
['376', '23', '59', '102', '141', '176', '177', '341', '395', '411', '482']
['175', '77', '80', '149', '186', '375', '406', '418', '453', '483']
['147', '62', '124', '207', '295', '319', '359', '413']
['53', '58', '117', '196', '259', '272', '276', '447', '455', '460', '468', '490']
['220', '39', '46', '91', '101', '104', '107', '142', '214', '215', '230', '256', '382', '414', '425', '474']
['167', '90', '138', '153', '263', '389', '397']
['444', '5', '13', '57', '84', '87', '130', '163', '265', '294', '325', '345', '457', '489']
['246', '38', '52', '152', '277', '297', '385', '494']
['281', '120', '219', '223', '239', '308', '383', '403', '420', '448', '487']
['268', '29', '33', '171', '183', '193', '227', '344', '370', '410', '431', '439', '478', '498']
['251', '25', '264', '350', '380', '484']
['298', '12', '20', '70', '125', '212', '318', '336', '354', '384', '388', '449']
['274', '6', '173', '217', '240', '346']
['470', '14', '40', '63', '65', '75', '86', '115', '143', '204', '307', '339', '361', '475']
['471', '4', '68', '195', '218', '322', '353', '357', '364', '372', '400', '417', '473']
['278', '76', '155', '182', '185', '279', '283', '331', '334', '419', '432']
