['234', '26', '50', '54', '129', '216', '325', '394', '493']
['127', '9', '123', '218', '242', '252', '341', '457', '481', '498']
['477', '38', '69', '113', '146', '166', '189', '231', '241', '253', '261']
['310', '32', '97', '192', '249', '271', '339', '358', '391', '419', '447']
['121', '68', '295', '359']
['265', '111', '132', '161', '186', '285', '357', '371', '392', '451', '460']
['380', '13', '79', '109', '119', '134', '221', '266', '336']
['41', '19', '36', '45', '52', '379', '415', '469']
['76', '48', '126', '139', '150', '235', '289', '353', '389', '411', '421']
['373', '33', '147', '170', '199', '319', '378', '458', '486']
['93', '30', '256', '333', '344', '414', '435', '453', '471', '495']
['51', '21', '70', '201', '236', '278', '409', '424', '427', '467', '480']
['309', '57', '203', '233', '244', '300']
['387', '80', '140', '165', '305', '360']
['91', '61', '103', '220', '324', '351', '375', '404', '474']
['488', '15', '16', '58', '64', '219', '291', '332', '338', '383', '417']
['74', '17', '152', '224', '286', '312', '313', '335', '364', '437']
['403', '173', '180', '322', '368', '413', '420', '430', '465']
['14', '28', '117', '238', '240', '298', '352', '355', '398', '432']
['193', '53', '63', '87', '232', '314', '377', '381', '439']
['443', '3', '81', '230', '452', '478', '484']
['92', '56', '204', '440']
['136', '20', '23', '178', '185', '247', '262', '349', '438', '445', '470']
['39', '29', '101', '208', '370', '401', '455']
['105', '7', '135', '317', '342', '366', '408', '444', '449']
['104', '98', '115', '190', '269', '272', '347', '354', '356', '448']
['410', '188', '239', '267', '418', '487']
['454', '0', '35', '55', '66', '84', '94', '217', '254', '331']
['263', '78', '130', '142', '302', '330', '462', '472', '483']
['75', '71', '77', '386', '428', '464']
['250', '11', '183', '198', '222', '260', '308', '318', '400', '463']
['436', '125', '212', '390', '406', '450', '490']
['1', '6', '174', '288', '446', '461']
['5', '155', '171', '210', '320', '363', '475', '476', '489']
['243', '108', '177', '206', '246', '303', '321', '346', '388', '393', '416']
['83', '160', '168', '257', '274', '343', '466', '473']
['396', '8', '72', '88', '148', '202', '283', '293']
['67', '195', '311', '328', '361', '384', '399', '441']
['275', '42', '49', '138', '255', '284', '294', '297', '350', '425', '456']
['102', '31', '89', '128', '154', '159', '176', '191', '258', '306', '323']
['99', '114', '184', '245', '315']
['34', '12', '194', '259', '273', '327', '365', '482']
['397', '106', '116', '179', '433', '491', '496']
['395', '112', '153', '181', '207', '268', '374', '405', '442', '485', '492']
['196', '120', '141', '145', '158', '237', '251', '276', '287', '307', '316']
['133', '47', '149', '197', '215', '280', '299', '348', '407', '497']
['209', '60', '62', '90', '110', '118', '144', '164', '182', '187', '226']
['73', '2', '22', '43', '96', '329', '367', '382', '423', '499']
['85', '37', '107', '137', '214', '292', '304', '334', '340', '422', '459']
['345', '46', '82', '100', '200', '228', '264', '290', '402', '412', '468']
['376', '40', '270', '277', '362', '369', '429', '431', '479']
['143', '10', '18', '27', '95', '211', '213', '223', '225', '229', '385']
['25', '59', '124', '151', '162', '163', '172', '282', '296', '301', '372']
['175', '4', '24', '44', '156', '248', '279', '337', '426', '434', '494']
['65', '86', '122', '131', '157', '167', '169', '205', '227', '281', '326']
