['263', '29', '42', '44', '76', '119', '172', '185', '204', '211', '213', '274', '298', '301', '306', '331', '337', '341', '360', '373', '386', '413', '428', '462', '463', '487']
['253', '1', '13', '30', '36', '40', '52', '68', '89', '90', '109', '116', '118', '152', '188', '195', '200', '216', '223', '267', '271', '281', '334', '348', '365', '367']
['308', '8', '26', '27', '75', '103', '115', '124', '133', '159', '168', '237', '257', '284', '302', '310', '356', '384', '390', '396', '399', '407', '422', '436', '466', '467']
['322', '9', '55', '66', '88', '123', '154', '183', '236', '251', '294', '304', '316', '352', '353', '363', '389', '420', '421', '430', '443', '473', '475', '476', '486', '498']
['261', '25', '31', '50', '86', '92', '100', '147', '194', '202', '227', '232', '234', '245', '286', '288', '330', '401', '460', '489', '209']
['259', '11', '19', '47', '65', '73', '81', '87', '125', '126', '146', '151', '160', '167', '196', '203', '226', '279', '287', '295', '327', '372', '376', '431', '432', '456']
['101', '34', '61', '71', '72', '98', '239', '278', '280', '339', '349', '374', '403', '453', '479', '482', '491', '495']
['16', '7', '67', '70', '121', '186', '240', '269', '282', '311', '318', '321', '340', '343', '380', '382', '398', '410', '433', '465', '469', '478', '480', '483', '488', '499']
['297', '64', '83', '99', '102', '108', '134', '163', '164', '180', '243', '258', '268', '320', '355', '371', '381', '405', '406', '408', '438', '440', '442', '457', '496']
['149', '0', '33', '37', '39', '56', '161', '179', '199', '210', '218', '247', '265', '291', '312', '328', '364', '397', '411', '418', '426', '441', '449', '464', '474', '485']
['170', '12', '60', '63', '114', '129', '150', '156', '157', '158', '173', '175', '201', '228', '229', '276', '289', '290', '319', '335', '361', '383', '394', '419', '448', '452']
['375', '4', '10', '22', '24', '32', '38', '59', '69', '80', '94', '97', '169', '177', '187', '198', '206', '208', '238', '242', '262', '300', '313', '454', '468', '481']
['107', '14', '23', '41', '93', '106', '130', '166', '231', '246', '252', '303', '307', '314', '345', '347', '358', '369', '377', '434', '444', '461', '470', '472']
['171', '28', '82', '84', '111', '127', '131', '144', '162', '212', '221', '222', '285', '309', '317', '323', '326', '342', '350', '368', '370', '395', '402', '459', '477', '493']
['148', '45', '51', '54', '79', '95', '112', '140', '142', '165', '277', '292', '299', '325', '336', '387', '391', '393', '414', '427', '446', '490', '497']
['455', '18', '46', '78', '91', '113', '128', '138', '178', '197', '220', '233', '241', '255', '305', '324', '332', '351', '362', '379', '392', '404', '423', '437', '447', '471']
['3', '15', '21', '49', '53', '58', '74', '122', '132', '153', '181', '193', '207', '219', '224', '249', '270', '359', '366', '378', '385', '388', '400', '424', '429', '451']
['189', '2', '20', '43', '48', '77', '96', '117', '135', '176', '190', '205', '214', '225', '250', '260', '272', '283', '329', '354', '435', '458', '484', '492', '494']
['346', '5', '35', '57', '104', '105', '136', '139', '141', '143', '145', '155', '182', '184', '192', '217', '235', '244', '256', '273', '275', '293', '296', '333', '338', '357']
['266', '6', '17', '62', '85', '110', '120', '137', '174', '191', '215', '230', '248', '254', '264', '315', '344', '409', '412', '415', '416', '417', '425', '439', '445', '450']
