['ANM', 'AEY', 'AOQ', 'AAR', 'AMJ', 'AQL', 'AIB', 'ADK', 'AJL', 'AOK', 'APF', 'AMR', 'AHQ', 'AFM', 'AEQ', 'AKQ', 'AHW', 'ADY', 'ANG']
['AHP', 'ALO', 'AJH', 'AJJ', 'ABH', 'ANF', 'AIH', 'ALF', 'AAI', 'AJM', 'AKA', 'AAQ', 'AJP', 'ADO', 'ADZ', 'AIO', 'ALK', 'AEO', 'AJW']
['AKJ', 'AQE', 'AFU', 'AAN', 'ANP', 'APH', 'AEL', 'AEP', 'AFK', 'ACL', 'APV', 'AIQ', 'ABY', 'ADS', 'AOA', 'AHR', 'AMH', 'AEV', 'ALE']
['ANR', 'ALQ', 'ALW', 'AEB', 'AMK', 'ABA', 'AAC', 'AIX', 'AAZ', 'AIA', 'AAU', 'ADH', 'AHT', 'ABK', 'AGP', 'AJD', 'APL', 'AMD', 'AEE']
['AQG', 'AIK', 'APE', 'ACG', 'ABT', 'AIG', 'ANK', 'AAH', 'AKG', 'AHH', 'AHZ', 'AOG', 'ALL', 'AOF', 'ACE', 'ALS', 'ANW', 'AKN', 'ADA']
['AMV', 'AGE', 'APD', 'ADW', 'AGY', 'AIC', 'ABO', 'ADE', 'AOB', 'ANJ', 'AKZ', 'AEJ', 'AHD', 'AJN', 'AQB', 'AOR', 'AIW', 'AMG', 'AND']
['AOZ', 'ALM', 'AGN', 'APC', 'AJT', 'AEU', 'AEC', 'AIV', 'ADX', 'AAV', 'AFN', 'ANL', 'APQ', 'AIF', 'AKH', 'AKW', 'ABP', 'AJX', 'AIJ']
['AFZ', 'AFH', 'ABM', 'AFC', 'AHY', 'AJC', 'AKU', 'AHU', 'ACZ', 'ADF', 'AJF', 'ACR', 'ABN', 'ABU', 'ALG', 'AMF', 'AIR', 'ACA']
['AGH', 'APJ', 'AAS', 'AKP', 'APG', 'ABS', 'AII', 'AFA', 'ACJ', 'ABI', 'ABJ', 'ACO', 'APR', 'AOI', 'AKE', 'AGR', 'ACY', 'ABD', 'AOS']
['AEH', 'AAW', 'AAD', 'AMY', 'AQA', 'ABZ', 'AJQ', 'APX', 'AMP', 'AKT', 'ALA', 'ANI', 'AMW', 'ANA', 'ADD', 'AGG', 'AGZ', 'AES', 'AFV']
['AAO', 'AHK', 'AMQ', 'ACV', 'AMT', 'AOH', 'AEM', 'AGB', 'AMA', 'AGF', 'AOL', 'AKO', 'AON', 'ACQ', 'AHI', 'AGL', 'AKF', 'AJY', 'ALH']
['ACI', 'AMM', 'AQH', 'AQC', 'ALR', 'AHC', 'ACN', 'ALX', 'AGM', 'AJI', 'AOE', 'AHG', 'AJA', 'AQO', 'ALB', 'AOV', 'AOC', 'ACH', 'AJS']
['ACK', 'AOW', 'AAJ', 'AGO', 'AHN', 'ACC', 'AMN', 'API', 'AGQ', 'AJU', 'AAY', 'AJZ', 'AMS', 'AAA', 'AKS', 'AER', 'AGC', 'APS', 'AEW']
['AHS', 'ADL', 'AQN', 'AFS', 'ANH', 'APW', 'AQI', 'AQM', 'ALP', 'ALZ', 'ANX', 'AGJ', 'AEI', 'AEX', 'AHE', 'ACW', 'AHV', 'ABF', 'AQF']
['AOU', 'AAG', 'ADN', 'AIU', 'AKD', 'AMO', 'AFI', 'AJV', 'AKC', 'AOM', 'ANB', 'AEN', 'AGA', 'AMZ', 'AOJ', 'AML', 'AGW', 'AFR', 'AKM']
['ANQ', 'ANO', 'AJR', 'AJG', 'AAB', 'ADI', 'ADB', 'ABL', 'ALJ', 'AFT', 'AGU', 'APM', 'ADM', 'AIN', 'AGV', 'APU', 'AAP']
['AHF', 'AKB', 'AMB', 'ANZ', 'AAK', 'AHM', 'AEF', 'AFE', 'AQK', 'ADJ', 'ADG', 'ADV', 'ABQ', 'AFF', 'ABV', 'ABE', 'AIT', 'AGD', 'AEZ']
['AGS', 'AOT', 'APT', 'ALC', 'ANU', 'APA', 'ACU', 'ADT', 'ABG', 'ANV', 'AKX', 'AFW', 'AMX', 'AAF', 'AAL', 'APZ']
['AGT', 'AQJ', 'APN', 'ANT', 'AIP', 'AFB', 'AKR', 'ANN', 'ANY', 'ADR', 'AIM', 'ALV', 'ABB', 'AJO', 'AOY', 'ABR', 'ANE', 'AFP', 'AHO']
['AKI', 'ACP', 'ABX', 'ANS', 'AAE', 'AMI', 'ADQ', 'AMU', 'APB', 'ACS', 'ALI', 'AIZ', 'AFY', 'AGI', 'AJE', 'APO', 'AEK', 'AKK', 'ACF']
['APK', 'AOD', 'ACD', 'AET', 'ACM', 'AHX', 'AKL', 'AAT', 'AME', 'AFJ', 'AFL', 'AAM', 'AFX', 'AFG', 'AGK', 'AHB', 'ACB', 'ALU', 'ADC']
['ACT', 'AHA', 'AQD', 'AOX', 'AFD', 'ADU', 'AIY', 'AKY', 'APY', 'AOP', 'AFQ', 'ALD', 'AIL', 'AJB', 'ABW', 'ANC', 'ALT', 'AFO', 'AHJ']
['AED', 'ADP', 'AEG', 'AIE', 'AAX', 'AID', 'AJK', 'ABC', 'AMC', 'ALN', 'APP', 'AHL', 'AEA', 'AKV', 'AOO', 'ACX', 'AGX', 'AIS', 'ALY']
