['100', '105', '118', '227']
['218', '56', '128', '183']
['59', '141', '175', '233', '242']
['172', '17', '111', '211']
['109', '11', '40', '99', '106', '135']
['222', '62', '167', '210', '214', '235']
['13', '32', '60', '158']
['76', '1', '20', '48', '52', '84']
['80', '4', '6', '24', '65', '86']
['107', '70', '188']
['212', '23', '98', '134', '162', '197']
['7', '137', '207']
['95', '75', '149', '157']
['139', '54', '81', '85', '96', '152']
['88', '33', '67', '69']
['199', '39', '220']
['166', '10', '182', '193', '194', '215']
['125', '50', '126', '196', '217']
['2', '18', '191', '228', '247']
['92', '101', '144', '168', '177', '178']
['226', '78', '79', '90', '103', '146']
['244', '68', '189', '198', '203']
['243', '31', '171', '241']
['148', '35', '87', '136', '238']
['22', '72', '142']
['73', '91', '120', '170', '192']
['205', '19', '58', '66', '123', '124']
['12', '102', '150', '216']
['89', '46', '47', '64', '113', '140']
['115', '93']
['143', '15', '133', '145', '165', '240']
['57', '110', '161', '181', '213', '246']
['108', '5', '30', '83', '119', '154']
['239', '9', '14', '26', '94', '138']
['160', '28', '71', '112', '209', '248']
['151', '55', '190', '231', '234']
['187', '16', '51', '156', '185', '195']
['41', '3', '114', '155', '201']
['249', '174', '230', '245']
['44', '61', '206', '229']
['21', '0', '53', '116', '159', '225']
['179', '25', '43', '45', '49', '97']
['219', '82', '153', '163', '186', '236']
['164', '8', '129', '180', '204', '237']
['77', '131', '147']
['74', '176', '184', '200', '202']
['121', '34', '38', '63', '127', '132']
['130', '36', '37', '42', '117', '122']
['29', '104', '208', '224']
['169', '27', '173', '221', '223', '232']
