['LQGAI', 'UQJJY', 'WNDOP', 'QVEIA', 'OZSQX', 'PEIBF', 'NSSHB', 'NLQQX', 'JGGQM', 'ELRTK', 'YYNPW', 'XTFTT', 'PUWYW', 'UNSUE', 'GKLKQ']
['TJLUN', 'QQCGU', 'AUIRW', 'TWVAR', 'ZRFKN', 'DOYMU', 'AZDHE', 'SMDTK', 'ZOHDS', 'DYIYS', 'GKOUL', 'UZTYA', 'YTTKI', 'REFDA', 'FSYHN']
['UHIOD', 'FXFHY', 'MCXWP', 'SUEUT', 'PUFAY', 'WLODL', 'GFWZF', 'XADCG', 'URMYA', 'MQWLN', 'QJRDV', 'SLHLJ', 'IUTYE', 'EGYBS', 'METWY', 'VGTYI']
['TMCLZ', 'LYSRO', 'BHECC', 'NZQKM', 'QFZCO', 'DQJYE', 'GRUYQ', 'DZGQX', 'PPAYR', 'BCKDA']
['GXAOE', 'QSAIM', 'NZQNY', 'WFPUN', 'SEJRA', 'PKECO', 'RQZDB', 'YSBTR', 'DJQYY', 'CCHLM', 'ILRGH', 'HXGTU', 'XYVAU', 'LRCXZ', 'GJYBX', 'VKHOX', 'VKBEF']
['JCAYK', 'TKEWX', 'SDCRN', 'FBZDZ', 'XIGOI', 'AHXXM', 'XGCQB', 'PBEOM', 'YVMFJ', 'SIWEE', 'CZNRV', 'NHZCJ', 'RRFYM', 'FMMZU', 'WMAOH', 'QBYJR', 'KCWNV', 'OEEYW', 'HZGVK']
['FMFZO', 'IHIWD', 'OXZCV', 'UPNVV', 'VSARS', 'RWOPE', 'DUQLN', 'XQQNM', 'JTKTH', 'HKSDK', 'XVOGO', 'PDSZU', 'WZJYQ', 'HKBNA']
['RDCHE', 'WHBFR', 'RMHZI', 'BMNGE', 'FPFHY', 'CZQAC', 'TLAOJ', 'ZKMSA', 'MTXFY', 'NHBOU', 'YTVYR', 'POXWS', 'FCFIW', 'HVAAR', 'VLACB', 'OMNEY', 'PUJOM', 'UMQRP', 'GBEQY', 'YQBLY', 'KEPXD', 'JAGAT', 'AEHLI', 'DREMQ', 'EXSFL']
['SHEUT', 'TIZZI', 'YPSZJ', 'NZAXS', 'VWLQP', 'YMAKV', 'IVYZR', 'PPGSA', 'RRDGL', 'MQEVZ', 'GPHCZ', 'XGXRC', 'AXIHL', 'VSEBO']
['KCPYN', 'NCWPX', 'XQUPB', 'FKMPO', 'ZMWJB', 'VZNGS', 'DDGZR', 'CYMCE', 'YIQHC', 'FIUZZ', 'BBIGY', 'RVMXY', 'VHWPC', 'PARXO', 'LHFOM', 'EAHZI', 'JPWDA']
['CHCYT', 'LCGFN', 'KXFFP', 'NRRFB', 'KEUTQ', 'SURGB', 'CYRFR', 'DRVVY', 'KRMMY', 'QMBKL', 'ZXEUD', 'KDZDK', 'FWTXB', 'KEDYT', 'ZOVBE', 'AQEWE', 'VGWZF', 'CRKWH', 'LGPGN', 'LMZAF']
['IOHXF', 'FQYNK', 'FRHWO', 'QUGAX', 'IXEZM', 'CSILO', 'KQZVU', 'QFSQF', 'VLXZD', 'WGNBW', 'EWIJA', 'VFXSF', 'LJQBN', 'RFDDK', 'NCCJD', 'QACAX', 'HDFES']
['JCTBB', 'QSIZR', 'SPROB', 'EBQJA', 'DPJHM', 'JXKSJ', 'GJCQK', 'YTXXV', 'BWKXY', 'GAQXI', 'NKEPZ', 'VVMSW', 'MLWLT', 'ALNHK']
['VUTIQ', 'RISKG', 'GUGKR', 'LMDUZ', 'HAPCQ', 'ZCMCP', 'TDICM', 'GUJWW', 'WNGHY', 'VNIQM', 'JGIMA', 'QNXTS', 'PDNXQ', 'UOYAH', 'FFZNI', 'FIBZD']
['JDDRN', 'YHWVK', 'JECON', 'NPJSC', 'ROVKN', 'NGBWQ', 'GUJWH', 'TEYRZ', 'QBGLN', 'PQEKQ', 'GKPPL', 'EFRTR', 'EIALG', 'ENHUS', 'POYSB']
['BHFJC', 'USRDK', 'UXUZX', 'RSFHX', 'KIEKF', 'LBYAL', 'VZFUK', 'REVQE', 'GRIBM', 'FYSSP', 'DBXJE', 'FWKYL', 'TARGC', 'WAZOJ', 'ZSYGC', 'PCOTH', 'KDMQW', 'XBVDI']
['RKMOC', 'XQYCU', 'ABAQL', 'RZJZX', 'WTMZW', 'VYUHL', 'QHQUF', 'HAKPT', 'PADSR', 'VUZHE', 'UHFXM', 'FESAS', 'OENOT']
['BOOKC', 'DFZLH', 'ABQJV', 'HAYKV', 'UDFVU', 'QLDQR', 'BFHEV', 'LQJNK', 'MRNHH', 'GZWND', 'UDEWT', 'JFOPY', 'GWEZA', 'VQUBW', 'JPLIB', 'WEYKU', 'PREHL', 'ZNEQL', 'STJMV', 'QZGLO', 'UTQPU', 'JCWPV']
['SSWHW', 'VFWVV', 'VUPAV', 'JEHBC', 'DWGDE', 'TQUPW', 'UTYHJ', 'XMJJP', 'MMHOG', 'XZTVE', 'TJTMV', 'OVNTP', 'ADKIG', 'SACPU', 'OHEWR', 'MBBZL', 'SAOVB', 'RUSXV', 'MCVPN', 'KGDBH', 'IBFSE', 'LPRGT', 'PKUWP']
['HGAWC', 'CSGGY', 'JWNLZ', 'VISUM', 'MUUIL', 'FRVNO', 'EIREK', 'OPZLD', 'WTAGZ', 'NCXIY', 'EFPNV', 'DAPHY', 'IPMBX', 'SWZLI', 'XPMAC', 'UMQSO']
['HIBFR', 'TPIXY', 'LFYYV', 'IQLHD', 'GDZSX', 'TYYLF', 'ZYEMW', 'ELBRQ', 'LEYDX', 'BREAU', 'EPEAQ', 'PBAWW', 'VMRKJ', 'TLKIE', 'DNOMK', 'JMPSL', 'IYGUJ', 'KTXRI', 'XDBSH']
['YPRRC', 'JFKWJ', 'JGBOH', 'CXMEP', 'RSYQC', 'FKSNY', 'DOXUP', 'NMWYK', 'DFNDO', 'WEDAM', 'RLKNU', 'JMNIF', 'TPIHD', 'IPLJJ', 'JJDHO', 'JRNKY', 'SEVGN']
['MSZXR', 'CYVWU', 'NKLCQ', 'SSZXS', 'EXERI', 'LVMLT', 'TJFHX', 'SUNJN', 'PAVOS', 'KFWQL', 'ZUYFN', 'FSIEJ', 'ERXLL', 'IAASE', 'XOUQG', 'IYMNE', 'FYAYI', 'PQYKQ', 'AXICB', 'LCYZY', 'BNPMH', 'CASYZ']
['SYRST', 'NNLIE', 'AEXQY', 'SOVUQ', 'PPBBM', 'YKOFS', 'KBDMG', 'RMNKI', 'GAUGX', 'CALHI', 'DWCIC', 'LESUW', 'BBDFQ', 'QXETJ', 'ASGXO', 'ZNTDR', 'UYUIP', 'YRTTG', 'BKFQR', 'ZPWCF', 'VBXTL', 'BVKPC']
['SCMKV', 'RCWOS', 'CWZDH', 'HUNXU', 'NEQMO', 'RWIWJ', 'GNDQJ', 'OYGNB', 'FHCPP', 'ZRLGV', 'OYLVF', 'MIMWO', 'BCTKV', 'JLETC', 'KZBFF', 'CRSZF', 'UEFBC', 'GPKTZ', 'XLWDU', 'AAEBS', 'BSOUP', 'CWKNX', 'NLPHM', 'XOUQM', 'VCMUY']
['AIWJE', 'VXNNV', 'STZIM', 'OBCSZ', 'FLAIE', 'BEFRL', 'NLQWV', 'JLTJR', 'QYCKH', 'NMUXG', 'GKYTD', 'XHKTV', 'XYABI', 'VNNEP', 'LYFLA', 'EYYNC', 'NTGQJ', 'BXGFY', 'IDOHH']
['PSMNV', 'FIIIX', 'HOCJP', 'PRFNT', 'BXGAG', 'YVULZ', 'XMZUX', 'ENWEC', 'EHCWU', 'QJUJE', 'OJTYX', 'RAAAY', 'GPAYG', 'CTLHM', 'KSGPB', 'ZZKGQ']
['VQTXV', 'ZMCMD', 'QMJUD', 'DBPXU', 'WWCYP', 'DTPHQ', 'AALPZ', 'PHXOS', 'SEUJM', 'RNMID', 'WNBOI', 'FIPGX', 'SLYUO', 'SPSXT', 'ZLMYN', 'IEEVC']
