['170']
['248', '145']
['324', '65', '133']
['70']
['201']
['307', '54']
['213']
['23', '390']
['323', '32']
['123', '96', '149']
['292']
['347', '165']
['395']
['115', '43', '235']
['155', '296', '328']
['258']
['272', '15', '83', '142']
['164', '141']
['432']
['265', '234']
['391']
['130', '214']
['421', '49']
['414', '267']
['256']
['355']
['368']
['27']
['233']
['178', '239']
['321', '81']
['47', '179', '271', '434']
['196']
['310']
['20', '177']
['181']
['268', '302']
['33']
['400']
['147', '236', '295']
['244']
['330']
['55', '82']
['6', '254', '410']
['226']
['237', '367']
['274', '95']
['30', '193', '314', '385']
['24']
['46']
['360']
['350']
['180', '167']
['161', '300']
['231', '425', '446']
['313', '5', '116', '338', '430']
['399', '31', '195', '225', '230', '335']
['172', '257']
['122', '118']
['343', '363']
['73', '53', '221', '242', '333']
['41', '277', '342', '348', '375']
['308', '14', '428']
['290', '436']
['171']
['379', '243', '282']
['60', '401', '404', '427']
['121']
['398', '110']
['315', '150', '366']
['334', '152', '245']
['393']
['306', '408']
['176', '9', '37', '259', '426']
['131']
['442', '39']
['371', '326']
['185', '217']
['58', '218']
['415']
['402', '25', '158']
['51', '184', '437']
['298', '297']
['416', '21', '128', '137']
['293', '67', '264']
['441', '361']
['329']
['34', '148']
['228', '384']
['69', '113', '420']
['35', '36', '42']
['182', '10', '191']
['299']
['111', '209', '327']
['77', '56']
['283', '183']
['276']
['100', '18', '106', '156', '341']
['105', '204', '362', '377']
['98', '124', '388']
['127']
['229', '129']
['210', '88']
['340', '173', '382', '387']
['207', '253', '312']
['344', '212']
['255', '117', '175']
['238', '11', '84', '444']
['136']
['424']
['270', '72']
['376', '19']
['28']
['429', '194', '339']
['74', '120', '319']
['394', '76', '309', '405']
['305']
['325']
['44']
['63', '317']
['186']
['104', '112', '151']
['7', '99', '119', '349', '358']
['157', '336']
['187']
['71']
['198', '188']
['57', '262']
['438', '279', '345']
['409']
['16']
['169']
['108']
['373', '331', '357', '365']
['284', '386']
['370', '269', '412']
['311']
['211']
['160', '200']
['241']
['364']
['80']
['166', '3']
['222']
['92', '2']
['406', '12']
['75', '8', '249', '273']
['261']
['79']
['294']
['260', '93']
['206']
['280']
['359', '275', '351']
['251']
['303', '85']
['109', '78', '289']
['48']
['287']
['89', '285', '320']
['168', '107']
['64']
['91', '403']
['291', '281']
['215']
['13']
['316']
['337', '87']
['220']
['227', '62', '219']
['417']
['101', '114', '159']
['252', '143']
['102', '322']
['445']
['4']
['1', '45', '389']
['50']
['443']
['356', '68']
['304', '17', '174']
['381']
['263']
['192']
['190', '97', '380', '411']
['224']
['189']
['38', '246']
['332', '52']
['413']
['205']
['90', '66', '139', '240', '354']
['163', '140', '232']
['346', '288']
['153']
['197', '199']
['40']
['318', '383']
['374', '378']
['203', '103']
['125', '216', '372']
['154', '59', '423']
['352']
['431']
['301']
['369', '162']
['396', '223']
['392', '135']
['247']
['353']
['435', '126']
['132']
['278', '26', '208']
['146', '86']
['22', '286']
['433', '144']
['94', '138', '407']
['29', '202']
['422', '418']
['250']
['439']
['266', '61']
['397', '419']
['440', '134']
