['8', '404', '309', '293']
['18', '199', '181', '451', '366', '49', '80']
['332', '105', '104', '439']
['20', '440']
['421', '278', '285', '35', '44', '250']
['43', '239']
['88', '393', '300', '458', '302', '234']
['499', '258', '408', '435']
['438', '496', '61', '162']
['65', '38', '311', '107']
['331', '86', '434', '74']
['416', '128', '118']
['430', '264', '409', '485', '252']
['64', '19', '452', '158']
['437', '270', '68']
['145', '142', '328']
['12', '274', '124', '89', '481']
['193', '320', '488', '217', '391', '313']
['279', '214', '376', '174']
['403', '271', '190', '150', '396', '114', '111']
['287', '146']
['415', '427', '220', '85', '176', '157']
['466', '236', '397', '36', '131']
['152', '213', '497', '208', '294', '423', '418']
['5', '207', '235', '465', '305', '216', '28']
['288', '456', '422']
['339', '39', '449', '322']
['16', '350', '175', '90', '362', '45', '398']
['385', '1']
['486', '401', '261', '245', '355', '254', '156']
['444', '141', '429', '367', '233', '353', '165']
['134', '52', '478']
['7', '223', '433', '277', '2', '453', '447']
['169', '467']
['143', '62']
['388', '445', '59', '205', '301']
['359', '312', '316', '221', '201', '327', '78']
['15', '40', '57', '432', '188', '0']
['266', '295', '460', '242', '373', '110', '476']
['378', '407', '135']
['382', '323', '127']
['125', '194', '198', '51', '155', '431']
['120', '399', '73', '414', '286', '248', '428']
['25', '394', '151', '191', '469']
['424', '140', '46', '457', '10', '276', '317']
['368', '54', '346', '185']
['324', '364', '308', '473', '363', '226', '392']
['354', '94', '212', '22', '299', '275', '63']
['284', '106', '455']
['100', '334', '374', '21', '244', '484', '461']
['405', '361', '410', '420', '487', '83']
['417', '472', '436', '268', '377', '229', '93']
['200', '122', '218', '108', '479', '448']
['167', '164', '225', '103', '232', '240', '42']
['136', '280', '272', '17', '330']
['400', '33', '348', '306', '298', '257', '259']
['224', '219', '67', '11', '184']
['192', '144', '116', '98', '304']
['138', '123', '71', '337', '149']
['126', '326', '6', '443', '296']
['27', '253', '29', '9', '186', '197', '69']
['228', '450', '72']
['102', '262']
['75', '178', '491', '249', '3']
['210', '489', '237', '464']
['498', '256', '371', '426', '231', '338']
['474', '269', '81', '97', '267', '372']
['230', '13', '265', '493', '475', '84']
['468', '292', '153', '183', '161', '333', '204']
['154', '446', '70', '47', '356', '101']
['413', '92', '30', '380', '318', '345', '171']
['206', '23', '290', '310', '31', '129', '91']
['95', '307']
['459', '48', '251', '133', '387']
['291', '389', '4', '159']
['14', '166', '177', '170', '203']
['425', '130']
['384', '442', '462', '209', '315', '283', '87']
['117', '282', '182', '351']
['395', '139', '386', '60', '273']
['163', '37', '379', '41', '56', '342', '195']
['260', '53', '402']
['406', '222', '347', '24']
['243', '26', '329', '202', '227']
['412', '470', '246', '463', '50']
['55', '303', '495', '172', '483']
['360', '477', '238', '173', '297', '375']
['490', '148']
['79', '76', '471', '411']
['383', '358', '132', '189', '314', '319', '369']
['168', '109', '341', '119', '147', '215']
['112', '255', '492', '180', '454']
['325', '349', '58']
['336', '494', '352', '263', '390', '357', '247']
['419', '281', '241', '343', '96', '335']
['121', '289', '99', '381', '480', '482', '34']
['115', '113', '82', '321', '340', '370']
['211', '441', '344', '77', '365']
['187', '196']
['179', '160', '137', '66', '32']
