['176', '304', '187', '255']
['213', '66', '240', '310']
['101', '6', '97', '160', '214', '231', '270', '234']
['18', '222', '250', '311', '314', '22', '218']
['111', '262', '287', '289', '325', '205']
['134', '54', '183', '107', '155', '229', '283']
['75', '168', '266', '271', '158', '196', '64']
['167', '0', '121', '122', '322', '263']
['284', '88', '175', '318', '1', '274', '296']
['47', '91', '225']
['108', '217', '69', '81']
['14', '165', '65', '87', '221']
['148']
['147', '55', '17', '83', '181', '156']
['27', '4', '76', '109', '186']
['92', '154', '174', '180', '110', '72']
['37', '278', '116', '126', '189', '230', '62', '306']
['129', '204', '207', '220', '100', '199']
['272', '130', '307', '326', '51', '292', '50']
['49', '159']
['124', '258', '77']
['25', '193', '248', '313', '315', '61', '259']
['133', '78', '2', '34', '301']
['303', '117', '145', '235', '285', '71']
['202', '10', '178', '238', '251', '82', '118', '224', '254']
['13', '265']
['239', '90', '74']
['68', '210', '227', '261', '241', '169', '149']
['236', '8', '86', '163', '206', '228', '291', '31', '94']
['120', '320', '323', '7']
['293', '119', '146', '173', '195', '53', '197', '12', '73']
['139', '131', '172', '184', '324', '242', '309']
['45']
['282', '41', '280', '203', '281', '317']
['257', '114', '294', '247']
['105', '58', '33']
['212', '128', '223', '98']
['216', '89', '141', '161', '170', '232', '264']
['243', '279', '179', '253']
['113', '191', '219', '38']
['15', '308', '198']
['30', '52', '35', '127', '267']
['60', '182', '79', '233']
['276', '136', '23', '305']
['201', '44', '70', '277', '300', '319', '29', '112', '297']
['115', '84', '123', '137', '152', '316', '321', '256', '42']
['144', '24', '215', '244', '85', '135', '185']
['194', '3', '252', '288', '32', '103', '26']
['150', '28', '43', '143', '153', '188', '237', '327', '245']
['295', '36', '151', '299', '166']
['40', '102', '171', '190', '286', '273']
['67', '99', '20', '11', '19', '80', '9', '249']
['260', '95', '132', '177']
['290', '16', '39', '57', '268', '275', '59', '140', '246']
['63', '48', '93', '106', '298', '226']
['5', '104', '125', '21', '96']
['312', '56', '192', '208', '211']
['157', '138', '200', '162']
['142', '46', '164', '209', '269', '302']
