['291', '172', '184', '187', '203', '273', '312', '353', '361', '441', '447', '458', '460', '498']
['212', '38', '43', '93', '160', '256', '272', '340', '424', '439']
['270', '59', '97', '210', '303', '308', '341']
['250', '63', '120', '166', '230', '246', '376', '401']
['366', '14', '23', '37', '199', '315', '391', '434', '482', '487']
['329', '28', '57', '89', '155', '170', '283', '321', '364', '385', '422', '440', '461']
['56', '16', '39', '102', '106', '127', '217', '384', '476', '490']
['288', '31', '301', '362']
['429', '181', '265', '399', '419']
['22', '86', '99', '156', '198', '298', '302', '330', '354', '374']
['73', '122', '128', '197', '205', '251', '257', '269', '357', '358', '452']
['11', '42', '49', '92', '133', '164', '226', '258', '271', '300', '413', '417', '475']
['443', '0', '29', '124', '159', '284', '327', '400', '471', '491', '496']
['397', '25', '35', '119', '142', '145', '180', '313', '352', '381', '421', '499']
['9', '60', '96', '168', '235', '289', '355', '363', '402', '463', '480']
['314', '58', '105', '183', '292', '337', '377', '386', '430']
['287', '3', '21', '70', '150', '157', '208', '219', '274', '278', '309', '323', '371', '380', '425', '435', '465']
['50', '1', '80', '82', '98', '213', '248', '305', '316', '393', '437', '474']
['456', '46', '67', '72', '220', '249', '290', '294', '359', '372']
['194', '27', '53', '109', '118', '130', '163', '191', '221', '426', '436', '486']
['318', '64', '186', '196', '240', '255', '320', '404', '495']
['431', '18', '232', '252', '281']
['173', '71', '116', '123', '129', '241', '412', '448']
['299', '101', '114', '144', '152', '243', '307', '406', '444', '450', '473', '485']
['190', '2', '77', '95', '136', '138', '143', '204', '207', '324', '360', '369', '390', '494']
['331', '206', '233', '236', '277', '351', '395', '469']
['276', '169', '175', '176']
['211', '4', '8', '74', '135', '153', '347', '383', '416']
['403', '91', '139', '171', '182', '238', '262']
['121', '7', '84', '167', '201', '202', '392', '451', '488']
['62', '17', '33', '36', '195', '228', '244', '280', '348', '356', '492']
['409', '78', '83', '85', '87', '264', '268', '296', '370', '414', '415', '418']
['293', '30', '55', '110', '177', '245', '343', '466']
['470', '12', '115', '304', '322', '326', '373', '378', '446']
['132', '5', '41', '218', '224', '333', '338', '387', '407', '408', '489']
['161', '44', '45', '47', '79', '81', '112', '126', '134', '149', '193', '342', '388', '398', '438']
['107', '15', '214', '297', '344', '396']
['442', '125', '141', '147', '178', '188', '282', '306', '349']
['231', '6', '54', '76', '146', '420', '445']
['32', '20', '158', '189', '200', '247', '275', '367', '477']
['69', '26', '68', '100', '137', '162', '239', '260', '279', '310', '375', '389', '423', '453', '483']
['493', '40', '254', '345', '394', '464', '467']
['472', '10', '34', '66', '90', '148', '266', '328', '336', '433', '459']
['151', '13', '117', '165', '179', '225', '227', '285', '286', '382', '410', '478']
['113', '65', '75', '111', '263', '368', '411', '428', '454', '462']
['174', '215', '222', '267', '332', '379', '481']
['216', '48', '51', '253', '346']
['457', '61', '94', '154', '209', '237', '317', '334', '350', '432', '479']
['229', '24', '104', '140', '185', '234', '261', '311', '405', '468']
['427', '52', '131', '223', '242', '295', '325', '339', '365', '455']
['335', '19', '88', '103', '108', '192', '259', '319', '449', '484', '497']
