['134', '1', '30', '36', '97', '197', '210', '258', '261', '264']
['118', '12', '105', '191', '224']
['196', '14', '107', '132', '180', '181', '213', '219', '226', '238']
['252', '28', '127', '187', '204', '215']
['270', '2', '18', '117', '148', '207', '216', '221', '245', '269']
['177', '13', '16', '26', '46', '48', '53', '67', '147', '169']
['239', '4', '19', '44', '85', '135', '137', '138', '166', '211']
['24', '47', '70', '77', '86', '114', '199', '201', '229', '250']
['212', '31', '76', '82', '111', '112', '151', '154', '234', '240']
['15', '49', '57', '62', '110', '222', '243', '249']
['133', '22', '32', '34', '126', '145', '146', '205']
['256', '75', '81', '100', '123', '136', '190', '218']
['73', '20', '96', '161', '193', '209', '214', '223', '237', '254']
['259', '6', '21', '37', '42', '59', '66', '89', '103', '108']
['167', '8', '38', '50', '51', '91', '98', '131', '233', '266']
['80', '23', '68', '74', '79', '121', '192', '217', '248', '253']
['159', '55', '87', '102', '106', '142', '157', '158', '182', '203']
['179', '41', '52', '129', '149', '165']
['7', '56', '65', '90', '128', '168', '206', '247', '265', '267']
['58', '5', '64', '71', '78', '122', '130', '143', '176', '178']
['27', '150', '163', '175', '185', '228', '244']
['268', '39', '72', '144', '152', '156', '164', '170', '227', '260']
['200', '43', '116', '155', '160', '188', '194', '198', '246', '251']
['63', '120', '139', '171', '186', '189', '230', '231', '235', '242']
['241', '60', '69', '141', '172', '174', '220', '232', '236', '262']
['11', '3', '9', '10', '83', '92', '124', '162', '255']
['202', '17', '99']
['257', '25', '109', '113', '115', '153', '183', '195', '208', '225']
['54', '35', '61', '84', '95', '104', '140', '173', '184', '263']
['93', '29', '33', '40', '45', '88', '94', '101', '119', '125']
