['494', '292', '149', '219', '250', '301', '460', '222', '416', '89', '479', '425', '454', '400', '126', '462', '445', '98', '71', '447', '497', '21', '390', '298', '159', '399', '139', '272', '203', '491']
['107', '88', '235', '318', '406', '133', '326', '482', '465', '261', '461', '225', '205', '427', '418', '493', '181', '193', '46', '95', '297', '385', '204', '273', '464', '172', '209']
['446', '217', '162', '210', '59', '263', '449', '184', '389', '144', '43', '118', '423', '14', '232', '484', '405', '3', '299']
['353', '239', '115', '308', '111', '70', '20', '470', '229', '402', '245', '81', '407', '188', '264', '469', '134', '15', '165', '119']
['158', '379', '312', '436', '417', '244', '361', '309', '31', '360', '10', '330', '490', '359', '432', '311', '123', '398', '201', '216', '354']
['456', '296', '177', '344', '455', '363', '25', '160', '428', '303', '331', '27', '68', '116', '380', '358', '349', '487', '77', '178', '49', '99', '280', '29', '30', '154', '231', '355']
['321', '55', '306', '69', '304', '377', '285', '240', '52', '419', '35', '13', '498', '426', '274', '114', '268', '386', '278', '182', '337']
['381', '473', '150', '281', '221', '477', '117', '378', '291', '392', '256', '206', '466', '122', '453', '489', '90', '356', '227', '339']
['191', '166', '435', '488', '4', '87', '367', '189', '136', '374', '242', '254', '269', '408', '316', '485', '365', '243', '499', '295', '328', '388', '79']
['481', '174', '175', '429', '66', '5', '110', '336', '6', '61', '44', '9', '279', '67', '62', '155', '463', '468', '366', '444', '207', '65']
['153', '220', '138', '234', '75', '92', '450', '275', '103', '73', '197', '161', '237', '57', '314', '22', '371', '372', '179', '171']
['194', '286', '375', '16', '74', '467', '342', '132', '364', '128', '351', '348', '252', '437', '112', '439', '192', '176', '369', '382', '84', '63', '230', '410', '58']
['113', '131', '474', '93', '253', '457', '433', '228', '247', '434', '42', '120', '83', '475', '492', '86', '125', '38', '45', '142', '224', '208', '257']
['478', '315', '156', '101', '305', '448', '277', '335', '391', '262', '129', '302', '124', '223', '255', '198', '105', '143', '293', '282', '373', '148', '403', '170']
['233', '211', '310', '345', '394', '183', '259', '438', '163', '41', '288', '137', '265', '0', '319', '413', '322', '60', '141', '85', '415', '376', '283', '271', '17', '196', '167']
['130', '246', '451', '102', '185', '294', '276', '241', '431', '440', '152', '76', '169', '195', '421', '289', '393', '320', '422', '127', '267', '97', '12', '334']
['190', '106', '430', '401', '409', '108', '362', '323', '212', '51', '33', '333', '168', '37', '341', '26', '8', '458', '260']
['215', '187', '121', '91', '82', '495', '404', '347', '32', '476', '78', '307', '441', '420', '135', '338', '317', '186', '218', '395', '300']
['145', '238', '236', '199', '151', '24', '270', '325', '370', '147', '397', '352', '483', '40', '396', '36', '164', '327', '214', '180', '472', '104', '18', '19']
['23', '28', '80', '452', '480', '258', '324', '332', '424', '350', '140', '387', '411', '109', '471', '213', '383', '443', '1', '54', '384', '251', '202', '2']
['226', '412', '34', '284', '96', '287', '56', '53', '313', '7', '100', '47', '343', '340', '414', '346']
['72', '266', '329', '459', '442', '200', '157', '357', '146', '39', '248', '64', '48', '290', '496', '94', '50', '368', '11', '486', '249', '173']
