['372', '66', '72', '75', '109', '113', '175', '176', '177', '209', '245', '297', '304', '325', '330', '353', '364', '395', '399', '118', '225']
['20', '25', '47', '68', '238', '277', '286', '301', '320', '338', '346', '356', '363', '311', '213', '106', '131', '314', '150', '289', '27']
['354', '12', '24', '37', '49', '59', '82', '94', '127', '128', '129', '136', '155', '156', '182', '185', '232', '261', '287', '300', '41']
['188', '17', '48', '78', '97', '103', '111', '137', '173', '235', '240', '266', '342', '387', '9', '241', '153', '124', '107', '222', '121']
['293', '33', '39', '79', '134', '186', '197', '199', '249', '256', '263', '308', '322', '358', '391', '400', '116', '169', '251', '357', '294']
['64', '32', '44', '52', '168', '172', '198', '203', '215', '219', '267', '315', '324', '326', '360', '371', '390', '392', '141', '252', '282']
['206', '18', '19', '50', '73', '108', '142', '179', '180', '190', '202', '269', '312', '329', '340', '343', '365', '367', '397', '154', '54']
['229', '10', '11', '46', '51', '62', '102', '105', '114', '159', '195', '200', '211', '217', '257', '292', '306', '309', '123', '70', '167']
['233', '14', '42', '65', '87', '99', '101', '130', '132', '140', '148', '166', '208', '231', '243', '246', '247', '279', '35', '22', '210']
['385', '7', '71', '120', '158', '192', '204', '255', '283', '284', '295', '321', '327', '335', '347', '378', '396', '89', '96', '259', '91']
['28', '5', '67', '93', '126', '146', '160', '164', '212', '265', '268', '274', '316', '332', '334', '341', '348', '376', '379', '161', '171']
['112', '53', '58', '115', '135', '138', '151', '152', '178', '194', '237', '242', '271', '307', '337', '370', '81', '331']
['333', '3', '43', '56', '63', '122', '139', '149', '189', '216', '221', '239', '344', '368', '382', '384', '388', '393']
['280', '21', '74', '77', '100', '125', '147', '183', '196', '205', '220', '281', '313', '328', '339', '361', '362', '90', '230']
['1', '13', '15', '133', '165', '174', '193', '236', '250', '253', '262', '275', '317', '319', '345', '349', '355', '375', '381', '394']
['4', '6', '26', '29', '40', '55', '104', '119', '244', '260', '270', '288', '298', '303', '352', '386', '398']
['373', '23', '34', '36', '38', '57', '86', '98', '144', '163', '227', '248', '302', '305', '310', '336', '351', '374', '383', '389']
['45', '80', '83', '157', '187', '191', '218', '223', '254', '272', '276', '278', '285', '296', '299', '350', '366', '369', '377']
['273', '8', '30', '31', '88', '92', '181', '207', '228', '258', '264', '291', '318', '323', '359', '380', '226']
['117', '2', '60', '61', '69', '84', '85', '95', '110', '145', '162', '170', '184', '201', '214', '224', '234', '290']
