['Lux', 'Latimer', 'Elburr', 'Moonier', 'Pinto', 'Hong', 'Fruin', 'Janaya', 'Woo', 'Javler', 'Larson', 'Les', 'Shannah', 'Cristoforo', 'Reste', 'Tristam', 'Biggs', 'Oscar', 'Saudra', 'Eldwen', 'Utas', 'Saxen', 'Darrow', 'Epstein', 'Paulita', 'Genie', 'Faunia', 'Lenes', 'Willis', 'Billy', 'Coh', 'Benilda', 'Lon', 'Agosto']
['Shelbi', 'Shanly', 'Thorman', 'Dietrich', 'Sumer', 'Micheal', 'Beaver', 'Tillford', 'Chemush', 'Roanna', 'Aviv', 'Basso', 'Holofernes', 'Barnett', 'Colly', 'Baldridge', 'Halstead', 'Jobyna', 'Polish', 'Chaddie', 'Vikky', 'Foulk', 'Harmony', 'Raynor', 'Mackenzie', 'McCullough', 'Willetta', 'Meingolda', 'Wendye']
['Emelita', 'Mikol', 'Hittel', 'Cavallaro', 'Elihu', 'Formenti', 'Buxton', 'Gombosi', 'Chancellor', 'Fabrice', 'Danna', 'Dowlen', 'Masterson', 'Schnabel', 'Maude', 'Placido', 'Dole', 'Verras', 'Sievert', 'Bello', 'Hako', 'Ted', 'Groh', 'Derinna', 'Lorilyn', 'Ferullo', 'Kerwon']
['Delila', 'Selma', 'Tiphane', 'Kaufmann', 'Safire', 'Serafine', 'Antonino', 'Marijn', 'Robbin', 'Marina', 'Emelia', 'Hook', 'Wistrup', 'Renick', 'Favian', 'Norean', 'Pappas', 'Osrick', 'Volkan', 'Rik', 'Kudva', 'Questa', 'Gibun', 'Astto', 'Behlau']
['Henrique', 'Ardehs', 'Smukler', 'Deni', 'Elberta', 'Knute', 'Buckler', 'Dumas', 'Ebneter', 'Saville', 'Ammadis', 'Sosanna', 'Manaker', 'Grath', 'Carter', 'Damon', 'Flo', 'Lynett', 'Adaurd', 'Adriane']
['McIntosh', 'Woodhead', 'Bran', 'Gowrie', 'Jessalin', 'Eudocia', 'Leod', 'Jenkel', 'Maribel', 'Melda', 'Barby', 'Uta', 'Donn', 'Ursi', 'Stephenson', 'Rani', 'Watson', 'Hillegass', 'Cataldo', 'Mitchiner', 'Converse', 'Utica', 'Felicie', 'Nari', 'Jehiel', 'Morville', 'Tonya', 'Ace', 'Derril']
['Danais', 'Zobe', 'Akeyla', 'Sigsmond', 'Winebaum', 'Darsie', 'Carrillo', 'Katzir', 'Nicolis', 'Perloff', 'Charin', 'Arel', 'Balliett', 'Nance', 'Cristiona', 'Bernj', 'Elmira', 'Feinstein', 'Rombert', 'Lamb', 'Gloriana', 'Crompton', 'Montagna', 'Pontius', 'Leiser', 'Margeaux']
['Eilis', 'Everick', 'Antonetta', 'Griswold', 'Tessy', 'Maye', 'Mansoor', 'Jillana', 'Matthaeus', 'Myrvyn', 'Tuttle', 'Clere', 'Fairfax', 'Rocray', 'Coumas', 'Dett', 'Saylor', 'Desi', 'Hudis', 'Meras', 'Fillender', 'Minda', 'Uzzia', 'Dulcea']
['Lotus', 'Vesta', 'Bevon', 'Letta', 'Hamlin', 'Avril', 'Hadleigh', 'Girardo', 'Vaish', 'Karlise', 'Harland', 'Emmer', 'Cloots', 'Delinda', 'Neille', 'Nannette', 'Noyes', 'Hawger', 'Sachi', 'Ludovico', 'Yasu', 'Wunder', 'Ches', 'Rue', 'Kimon', 'Karie', 'Freddy']
['Newton', 'Lacy', 'Rhonda', 'Cerracchio', 'Berneta', 'Ber', 'Flemming', 'Melisa', 'Augustina', 'Tay', 'Udell', 'McKinney', 'Nanette', 'Pippo', 'Birck', 'Jestude', 'Girovard', 'Alf', 'Balcer', 'Blasius', 'Jimmy', 'Shelby', 'Ebba', 'Kylah', 'Fast']
['Grimona', 'Monahan', 'Ashman', 'Merola', 'Busey', 'Holey', 'Schreck', 'Haldane', 'Cal', 'Fadiman', 'Plantagenet', 'Ubana', 'Vevay', 'Klute']
['Lunetta', 'Anuska', 'Tavy', 'Kinzer', 'Velda', 'Danuloff', 'Matthew', 'Hotze', 'Bounds', 'Fausta', 'Nessy', 'Felise', 'Livingston', 'Oakes', 'Binette', 'Higgs', 'Quitt', 'Catherin', 'Rooke', 'Melburn', 'Ainslee']
['Barsky', 'Padget', 'Hatch', 'Bui', 'Yim', 'Eleni', 'Earlene', 'Zandt', 'Sinnard', 'Lou', 'Prebo', 'Ferro', 'Ultun', 'Weirick', 'Dearman', 'Dott', 'Neva', 'Enid', 'Druce', 'Holms', 'Fifine']
['Griffin', 'Lombardi', 'Yerxa', 'Chae', 'Celestyn', 'Hannover', 'Cardwell', 'Clea', 'Nestor', 'Scherman', 'Stearns', 'Bruns', 'Nisse', 'Winer', 'Ursola', 'Ragland', 'Harriet', 'Larry', 'Fidelio', 'Janerich', 'Kile', 'Lyle', 'Auroora', 'Koetke', 'Raul']
['Dedric', 'Burkhart', 'Caines', 'Balling', 'Jason', 'Jori', 'Minier', 'Ginzburg', 'Acacia', 'Won', 'Starinsky', 'Worlock', 'Jenness', 'Milore', 'Krystalle', 'Toh', 'Puklich', 'Nafis', 'Glenn', 'Candyce', 'Janenna', 'Jorgenson', 'Groos', 'Till', 'Sandstrom', 'Midian', 'Mathur']
['Ruhnke', 'Tine', 'McCoy', 'Merth', 'Lauree', 'Gerianne', 'Lawler', 'Cherry', 'Galligan', 'Turrell', 'Odin', 'Dimitry', 'Virginia', 'Mushro', 'Ciapas', 'Ng', 'Grochow', 'Neveda', 'Edrick', 'Florentia', 'Karon', 'Clovah', 'Uchida', 'Cheria', 'Fitz', 'McClimans']
['Atkins', 'Zelma', 'Sandeep', 'Dela', 'Lenhart', 'Farro', 'Tarkany', 'Marilou', 'Hankins', 'Evangeline', 'Vonni', 'Halimeda', 'Cyd', 'Arianna', 'Cutty', 'Hardej', 'Proudfoot', 'Klapp', 'Shepp', 'Eno', 'Ruyle', 'Jeniece', 'Shea', 'Adolphus', 'Holton', 'Hermon', 'Wing', 'Dare', 'Kronick', 'Fokos', 'Erlewine', 'Danita']
['Towne', 'Kerianne', 'Cicely', 'Firman', 'Tennes', 'Flieger', 'Corkhill', 'Ashford', 'Berner', 'Ottinger', 'Swanhilda', 'Yarvis', 'Franek', 'Summons', 'Wight', 'Leanna', 'Gwenette', 'Brittnee', 'Ashling', 'Love', 'Nath', 'Australia', 'Costin', 'Japeth', 'Pryce', 'Alvinia', 'Durante']
['Hillel', 'Risteau', 'Gillian', 'Beebe', 'Salomi', 'Mokas', 'Hakim', 'Mauchi', 'Ratcliffe', 'Davidde', 'Rodolphe', 'Doroteya', 'Lamson', 'Prince', 'Brazee', 'Hayyim', 'Gunn', 'Kassi', 'Marijo', 'Blondell', 'Hanway', 'Fredkin', 'Carlick', 'Clymer', 'Kanya']
['Demetria', 'Bhayani', 'Joed', 'Dotson', 'Lynnelle', 'Sheeran', 'Hett', 'Lindell', 'Debera', 'Crean', 'Malo', 'Lentha', 'Moyers', 'Ardys', 'Bluhm', 'Tutankhamen']
