['365', '341', '265', '203', '80', '52', '172', '28', '113', '395', '346', '216', '147', '105', '278', '250', '97', '66', '390', '204', '222', '127', '4', '141', '323']
['254', '53', '280', '219', '94', '303', '331', '386', '290', '262', '183', '304', '285', '138', '150', '276', '375', '11', '284', '394', '197', '380']
['185', '345', '293', '399', '21', '273', '134', '229', '102', '174', '369', '286', '225', '297', '14', '13', '352', '16', '283']
['19', '132', '350', '49', '309', '321', '213', '355', '261', '227', '179', '322', '159', '210', '55', '91', '64', '300']
['243', '312', '232', '189', '173', '364', '220', '88', '244', '315', '99', '279', '372', '161', '357', '46', '180', '130', '349', '385', '277', '93', '76']
['124', '26', '104', '249', '239', '3', '35', '2', '281', '1', '8', '314', '267', '151', '167', '367', '116', '47', '37', '393', '370', '374', '295', '170']
['145', '176', '114', '291', '149', '199', '165', '329', '157', '128', '316', '359', '156', '90', '272', '154', '63', '118']
['69', '299', '366', '153', '319', '171', '12', '362', '160', '129', '22', '253', '83', '236', '10', '78', '181', '305', '193', '230', '356', '270', '33', '136', '110']
['38', '158', '101', '274', '119', '89', '246', '245', '347', '96', '325', '182', '228', '121', '330', '162']
['20', '271', '313', '233', '175', '169', '327', '266', '308', '44', '294', '212', '389', '15', '166', '234', '196', '195']
['67', '302', '363', '255', '45', '48', '336', '56', '292', '339', '106', '231', '152', '7', '131', '9', '353']
['343', '310', '57', '178', '190', '242', '296', '81', '186', '215', '247', '344', '6', '201', '60', '381', '92', '282', '214', '50', '383', '85']
['379', '155', '200', '139', '120', '125', '31', '258', '388', '98', '334', '307', '217', '205', '311', '373', '221', '163', '338']
['117', '241', '342', '187', '256', '100', '68', '378', '264', '337', '301', '77', '398', '62', '235', '112', '202', '54', '387']
['122', '146', '25', '191', '58', '333', '140', '377', '107', '392', '126', '59', '218', '238', '36', '84', '109', '41', '194', '211', '65', '39', '298', '317', '335']
['30', '207', '75', '34', '248', '209', '275', '142', '198', '391', '148', '306', '103', '384', '348', '108', '123', '71', '29', '396']
['188', '371', '5', '324', '397', '360', '269', '95', '326', '368', '351', '251', '168', '32', '42', '27', '144']
['289', '0', '361', '51', '40', '287', '70', '82', '18', '340', '237', '143', '252', '208', '74', '73', '79']
['260', '86', '320', '133', '288', '23', '206', '263', '192', '328', '137', '268', '135', '177', '259', '164', '115']
['376', '358', '111', '87', '318', '332', '17', '226', '354', '382', '24', '72', '257', '240', '223', '43', '184', '61', '224']
