['242', '298', '864', '982', '59', '787', '894', '687', '373', '874', '702', '909']
['678', '637', '495', '870', '353', '166', '360', '169', '355']
['907', '229', '99', '538', '797', '507', '661', '80', '649', '949', '305', '639', '466']
['401', '710', '366', '917', '384', '335', '458']
['177', '144', '857', '831', '277', '819', '232', '968', '253', '841', '519']
['345', '315', '709', '84', '319', '957', '556', '196', '150', '359', '969', '628', '14']
['433', '326', '620', '395', '453', '992', '925', '899', '21', '142', '38', '876']
['286', '216', '927', '141', '237', '735', '496', '485', '221', '679', '685', '714', '116']
['6', '887', '284', '521', '791', '66', '743', '741', '865', '976', '650', '148']
['871', '646', '723', '306', '523', '572']
['256', '935', '396', '293', '784', '773', '734', '195', '672', '451', '301', '892', '9']
['619', '53', '380', '638', '686', '236', '381', '769', '375', '77']
['440', '884', '759', '109']
['388', '756', '352', '879', '933', '706', '197', '697', '11', '712', '132']
['30', '437', '725', '405', '548', '255', '365', '530', '781', '120']
['208', '297', '271', '317', '764', '860']
['713', '504', '307', '755', '731', '862']
['347', '704', '487', '942', '429', '285', '607']
['33', '700', '585', '202', '812', '830']
['427', '990', '113', '181', '804', '476', '16', '842']
['70', '418', '283', '178', '696', '446', '107', '394', '160', '564']
['228', '260', '249', '783', '299', '751', '200', '339', '847', '674']
['325', '844', '850', '852', '959', '584', '410', '13', '161', '312']
['87', '827', '652', '503', '873', '974', '558', '774', '212', '727', '430', '456', '60']
['772', '492', '922', '115', '978', '45', '449', '980', '835', '501', '821']
['368', '246', '73', '337', '967', '948', '923', '698', '517', '936', '329', '127', '445']
['465', '425', '23', '921', '518', '121', '111', '752', '785', '392']
['544', '542', '733', '288', '610', '343', '363']
['767', '863', '707', '488', '5', '578', '729', '828', '655', '601', '730']
['190', '96', '745', '905', '528', '805', '708', '239', '424']
['669', '447', '547', '600', '310', '991', '920']
['72', '86', '630', '136', '966', '422', '189']
['105', '258', '270', '995', '640', '571', '314', '254', '114', '777']
['24', '506', '139', '340', '416', '479', '953', '386', '470', '970']
['900', '849', '478', '168', '540', '555', '858', '510', '238', '376', '721', '214', '158']
['346', '947', '431', '822', '267', '512', '104', '799', '724', '473', '173', '74', '123']
['979', '57', '119', '8', '0', '854', '137']
['796', '432', '608', '612', '810', '694', '836', '631', '370', '193', '67', '599', '534']
['944', '211', '749', '895', '911', '621', '758', '468', '207', '471', '636', '902']
['444', '878', '814', '220', '539', '645', '811', '866', '763', '551', '750']
['49', '562', '593', '877', '587', '362', '452', '332', '657', '626']
['903', '590', '46', '393', '477', '688', '983', '984', '265', '939', '693']
['174', '354', '716', '886', '289', '869', '294', '438']
['615', '647', '4', '932', '586', '906', '90', '790', '524', '404', '529', '561', '573']
['48', '131', '377', '604', '908', '184', '963', '235', '484', '663', '348', '407', '455']
['443', '198', '257', '481', '834', '266', '32', '680', '806', '566', '853', '748', '261']
['728', '252', '633', '79', '746', '635', '880']
['61', '463', '2', '825', '681', '333', '813', '527']
['491', '37', '454', '282', '18', '613', '616', '545', '961', '526', '371']
['364', '75', '634', '419', '683', '818', '954', '648', '403', '493', '789', '472']
['311', '532', '309', '175', '450', '146', '52', '890', '482', '222', '342']
['993', '225', '155', '803', '692', '233', '598', '924', '754', '691']
['63', '441', '560', '82', '673', '684']
['182', '757', '817', '738', '644', '244', '398', '762', '264', '508']
['851', '934', '973', '191', '658', '413', '753', '627', '808', '56', '185', '341']
['950', '559', '22', '130', '912', '960', '106', '972', '910', '387']
['219', '988', '151', '330', '55', '888', '138', '269']
['62', '313', '859', '720', '215', '19', '536']
['919', '89', '838', '274', '26', '157', '275', '651', '843']
['336', '92', '994', '643', '25', '497', '603', '928']
['259', '500', '204', '592', '292', '36', '574', '125', '170', '140', '839']
['665', '145', '408', '133', '595', '565', '642']
['231', '135', '881', '606', '514', '557', '498', '997', '596', '659', '490']
['761', '58', '118', '152', '186', '533', '227', '718', '467', '618']
['832', '786', '809', '977', '318', '397', '122', '41', '736', '760', '54']
['515', '93', '199', '183', '653', '577', '845', '549', '320', '462', '800']
['971', '385', '520', '263', '677', '705', '230', '374', '823', '779', '308', '775', '280']
['167', '981', '391', '998', '29', '187', '291', '240', '929', '156', '31', '180', '941']
['889', '582', '302', '94', '940', '402', '494', '241', '535', '897', '379', '98']
['703', '10', '420', '964', '550', '660', '589']
['71', '435', '100', '701', '358', '296', '469']
['958', '323', '251', '776', '867', '76', '338', '875', '581', '483', '334', '962', '996']
['537', '945', '901', '671', '807', '205', '715', '915', '918', '868']
['765', '414', '176', '351', '369', '300', '778', '740', '243', '390', '411', '931']
['580', '42', '324', '188', '436', '7', '421', '553', '882', '321', '782', '675', '331']
['605', '726', '279', '475', '816', '1', '12', '576', '83']
['625', '194', '40', '328', '682', '287', '367', '69', '833']
['676', '632', '372', '802', '837', '47', '179', '357', '840', '81']
['770', '39', '295', '719', '226', '247', '975', '134']
['846', '569', '459', '51', '824', '499']
['43', '153', '732', '272', '898']
['855', '952', '546', '861']
['442', '428', '303', '350', '480', '946', '210', '591', '689', '913', '412', '406']
['65', '389', '623', '690', '609', '78', '826', '575', '617', '531', '999', '552', '926']
['192', '165', '415', '276', '914', '159', '670', '28', '739']
['224', '91', '88', '780', '747', '815', '798', '525', '766', '316', '68', '989']
['112', '788', '829', '985', '896', '110', '588', '956', '245', '426', '147', '509', '234']
['489', '801', '486', '273', '290', '668', '201', '522', '965', '543', '943', '203', '20']
['597', '624', '44', '206', '938', '149', '217', '699', '614', '3', '795']
['361', '602', '95', '662', '986', '327', '464', '281', '563', '474', '400', '641', '666']
['399', '516', '722', '34', '304', '695', '50', '771', '129', '17', '378', '409', '667']
['744', '108', '103', '793', '654', '97', '664', '461', '383', '711', '583', '820']
['955', '27', '143', '856', '163', '792', '554', '930', '622', '172', '916', '101', '209']
['434', '505', '417', '162', '278', '64', '513']
['423', '349', '872', '154', '213', '35', '737', '223', '768', '448']
['250', '439', '885', '85', '567', '102', '124', '382']
['457', '742', '937', '656', '356', '126', '171', '629', '611']
['951', '848', '794', '15', '460', '891', '541', '262', '904', '594', '218', '987', '893']
['570', '579', '344', '883', '128', '502', '164', '268']
['322', '117', '248', '511', '568', '717']
