['279', '992', '495', '558', '762', '836', '354', '4', '745', '909', '148', '640', '937', '662', '597', '559', '860', '256', '591', '104', '274', '146', '632', '952', '6', '40', '855', '27', '764', '677', '164', '936', '457', '37']
['113', '316', '761', '449', '841', '362', '360', '969', '876', '345', '84', '465', '703', '960', '878', '833', '65', '943', '191']
['241', '663', '413', '573', '824', '141', '548', '767', '136', '555', '218', '129', '414', '85', '540', '880', '337', '862', '550']
['794', '890', '505', '773', '562', '490', '900', '704', '179', '283', '827', '431', '694', '260', '813', '586', '995', '594', '280', '682', '570', '221', '375', '592', '307', '149', '799', '482', '533', '432', '744', '883', '616', '689']
['810', '564', '891', '493', '97', '201', '476', '405', '566', '286', '885', '874', '76', '169', '560', '167', '547', '197', '747', '226', '676', '839', '901', '203', '809', '128', '143']
['636', '430', '282', '906', '350', '914', '626', '911', '206', '975', '539', '499', '456', '91', '342', '428', '394', '924', '863', '857', '45', '834', '352', '513', '615', '655', '688', '94']
['98', '161', '348', '523', '849', '273', '228', '326', '14', '678', '830', '366', '991', '970', '706', '741', '654', '96', '281', '920', '73', '503', '685', '160', '746']
['526', '16', '797', '134', '732', '485', '870', '551', '232', '861', '162', '756', '858', '379', '196', '364', '934', '258', '765', '895', '778', '67', '574', '15', '314', '43', '608']
['653', '377', '820', '786', '440', '627', '998', '140', '150', '913', '889', '637', '252', '639', '774', '17', '389', '759', '290', '598', '276', '585', '422', '903', '898', '964', '971']
['950', '749', '306', '245', '722', '321', '530', '894', '216', '675', '207', '125', '173', '374', '30', '779', '22', '170', '760', '738', '576', '284']
['923', '660', '976', '918', '311', '545', '581', '816', '386', '755', '380', '664', '733', '621', '82', '487', '248', '679', '978', '200', '823', '291', '25', '144', '933', '255', '294', '607', '50', '270', '837', '199', '189']
['242', '441', '881', '317', '710', '980', '926', '919', '244', '111', '1', '800', '699', '686', '569', '792', '425', '721', '427', '384', '973', '674', '725', '429', '887', '650', '938', '492']
['266', '635', '997', '192', '110', '259', '772', '928', '962', '619', '44', '365', '319', '877', '105', '474', '529', '864', '64', '334', '517', '109', '696', '953', '437', '497', '840', '102', '234']
['185', '588', '999', '646', '376', '751', '835', '515', '323', '58', '53', '301', '984', '789', '302', '93', '916', '396', '452', '229', '729', '188', '758', '981', '724']
['623', '92', '604', '977', '176', '580', '784', '333', '708', '932', '222', '339', '78', '527', '988', '602', '346', '915', '603', '599', '66', '961', '10', '715', '843', '358', '948', '378', '546', '0', '187', '750', '462', '35', '247', '902', '438']
['320', '609', '285', '20', '368', '208', '600', '156', '511', '313', '190', '622', '168', '460', '945', '447', '549', '766', '325', '262', '601', '88', '927', '572']
['643', '684', '869', '571', '209', '775', '567', '740', '433', '246', '593', '532', '720', '868', '691', '388', '137', '769', '831', '617', '165', '735']
['904', '336', '993', '596', '309', '13', '297', '695', '713', '538', '707', '512', '587', '407', '736', '153', '235', '727', '442', '865', '508', '954', '742', '448', '395', '500', '776', '253', '453', '400', '582', '579']
['131', '673', '502', '522', '240', '155', '808', '463', '193', '584', '930', '631', '896', '446', '612', '565', '882', '318', '496', '498', '959', '158']
['119', '198', '175', '963', '151', '944', '897', '967', '194', '716', '986', '518', '122', '782', '912', '475', '709', '501', '942', '534', '471', '711', '330', '21', '353', '261', '718', '142', '987', '145']
['613', '821', '341', '893', '525', '851', '254', '818', '832', '791', '974', '811', '652', '344', '402', '554', '690', '790', '848', '295', '931', '278', '657', '479', '303', '424', '641', '381', '910', '647', '955', '227', '184', '289', '177', '393', '481']
['230', '683', '59', '780', '665', '265', '850', '32', '83', '700', '79', '89', '719', '238', '99', '804', '611', '661', '47', '543', '994', '220', '52', '717', '455', '777', '752', '174', '157', '556', '212', '899']
['812', '61', '401', '620', '552', '154', '219', '183', '480', '18', '575', '506', '996', '211', '651', '466', '312', '419', '416', '132', '81', '300', '163', '39', '56', '723']
['949', '757', '406', '753', '287', '659', '124', '121', '106', '367', '38', '739', '941', '595', '7', '34', '304', '72', '343', '634', '225', '423', '415', '951', '965', '668', '783', '921', '464', '507', '807']
['590', '195', '670', '494', '838', '468', '340', '873', '763', '371', '605', '115', '610', '687', '793', '633', '484', '459', '439', '322', '331', '846', '528', '787', '701', '805', '86', '268', '990', '223', '63', '171', '748', '524']
['324', '989', '392', '107', '60', '421', '139', '483', '815', '112', '983', '70', '796', '477', '871', '726', '443', '473', '293', '648', '231', '847', '332', '656', '90', '116', '249', '491', '8', '210', '152']
['638', '469', '36', '510', '275', '577', '853', '101', '48', '288', '730', '563', '33', '108', '28', '68', '489', '922', '272', '583']
['630', '100', '669', '516', '666', '649', '795', '277', '267', '305', '204', '95', '349', '31', '359', '135', '166', '467', '75', '57', '329', '488', '801', '436', '908', '979', '251', '907', '788', '370', '435', '697', '224', '69', '946']
['845', '133', '470', '642', '408', '299', '681', '734', '472', '41', '578', '357', '985', '213', '338', '519', '434', '444', '514', '263', '947', '383', '917', '271', '486', '624']
['872', '454', '180', '645', '956', '629', '269', '817', '451', '117', '23', '450', '19', '387', '504', '886', '628', '537', '347', '103', '614', '12', '399', '929', '114', '553', '172', '327', '781', '296', '905', '859', '355', '561', '478', '589', '568', '233', '825']
['842', '771', '410', '828', '159', '866', '672', '958', '123', '202', '535', '298', '308', '24', '667', '382', '237', '814', '461', '728', '966', '520', '544', '391', '693', '26', '531', '2', '74', '731']
['829', '680', '5', '802', '130', '54', '714', '625', '373', '606', '536', '420', '328', '335', '521', '940', '147', '138', '42', '310', '737', '671', '557', '856', '71', '982', '411', '822', '186', '542', '826', '403', '972', '968', '363', '264', '182']
['798', '712', '770', '250', '46', '939', '426', '754', '404', '239', '658', '126', '692', '397', '205', '217', '803', '618', '875', '372', '390']
['87', '62', '118', '458', '9', '884', '127', '215', '844', '214', '854', '705', '445', '398', '852', '888', '315', '369', '806', '257', '181', '77', '785', '698', '935']
['51', '819', '409', '418', '178', '356', '768', '385', '925', '509', '867', '361', '743', '879', '3', '892', '351', '49', '644', '541', '80', '55', '412', '29', '292', '417', '702', '243', '120', '957', '11', '236']
