['100', '181', '431', '223', '63', '421', '612', '61', '463', '68', '287', '37', '509', '576', '202', '308', '84', '544', '374', '136', '460', '632', '215', '44', '574', '106', '205', '253', '348', '80', '639', '494', '161']
['292', '336', '32', '233', '170', '419', '299', '450', '410', '262', '166', '377', '271', '261', '608', '363', '540', '496', '432', '486', '379', '334', '625', '537', '549', '521', '590']
['364', '365', '277', '137', '229', '588', '638', '561', '393', '212', '313', '333', '569', '411', '199', '312']
['0', '387', '398', '238', '317', '437', '560', '34', '404', '417', '221', '644', '310', '461', '98', '370', '383', '445', '566', '400', '283', '506', '468', '453', '622', '18']
['597', '579', '226', '594', '39', '637', '530', '380', '620', '52', '86', '130', '531', '87', '527', '73', '79', '135', '105', '138', '626', '142', '102', '257', '643', '444']
['520', '1', '545', '395', '250', '280', '586', '258', '291', '306', '219', '541', '484', '408', '112', '9', '455', '422', '244', '426', '272', '96', '373', '274', '507']
['519', '197', '228', '458', '173', '281', '217', '183', '385', '118', '126', '67', '8', '7', '51', '54', '187', '164', '81', '475', '328', '251', '193', '216', '151']
['220', '318', '532', '58', '394', '252', '616', '516', '473', '295', '481', '57', '231', '610', '263', '157', '351', '551', '190', '472']
['534', '5', '353', '360', '340', '329', '505', '441', '369', '504', '495', '550', '424', '447', '160', '525', '518', '307', '502', '141', '542', '200', '563', '3']
['436', '265', '439', '65', '47', '26', '27', '236', '482', '82', '452', '247', '641', '396', '30', '22', '267', '606', '38', '642', '390', '571', '286', '184', '94', '548', '309', '35', '15', '230', '459', '357', '191', '347']
['300', '121', '182', '78', '372', '284', '198', '248', '242', '195', '428', '517', '376', '290', '93', '440', '69', '128', '617', '296', '97', '389', '4', '412', '330']
['224', '478', '109', '201', '451', '240', '462', '150', '598', '510', '492', '301', '282', '607', '125', '611', '83', '76', '99', '237', '627', '66', '144', '613', '260', '60', '570', '636', '211', '31', '640']
['498', '555', '356', '305', '273', '343', '337', '20', '602', '382', '55', '234', '204', '2', '335', '225', '539', '208', '645', '409', '298']
['235', '117', '245', '46', '285', '311', '304', '294', '513', '391', '325', '523', '159', '529', '48', '147', '269', '203', '605', '558', '488', '288', '131']
['407', '572', '443', '210', '72', '28', '397', '339', '115', '349', '110', '342', '368', '207', '512', '178', '557', '123', '553', '266', '172', '319']
['185', '196', '491', '366', '543', '24', '177', '359', '53', '255', '14', '564', '111', '418', '40', '378', '355', '120', '36', '367', '345', '477', '503', '414', '538', '565', '546', '589', '435', '514', '326', '50', '192', '567']
['634', '107', '243', '508', '42', '434', '180', '415', '302', '358', '536', '474', '552', '480', '500', '101', '381', '152', '604', '145', '213', '25', '483', '85', '278', '49', '209', '241']
['371', '497', '618', '259', '577', '17', '129', '239', '603', '457', '297', '399', '246', '425', '465', '454', '595', '323', '45', '403', '90']
['19', '88', '528', '92', '29', '430', '103', '327', '289', '584', '487', '91', '587', '630', '402', '354', '533', '591', '169', '303', '479', '56', '582']
['154', '493', '324', '573', '139', '175', '559', '321', '476', '59', '194', '122', '568', '114', '490', '293', '420', '89', '581', '270', '601', '127', '448']
['132', '471', '155', '416', '433', '322', '413', '149', '362', '599', '585', '350', '609', '547', '64', '629', '316', '276', '227', '499', '275', '13', '70', '43', '218', '33', '615', '375', '279', '593', '104', '140', '188', '174', '583', '596', '171', '467', '6', '338', '331', '489', '264', '23']
['526', '77', '268', '12', '113', '515', '176', '592', '146', '535', '134', '522', '438', '429', '62', '74', '95', '621', '427', '501', '158', '485', '119', '575', '133', '405', '562', '116', '71', '470', '214', '580']
['167', '423', '464', '206', '442', '320', '386', '153', '344', '41', '341', '11', '332', '314', '16', '352', '75', '143', '628', '163', '179']
['401', '511', '165', '631', '249', '162', '148', '222', '392', '21', '406', '108', '232', '578', '635', '633', '256', '469', '619', '449', '624', '254', '361']
['466', '124', '186', '10', '315', '456', '189', '156', '554', '384', '346', '623', '614', '446', '524', '168', '600', '388', '556']
