['104', '704', '886', '954', '768', '68', '527', '107', '901', '755', '163', '352', '98', '447', '181', '389', '666', '728', '944', '407', '676']
['452', '967', '921', '550', '513', '622', '58', '982', '463', '398', '253', '90', '591', '842', '200', '57', '228', '748', '961', '268', '405', '922']
['927', '551', '737', '649', '396', '430', '753', '872', '682', '836', '742', '419', '124', '882', '823', '614', '241', '79', '854', '647', '264', '695', '81', '136']
['391', '16', '984', '858', '61', '369', '164', '939', '273', '603', '406', '301', '514', '333', '524', '442']
['661', '583', '796', '130', '824', '685', '516', '774', '582', '746', '338', '662', '223', '9', '444', '934', '311', '305', '318', '817', '517', '392', '258', '657']
['171', '126', '831', '735', '395', '39', '577', '91', '813', '608', '75', '696', '719', '541', '207', '626', '245', '357', '818', '522', '190', '520', '680', '103', '596', '0', '277', '543', '6', '510', '776', '958', '36', '610', '477']
['19', '131', '844', '86', '613', '183', '216', '272', '474', '397', '21', '507', '399', '282', '828', '454', '313', '630', '981', '832', '594', '529', '775', '861', '85', '289', '65', '77', '949']
['378', '539', '991', '254', '367', '324', '115', '869', '651', '342', '483', '230', '542', '950', '114', '987', '8', '32', '38', '251', '512', '257', '526', '308', '500', '573']
['654', '857', '995', '688', '360', '175', '339', '749', '484', '416', '634', '179', '929', '667', '195', '963']
['354', '296', '417', '866', '589', '629', '820', '421', '578', '770', '336', '561', '875', '754', '294', '638', '935', '988', '621', '402', '70', '782', '788', '3']
['209', '180', '957', '469', '994', '490', '340', '54', '355', '712', '993', '317', '467', '556', '555', '758', '31', '648', '797', '293', '394', '155', '460', '208', '876', '177', '240']
['232', '566', '365', '636', '146', '24', '530', '903', '702', '976', '80', '570', '951', '883', '248', '280', '896', '535', '76', '989', '960', '142']
['604', '315', '33', '709', '694', '540', '110', '267', '201', '738', '502', '486', '410', '386', '863', '537', '564', '906', '914', '491', '94', '645', '266', '687', '290', '673', '260']
['99', '873', '172', '798', '237', '565', '772', '646', '69', '734', '628', '969', '970', '548', '100', '637', '759', '745', '620', '150', '669', '725']
['304', '231', '617', '567', '95', '943', '265', '653', '488', '443', '346', '769', '686', '816', '89', '186', '15', '198', '889', '108', '385', '569', '327', '158', '853', '678', '400', '325', '532']
['226', '611', '888', '850', '30', '145', '153', '162', '912', '904', '434', '656', '821', '783', '716', '420', '571', '592', '270', '166', '202', '665', '546', '203', '880', '287', '812', '974', '924', '464', '504', '743', '534']
['118', '932', '867', '482', '249', '84', '187', '44', '101', '811', '805', '281', '877', '778', '615', '707', '316', '111', '303', '930', '918', '41', '878', '480', '225', '184', '60', '752', '663', '777', '860', '910', '942', '519', '123']
['580', '814', '46', '42', '383', '590', '309', '862', '980', '506', '143', '328', '262', '785', '609', '422', '82', '830', '235', '679', '919', '964', '803', '229', '63', '297', '623', '458']
['67', '690', '493', '73', '632', '366', '586', '643', '53', '188', '839', '344', '683', '619', '885', '955', '602', '441', '795']
['558', '154', '710', '773', '390', '29', '120', '802', '7', '139', '445', '135', '213', '642', '372', '689', '605', '448', '423', '905', '332', '545', '865', '923', '870', '584', '553', '112', '544']
['559', '351', '117', '659', '97', '137', '799', '373', '109', '362', '129', '450', '581', '4', '595', '940', '840', '141']
['879', '948', '917', '71', '252', '371', '868', '413', '259', '731', '418', '337', '59', '167', '193', '887', '453', '278', '505', '25', '874', '106', '722', '884']
['664', '779', '88', '22', '730', '736', '456', '51', '125', '675', '116', '274', '496', '428', '733', '220', '127', '349', '975', '928', '938', '827', '178', '478', '169', '838', '37', '971', '433', '343', '321', '227']
['345', '760', '473', '720', '962', '414', '401', '780', '575', '424', '677', '449', '597', '843', '353', '793', '334', '368', '485', '134', '322', '907', '412', '699', '300']
['62', '764', '376', '640', '219', '900', '55', '705', '509', '945', '189', '222', '498', '102', '684', '607', '170', '438', '977', '937', '715', '364', '459']
['298', '635', '387', '599', '256', '521', '14', '947', '159', '144', '549', '319', '312', '113', '767', '834', '587', '941', '881', '165']
['35', '243', '713', '894', '48', '307', '285', '409', '841', '593', '806', '275', '384', '528', '724', '711', '283', '451', '810', '497', '739', '833']
['579', '210', '956', '197', '660', '536', '182', '286', '13', '822', '612', '931', '670', '341', '224', '601', '908', '588', '985', '415', '892', '156', '681', '176', '781']
['501', '703', '132', '446', '168', '329', '244', '495', '211', '238', '790', '554', '631', '472', '440', '644', '726', '990', '533', '119', '455', '708', '671', '356', '426', '920', '83', '261', '899']
['747', '574', '461', '263', '191', '439', '64', '233', '234', '382', '891', '846', '330', '953', '279', '10', '763', '893', '808', '320', '374', '204', '335', '518', '471', '157', '56', '606', '983', '314', '801']
['379', '361', '40', '744', '915', '639', '28', '804', '408', '435', '641', '547', '966', '855', '276', '925', '525', '557']
['323', '864', '27', '236', '835', '700', '291', '751', '149', '431', '762', '269', '306', '766', '624', '852', '465', '43', '310', '972', '206', '698', '600', '829']
['138', '973', '18', '761', '151', '986', '658', '741', '487', '462', '672', '717', '192', '359', '697', '78', '721', '837', '959', '729', '246', '902', '5', '563', '370', '247', '196', '11']
['998', '616', '52', '436', '871', '205', '133', '851', '807', '466', '627', '20', '499', '122', '34', '652', '174', '800', '363', '727', '427', '199', '492']
['152', '895', '756', '380', '348', '786', '916', '515', '326', '221', '965', '475', '2', '718', '552', '511', '1', '706', '913', '403', '476', '952', '50', '809', '979', '845', '655']
['425', '185', '784', '668', '214', '568', '897', '531', '93', '572', '388', '121', '826', '898', '978', '350', '295', '393', '66', '825', '148', '692']
['618', '598', '911', '691', '723', '194', '856', '859', '771', '576', '72', '292', '847', '909', '560', '381', '250', '740', '794', '933', '946', '999', '432', '218']
['791', '848', '26', '271', '437', '674', '926', '173', '503', '215', '47', '757', '457', '302', '968', '992', '625', '714', '489', '140', '299', '650', '494', '750', '936', '508', '479', '890']
['404', '161', '849', '96', '787', '538', '375', '212', '239', '105', '701', '429', '819', '347', '17', '377', '23', '585', '815', '523', '255', '470', '45', '633', '242', '468', '562', '789']
['411', '996', '358', '128', '74', '160', '92', '49', '997', '331', '87', '481', '284', '765', '792', '12', '693', '217', '147', '288', '732']
