['405', '460', '123', '41', '606', '521', '998', '527', '797', '896', '419', '21', '352', '870', '399', '541', '508', '150', '554', '316', '512', '170', '655', '977', '483', '673', '439', '873', '489', '591']
['749', '533', '750', '320', '846', '358', '643', '930', '546', '775', '183', '966', '766', '128', '324', '100', '16', '814', '45', '113', '954', '391', '659', '124', '90', '805']
['951', '724', '236', '756', '379', '683', '413', '450', '292', '712', '526', '129', '657', '738', '60', '277', '770', '499', '228', '104', '830', '542', '726', '778']
['154', '456', '423', '714', '586', '479', '96', '857', '40', '871', '175', '837', '742', '596', '355', '665', '882', '267', '561', '61', '774', '14', '444', '816', '418', '296', '702', '429', '110', '278', '404', '227', '383', '644', '11', '687', '304', '653']
['705', '432', '824', '407', '361', '424', '82', '338', '506', '309', '960', '717', '727', '722', '922', '684', '71', '884', '708', '294', '256', '845', '359', '957', '366', '155', '915']
['343', '341', '177', '923', '631', '461', '51', '159', '652', '203', '566', '701', '548', '335', '773', '282', '164', '336', '730', '581', '932', '463', '215', '784', '496', '1', '630', '15', '689', '539']
['728', '204', '441', '813', '594', '746', '65', '251', '44', '520', '990', '651', '878', '87', '794', '582', '216', '812', '931', '287', '970', '776', '84', '952', '618', '854', '376', '562', '528', '601', '790']
['194', '410', '598', '877', '436', '691', '716', '737', '986', '38', '799', '238', '247', '451', '81', '297', '493', '559', '414', '301', '723', '93', '34', '769', '435', '497', '744', '146', '36', '144']
['753', '268', '317', '347', '234', '599', '908', '149', '999', '349', '642', '764', '809', '161', '949', '487', '920', '48', '616', '678', '935', '7', '847', '369', '239', '89', '384', '29', '166', '468', '792', '516', '768', '401', '556', '271', '817', '679', '907']
['628', '94', '417', '240', '941', '514', '889', '10', '207', '199', '905', '382', '354', '796', '826', '24', '158', '244', '821', '92', '380', '802', '447', '249', '529', '370', '934', '863', '803', '396', '420']
['475', '524', '603', '612', '987', '841', '125', '313', '807', '348', '938', '377', '914', '560', '984', '222', '671', '862', '620', '387', '629', '752', '585', '968', '371', '534', '575', '757', '260', '262', '334', '522', '551', '681', '50', '191', '78', '99']
['250', '167', '97', '281', '189', '967', '395', '519', '632', '893', '422', '49', '86', '156', '261', '912', '440', '408', '406', '308', '43', '567', '501', '98', '660', '901', '720', '902', '800']
['820', '842', '172', '627', '390', '791', '201', '947', '943', '623', '962', '648', '640', '255', '956', '415', '79', '894', '108', '350', '328', '302', '121', '852', '64', '710', '555', '808', '291', '619', '801', '504', '229', '570']
['77', '785', '88', '888', '748', '980', '62', '531', '965', '925', '126', '426', '115', '549', '819', '446', '342', '275', '646', '76', '142', '217', '617', '650', '438', '145']
['68', '437', '111', '983', '327', '918', '545', '151', '964', '645', '959', '280', '663', '743', '42', '488', '518', '152', '706', '137', '944', '290', '494', '900', '455', '731', '226', '258', '825', '677', '958']
['580', '719', '72', '266', '760', '32', '880', '741', '795', '715', '91', '666', '592', '211', '754', '538', '587', '474', '761', '815', '325', '950', '28', '505', '751', '322', '476', '364', '698']
['299', '484', '57', '132', '675', '403', '315', '69', '381', '973', '672', '910', '963', '245', '368', '891', '329', '849', '330', '321', '850', '365', '116', '502', '563', '851', '940', '480', '788', '372', '459', '937', '477', '326']
['806', '602', '638', '283', '18', '867', '95', '428', '120', '838', '989', '6', '597', '242', '411', '786', '656', '442', '495', '913', '106', '713', '286', '233', '231', '173', '789', '758', '224', '735']
['225', '763', '20', '46', '700', '385', '66', '153', '433', '264', '694', '63', '765', '899', '978', '664', '818', '633', '241', '392', '3', '876', '839', '190', '306', '635', '312', '269', '246', '836', '695', '611', '197', '430', '148', '188', '829', '5', '252', '346']
['572', '138', '157', '74', '0', '573', '859', '787', '400', '237', '725', '860', '471', '375', '810', '872', '107', '212', '130', '30', '866', '470', '182', '131', '564', '690', '662', '783', '462', '73', '574', '946', '634']
['961', '187', '388', '994', '263', '288', '667', '890', '568', '661', '458', '892', '993', '360', '243', '578', '200', '70', '971', '848', '828', '492', '939', '515', '736', '550', '139', '755', '718', '340', '745', '782', '2', '928', '637', '22', '697', '466', '35', '101']
['676', '649', '472', '699', '274', '26', '500', '163', '975', '721', '56', '273', '833', '248', '122', '13', '254', '445', '202', '221', '9', '284', '59', '613', '955', '626', '886', '887', '532', '759']
['595', '948', '12', '976', '311', '481', '434', '571', '779', '898', '654', '310', '351', '398', '879', '53', '357', '926', '270', '979', '293', '140', '740', '409', '658', '881', '85', '953', '688', '558', '218', '83', '206']
['734', '883', '696', '362', '543', '927', '196', '114', '709', '982', '693', '135', '176', '209', '729', '105', '853', '864', '25', '303', '8', '985', '933', '31', '235', '171', '732', '485']
['584', '911', '624', '781', '831', '345', '127', '707', '517', '553', '279', '160', '942', '195', '855', '936', '464', '298', '703', '513', '525', '421', '552', '353', '80', '425', '777', '305', '285', '332', '214', '323', '995', '393']
['220', '670', '205', '457', '945', '811', '992', '180', '530', '622', '374', '711', '509', '253', '577', '184', '473', '19', '827', '449', '165', '208', '198', '223', '897', '919', '27', '610', '605', '909', '798', '276', '981', '991', '232']
['448', '119', '604', '547', '858', '614', '314', '588', '704', '289', '109', '929', '465', '498', '917', '647', '835', '443', '431', '344', '58', '307', '793', '186', '331', '996', '668', '733', '333', '535']
['895', '265', '832', '621', '569', '179', '988', '607', '402', '916', '844', '868', '523', '356', '367', '169', '510', '491', '767', '609', '843', '363', '685', '397', '192', '557', '615', '54', '295', '75', '997', '394', '143', '17', '565', '906', '969', '739']
['181', '133', '680', '772', '136', '112', '478', '972', '885', '454', '600', '452', '272', '589', '537', '213', '117', '682', '780', '503', '37', '544', '540', '378', '875', '536', '39', '861', '636', '590', '903', '674', '55', '823', '869', '47', '52']
['373', '482', '507', '804', '511', '822', '490', '389', '318', '134', '141', '33', '771', '319', '576', '103', '412', '300', '608', '185', '386', '579', '210', '427', '168', '178', '641', '102', '259', '625', '486', '230', '669', '639', '593', '257', '453', '118']
['921', '337', '840', '583', '174', '219', '974', '339', '856', '904', '147', '865', '747', '874', '762', '692', '924', '686', '4', '416', '469', '67', '193', '162', '467', '834', '23']
