['986', '701', '702', '385', '79', '249', '679', '462', '692', '521']
['318', '310', '730', '789', '87', '787', '748', '506', '453', '122']
['403', '473', '958', '976', '243', '991', '621', '774', '208']
['130', '582', '24', '653', '290', '180', '255', '808', '498']
['601', '361', '337', '378', '401', '822', '975', '859', '254', '499']
['773', '510', '233', '376', '16', '894', '892', '839', '292']
['484', '819', '77', '513', '738', '573', '880', '722', '277', '405']
['613', '818', '696', '555', '100', '215', '595', '541', '431']
['63', '732', '952', '142', '435', '543', '4', '567', '587', '807']
['350', '670', '648', '531', '104', '584']
['812', '444']
['612', '298', '511', '879', '888', '945', '528', '824', '420', '400']
['935', '798', '242', '707', '491', '829', '838', '185']
['785', '832', '482', '324', '297', '874']
['209', '891', '848', '487', '19', '608', '240', '205', '346']
['776', '602', '962', '380', '26', '258', '831', '395', '623']
['28', '144', '588', '959', '105', '138', '747']
['84', '412', '417', '129', '953', '537', '309', '526', '890', '624']
['276', '317', '870', '247', '231', '429', '581', '627', '668']
['360', '585', '753', '889', '915', '517', '746', '176', '81']
['128', '218', '263', '828', '614', '371', '342', '407', '678', '659']
['508', '232', '979', '736', '54', '597', '265', '619', '782', '370']
['354', '251', '752', '52', '675', '3', '270', '881', '406', '956']
['866', '522', '512', '802', '113', '743', '189', '165', '759']
['149', '805', '660', '688', '492', '544', '201']
['358', '790', '345', '356', '705', '123', '485', '760', '983', '947']
['626', '486', '918', '929', '927']
['973', '924', '424', '458', '152']
['867', '191', '39', '786', '825', '143', '115', '869']
['902', '139', '154', '704', '30', '477', '982', '304', '32', '726']
['931', '725', '153', '862', '43', '788', '568', '449']
['693', '66', '717', '740', '348']
['669', '651', '261', '593', '349', '599', '758', '783']
['471', '849', '706', '375', '372', '629', '769']
['884', '119', '53', '984', '388', '916', '124', '220', '836', '600']
['778', '502', '920', '877', '159', '203', '92', '823']
['816', '803', '57', '319', '642', '437', '300', '963', '194', '338']
['36', '488', '628', '463', '745', '558', '887', '27', '995', '167']
['647', '110', '948', '645', '432', '73', '387', '713', '562', '114']
['62', '712', '770', '913', '117', '735', '664', '250', '88', '357']
['665', '634', '757', '29', '845', '538']
['827', '68', '912', '177', '666', '540', '739', '834', '5', '533']
['940', '76', '957', '447', '594', '363', '230', '673', '396']
['850', '703', '672', '792', '106', '58']
['992', '97', '80', '546', '6', '467', '483', '459', '662', '408']
['871', '140', '41', '339']
['764', '489', '364', '260', '895', '409', '197', '852', '202', '389']
['876', '131', '698', '950', '384', '622']
['199', '158', '252', '227', '695', '580', '456', '768', '564']
['658', '69', '590', '714', '904', '981', '765', '604', '322', '637']
['560', '905', '709', '518', '723', '212', '793', '882', '64', '938']
['639', '133', '454', '910', '934', '443', '572', '190']
['274', '381', '351', '60', '282', '344', '422', '591']
['690', '219', '495', '699', '182']
['223', '192', '382', '470', '135', '365', '295', '299', '813', '455']
['31', '188', '321', '516', '393', '398']
['578', '285', '423', '617', '680']
['211', '733', '988', '762', '536', '886', '67', '833', '999', '937']
['574', '287', '840', '48', '271', '329', '799']
['941', '184', '552', '724', '116', '906']
['796', '33', '990', '352', '557', '554', '615', '214', '126']
['433', '367', '163', '820', '718']
['519', '809', '865', '605', '830', '841', '173', '85']
['855', '734', '611', '107', '45', '708', '767', '761', '237', '204']
['225', '806', '234', '534', '141', '930', '641', '125', '985']
['907', '457', '347', '616', '925', '136', '821', '426', '936', '523']
['293', '592', '200', '837', '326', '278', '430', '103']
['162', '654', '99', '359', '95', '909', '59', '493', '559']
['951', '606', '22', '13', '268', '17']
['101', '896', '161', '566', '939', '83', '814', '21']
['858', '343', '864', '721', '496', '465', '157']
['700', '289', '883', '570', '436', '525', '514']
['47', '972', '933', '222', '494', '663', '98', '20', '795', '273']
['772', '51', '711', '466', '150', '296']
['303', '897', '306', '46', '245', '548', '291', '327', '460']
['728', '971', '960', '259', '763', '134', '550', '901']
['989', '8', '919', '967', '687', '181', '974']
['418', '91', '497', '448', '415', '977', '15', '646']
['474', '576', '657', '279', '75', '524', '633', '476', '727', '55']
['340', '636', '314', '542', '500', '754', '811', '383', '861']
['694', '248', '281', '172', '784', '451', '505']
['137', '561', '174', '391', '179', '797', '715', '239']
['632', '170', '804', '206', '355', '235', '766']
['307', '846', '14', '677', '697', '118', '148', '875']
['111', '479', '535', '742', '638', '428', '545', '547', '275', '461']
['108', '586', '244', '379', '527', '331', '18']
['320', '926', '607', '683', '771', '922']
['684', '74', '549', '213', '156', '649', '402', '175']
['729', '731', '847', '40', '923', '610']
['425', '741', '532', '269', '900', '302', '183']
['120', '966', '898']
['468', '94', '779', '490', '93', '23']
['267', '155', '160', '844', '571']
['794', '419', '224', '914', '61', '800', '38']
['556', '719', '392', '195', '685', '336', '857', '82', '899', '775']
['737', '749', '630', '410', '323']
['755', '217', '691', '969', '171', '442', '756']
['530', '0', '620', '987', '801', '333', '151', '791', '609', '452']
['681', '50', '366', '509', '145', '810']
['42', '656', '1', '335', '993', '70', '236', '37']
['450', '301', '652', '71', '893']
['964', '676', '997', '674', '226', '166', '501', '10', '603']
['996', '404', '399', '49', '44', '229', '563', '507', '631', '942']
['257', '968', '843', '438', '65', '994', '397', '186']
['89', '439', '312', '751', '390']
['921', '970', '878', '334', '411', '198', '216', '178', '283', '414']
['373', '980', '441', '96']
['332', '949', '284', '478', '196', '625', '341']
['661', '193', '147', '35', '655', '475', '965', '207']
['577', '955', '503', '565', '643', '440', '9', '777']
['928', '842', '374', '446', '667', '25', '551', '11']
['640', '671', '330', '860', '311', '598', '689', '2']
['121', '539', '109', '868', '90']
['241', '520', '464', '515', '946', '305', '908', '583', '817', '421']
['851', '569', '313', '102', '978', '903', '885', '716']
['504', '315', '954', '961']
['416', '169', '228', '445', '146', '854', '650', '86', '720', '308']
['932', '863', '873', '34', '394', '472', '815', '853', '168', '386']
['325', '253', '328', '917', '780', '481', '998', '221', '264', '78']
['589', '262', '164', '286', '272', '280', '288', '682', '750']
['427', '480', '7', '368', '246', '316', '744', '72', '872']
['635', '553', '434', '781', '56', '618', '238', '12', '266', '686']
['575', '596', '132', '127', '944', '835', '362']
['469', '210', '377', '413', '856', '943', '579', '187', '644', '826']
['112', '911', '529', '710', '353', '369', '294', '256']
