['763', '401', '60', '829', '90', '166', '876', '771', '918', '922', '273', '880', '665', '643', '35', '198', '841', '448', '847']
['444', '415', '154', '632', '621', '588', '797', '712', '488', '527', '550', '543', '607', '278', '511', '337', '675', '830', '513', '685', '552', '171', '233', '892', '906', '760', '477']
['509', '808', '542', '791', '856', '13', '504', '299', '855', '831', '139', '376', '405', '365', '758', '871', '359', '575', '138', '819', '854', '30', '605', '313', '217', '652', '579', '736', '699', '765', '110', '402', '901', '250', '321', '884', '826']
['631', '195', '412', '330', '93', '351', '799', '792', '347', '446', '272', '261', '225', '357', '695', '394', '775', '287', '741', '503', '108', '41']
['785', '432', '283', '240', '491', '853', '203', '81', '751', '625', '691', '404', '28', '423', '911', '589', '201', '720', '361', '65', '220', '528', '889', '44', '74', '878', '288', '331', '204']
['10', '684', '770', '397', '362', '286', '539', '133', '291', '603', '677', '616', '698', '215', '364', '726', '228', '920', '327']
['395', '836', '377', '396', '393', '53', '426', '143', '577', '697', '61', '673', '627', '429', '907', '746', '817', '769', '781', '346', '40', '367', '927', '816', '456', '654', '727', '461', '812', '767', '613', '421', '257', '152']
['17', '107', '168', '437', '908', '182', '411', '617', '896', '929', '87', '129', '454', '189', '212', '4', '598', '384', '526', '463', '177', '238', '737', '442', '615', '375', '492', '157', '466', '390', '538', '277', '476', '742']
['155', '438', '851', '386', '326', '153', '802', '340', '777', '422', '568', '754', '534', '688', '870', '307', '837', '601', '793', '839', '815', '36', '602', '623', '2', '469', '98', '893', '798', '391']
['348', '462', '659', '743', '755', '768', '242', '193', '260', '101', '126', '160', '772', '514', '905', '246', '693', '374', '94', '264', '558', '903', '900', '714']
['334', '447', '744', '507', '141', '89', '111', '91', '676', '31', '80', '886', '323', '284', '123', '703', '55', '498', '745', '342', '62', '186', '117', '535', '416']
['682', '807', '573', '928', '69', '194', '43', '127', '275', '178', '245', '865', '289', '356', '325', '804', '554', '483', '243', '433', '757', '888', '548', '502', '211', '465', '641', '73', '814']
['783', '689', '399', '678', '670', '518', '205', '624', '122', '116', '104', '800', '541', '795', '863', '354', '715', '637', '410', '176', '440', '762', '352', '369']
['267', '265', '400', '640', '270', '595', '368', '105', '322', '531', '15', '147', '439', '516', '428', '716', '424', '76', '653', '249', '570', '21', '349', '71', '115', '658', '328', '635', '305', '844', '408', '70', '569', '172', '431', '66', '9', '344']
['11', '418', '805', '202', '381', '149', '610', '370', '666', '833', '304', '46', '859', '606', '372', '84', '135', '253', '85', '619', '747', '144', '406', '642', '128', '247', '858', '874', '45', '279', '484', '184', '262', '644']
['303', '825', '58', '823', '206', '294', '156', '735', '650', '532', '596', '196', '780', '487', '626', '524', '862', '711', '34', '594', '120', '499', '586', '56', '174', '648', '537', '597', '638', '130', '600', '681', '496', '663', '33', '869']
['560', '274', '506', '706', '521', '897', '630', '571', '185', '724', '339', '481', '702', '16', '353', '252', '237', '19', '392', '656', '280', '634', '459', '480', '145', '162', '618', '482', '180', '295', '551', '470', '749']
['608', '314', '592', '756', '834', '234', '866', '113', '842', '525', '669', '512', '581', '124', '633', '700', '838', '818', '891', '317', '96', '505', '403', '419', '846', '912', '708', '221', '170', '300', '629', '864', '679', '271', '100', '38', '835', '413', '373', '468', '811', '464', '255']
['636', '752', '843', '583', '63', '561', '75', '690', '163', '660', '787', '917', '572', '248', '158', '164', '868', '604', '828', '49', '651', '106', '173', '68', '414']
['23', '453', '219', '52', '222', '852', '458', '910', '450', '563', '335', '788', '59', '151', '580', '849', '902', '102', '131', '32', '363', '872', '718', '584', '683', '121', '67', '25', '451', '290', '358', '545']
['510', '776', '904', '707', '782', '585', '297', '385', '593', '379', '134', '256', '848', '479', '200', '599', '165', '773', '820', '890', '226', '191', '109', '140', '371', '1', '559', '449']
['764', '909', '472', '786', '591', '308', '86', '259', '813', '467', '312', '309', '713', '50', '519', '136', '705', '620', '276', '612', '167', '471', '209', '22', '343', '192', '302']
['436', '333', '27', '824', '731', '301', '546', '748', '806', '409', '179', '915', '269', '645', '881', '97', '547', '383', '150', '216', '360', '729', '99', '42']
['455', '574', '668', '916', '520', '285', '497', '8', '345', '338', '187', '923', '523', '213', '671', '103', '646', '883', '207', '721', '485', '553', '29', '159', '263', '567', '132', '557', '83', '382']
['924', '914', '704', '794', '452', '161', '587', '850', '549', '64', '882', '732', '268', '740', '341', '875', '355', '728', '146', '230', '840', '26', '796', '296', '717', '779', '292', '197', '822', '281', '495', '420', '750']
['887', '489', '803', '118', '515', '457', '24', '460', '142', '657', '235', '417', '188', '662', '474', '114', '674', '14', '266', '774', '324', '210', '329', '739', '12', '529']
['119', '478', '320', '175', '861', '759', '190', '639', '378', '508', '687', '0', '614', '37', '224', '79', '879', '719', '486', '336', '227', '784', '430', '54', '388', '199']
['809', '555', '218', '254', '398', '926', '239', '77', '475', '725', '148', '137', '407', '827', '578', '649', '925', '443', '47', '494', '810', '522', '845', '540', '380', '544', '801', '655', '628', '701', '565', '877']
['427', '647', '258', '576', '564', '387', '582', '169', '667', '857', '766', '723', '832', '490', '694', '229', '761', '315', '311', '6', '20', '536', '7', '895', '332', '921', '350', '441', '82', '39', '919', '57']
['223', '435', '5', '183', '672', '318', '692', '709', '530', '738', '899', '730', '898', '366', '88', '319', '680', '500', '913', '566', '231', '48', '821', '208']
['734', '622', '434', '590', '232', '661', '710', '316', '493', '310', '389', '92', '473', '778', '445', '95', '425', '753', '236', '181', '3', '251', '72', '214', '125', '78', '533', '298', '790', '501', '293']
['244', '611', '306', '556', '722', '686', '873', '51', '789', '282', '112', '894', '885', '733', '664', '562', '696', '867', '517', '18', '241', '860', '609']
