['353', '658', '123', '834', '227', '764', '220', '920', '285', '948', '990', '125']
['93', '94', '62', '700']
['195', '838']
['697', '105', '689', '30']
['567', '441']
['587']
['238', '202', '249', '85']
['341']
['562', '19', '811']
['983', '386']
['245']
['257']
['492', '709', '750']
['830']
['957', '595']
['395', '6', '436', '48']
['162', '956']
['210', '601']
['544', '602']
['670']
['699']
['80', '897']
['28']
['696', '623', '244']
['669', '292']
['299']
['654', '787']
['448']
['743', '566']
['265']
['479', '456']
['361', '336']
['69', '790', '219']
['557']
['648', '870', '893']
['512']
['916', '418', '738']
['429']
['344', '627']
['771', '576']
['889', '304', '278', '187']
['490', '712', '611']
['616', '630']
['475', '270']
['224']
['12']
['168', '684']
['765']
['514', '273']
['449']
['527', '174']
['391', '389']
['192']
['848']
['999', '141', '440', '171']
['495']
['488', '218', '585']
['783', '988']
['564']
['886', '939']
['189']
['552']
['313', '660', '208']
['987']
['119']
['75']
['881']
['320']
['101', '992', '522', '505']
['193', '746', '442']
['281', '905', '679']
['384', '82']
['943']
['730', '773']
['57', '306']
['563', '731', '775']
['686']
['947', '733', '603']
['663', '324']
['927', '46']
['207', '322', '58', '283']
['561']
['713']
['843']
['474', '70', '415']
['914']
['222']
['802', '871']
['546', '903']
['173']
['715']
['226']
['876', '619']
['111', '317']
['413', '126']
['704']
['556']
['936']
['542']
['295', '776']
['958']
['158', '533', '925']
['331']
['499', '166']
['977', '915', '842', '855']
['491']
['609', '230', '643']
['87', '647']
['453', '555']
['305']
['894']
['913', '976', '534', '605', '122']
['720', '673', '874', '399']
['497', '767', '973']
['515', '941']
['84', '866', '274', '955']
['989']
['393']
['626']
['146', '225', '538']
['608', '297']
['452', '431']
['583', '198', '910']
['981', '483']
['4', '352', '760']
['375']
['109']
['706', '489']
['66', '289']
['588', '596']
['13', '935']
['652', '392', '681']
['812']
['444', '120']
['133', '335']
['261']
['14', '909']
['926']
['789', '98']
[]
['853']
['589', '234']
['716', '865']
['465', '35']
['672', '458', '2']
['498']
['969']
['805']
['954']
['788']
['545', '548']
['258', '997', '254']
['649', '380']
['454']
['1', '300']
['345']
['143', '749']
['466']
['190', '157']
['634', '279', '971', '311', '216', '405']
['543', '519', '199']
['191', '461']
['819']
['806']
['23']
['132', '269', '99']
['88']
[]
['39']
['856', '443', '175']
['860', '73', '129']
['878', '952']
['493', '863', '917']
['590', '316', '641', '152']
['500']
['241', '944', '740']
['446', '732', '879']
['726']
['430', '826']
['327', '16']
['565']
['447', '859']
['766', '131']
['214', '962']
['801', '64']
['529', '795']
['762']
['742', '242', '288']
['929']
['377']
['457', '657', '597']
['130', '481', '5']
['610']
['366', '309']
['902', '425', '404', '37', '370']
['0', '791', '758']
['106', '690', '473']
['251']
['550']
['547', '618', '711']
['47', '680']
['877', '134', '467']
['103']
['688', '541']
['240']
['702', '139']
['818']
['346', '355', '575', '968', '820']
['666', '661', '676']
['507']
['892', '247', '617']
['409', '931', '27']
['185']
['147']
['580', '656']
['438', '810']
['949', '298']
['875', '797', '403']
['571']
['294', '803']
['824']
['951']
['155']
['165', '455']
['31', '102']
['338']
['419', '150', '272']
['744', '839', '382', '79']
['121', '945', '321']
['221', '154']
['379']
['828']
['665']
['528', '293', '849']
['496']
['160', '170']
['725', '629', '714']
['868', '825', '136']
['368', '991']
['996']
['128']
['390']
['938']
['683']
['792', '646']
['266']
['501', '328', '41']
['29', '215']
['632']
['852', '965']
['396', '45']
['108']
['34']
['203']
['347', '919', '262']
['217', '494']
['710', '986']
['259', '719', '638', '911']
['138', '268']
['243', '256']
['932', '407', '148']
[]
['117', '91']
['310', '695', '598']
['260', '607']
['312', '301']
['723', '685']
['351']
['739', '477', '135']
['979']
['42', '503']
['867', '895', '287', '816']
['485', '964', '188', '426']
['502', '982']
['729', '381', '506']
['61']
['924', '201', '921', '237']
['104']
['694']
['343', '385']
['7', '86', '753']
['388']
['107', '796', '284']
['276', '754']
['671']
['468']
['24', '961', '372']
['145', '674']
['735']
['60', '815']
['183', '622']
['181', '844']
['172']
['374']
['8', '883']
['510']
['606', '184', '127']
['777', '427', '814']
['861', '362', '864']
['822', '469', '137']
['211']
['11', '532']
['615']
['49']
['464']
['255', '365']
['667', '153']
['15', '110', '901']
['584']
['769', '831', '862', '371', '755']
['92', '774', '76', '113', '437']
['196', '144', '460']
['591']
['645', '36', '303']
['308', '180']
['837']
['412', '44', '400', '539']
['747', '334', '424']
['205']
['857', '698']
['53']
['845', '22']
['463']
['975']
['315', '67']
['55', '3', '68']
['482', '593', '74', '417']
['18', '394']
['906', '115', '782', '578']
['459']
['873']
['854']
['357']
['701']
['186']
['675', '994']
['159', '235', '880']
['77', '72', '841', '995']
['414', '554', '524']
['398', '682']
['535']
['642']
['302', '721', '858']
['621']
['640']
['206', '20']
['179', '478']
['267']
['78', '572']
['639', '169', '573']
['383']
['116', '337', '631']
['200', '953']
['912']
['253', '807']
['651', '149', '471', '401']
['537', '950', '411']
['612']
['197']
['376', '978']
['323', '851']
['717', '518']
['579', '521', '333', '360']
['325', '38']
['636']
['509']
['223']
['43']
['577']
['809']
['613', '428']
['56', '233']
['662', '26']
['628', '722', '264']
['559']
['339', '772']
['678']
['963', '724']
['586', '416']
['432', '780']
['349', '282']
['280', '708', '369']
['228', '263', '751']
['511', '65']
['756']
['319', '540']
['406', '151']
['869', '204']
['759']
['967', '569']
['95', '530', '908', '813']
['551', '896', '928', '32']
['83', '829', '63', '972']
['784', '741', '934']
['209']
['356']
['439', '960']
['50']
['340', '624', '296', '531']
['581', '885', '318']
['476', '194']
['397']
['81', '52', '142', '650', '691']
['985']
['239', '307', '833', '904', '21']
['250', '330', '836']
['177']
['33', '248']
['768', '526', '553', '594']
['980']
['937']
['271']
['525', '687', '367']
['487']
['364', '213']
['846', '998']
['9', '178', '246']
['644', '212', '140']
['737', '781']
['745', '635']
['653', '707', '887']
['850', '59', '420', '933']
['513']
['408', '290']
['434', '872', '326', '504']
['898', '891', '161']
['378', '778', '163']
['799', '827']
['354', '71', '923']
['633']
['974']
['358']
['614']
['89', '252', '770', '736']
['668', '625']
['484']
['821']
['51', '882']
['752']
['40']
['574', '794']
['847']
['946']
['604', '231']
['229']
['402', '993', '835']
['800']
['918']
['734']
['705', '124']
['410']
['167', '693']
['798', '480', '692']
['549', '236']
['314']
['888', '817', '359']
['900', '517']
['763', '462']
['620']
['840', '486', '156']
['558', '182']
['329', '164']
['118', '114']
['350', '520', '445', '90', '100']
['779']
['930', '748']
['922', '451', '907']
['423']
['582', '884', '286']
['785']
['599', '435', '703', '832']
['275', '112']
['387']
['727']
['959']
['277']
['536', '899']
['659']
['808', '97']
['25', '450']
['232', '332', '664']
['560']
['984', '966']
['600']
['348', '568']
['508', '291', '823']
['373']
['472', '804']
['433', '516', '592', '940']
['422', '761']
['970']
['718', '54']
['176', '363', '17']
['728']
['470']
['96', '655', '10']
['793']
['942', '637', '342']
['786', '421']
['570', '757', '677']
['523', '890']
