['585', '740', '40', '685', '63', '397', '206', '227', '171', '67', '185', '269', '795', '138', '512', '626', '212', '843', '755', '752', '529', '164', '535', '215', '754', '143', '313', '431', '657', '668', '113', '493', '217', '358', '591']
['100', '429', '121', '628', '45', '231', '691', '118', '588', '453', '686', '145', '262', '301', '222', '393', '321', '584', '125', '807', '650', '361', '836', '791', '362', '252', '55', '652', '270', '2', '651', '314', '423', '727', '482']
['384', '815', '617', '441', '775', '332', '708', '114', '699', '12', '426', '520', '662', '155', '451', '823', '434', '472', '64', '589', '564', '606', '409', '667', '605', '47', '330', '280', '638', '317', '452', '30', '374', '490', '439']
['664', '647', '459', '425', '818', '355', '743', '847', '305', '46', '631', '32', '291', '669', '52', '750', '189', '771', '225', '115', '65', '646', '732', '849', '476', '670', '634', '416', '333', '411', '167', '318', '339', '731', '35']
['290', '557', '173', '311', '621', '587', '661', '489', '655', '399', '551', '702', '379', '556', '80', '16', '104', '675', '154', '563', '375', '207', '415', '682', '663', '122', '745', '537', '23', '561', '168', '526', '257', '51', '830']
['282', '123', '76', '11', '430', '134', '793', '550', '198', '713', '643', '532', '688', '21', '202', '279', '261', '136', '449', '734', '17', '284', '406', '410', '1', '499', '829', '788', '619', '565', '768', '764', '200', '498', '853']
['18', '372', '801', '480', '437', '855', '377', '747', '671', '454', '658', '742', '78', '412', '194', '33', '348', '693', '407', '511', '396', '837', '784', '247', '150', '101', '93', '414', '312', '385', '500', '241', '395', '315', '255']
['543', '509', '108', '456', '422', '57', '712', '721', '71', '286', '573', '44', '353', '133', '654', '633', '91', '369', '128', '674', '848', '839', '223', '292', '821', '103', '119', '767', '751', '428', '26', '187', '371', '243', '186']
['179', '495', '283', '593', '251', '804', '341', '324', '75', '351', '455', '689', '678', '715', '357', '319', '394', '575', '811', '250', '814', '120', '331', '389', '19', '641', '491', '492', '266', '597', '50', '792']
['296', '781', '9', '570', '14', '694', '295', '205', '287', '478', '182', '604', '338', '209', '632', '507', '785', '443', '571', '271', '36', '7', '609', '576', '450', '43', '383', '581', '37', '210', '460', '545', '583', '558', '798']
['169', '41', '599', '714', '219', '109', '340', '463', '724', '107', '70', '554', '398', '562', '378', '782', '360', '607', '572', '363', '391', '854', '726', '746', '758', '841', '722', '549', '160', '435', '684', '504']
['590', '533', '346', '402', '184', '163', '776', '139', '810', '404', '359', '347', '87', '237', '716', '676', '129', '403', '285', '272', '749', '757', '600', '343', '233', '687', '524', '58', '838', '433', '382', '707', '534', '812']
['350', '692', '0', '586', '709', '112', '264', '442', '368', '762', '574', '701', '294', '639', '327', '281', '594', '799', '481', '513', '256', '541', '477', '612', '370', '544', '467', '852', '566', '640', '790', '275', '344', '131', '518']
['90', '665', '79', '659', '29', '345', '739', '8', '308', '188', '142', '723', '598', '614', '342', '462', '610', '835', '213', '197', '623', '48', '165', '805', '147', '471', '82', '580', '797', '24', '774', '274', '83', '27', '629']
['289', '183', '770', '503', '502', '172', '540', '578', '248', '239', '485', '364', '510', '538', '744', '81', '608', '514', '496', '174', '794', '34', '352', '445', '110', '175', '60', '627', '232', '158', '440', '265', '334', '806', '3']
['201', '637', '569', '235', '25', '6', '420', '579', '140', '466', '527', '68', '195', '539', '144', '717', '10', '424', '683', '850', '536', '595', '786', '322', '620', '427', '475', '77', '193', '242', '567', '438', '809', '335']
['387', '630', '778', '468', '766', '777', '547', '159', '337', '69', '505', '666', '117', '310', '611', '653', '260', '116', '730', '800', '568', '765', '66', '218', '523', '72', '636', '834', '769', '156', '553', '546', '137', '98']
['323', '531', '106', '297', '373', '696', '735', '267', '177', '367', '141', '132', '20', '479', '180', '703', '259', '408', '130', '413', '803', '718', '97', '381', '228', '178', '474', '851', '840', '681', '736', '392', '288']
['307', '711', '802', '74', '787', '49', '436', '622', '488', '780', '648', '645', '697', '844', '760', '277', '704', '366', '124', '737', '162', '710', '300', '54', '733', '15', '432', '306', '483', '191', '326', '38', '365', '706', '88']
['728', '236', '166', '552', '845', '149', '783', '644', '208', '221', '690', '698', '211', '146', '501', '813', '602', '238', '470', '819', '680', '517', '577', '705', '96', '625', '473', '336', '192', '679']
['4', '229', '278', '203', '729', '94', '464', '816', '695', '354', '105', '309', '756', '789', '601', '320', '299', '548', '196', '673', '220', '528', '808', '824', '672', '325', '224', '763', '31', '89', '660', '522', '56', '329', '204']
['616', '234', '530', '603', '446', '176', '827', '127', '328', '86', '624', '214', '181', '244', '240', '151', '152', '560', '293', '254', '170', '245', '102', '249', '820', '62', '826', '39', '822', '95', '85', '759', '92', '725', '846']
['516', '226', '596', '276', '458', '419', '519', '761', '400', '555', '508', '487', '521', '28', '457', '59', '316', '842', '484', '831', '741', '84', '748', '73', '376', '700', '497', '719', '494', '542', '135', '525', '753']
['615', '592', '817', '356', '273', '833', '126', '828', '832', '216', '388', '444', '635', '447', '199', '304', '582', '656', '298', '258', '772', '773', '738', '263', '53', '111', '42', '418', '253', '515', '779', '618', '461', '22', '5']
['486', '720', '13', '230', '448', '303', '157', '559', '349', '246', '506', '677', '390', '99', '380', '421', '153', '417', '613', '386', '642', '148', '465', '405', '61', '649', '401', '190', '302', '825', '469', '796', '161', '268']
