['524', '57', '563', '458', '277', '782', '834', '12', '501', '976', '254', '686', '450', '223', '606']
['470', '193', '695', '882', '707', '398', '554', '747', '996', '210', '660', '332', '514', '56', '98', '831', '413', '749', '760']
['556', '872', '659', '513', '533', '264', '314', '614', '93', '228', '297', '48', '38', '825', '940', '164']
['903', '3', '335', '511', '383', '874', '196', '382', '713', '308', '616', '502', '783', '52', '337', '208', '604', '310', '321', '323', '391']
['763', '527', '160', '759', '162', '352', '203', '637', '472', '603', '682', '658', '863', '198', '322', '344', '29', '327', '613', '944', '905']
['266', '233', '921', '451', '626', '361', '490', '495', '943', '491', '421', '305', '141', '112', '519', '241', '50', '840', '376', '929', '425', '428', '517', '150', '496', '349', '723', '844', '272', '853']
['261', '73', '932', '703', '843', '96', '797', '954', '960', '988', '362', '615', '577', '786', '555', '574', '154', '531', '417']
['755', '44', '927', '698', '88', '920', '186', '42', '466', '632', '814', '179', '649', '540', '19']
['642', '600', '368', '865', '522', '678', '358', '981', '904', '270', '206', '852', '232', '328', '993', '47', '317', '945', '754']
['329', '804', '447', '209', '987', '271', '969', '267', '181', '924']
['602', '213', '359', '855', '300', '341', '303', '225', '628', '493', '351', '674', '384', '378', '432', '635', '178', '937', '39', '92', '780', '221', '301', '653', '802']
['456', '866', '899', '590', '581', '89', '664', '111', '948', '535', '35', '336', '979', '436', '505', '730', '157', '679', '99', '891', '101', '841', '449', '994', '284']
['647', '483', '446', '745', '926', '974', '256', '956', '53', '811', '63', '796', '761', '318', '40', '799', '726', '76']
['234', '387', '410', '14', '525', '553', '980', '817', '963', '473', '823', '599', '607', '543', '102', '970', '788', '287', '548']
['17', '338', '938', '95', '406', '137', '87', '479', '334', '978', '333', '105', '873', '364', '116', '624', '737', '295', '220']
['107', '326', '386', '419', '773', '784', '286', '435', '830', '389', '494', '293', '634', '442', '134', '438', '794', '859', '712', '836', '826', '588', '31', '966', '819', '753']
['510', '67', '173', '661', '183', '818', '774', '885', '887', '953', '580', '770', '918', '346', '237', '211', '930', '402', '65', '571', '201', '971', '245']
['426', '467', '982', '639', '68', '552', '500', '74', '91', '798', '957', '942', '253', '965', '515', '676']
['475', '440', '946', '939', '776', '296', '312', '787', '281', '7', '636', '240', '478', '131', '13', '452', '371', '366', '246', '594', '722']
['868', '381', '119', '934', '768', '260', '990', '549', '803', '276', '275', '508', '418', '875', '258', '650', '252', '120', '947', '469', '85', '283', '363', '190']
['268', '357', '762', '617', '777', '151', '24', '915', '884', '291', '720', '916', '194', '499', '681', '699', '218', '239', '405', '692', '521', '324', '572', '584', '925', '166', '662']
['347', '728', '805', '37', '480', '55', '999', '132', '821', '561', '80', '748', '70', '861']
['226', '665', '32', '79', '895', '643', '716', '350', '135', '569', '71', '807', '509', '290', '187', '809', '142', '822', '711', '145']
['608', '278', '566', '45', '231', '838', '896', '975', '886', '155', '130', '719']
['431', '315', '320', '732', '663', '1', '140', '343', '170', '51', '879', '922', '775', '867', '839', '984', '180', '298', '10', '767', '880', '5', '902']
['243', '224', '306', '504', '342', '849', '526', '455', '340', '813', '846', '646', '743', '919', '64', '75', '622']
['273', '729', '708', '752', '645', '550', '185', '908', '680', '103', '589', '936', '212', '488', '81', '725', '319', '411']
['989', '83', '230', '192', '564', '422', '345', '721', '815', '536', '104', '302', '992', '176', '961', '677', '43', '671']
['163', '860', '557', '539', '127', '136', '765', '244', '570', '2', '816', '353', '850', '60', '750', '159', '86', '742']
['393', '476', '236', '4', '673', '484', '812', '379', '395', '20', '652', '188', '427']
['612', '793', '683', '309', '6', '907', '696', '390', '110', '672', '117', '654', '657', '61', '255']
['217', '11', '429', '197', '401', '172', '651', '139', '878', '741', '559', '985', '917', '704', '149']
['620', '168', '913', '325', '968', '375', '9', '369', '468', '687', '280', '710', '462', '348', '113', '779']
['923', '666', '769', '25', '851', '133', '894', '129', '598', '827', '156', '481', '739', '764', '808', '972', '689']
['238', '912', '591', '644', '177', '950', '516', '200', '700', '18', '736', '167', '404', '66', '289', '453', '503', '143', '876', '414']
['714', '33', '684', '810', '667', '771', '625', '54', '991', '977', '734', '558', '538']
['118', '595', '568', '967', '400', '247', '544', '641', '621', '189', '122', '396', '640', '986', '215', '409', '288', '688', '482', '106', '901', '471', '184']
['477', '152', '883', '227', '242', '623', '576', '541', '964', '459', '251', '701', '881', '756', '372', '766', '84', '983', '465', '385', '888', '656', '124', '565', '148', '715', '758']
['408', '655', '433', '911', '772', '731', '100', '454', '824', '520', '121', '835', '46', '579', '952', '693', '717', '249', '248', '537', '416']
['862', '631', '837', '997', '781', '630', '199', '848', '857', '165', '690', '854', '0', '21', '523', '207', '16', '530', '28', '610']
['914', '380', '461', '171', '869', '795', '144', '463', '578', '709', '546', '528', '735', '397', '890', '618', '532', '443', '377', '36', '282', '702']
['126', '593', '806', '125', '833', '365', '437', '439', '718', '257', '292', '161', '958', '27', '72', '959', '30', '629', '169', '962', '175', '485', '582']
['792', '697', '420', '545', '356', '22', '41', '900', '828', '370', '691', '791', '877', '492', '820', '669', '573', '856', '263', '339', '935', '870']
['214', '307', '412', '560', '627', '464', '995', '529', '592', '26', '583', '596', '23', '49', '842', '847', '757']
['269', '738', '897', '202', '403', '562', '733', '605', '434', '705', '58', '294', '77', '304', '928', '128']
['460', '910', '497', '441', '355', '115', '90', '724', '457', '858', '727', '706', '216', '367', '889', '609', '448', '262', '195', '951', '740', '542', '931', '204', '829', '158', '507', '415']
['751', '123', '586', '444', '638', '146', '394', '611', '567', '388', '941', '108', '205', '864', '648', '668', '265', '182', '506']
['973', '78', '801', '279', '430', '174', '498', '909', '311', '785', '675', '274', '949', '778', '746', '933', '82', '518', '94', '313']
['373', '407', '575', '147', '316', '235', '59', '299', '229', '892', '62', '601', '330', '587', '445', '97', '670']
['790', '360', '354', '845', '489', '153', '486', '487', '789', '893', '285', '191', '800', '374', '69', '534', '512', '138', '34', '585', '8', '259', '955', '898', '906', '219']
['424', '423', '331', '474', '685', '399', '551', '392', '15', '597', '250', '222', '114', '832', '619', '633', '547', '694', '871', '998', '109', '744']
