['467', '383', '152', '905', '438', '259', '604', '702', '295', '795', '867', '379', '993', '658', '66', '818', '436', '716', '856', '729']
['700', '182', '256', '835', '881', '391', '874', '325', '912', '788', '288', '505', '52', '232', '12', '229', '527', '224', '703', '564', '33']
['741', '407', '173', '820', '6', '205', '617', '543', '290', '670', '634', '542', '29', '199', '469', '145', '401', '894']
['56', '752', '340', '326', '50', '618', '690', '602', '109', '127', '842', '32', '371', '201', '110', '940', '121', '351', '411', '473', '289']
['515', '129', '414', '43', '711', '30', '26', '633', '38', '653', '285', '296', '585', '372', '907', '44', '457', '712', '11']
['821', '123', '662', '146', '701', '886', '838', '386', '725', '594', '209', '452', '333', '472', '105', '705', '908', '323', '914', '254', '72', '34', '71', '948']
['551', '307', '117', '616', '888', '347', '419', '365', '302', '813', '120', '468', '280', '639', '770', '872', '111', '865', '624', '899']
['719', '979', '890', '140', '298', '708', '332', '291', '638', '903', '572', '454', '134', '377', '938', '328']
['238', '734', '868', '776', '161', '427', '483', '873', '786', '0', '798', '949', '834', '750', '831', '755', '460', '348', '67', '142', '973', '607', '284', '176', '356']
['381', '108', '615', '221', '458', '211', '380', '652', '857', '486', '160', '191', '727', '359', '679', '991', '19', '495', '982', '46', '42', '950', '715']
['720', '213', '435', '390', '811', '897', '28', '102', '508', '253', '208', '446', '775', '94', '428', '267']
['316', '470', '648', '192', '202', '69', '646', '203', '561', '939', '986', '906', '754', '589', '226', '966', '84', '896', '171', '18', '660', '537']
['866', '97', '500', '474', '385', '57', '832', '212', '636', '317', '370', '765', '990', '919', '548', '951', '971', '772', '510', '430', '641', '676', '159', '74']
['785', '167', '582', '577', '258', '606', '576', '439', '649', '311', '697', '119', '565', '630', '534', '451', '987', '135', '533', '544', '374', '800']
['559', '263', '558', '942', '768', '306', '389', '707', '248', '620', '841', '503', '308']
['766', '269', '598', '777', '573', '156', '96', '246', '322', '883', '393', '917', '622', '645', '758', '928', '922', '60']
['984', '509', '352', '808', '207', '988', '241', '310', '744', '35', '222', '787', '498', '63']
['806', '315', '400', '640', '361', '843', '292', '793', '404', '694', '131', '519', '526', '293', '605', '757', '953', '655', '588', '104', '283', '850', '179', '553']
['609', '611', '635', '608', '657', '780', '337', '126', '421', '497', '418', '724', '304', '631', '445', '58', '778', '434']
['836', '260', '244', '853', '89', '967', '910', '848', '981', '739', '274', '680', '240', '556', '961', '748', '168', '331', '440', '678', '79', '684', '619', '522', '698']
['424', '575', '65', '425', '665', '399', '415', '567', '319', '447', '437', '970', '574', '549', '107', '336', '745', '471', '846', '756']
['196', '490', '93', '214', '995', '376', '915', '286', '143', '394', '767', '462', '466', '930', '882', '465', '847', '531', '674', '891', '188', '485', '183', '550', '782']
['488', '612', '423', '875', '358', '579', '632', '958', '148', '983', '405', '675', '643', '790', '481', '99', '37', '273', '794', '935', '276']
['563', '545', '623', '115', '343', '998', '23', '538', '663', '504', '507', '95', '77', '494', '878', '225']
['706', '714', '301', '625', '852', '431', '717', '656', '581', '764', '552', '962', '220', '862', '994', '487', '603', '738', '863', '814', '839', '742', '219']
['733', '162', '976', '668', '251', '83', '591', '164', '155', '932', '965', '70', '927', '557', '578']
['350', '830', '885', '165', '338', '277', '82', '448', '312', '321', '344', '879', '902', '420', '924', '51', '324']
['730', '580', '870', '112', '763', '433', '851', '455', '236', '570', '893', '287', '245', '1', '959', '807', '898', '53', '974', '329', '190', '804', '234', '55', '529']
['661', '10', '525', '524', '584', '722', '318', '895', '933', '197', '270', '90']
['128', '810', '239', '760', '824', '363', '144', '368', '826', '664', '250', '536', '387', '185', '637', '929', '31']
['600', '590', '477', '918', '696', '122', '21', '876', '802', '172', '691', '169', '597', '147', '877', '721', '353', '686']
['480', '362', '837', '532', '15', '178', '491', '599', '384', '944', '98', '444', '247', '297', '141', '925', '506', '45', '215', '957', '114', '740', '339', '514', '736']
['300', '921', '926', '546', '825', '81', '840', '627', '346', '275', '747', '103', '934', '911', '901', '592', '728', '849', '2', '626', '64', '158', '975', '568', '502']
['303', '773', '512', '909', '369', '299', '416', '931', '153', '91', '769', '864', '541', '441']
['900', '985', '819', '305', '227', '753', '923', '461', '704', '409', '797', '520', '732', '397', '92', '125', '453', '163', '403', '833', '341', '345', '855', '887', '216']
['999', '484', '101', '751', '228', '566', '945', '555', '828', '136', '139', '39', '206', '174', '761', '271', '194', '314', '952', '223', '688', '858', '402', '36', '889']
['180', '375', '779', '313', '569', '132', '805', '784', '417', '521', '954', '771', '413', '47', '799', '422', '737', '175', '459', '382', '17', '601', '791']
['75', '193', '157', '327', '249', '629', '844', '181', '61', '154', '783', '113', '243', '904', '647', '186', '130', '388', '535', '682', '869', '960', '817', '651', '789']
['330', '150', '62', '861', '237', '294', '187', '8', '48', '406', '677', '683', '644']
['692', '265', '116', '815', '278', '699', '913', '659', '200', '726', '968', '823', '596', '373', '282', '195', '252', '149', '731']
['586', '871', '396', '80', '610', '920', '281', '426', '395', '792', '977', '9', '268', '3', '355', '560', '54', '695', '859', '177', '669', '884', '354', '14']
['73', '992', '759', '554', '774', '235', '583', '723', '547', '667', '463', '972', '517', '530', '335', '539', '78', '184', '398', '257', '100', '947', '230', '593', '673']
['450', '378', '456', '892', '166', '710', '41', '408', '189', '746', '980', '7', '360', '138', '943', '845']
['392', '587', '204', '489', '255', '956', '762', '996', '170', '718', '68', '880', '628', '540', '233', '571']
['151', '231', '614', '24', '654', '523', '937', '642', '86', '85', '689', '334', '4', '613']
['478', '262', '432', '476', '133', '511', '320', '475', '650', '412', '493', '492', '969', '671', '442', '342', '749', '124', '25', '713', '87', '449', '272', '357', '743']
['801', '13', '364', '528', '106', '621', '499', '681', '978', '27', '687', '217', '955', '916', '595', '40', '963', '410']
['76', '860', '735', '367', '22', '964', '59', '5', '264', '693', '562', '812', '218', '666', '829', '429', '854', '513', '88']
['482', '16', '516', '803', '349', '518', '997', '796', '685', '809', '709', '137', '210', '309', '781', '989', '198', '266', '20', '49']
['816', '946', '822', '479', '279', '261', '443', '464', '366', '941', '118', '936', '672', '242', '501', '827', '496']
