['540', '583', '714', '559', '490', '455', '555', '805', '774', '294', '502', '666', '120', '364', '196', '229', '623', '154', '5', '98', '247', '147', '700', '472', '380', '339', '496', '576', '151', '256', '511', '3', '6', '264', '580']
['410', '539', '775', '220', '330', '543', '657', '123', '68', '373', '289']
['508', '30', '292', '378', '627', '313', '129', '227', '778', '72', '345', '748', '218', '795', '35', '634', '638', '158', '93', '570', '189', '195', '719', '736', '669', '249']
['724', '822', '449', '372', '553', '730', '403', '446', '526', '258', '327', '242', '728', '562', '399', '717', '63', '702']
['481', '252', '836', '790', '529', '500', '779', '552', '735', '591', '280', '88', '587', '157', '352']
['710', '325', '520', '169', '91', '271', '172', '737', '486', '661', '47', '398', '429', '475', '585', '442', '354', '296', '223', '601', '90', '1']
['637', '366', '458', '563', '768', '85', '262', '384', '439', '166', '548', '566', '82', '620', '396', '571', '141', '542', '694', '140']
['754', '712', '148', '69', '243', '482', '186', '361', '14', '36', '59', '29', '489', '764', '25', '545', '461', '473', '584', '456', '793', '786', '143', '184', '800', '177']
['823', '523', '816', '773', '279', '391', '246', '810', '24', '269', '232', '103', '501', '183']
['624', '722', '428', '231', '484', '632', '607', '644', '144', '808', '825', '761', '62', '670', '830', '221', '696', '182', '234', '690', '217', '655', '835', '222', '483']
['705', '78', '326', '160', '0', '451', '390', '713', '42', '99', '578', '621', '599', '560', '755', '250']
['791', '353', '811', '799', '465', '54', '341', '686', '39', '640', '175', '383', '225', '770', '436']
['742', '646', '572', '431', '574', '71', '802', '536', '721', '803']
['614', '357', '10', '142', '733', '241', '13', '178', '343', '329', '777', '337', '832']
['335', '707', '639', '460', '270', '156', '517', '743', '87', '412', '687', '389', '155', '355', '477', '161', '430', '291', '447', '2', '478', '105', '704', '452']
['450', '50', '18', '443', '602', '444', '706', '445', '673', '230', '104', '67', '265']
['322', '753', '278', '248', '34', '375', '237', '137', '414', '7', '828', '729', '678', '159', '301', '395', '198', '537', '179', '16', '113']
['784', '176', '554', '665', '415', '311', '45', '629', '756', '209', '263', '838', '130', '314', '94', '518', '53', '664', '758']
['711', '488', '663', '315', '789', '469', '734', '513', '254', '287', '114']
['267', '549', '691', '197', '15', '615', '558', '51', '833', '350', '116', '497', '538', '626', '528', '453']
['117', '565', '593', '27', '406', '544', '598', '167', '610', '74', '111', '401', '150', '485', '95']
['377', '318', '344', '173', '464', '57', '503', '839', '660', '306', '575', '46', '235', '772', '837', '780', '245', '683', '685', '284']
['407', '582', '107', '650', '80', '17', '20', '674', '606', '741', '397', '351', '625', '212']
['43', '162', '110', '551', '441', '259', '738', '139', '200', '356', '4', '149', '170', '751', '801', '274', '276']
['532', '541', '699', '310', '187', '421', '260', '594', '487', '360', '413', '419', '307', '448', '703', '581', '132', '219']
['510', '127', '682', '190', '348', '257', '193', '762', '302', '81', '605', '651', '667', '534', '52', '108', '224']
['530', '61', '616', '266', '386', '668', '70', '647', '715', '658', '564', '656', '86', '255']
['298', '760', '64', '66', '405', '320', '304', '509', '433', '725', '73', '122', '295', '321']
['420', '783', '168', '757', '494', '619', '409', '604', '675', '535', '32', '457', '288', '592', '424', '524', '437', '600']
['765', '739', '588', '476', '174', '744', '504', '216', '84', '515', '701', '466', '126', '561', '374']
['215', '462', '251', '213', '44', '689', '293', '65', '299', '749', '718', '659', '635', '204']
['38', '797', '97', '133', '782', '533', '796', '633', '60', '697', '814', '185', '281', '807', '58', '136', '547', '459', '468']
['630', '268', '531', '798', '164', '89', '693', '342', '340', '56', '752', '776', '323', '603']
['506', '684', '365', '309', '698', '769', '381', '474', '454', '826', '628', '723', '272']
['643', '26', '745', '740', '205', '338', '346', '720', '788', '146', '819', '76', '316', '363']
['106', '40', '568', '21', '596', '165', '358', '495', '128', '411', '112', '731', '804', '181']
['672', '595', '763', '145', '812', '283', '577', '349', '493', '124', '333', '613']
['514', '188', '492', '597', '362', '573', '202', '388', '688', '676', '589']
['471', '817', '48', '785', '631', '695', '387', '642', '677', '92', '368', '28', '726']
['567', '467', '102', '402', '432', '207', '750', '716', '11', '423', '519', '385', '612', '794', '499', '394', '347']
['240', '766', '19', '119', '681', '214', '759', '834', '516', '312', '369', '505', '277', '680', '211', '827', '359', '23']
['393', '134', '818', '692', '275', '308', '37', '569', '618', '83', '747', '370', '49', '153', '290', '427', '708', '831', '319', '498', '101']
['328', '118', '521', '824', '226', '135', '201', '8', '253', '55', '236', '180', '662', '191', '286', '522']
['416', '303', '233', '590', '125', '371', '557', '648', '480', '654', '194', '771', '820', '550', '382', '332', '12', '9', '206']
['679', '228', '787', '645', '507', '244', '586', '636', '115', '609', '171', '617', '238', '379', '579', '121', '334', '709', '611', '425']
['652', '727', '435', '732', '653', '821', '479', '404', '41', '208', '210', '649', '408']
['438', '317', '829', '31', '79', '203', '75', '109', '96', '525', '324', '33', '767', '100', '491', '376']
['305', '192', '152', '422', '138', '463', '608', '641', '806', '261', '512', '470']
['199', '367', '781', '131', '622', '527', '300', '392', '546', '273', '77', '440', '239', '813', '331', '282', '417']
['434', '297', '556', '792', '809', '671', '746', '163', '336', '426', '22', '400', '418', '285']
