['663', '791', '491', '376', '189', '50', '356']
['279', '690', '846', '574', '502', '805', '844']
['966', '744', '142', '767', '370', '211', '461']
['198', '916', '501', '285', '315', '748', '794']
['46', '812', '711', '868', '266', '183', '349']
['508', '303', '62', '523', '536', '171', '856']
['55', '5', '432', '658', '413', '308', '222']
['723', '486', '737', '270', '895', '635', '235']
['444', '577', '400', '938', '775', '462', '861']
['551', '638', '309', '788', '616', '624', '243']
['293', '229', '920', '390', '880', '122', '464']
['298', '407', '580', '740', '443', '934', '923']
['175', '568', '570', '862', '893', '696', '554']
['780', '67', '559', '435', '541', '552', '117']
['423', '738', '281', '787', '759', '955', '320']
['560', '697', '246', '403', '525', '326', '157']
['591', '678', '306', '747', '641', '768', '834']
['492', '460', '478', '972', '706', '917', '150']
['752', '429', '890', '622', '970', '755', '345']
['120', '585', '75', '23', '903', '3', '901']
['660', '705', '430', '495', '810', '601', '121']
['401', '766', '667', '623', '210', '608', '172']
['749', '656', '278', '652', '341', '85', '47']
['13', '969', '709', '374', '651', '939', '520']
['396', '426', '575', '928', '254', '894', '249']
['447', '512', '550', '441', '947', '155', '310']
['469', '921', '467', '215', '321', '137', '475']
['881', '7', '488', '674', '163', '79', '712']
['578', '931', '772', '485', '268', '459', '546']
['625', '54', '544', '922', '753', '885', '816']
['482', '499', '52', '372', '545', '685', '643']
['860', '498', '719', '166', '665', '88', '496']
['64', '929', '145', '116', '180', '307', '540']
['664', '619', '702', '170', '294', '756', '668']
['718', '823', '449', '963', '69', '373', '226']
['581', '784', '428', '932', '22', '66', '24']
['386', '14', '138', '828', '260', '195', '858']
['162', '282', '105', '36', '33', '835', '529']
['824', '902', '332', '751', '531', '15', '25']
['336', '156', '825', '19', '448', '262', '865']
['272', '347', '312', '621', '889', '200', '490']
['684', '770', '726', '445', '158', '115', '365']
['875', '708', '848', '735', '463', '800', '188']
['256', '607', '534', '733', '832', '662', '465']
['20', '604', '949', '593', '843', '796', '717']
['230', '854', '110', '515', '750', '93', '948']
['118', '100', '217', '466', '661', '911']
['340', '134', '952', '815', '758', '325', '639']
['778', '392', '910', '104', '83', '114']
['732', '0', '594', '398', '348', '139', '442']
['919', '191', '505', '258', '123', '483', '809']
['434', '653', '600', '440', '936', '797', '6']
['522', '173', '806', '539', '346', '408', '503']
['742', '146', '487', '208', '817', '425']
['918', '892', '31', '358', '369', '216', '177']
['436', '199', '517', '284', '29', '754', '292']
['803', '232', '659', '37']
['649', '851', '537', '716', '305', '819']
['379', '829', '617', '746', '872', '479', '681']
['236', '60', '779', '416', '377', '395', '357']
['821', '571', '317', '598', '389', '288', '914']
['516', '533', '556', '524', '402', '289', '344']
['124', '455', '130', '277']
['84', '904', '946', '2', '907', '474', '871']
['242', '891', '691', '605', '218', '655', '209']
['926', '424', '238', '185', '452', '179', '472']
['45', '596', '628', '470', '543', '745', '887']
['562', '837', '234', '644', '852', '847', '265']
['73', '225', '40', '743', '339', '765', '548']
['519', '874', '276', '597', '397', '353', '670']
['567', '610', '89', '853', '286', '959']
['589', '538', '247', '32', '613', '394', '132']
['319', '411', '704', '203', '650', '831', '898']
['63', '28', '839', '366', '204', '414', '913']
['65', '820', '507', '42', '557', '896', '774']
['876', '471', '836', '224', '68', '275']
['776', '935', '957', '849', '953', '350']
['614', '92', '44', '283', '680', '359', '687']
['409', '80', '654', '695', '128', '588', '207']
['707', '87', '322', '555', '450', '239', '930']
['584', '182', '391', '375', '11', '634', '830']
['399', '842', '362', '27', '857', '213', '813']
['164', '102', '109', '154', '801', '90', '368']
['961', '9', '958', '255', '771', '967', '457']
['739', '427', '855', '330', '202', '119', '438']
['599', '384', '632', '566', '850', '96', '677']
['446', '111', '70', '382', '833', '178', '795']
['899', '509', '251', '241', '244', '12', '404']
['221', '35', '219', '176', '34', '640', '686']
['250', '943', '201', '41', '48', '86', '439']
['206', '526', '699', '561', '223', '112', '257']
['205', '1', '863', '313', '878', '129', '113']
['965', '300', '510', '197', '267', '351', '187']
['381', '248', '864', '324', '422', '419', '181']
['793', '859', '147', '231', '107', '151']
['302', '945', '393', '316', '417', '456', '648']
['143', '782', '481', '261', '714', '761', '174']
['360', '631', '335', '715', '343', '16', '808']
['933', '909', '838', '886', '682', '549', '71']
['506', '269', '618', '514', '291', '642', '906']
['521', '673', '468', '271', '798', '603', '530']
['410', '385', '148', '106', '611', '941', '259']
['220', '212', '331', '77', '700', '74']
['301', '511', '500', '693', '371', '296']
['592', '378', '888', '159', '565', '804', '595']
['713', '769', '454', '627', '387', '108', '811']
['781', '968', '493', '773', '153', '783', '38']
['318', '679', '431', '629', '741', '606', '59']
['573', '912', '729']
['101', '125', '135', '736', '777', '960', '49']
['731', '900', '165', '477', '924', '633', '253']
['572', '730', '311', '127', '133', '415', '504']
['299', '867', '683', '547', '43', '763', '4']
['26', '757', '451', '192', '609', '602', '168']
['671', '587', '420', '167', '214', '940', '363']
['786', '722', '361', '405', '563', '869', '558']
['264', '845', '95', '367', '518', '323', '636']
['30', '193', '228', '807', '98', '39', '760']
['337', '840', '412', '314', '728', '421', '126']
['240', '406', '799', '822', '676', '227', '433']
['489', '354', '944', '327', '136', '724', '237']
['329', '951', '873', '666', '612', '328']
['513', '790', '383', '355', '942', '669']
['542', '586', '818', '53', '569', '927', '61']
['141', '532', '688', '184', '802', '476', '672']
['56', '827', '380', '8', '645', '576', '364']
['17', '583', '883', '140', '866', '342', '273']
['245', '877', '297', '10', '453', '497', '295']
['692', '694', '484', '94', '579', '637', '689']
['937', '527', '78', '582', '814', '703', '897']
['950', '701', '792', '388', '615', '161', '160']
['338', '76', '103']
['710', '962', '333', '620', '81', '764', '82']
['290', '334', '630', '97', '352', '956', '57']
['908', '675', '72', '304', '698', '626', '149']
['882', '789', '647', '190', '925', '473', '186']
['657', '905', '720', '99', '971', '169', '437']
['879', '964', '274', '280', '870', '480', '553']
['826', '21', '762', '58', '884']
['458', '494', '528', '418', '196', '734', '91']
['721', '51', '915', '841', '590', '252', '727']
['954', '194', '233', '131', '646', '535', '263']
['725', '785', '564', '18', '144', '152', '287']
