['541', '389', '338', '373', '794', '460', '297', '289', '380', '793', '551', '908', '285', '940', '907', '594', '78', '486', '855', '307', '676', '918', '217', '915', '177', '502', '920', '665', '537', '716', '175', '749', '323', '419', '611', '549', '328', '582', '933', '797', '98', '574', '246', '877', '912', '496', '938', '738', '649', '851', '445', '783']
['562', '18', '336', '641', '351', '123', '903', '163', '326', '631', '278', '526', '842', '635', '270', '291', '821', '692', '464', '428', '869', '155', '834', '157', '661', '777', '570', '43', '210', '467', '91', '810', '376', '178', '292', '621']
['772', '296', '316', '841', '194', '891', '654', '431', '27', '697', '650', '554', '254', '247', '639', '544', '439', '769', '850', '646', '726', '552', '144', '369', '360', '47', '789', '853', '581', '243', '13', '929']
['393', '645', '913', '605', '109', '375', '687', '857', '758', '745', '828', '737', '172', '125', '405', '508', '548', '221', '440', '752', '298', '80', '359', '386', '315', '269', '673', '779', '497', '477', '905', '499', '44', '652', '470']
['884', '812', '662', '5', '568', '162', '119', '443', '690', '944', '845', '910', '137', '733', '442', '356', '590', '451', '485', '872', '763', '756', '57', '228', '242', '936', '81', '723', '7', '603', '746', '602', '651']
['378', '85', '362', '619', '874', '678', '770', '318', '695', '267', '791', '705', '187', '402', '530', '958', '724', '466', '563', '648', '4']
['107', '33', '367', '126', '747', '867', '215', '333', '447', '839', '392', '348', '317', '284', '433', '335', '633', '319', '518', '647', '195', '104', '14', '337', '370', '16', '233', '353']
['250', '942', '41', '546', '514', '906', '171', '196', '600', '70', '642', '922', '584', '759', '437', '542', '271', '277', '349', '384', '744', '357', '51', '50', '59']
['458', '868', '479', '280', '308', '701', '8', '799', '73', '755', '852', '167', '917', '776', '408', '879', '576', '114', '899', '774', '212']
['904', '721', '340', '452', '202', '148', '38', '455', '523', '623', '616', '784', '108', '719', '620', '569', '413', '934', '387', '680', '30', '138', '715', '321', '856', '199', '677', '804', '895', '837']
['286', '598', '188', '462', '527', '664', '494', '870', '438', '545', '444', '184', '10', '124', '681', '826', '601', '644', '771', '411', '229', '560', '425', '682', '224', '240', '786', '476', '914', '814', '876', '679']
['800', '928', '135', '482', '401', '656', '35', '722', '152', '924', '252', '430', '39', '255', '921', '132', '948', '418', '567', '34', '63', '237', '836', '48', '62', '341', '765', '886', '361', '28', '829', '446', '183', '866', '900', '610', '205', '86', '615']
['520', '173', '901', '453', '26', '365', '516', '951', '381', '17', '725', '819', '897', '92', '75', '368', '64', '950', '248', '579', '892', '822', '943', '515', '176', '888']
['65', '937', '174', '528', '956', '955', '832', '593', '24', '954', '294', '391', '313', '861', '935', '608', '133', '507', '97', '960', '787', '220', '657', '355', '40', '182', '885', '15', '858', '675', '815', '213', '727', '835', '622', '572', '773', '312']
['186', '295', '653', '808', '79', '811', '72', '684', '578', '604', '522', '490', '533', '87', '463', '89', '311', '550', '606', '226', '824', '473', '219', '488', '96', '322', '117', '932']
['180', '505', '909', '435', '71', '395', '618', '410', '189', '363', '345', '564', '193', '566', '792', '730', '511', '32', '946', '775', '55', '742', '628', '385', '9', '509']
['235', '236', '325', '201', '796', '344', '693', '461', '492', '149', '94', '331', '743', '53', '640', '591', '272', '169', '881', '669', '339', '84', '953', '864', '688', '60', '865', '99', '707', '949', '432', '700', '941', '164', '330', '500', '923', '655', '501', '630', '732']
['741', '434', '134', '607', '127', '689', '265', '160', '197', '139', '456', '882', '209', '136', '586', '764', '304', '159', '56', '807', '227', '517', '878', '279', '830', '300', '118', '587']
['429', '848', '506', '472', '457', '625', '145', '324', '29', '420', '817', '129', '417', '702', '820', '170', '919', '407', '553', '262', '232', '780', '143', '859', '624', '25', '734']
['556', '287', '931', '244', '471', '599', '211', '894', '154', '709', '592', '571', '493', '580', '238', '539', '543', '629', '766', '595', '223', '816', '911', '414', '403', '61', '374', '166', '301']
['718', '83', '768', '699', '82', '165', '424', '371', '513', '299', '106', '833', '575', '710', '658', '68', '168', '753', '547', '103', '778', '798', '823', '350', '110']
['782', '583', '627', '198', '957', '358', '736', '880', '952', '939', '475', '276', '241', '735', '761', '596', '427', '589', '754', '249', '100', '36', '122', '352', '415', '573', '394', '204', '192', '813', '251', '663', '342', '739', '847', '893', '121', '805', '303', '873', '306', '483', '896']
['310', '179', '871', '146', '130', '561', '529', '257', '670', '498', '474', '818', '22', '926', '329', '153', '803', '207', '666', '74', '468', '902', '686', '860', '925', '844', '111', '558', '256', '90', '827', '698', '478', '31', '3']
['158', '760', '88', '259', '557', '519', '382', '93', '731', '831', '959', '849', '795', '538', '327', '268', '181', '77', '927', '19', '347', '750', '637', '258', '713', '406', '412']
['101', '234', '436', '191', '788', '390', '399', '889', '694', '711', '366', '102', '667', '638', '597', '685']
['512', '222', '674', '781', '534', '862', '150', '643', '364', '588', '660', '161', '334', '293', '565', '740', '343', '245', '838', '397', '128', '354', '671', '480', '383', '314', '45', '46', '683', '0', '426']
['846', '728', '481', '288', '67', '388', '58', '2', '95', '448', '524', '396', '423', '54', '450', '484', '140', '503', '532', '218', '491', '216', '332', '487', '898', '717', '691', '105', '372', '12', '302', '706', '441', '206', '531']
['379', '264', '636', '465', '714', '510', '751', '185', '400', '231', '790', '6', '801', '377', '1', '762', '49', '875', '521', '495', '863', '190', '696', '203', '37', '887', '346', '612', '69', '668', '632', '11']
['489', '20', '559', '806', '225', '626', '883', '116', '947', '585', '142', '23', '525', '239', '809', '52', '720', '825', '147', '42', '261', '409', '613', '208', '536', '305', '708', '659', '767', '577', '214', '253', '634', '703', '282', '66', '263', '930']
['404', '840', '398', '459', '729', '260', '141', '540', '115', '712', '802', '422', '76', '854', '421', '785', '748', '283', '21', '916', '890', '843']
['555', '120', '704', '274', '112', '614', '275', '617', '757', '672', '320', '535', '469', '290', '945', '416', '309', '281', '151', '113', '273', '200', '504', '131', '449', '454', '266', '156', '609']
