['969', '682', '78', '384', '361', '985', '529', '839']
['750', '462', '621', '459', '645', '269', '394', '385', '804', '706']
['104', '152', '656', '703', '65', '778', '135', '223', '501', '809', '211']
['724', '22', '726', '219', '927', '411', '431', '834', '117', '875']
['913', '582', '814', '266', '723', '295', '96', '579', '773']
['614', '812', '54', '23', '467', '531', '971', '687']
['539', '478', '365', '395', '174', '427', '72', '69', '254', '43']
['631', '506', '785', '998', '725', '789', '511', '953', '363', '714', '98', '405']
['813', '115', '992', '979', '317', '76', '166', '268', '469', '765', '937', '428', '380', '8', '863']
['28', '297', '305', '728', '838', '930', '435', '618', '861', '704']
['359', '794', '680', '105', '437', '581', '646', '70', '987', '910', '5', '330', '476']
['504', '163', '827', '202', '232', '651', '490', '736', '230', '288', '596', '734', '46', '907', '403']
['235', '407', '885', '157']
['849', '801', '893', '256', '183']
['984', '249', '980', '556', '118', '59', '374', '597', '860', '326']
['231', '186', '220', '356', '568', '877', '684', '528', '451']
['732', '741', '342', '239', '17', '80', '423', '151', '112']
['855', '705', '370', '929', '145', '92', '307', '31', '760', '602', '177', '690', '878']
['52', '328', '357', '560', '663', '938', '496', '802', '944', '447']
['845', '966', '197', '114', '439', '12', '847', '210', '155', '313', '673']
['25', '954', '617', '629', '316', '204', '683', '635']
['492', '976', '354', '281', '323', '993', '184']
['35', '609', '546', '718', '389', '298', '555', '205']
['495', '550', '549', '251', '798', '510', '956', '243', '81', '787', '264']
['589', '213', '828', '523', '121', '271', '178', '628', '627', '475', '797', '823']
['846', '460', '890', '10', '935', '780', '763', '1', '570', '93', '9', '324', '201', '931', '817']
['642', '941', '588', '487', '97', '768', '900', '113']
['400', '494', '381', '779', '926', '791', '676', '842', '267', '919', '415', '982', '336']
['340', '74', '829', '140', '445']
['432', '709', '67', '296', '318', '694', '182', '831', '170']
['196', '745', '414', '39', '94', '392', '26', '806', '488']
['337', '339', '771', '848', '805', '977', '292', '335', '456', '228', '75']
['598', '368', '165', '263', '681', '378', '417', '482', '402']
['665', '652', '408', '390', '430', '965', '187', '701', '258', '131', '903', '453', '754', '668', '819']
['565', '42', '401', '784', '896', '277', '454', '989', '571', '291', '106', '246']
['441', '311', '103', '811', '722', '124', '943', '700', '841']
['386', '749', '730', '352', '920', '252', '544', '964', '559', '449', '994', '229', '562']
['857', '442', '788', '294', '909', '351', '573', '452', '669', '894', '455', '942', '64', '465', '33']
['872', '129', '636', '584', '388', '125', '483', '666']
['168', '282', '653', '366', '136', '322', '561', '538', '545', '922', '56', '884', '91', '901', '981']
['696', '195', '438', '917', '416', '396', '692']
['616', '240', '286', '29', '762', '409', '344', '334']
['858', '751', '99', '542', '537', '767', '309']
['533', '109', '68', '60', '161', '637', '226', '36', '516', '237', '198', '536', '808', '279', '425']
['122', '3', '563', '934', '308', '217', '159']
['349', '843', '464', '379', '619', '686']
['677', '678', '130', '289', '534', '630', '257', '480', '940', '79', '948', '898', '304']
['671', '434', '882', '587', '772', '519', '338', '868', '391', '128']
['66', '775', '586', '273', '826', '377', '522', '524', '225', '710', '306', '883', '348', '978', '62']
['744', '578', '688', '764', '959', '986', '4', '474', '461', '199']
['485', '781', '777', '675', '856', '717', '590', '902']
['171', '179', '333', '912']
['870', '497', '699', '758', '906', '180', '740', '222', '95', '32', '30', '862']
['276', '851', '310', '525', '606', '541', '148']
['799', '100', '347', '34', '904', '554', '957', '315', '156', '911']
['921', '285', '299', '657', '972', '932', '233', '207']
['698', '743', '515', '274', '175', '146', '793', '443', '350', '569', '185']
['790', '406', '859', '679', '321', '375']
['302', '622', '468', '689', '355', '968', '11', '346', '16']
['752', '840', '739', '446', '371', '255', '421', '639', '360']
['444', '518', '41', '897', '383', '491', '702', '655', '825', '737', '610']
['852', '153', '345', '558', '144', '526', '387', '975']
['962', '738', '661', '747', '650', '521', '319', '53', '695']
['382', '905', '87', '566', '50']
['641', '320', '865', '923', '624', '216', '712', '369', '891']
['623', '647', '613', '412', '553', '803', '547', '209', '458']
['599', '761', '670', '466', '398', '874', '498', '162']
['601', '287', '759', '916', '193', '572', '914', '123', '137', '38', '658', '142', '963']
['995', '262', '835', '15', '420', '224', '509', '362', '591', '433', '325', '997', '44', '608']
['71', '807', '583', '139', '84', '844', '594', '208', '837', '272', '238']
['24', '660', '866', '20', '473', '854', '881', '259']
['143', '795', '507', '173', '283', '816', '592', '576', '265', '867', '47']
['63', '604', '21', '707', '37', '284', '200', '625', '169', '611', '748', '662']
['181', '481', '150', '332', '126', '727', '557', '664', '585', '654', '212']
['532', '512', '691', '102', '61', '564', '367', '133', '783', '221', '949', '958', '329', '399']
['40', '988', '57', '820', '719', '543', '746', '110', '245', '214', '620']
['172', '644', '372', '154', '280', '918', '850', '769', '830']
['51', '253', '457', '933', '530', '167', '489', '499', '192', '134', '424']
['822', '693', '633', '261', '191', '73', '818']
['638', '158', '203', '206', '410', '440', '871', '373', '55', '580', '85']
['413', '612', '0', '640', '731', '505', '19', '567', '697', '247', '270', '970', '14']
['996', '552', '248', '119', '404', '477', '869', '782', '833', '88', '147', '450']
['753', '925', '513', '756', '429', '864', '810', '908', '947']
['301', '715', '520', '293', '508', '607', '422', '632', '436', '895']
['500', '426', '999', '327', '77', '824', '961', '888', '974']
['503', '649', '132', '471', '626', '886', '792']
['733', '983', '463', '160', '49', '116', '393', '879', '873', '939', '729', '486', '952', '300', '194']
['275', '721', '595', '188']
['713', '484', '928', '331', '502', '127', '312', '770', '149', '218', '575']
['766', '605', '950', '353', '786', '742', '141', '111', '796']
['634', '674', '774', '946', '648', '89', '86', '800', '755', '234', '189', '242', '889']
['960', '45', '303', '659', '955', '376', '535', '107', '82']
['48', '527', '250', '973', '514', '757', '13', '278', '6', '708', '241']
['548', '716', '672', '120', '448', '776', '615', '815', '876', '83']
['358', '244', '176', '418', '720', '190', '7', '343']
['472', '574', '887', '493', '397', '899', '551', '735', '108', '227']
['18', '951', '364', '936', '164', '991', '577', '236', '138', '832', '101', '419', '2']
['58', '479', '711', '593', '967']
['924', '260', '314', '667', '341', '836', '27', '290', '853', '603']
['90', '915', '540', '945', '517', '990', '685', '643', '880', '821', '600', '892', '215', '470']
