['729', '247', '785', '450', '153', '157', '910', '409', '5', '79', '486', '824', '476', '104', '435', '285', '172', '760', '891', '451', '99', '781', '390', '488', '407', '698', '92', '294', '276', '338', '664', '538']
['317', '137', '427', '738', '730', '313', '114', '599', '345', '537', '449', '783', '981', '166', '932', '429', '200', '636', '208', '922', '23', '707', '39', '66', '928', '436', '606', '655', '770', '116', '868', '402', '544', '518']
['853', '7', '580', '78', '651', '821', '169', '502', '319', '689', '310', '108', '430', '453', '850', '982', '643', '603', '528', '882', '464', '959', '911', '836', '955', '19']
['499', '16', '864', '541', '135', '660', '3', '156', '768', '423', '725', '681', '814', '508', '69', '232', '22', '870', '744', '909', '144', '631', '620', '987', '171', '234', '846', '512', '86', '457', '688', '633', '340']
['514', '494', '645', '539', '766', '117', '212', '419', '627', '888', '120', '602', '604', '53', '241', '219', '73', '270', '648', '743', '927', '309', '332', '21', '237', '856', '616', '293', '107', '168', '952', '472', '98', '683', '442', '470', '859', '151', '756']
['2', '337', '873', '967', '292', '962', '607', '726', '484', '855', '356', '732', '540', '691', '572', '271', '752', '74', '754', '139', '720', '837', '692', '444', '767', '228', '765', '408', '861', '608', '490', '630', '901', '552']
['361', '716', '863', '594', '282', '296', '448', '930', '917', '860', '763', '581', '122', '764', '749', '145', '452', '32', '443', '862', '367', '513', '455', '204', '942', '312', '474', '38', '641', '558', '111', '477', '251']
['780', '625', '375', '437', '495', '438', '621', '548', '33', '556', '626', '83', '809', '905', '396', '771', '829', '742', '659', '389', '897', '972', '277', '978', '866', '567', '315', '757', '336', '534']
['128', '378', '639', '516', '521', '302', '84', '547', '485', '461', '723', '871', '328', '685', '177', '970', '790', '907', '761', '881', '431', '440', '299', '82', '555', '933', '72', '954', '173', '800', '467', '976']
['6', '577', '999', '714', '718', '674', '158', '874', '37', '985', '399', '445', '373', '268', '95', '259', '687', '574', '305', '936', '801', '466', '71', '867', '439', '387', '223', '634', '595', '185', '400', '183', '920', '41', '152', '965', '264', '441']
['878', '706', '272', '523', '215', '887', '576', '536', '349', '70', '321', '762', '815', '904', '207', '658', '504', '61', '819', '48', '40', '680', '260', '44', '553', '941', '255', '601', '365']
['668', '721', '463', '840', '286', '413', '197', '568', '59', '872', '831', '190', '713', '973', '8', '126', '915', '964', '335', '560', '165', '711', '112', '287', '155', '147', '233', '496', '579']
['731', '142', '140', '876', '289', '529', '569', '479', '519', '491', '188', '192', '892', '416', '412', '820', '239', '249', '727', '799', '578', '807', '363', '526', '808', '154', '202', '364', '994', '395', '613']
['679', '884', '196', '109', '615', '786', '724', '806', '661', '908', '323', '573', '391', '673', '614', '551', '530', '998', '115', '678', '64', '329', '1', '245', '50', '984', '261', '388', '769', '4']
['432', '903', '895', '844', '301', '663', '141', '739', '657', '980', '205', '816', '186', '944', '482', '918', '18', '517', '308', '238', '949', '701', '54', '899', '246', '589', '847', '290', '755', '957', '586']
['206', '773', '803', '925', '929', '326', '354', '838', '31', '454', '693', '828', '961', '834', '129', '848', '160', '511', '914', '699', '138', '322', '782', '505', '719', '163', '644', '291', '136', '832', '279', '562', '181', '818']
['557', '225', '590', '180', '90', '422', '564', '230', '974', '386', '652', '835', '618', '236', '960', '705', '17', '283', '20', '600', '303', '51', '45', '662', '748', '344', '628', '352', '11', '178', '684', '822', '865', '162', '63', '858', '194', '263']
['203', '585', '617', '788', '501', '715', '235', '341', '471', '946', '759', '273', '741', '415', '0', '327', '401', '380', '366', '682', '609', '566', '588', '36', '550', '700', '623', '43', '148', '642', '791', '124', '805']
['56', '498', '406', '779', '426', '830', '515', '434', '906', '410', '675', '447', '947', '795', '940', '76', '347', '912', '355', '381', '851', '14', '810', '421', '243', '958', '622', '549', '27', '509', '174', '417', '969', '469', '677', '77', '728', '893', '175', '456', '758']
['346', '877', '507', '256', '736', '170', '191', '772', '880', '30', '793', '209', '217', '937', '812', '971']
['656', '123', '753', '306', '596', '226', '774', '704', '886', '284', '712', '989', '394', '635', '943', '542', '487', '879', '666', '934', '597', '896', '722', '26', '737', '167', '134', '334', '842', '826', '992', '459', '368']
['554', '94', '93', '297', '968', '125', '176', '875', '667', '110', '254', '118', '996', '735', '10', '34', '295', '49', '926', '900', '274', '849', '216', '885', '582', '473', '478', '420', '571']
['362', '672', '88', '330', '184', '798', '778', '91', '525', '983', '360', '52', '403', '318', '85', '990', '127', '593', '342', '671', '149', '105', '143', '229', '939', '750', '963', '269', '266', '619', '132', '979', '977', '150', '331', '213', '475', '58', '89']
['852', '113', '67', '393', '493', '465', '244', '372', '214', '787', '60', '353', '902', '57', '784', '280', '924', '164', '81', '103', '637', '575', '997', '833', '804', '543', '993', '690', '561', '591', '966', '598', '96', '258', '535', '898', '991', '281']
['775', '592', '379', '670', '29', '813', '489', '776', '65', '68', '921', '414', '211', '119', '75', '587', '975', '385', '262', '324']
['945', '605', '227', '339', '563', '220', '446', '649', '35', '857', '794', '854', '843', '121', '802', '9', '913', '307', '376', '298', '240', '916', '80', '62', '369', '792', '610', '231', '841', '483', '703', '257', '253', '950', '224', '869']
['883', '522', '458', '570', '953', '87', '890', '100', '300', '709', '357', '532', '697', '654', '130', '559', '201', '565', '696', '359', '497', '533', '210', '267', '986', '708', '640', '638', '734']
['398', '889', '669', '195', '653', '424', '503', '612', '193', '198', '629', '425', '817', '161', '938', '702', '935', '189', '343', '179', '221', '405', '839', '383', '392', '13', '624', '418', '350', '948']
['710', '827', '740', '250', '777', '717', '545', '404', '746', '845', '278', '133', '797', '55', '106', '462', '275', '531', '811', '382', '101', '248', '24', '665', '384', '15', '524', '314', '28', '694', '377', '919', '411', '825', '218', '102', '527', '584', '646']
['325', '995', '676', '520', '745', '242', '159', '304', '923', '747', '97', '695', '796', '348', '146', '288', '632', '988', '468', '316', '751', '650', '311', '25', '583', '252', '370', '397', '823', '47', '182', '12', '351', '265', '492', '647']
['931', '333', '500', '611', '374', '42', '733', '187', '894', '428', '371', '481', '510', '546', '131', '222', '686', '358', '956', '460', '789', '46', '951', '320', '199', '433', '506', '480']
