['634', '919', '747', '923', '30', '18', '297', '693', '591', '441', '107', '753', '9', '171', '445', '268', '764', '903', '132', '10', '470', '686', '749']
['369', '386', '283', '357', '925', '73', '345', '88', '719', '156', '33', '412', '762', '111', '495', '915', '52', '384', '81', '127', '237', '770', '315', '685', '901', '732']
['612', '659', '529', '253', '928', '148', '823', '326', '813', '532', '982', '661', '646', '781', '944', '703', '374', '614', '808']
['220', '912', '234', '872', '979', '989', '70', '27', '439', '866', '871', '312', '116', '522', '227', '14', '911', '409', '452', '731', '49', '180', '228', '41']
['466', '966', '737', '939', '80', '578', '644', '745', '509', '295', '740', '429', '78', '43', '404', '895', '145', '536', '918', '502', '307', '712', '678']
['233', '68', '231', '540', '523', '855', '981', '598', '196', '590', '833', '681', '177', '936', '889', '360']
['558', '667', '178', '677', '102', '994', '675', '907', '585', '817', '355', '0', '947', '565', '379', '787', '977', '793', '527', '959', '567', '789', '620', '175', '963', '86', '680', '945', '425']
['619', '54', '316', '5', '15', '195', '776', '767', '341', '329', '723', '364', '728', '62', '96', '97', '48', '354', '589', '141', '958', '707', '862', '261', '859', '348', '391', '846', '36', '610']
['861', '202', '810', '181', '668', '101', '717', '193', '423', '332', '682', '854', '437', '339', '920', '162', '725', '491', '573', '484', '110', '400', '812', '709', '722', '570', '613', '992', '839', '561']
['984', '72', '203', '891', '174', '893', '998', '304', '941', '828', '820', '983', '534', '493', '531', '34', '809', '313', '284', '946', '197', '63', '664', '796', '415', '549', '566', '104', '758']
['142', '721', '114', '605', '798', '79', '249', '543', '154', '890', '501', '50', '467', '254', '198', '500', '720', '157', '756', '363']
['641', '405', '850', '346', '535', '542', '158', '601', '768', '455', '252', '710', '739', '83', '867', '239', '428', '258', '92', '487', '968', '626', '417', '951', '790', '623', '489']
['575', '244', '55', '569', '594', '144', '490', '988', '216', '851', '669', '419', '656', '934', '887', '763', '735', '472', '916', '679', '635', '564', '496', '64', '757', '288']
['303', '860', '553', '621', '390', '497', '633', '210', '311', '340', '695', '356', '59', '492', '771', '824', '292', '706', '545', '655', '4', '884', '433', '704', '44']
['894', '654', '407', '320', '188', '511', '218', '716', '308', '223', '153', '638', '296', '835', '462', '121', '692', '90', '858', '155', '708', '684']
['624', '980', '748', '94', '574', '822', '35', '905', '395', '518', '260', '389', '738', '387', '182', '139', '577', '780', '932', '927', '350', '420', '279', '211', '123', '221', '56', '362', '401']
['592', '58', '604', '301', '317', '831', '700', '95', '734', '248', '255', '852', '821', '240', '322', '948', '557', '46', '526', '683', '879', '75', '170', '328', '972', '583', '108']
['397', '863', '26', '204', '473', '152', '741', '190', '953', '827', '476', '247', '321', '971', '465', '588', '730', '841', '525', '848', '66', '274', '555', '832']
['67', '310', '432', '71', '215', '267', '513', '468', '344', '880', '811', '938', '784', '961', '943', '906', '245', '285', '411', '517', '485', '611', '711', '287', '930', '119', '272', '921', '515', '976']
['755', '168', '957', '792', '715', '289', '882', '149', '803', '815', '19', '259', '169', '868', '691', '205', '996', '457', '418', '937', '795']
['16', '602', '729', '438', '306', '214', '488', '91', '826', '22', '23', '7', '460', '393', '556', '671', '797', '115', '978', '265', '136', '416']
['338', '421', '830', '967', '486', '586', '402', '266', '45', '653', '482', '305', '113', '17', '100', '935', '453', '294', '424', '843', '201', '552', '794', '554', '849', '392', '133']
['135', '333', '666', '524', '615', '900', '637', '337', '640', '242', '381', '352', '353', '541', '507', '647', '802', '217', '278', '582', '636', '617', '99', '814']
['960', '286', '235', '394', '726', '124', '761', '24', '672', '251', '330', '643', '426', '579', '926', '60', '838', '760', '837', '331', '514', '714']
['875', '57', '359', '885', '324', '2', '31', '257', '969', '256', '494', '801', '773', '965', '908', '520', '724', '318', '902', '410', '117', '269', '874', '587', '28', '448']
['777', '3', '510', '25', '212', '325', '436', '506', '475', '200', '581', '40', '351', '128', '271', '696', '999', '343', '106', '744', '365', '864', '551', '652', '599', '138', '430']
['512', '503', '498', '444', '38', '628', '450', '11', '246', '649', '883', '625', '521', '563', '131', '458', '459', '183', '539', '774', '373', '319', '159', '451', '122', '82', '750', '270', '973', '471', '888', '327', '61', '869']
['125', '273', '806', '275', '277', '403', '463', '454', '955', '924', '309', '886', '199', '772', '399', '299', '962', '560', '164', '385', '440', '163', '372', '291', '173', '192', '109', '645', '236']
['528', '689', '791', '505', '548', '609', '37', '736', '788', '358', '697', '6', '69', '778', '547', '179', '766', '800', '917', '856', '533', '187', '377', '137', '662', '413', '897', '986', '276']
['537', '596', '629', '378', '950', '160', '238', '29', '335', '618', '910', '572', '213', '597', '913', '993', '805', '208', '660', '290', '508', '184', '461', '189']
['606', '250', '688', '632', '546', '674', '877', '47', '949', '112', '446', '929', '933', '694', '129', '478', '663', '648', '746', '477', '76']
['39', '302', '562', '398', '584', '382', '991', '479', '516', '538', '836', '576', '241', '474', '878', '264', '519', '568', '414', '914', '819', '499', '120', '896', '262', '224', '166', '469', '995']
['631', '743', '670', '229', '909', '370', '651', '559', '298', '186', '226', '975', '383', '89', '427', '435', '65', '13', '940', '442', '954', '74', '705', '222', '622']
['769', '870', '690', '388', '480', '718', '165', '765', '997', '881', '942', '956', '786', '323', '232', '673', '844', '504', '396', '571', '676']
['782', '456', '263', '366', '600', '134', '829', '87', '422', '126', '280', '630', '799', '77', '464', '898', '595', '899']
['371', '974', '147', '176', '603', '447', '608', '727', '990', '103', '20', '282', '807', '627', '105', '300', '8', '857', '853', '185', '842', '759', '146', '658', '431', '779', '336', '194', '140', '593', '150', '12', '733']
['342', '191', '207', '84', '665', '1', '161', '85', '847', '380', '964', '32', '530', '406', '642', '657', '172', '314', '834', '904']
['845', '742', '876', '952', '206', '293', '368', '243', '785', '701', '98', '434', '53', '931', '970', '550', '408', '873', '699', '334', '865']
['42', '751', '281', '143', '376', '775', '713', '209', '481', '616', '225', '118', '607', '752', '51', '21', '687', '449', '375', '167', '816', '922', '483', '818']
['987', '544', '367', '219', '347', '783', '93', '698', '804', '754', '349', '985', '443', '840', '639', '650', '892', '580', '825', '230', '130', '361', '702', '151']
