['75', '717', '954', '969', '360', '298', '640', '466', '793', '846', '345', '708', '289', '190', '657', '532', '609', '63', '591', '787', '602', '163']
['167', '5', '409', '419', '574', '32', '93', '381', '940', '482', '812', '239', '889', '401', '456', '944']
['411', '220', '84', '24', '170', '286', '698', '403', '612', '186', '111', '333', '12', '500', '252', '540', '553', '344', '917', '754']
['443', '631', '53', '285', '137', '205', '713', '87', '871', '606', '727', '780', '268', '897', '689', '541', '749', '655', '194', '388', '956', '257']
['328', '495', '714', '283', '96', '212', '963', '367', '311', '516', '483', '755', '505', '761', '837', '922', '502', '390', '805', '309', '347']
['41', '468', '321', '248', '848', '351', '664', '435', '432', '557', '765', '741', '857', '852', '554', '297', '463', '968', '81', '509', '354', '33']
['565', '322', '499', '900', '881', '682', '835', '357', '525', '624', '813', '480', '722', '783', '650', '827', '704', '955', '340', '10']
['241', '766', '102', '896', '364', '223', '13', '635', '692', '282', '42', '571', '620']
['44', '615', '481', '279', '686', '342', '27', '245', '191', '472', '832', '106', '214', '293', '370', '317', '206', '253', '724', '141', '324', '576']
['380', '700', '869', '365', '65', '748', '358', '613', '504', '982', '278', '575', '598', '728', '887']
['550', '103', '588', '274', '384', '607', '450', '521', '158', '794', '653', '648', '34', '47', '122', '617']
['491', '762', '632', '9', '723', '121', '711', '116', '674', '40', '647', '953', '318', '807', '140', '175', '507', '849', '361', '942', '634']
['604', '927', '308', '993', '127', '567', '208', '597', '699', '462', '709', '3', '67', '465', '156', '883', '577']
['802', '833', '824', '185', '980', '976', '378', '908', '327', '959', '621', '14', '437', '658', '705', '603', '907', '739', '196', '542', '890']
['988', '314', '295', '920', '992', '150', '383', '543', '585', '660', '210', '973', '476', '94', '740', '811']
['30', '21', '86', '471', '251', '627', '690', '718', '372', '661', '64', '781', '840', '0', '91', '339', '979']
['341', '934', '331', '284', '487', '68', '948', '117', '931', '537', '62', '808', '819', '113', '853', '224', '836', '514', '151', '101', '237', '280']
['679', '329', '203', '26', '128', '164', '76', '753', '262', '457', '594', '864', '229', '611', '183']
['995', '638', '817', '235', '855', '148', '201', '489', '180', '916', '593', '861', '947', '697']
['820', '958', '652', '534', '430', '302', '277', '899', '501', '244', '630', '173', '932', '169', '757', '445']
['933', '306', '396', '292', '107', '926', '586', '625', '928', '399', '442']
['906', '335', '622', '600', '599', '389', '875', '678', '336', '508', '243', '488', '768', '712', '623', '644', '978', '99', '179', '614']
['734', '779', '425', '202', '176', '983', '912', '400', '89', '199', '149', '671', '154', '145', '675', '92', '55', '346']
['915', '914', '165', '404', '459', '85', '974', '259', '434', '250', '510', '843', '73', '694', '662', '880', '171', '263', '943', '511', '58', '633']
['868', '764', '558', '777', '439', '670', '138', '951', '82', '568', '519', '77', '363', '332', '228', '556']
['878', '945', '234', '71', '831', '546', '301', '665', '851', '405', '312', '645', '375', '882', '885', '893', '406', '561', '59', '747', '479', '161']
['985', '517', '377', '729', '155', '246', '847', '677', '118', '6', '834', '548', '759', '368', '197', '348', '172', '4', '838', '83', '636', '886']
['133', '911', '444', '659', '266', '264', '964', '57', '204', '326', '494', '707', '935', '518', '320', '60', '110', '130', '646', '496']
['195', '572', '984', '417', '578', '120', '960', '225', '791', '303', '744', '903', '420']
['639', '856', '610', '272', '379', '909', '436', '818', '666', '998', '999', '56', '680', '972', '862', '688', '153', '475', '162', '987', '513', '990']
['80', '74', '387', '826', '859', '50', '231', '563', '512', '236', '946', '281', '359', '605', '975', '656']
['528', '25', '792', '676', '254', '300', '736', '663', '596', '710', '418', '123', '860', '79', '923', '37', '696', '413', '527', '642', '873', '182']
['863', '738', '552', '888', '136', '350', '454', '547', '146', '486', '415', '989', '772', '788', '683', '242', '112', '549', '626', '850', '385', '891']
['422', '108', '573', '271', '52', '961', '181', '763', '54', '566', '950', '784', '469', '414', '219', '188', '845', '38', '936', '394', '142']
['177', '693', '362', '371', '579', '45', '798', '249', '152', '782', '545', '8', '535', '904', '669']
['544', '338', '460', '207', '426', '36', '758', '720', '174', '726', '536', '769', '323', '407', '98', '902', '530', '616', '823', '260']
['100', '799', '629', '774', '570', '822', '776', '255', '865', '11', '844', '529', '467', '477', '746', '490', '470', '778', '353', '828', '493', '109']
['39', '701', '841', '581', '492', '618', '866', '876', '970', '641', '684', '211', '986', '216', '523', '687', '559', '977', '732', '455', '531', '702']
['233', '408', '290', '447', '1', '858', '144', '147', '369', '560', '28', '464', '474', '157', '957', '88', '114', '440', '719']
['69', '356', '703', '473', '319', '941', '373', '129', '580', '814', '397', '218', '452', '61', '265']
['939', '428', '193', '898', '215', '226', '374', '721', '222', '938', '119', '901', '894', '773', '299', '815', '872', '731', '189', '742', '382', '478']
['839', '937', '90', '691', '725', '867', '803', '31', '221', '930', '816', '821', '2', '590', '270', '949', '905', '582', '996', '256', '589', '789']
['18', '595', '654', '198', '745', '316', '810', '267', '424', '184', '330', '395', '795', '913', '539', '7', '143', '801', '892', '20', '453']
['392', '126', '994', '449', '538', '307', '562', '22', '287', '760', '200', '95', '981', '49', '315', '991', '376']
['343', '770', '43', '421', '17', '431', '651', '484', '608', '965', '305', '273', '668', '842', '104', '355', '569', '247']
['685', '910', '230', '124', '643', '35', '918', '551', '240', '771', '790', '498', '238', '786', '178', '412', '70', '921', '352', '131']
['952', '879', '72', '296', '139', '672', '800', '524', '681', '294', '966', '929', '209', '797', '533', '830']
['829', '971', '796', '649', '446', '854', '291', '258', '160', '503', '166', '877', '515', '288', '15', '217', '416', '619', '555', '448', '16', '751']
['584', '756', '325', '349', '706', '673', '587', '386', '750', '398', '895', '497', '66', '767', '458', '743', '583', '924', '227', '213']
['809', '461', '105', '429', '135', '804', '601', '667', '393', '733', '366', '337']
['313', '168', '919', '925', '637', '806', '737', '402', '730', '134', '967', '29', '51', '485', '874', '97', '192', '46', '427', '695', '48', '520']
['752', '23', '716', '438', '884', '962', '526', '276', '870', '441', '232', '275', '310', '775', '564', '159', '125', '334', '451', '132', '304', '628']
['785', '19', '261', '391', '506', '269', '825', '115', '410', '522', '592', '997', '735', '78', '715', '187', '433', '423']
