['767']
['571', '496']
['289', '823']
['253', '799', '663']
['307']
['821', '124', '129']
['296', '763', '547', '240', '774', '567', '520']
['692', '852', '586']
['675', '733', '794', '917']
['96', '621', '704', '890']
['857', '322', '957', '965']
['944', '602']
['653', '241', '415']
['280', '394', '157', '529', '970']
['936', '11']
['668', '120', '677']
['416', '518', '51']
['688']
['886', '961', '446', '165', '850']
['878', '141', '844', '565']
['892', '588', '853']
['750', '341']
['882', '139', '839', '948']
['634', '36', '39', '626']
['194', '500', '541']
['706', '428', '795']
['458', '530']
['522', '189', '963', '342', '215']
['347', '435', '889', '955']
['689', '86', '869']
['742', '127', '792']
['921', '762', '263', '572']
['112', '92']
['870']
['498', '838', '679', '414', '872']
['837']
['627', '262']
['859', '556', '318']
['938', '802', '379']
['817', '740', '62']
['493', '731', '552']
['980', '61']
['884']
['655', '16', '220', '258', '503']
['42', '106', '836']
['385']
['994']
['266', '2', '32']
['256', '159', '272', '23']
['876', '833', '371', '579', '447', '858', '937', '355', '309']
['532', '251']
['278', '455']
['427']
['269', '635', '667']
['399', '636', '166', '229']
['156', '111']
['598', '411']
['17', '534']
['249', '986', '593']
['375']
['218', '145', '231', '656']
['639', '793', '260', '676', '840', '914']
['174', '487']
['424', '270', '898', '163', '118']
['646', '788', '759']
['492']
['384', '523', '707']
['219', '856', '461']
['553', '901', '757']
['612', '232']
['826', '188', '361', '162']
['904']
['808']
['199', '304', '661']
['789', '214', '193', '381', '324']
['349', '597', '45']
['18']
['419', '631']
['887', '210', '812', '135']
['981', '905', '286']
['806', '198', '871']
['359']
['574']
['753', '48', '126', '711']
['85', '99', '987', '491']
['555', '316', '206']
['212', '464', '445', '273']
['20', '400', '703', '185']
['334', '406', '132']
['891', '108', '473', '542', '179', '745']
['516', '623', '902', '181']
['539', '326', '738', '618']
['804', '467', '672']
['611', '31', '811']
['528', '995']
['72', '818', '238', '275', '489', '27']
['664', '835', '283']
['155', '524', '790', '727']
['196', '372']
['121', '607', '134', '619']
['44', '909', '404']
['130']
['935']
['168', '222', '114']
['881', '245', '771']
['471', '242', '68']
['527']
['417', '580', '758']
['883', '521', '110']
['629', '389', '775']
['717', '820', '814', '3']
['57', '563', '973', '587']
['24', '943', '895']
['158', '104', '809']
['558', '76', '1', '825']
['781', '327']
['77', '131', '290']
['410', '649', '932']
['638', '924']
['244', '142', '511']
['724', '786', '237', '846']
['311', '149', '337']
['234', '216', '305']
['526', '469', '768', '439']
['642', '669']
['472', '732', '84']
['190', '137', '696']
['710', '519', '66']
['401', '13', '301', '847']
['433', '645', '255', '827']
['172', '470', '647', '91', '996']
['829', '485', '246', '684']
['939', '102', '977']
['30', '739']
['407', '755']
['746']
['549', '907']
['721', '466', '643', '78']
['929', '982', '671', '480']
['74']
['474', '834', '562', '660', '353']
['865']
['284', '513', '967', '370']
['47', '577']
['281', '75']
['325', '456', '293']
['5', '490']
['367', '816', '991', '227']
['380']
['346', '990']
['195', '737']
['912']
['486', '310']
['248']
['783']
['540', '945', '964', '867']
['276', '877', '962']
['868', '80', '378', '734', '578']
['543', '7', '841', '566']
['880', '34', '536', '805']
['140', '313', '897', '650']
['356', '772', '247', '147']
['797', '949', '98', '997', '979', '592']
['207', '632', '225', '950', '815']
['893', '29', '228', '354']
['722', '148', '396', '429', '561']
['620', '230']
['221', '953', '640', '56']
['329', '432']
['133', '268', '449', '854', '277']
['773']
['495', '700', '97', '918']
['764', '956', '832', '934']
['103']
['82', '582', '744', '169', '860', '596']
['344', '690', '756', '508', '499']
['457', '328']
['71', '713', '900']
['89']
['933', '205']
['90', '164', '958']
['670', '866']
['686', '780']
['298']
['494', '460']
['951', '46', '208', '332']
['211', '873', '197']
['479']
['377', '729']
['459', '879', '769', '972', '533', '531']
['984', '390']
['343']
['422', '608', '352']
['109', '906']
['58']
['594', '363', '28']
['151', '813', '402', '393', '119']
['373', '477', '613']
['300']
['50']
['861', '589']
['941', '123']
['947', '338']
['735', '0', '192', '538', '525', '243', '749', '70']
['173', '63', '830', '683', '862']
['6', '288', '264']
['575', '659', '926', '357']
['989', '822', '55', '910']
['8', '798', '303', '903']
['617']
['314', '423', '899']
['201', '335', '317', '637', '673', '760']
['209', '403']
['369', '651']
['462', '545', '442']
['600', '785']
['681', '175']
['65', '585', '105', '202']
['69', '699', '560']
['652', '913', '257', '117']
['38', '483', '4', '959']
['53', '701', '484']
['705', '302', '720']
['350', '583']
['712', '570', '714', '187', '73']
['382']
['88']
['506', '674']
['444', '784', '143']
['564', '440', '551']
['662', '224', '590']
['236', '171', '336']
['295', '468', '213', '186', '25', '916', '942']
['386', '128', '368', '481', '113', '971', '752', '443']
['360', '747', '37']
['365', '874', '719', '507', '421']
['271', '573', '908']
['831', '374', '40']
['115', '35', '923']
['184']
['807', '122']
['226', '391', '952']
['514', '896', '604', '501']
['26', '505', '183', '751']
['928', '425', '614', '601']
['766', '351', '387']
['320', '925', '983', '49', '828']
['946', '591', '875']
['911', '697', '376']
['741', '15', '409', '819', '682', '616']
['383', '319', '22', '630', '863']
['568']
['554', '777', '726']
['95', '323', '716']
['748']
['687', '339', '413', '93']
['204', '557', '138']
['537', '725', '969']
['364', '976', '658', '438', '252']
['954', '842', '584']
['420', '678']
['644', '235']
['426', '510', '12']
['978', '282']
['176', '888', '609', '358', '930', '454']
['146', '398', '217']
['348', '728']
['770', '624', '161', '985']
['405', '546']
['796', '259']
['333', '695', '654', '641']
['610']
['87', '849', '436', '915']
['743', '885']
['299', '81', '392']
['340', '680', '920', '509', '14']
['765', '761', '800']
['448', '315']
['452', '718']
['254', '960', '476', '107']
['824', '250']
['940', '397', '430']
['312', '292', '453']
['475', '778', '223', '441', '715', '64']
['388']
['845', '988', '968', '779']
['633', '345']
['685', '576', '648', '408']
['287', '144']
['450', '927']
['931', '274']
['569', '294', '43']
['267', '504', '60', '665']
['182', '10', '308']
['488', '535', '975']
['191', '21', '233', '625', '366', '265']
['855', '605', '463']
['966', '581', '79', '606']
['512', '362', '709']
['395']
['306', '167', '864']
['261']
['548', '59']
['116', '418']
['622', '412', '502']
['200', '67', '517']
['515', '125']
['330', '136', '150', '791']
['178', '694', '239']
['615', '203']
['54', '595', '434', '331', '550']
['33', '94', '691']
['843', '782', '478', '993', '736']
['693', '603', '291']
['180', '431', '628', '666']
['160', '922']
['41', '848', '297', '465', '708', '810']
['698', '919']
['801', '702', '974', '153']
['285', '19']
['657']
['894', '992', '599', '152', '497', '52']
['154', '851', '9']
['803']
['723']
['776', '559', '482', '101']
['177']
['754', '730', '451']
['100', '321', '544']
['437', '170']
['83']
['787', '279']
