['111', '177', '784', '204', '33', '397', '966', '715', '973', '381', '675', '259', '593', '411', '172']
['159', '532', '957', '221', '494', '684', '544', '872', '460', '804', '649', '302', '713', '805', '800', '10', '700', '635', '928', '356', '75', '485', '366', '419', '134', '449', '106', '37', '724']
['626', '50', '379', '523', '262', '267', '553', '833', '405', '580', '51', '38', '883', '822', '665', '109', '463', '954', '590', '490', '596']
['798', '344', '647', '627', '420', '261', '591', '924', '692', '949', '320', '488', '567', '588', '26', '888', '778', '216', '425', '135', '16']
['509', '562', '767', '65', '935', '318', '328', '482', '477', '955', '750', '960', '718', '139', '592', '891', '797', '263', '841', '990', '499', '281', '455', '545', '173', '307']
['761', '648', '721', '845', '925', '802', '577', '56', '100', '162', '209', '399', '285', '674', '820', '749', '965', '257', '345', '378', '432', '404', '640', '426', '207', '387', '513', '415', '734']
['394', '155', '763', '746', '53', '249', '166', '478', '971', '722', '414', '587', '727', '836', '17', '332', '543', '579', '435', '564', '758', '352']
['951', '372', '676', '816', '101', '860', '893', '988', '486', '801', '740', '416', '157', '735', '962', '98', '220', '468', '677', '837', '30', '326', '681', '252', '266', '826', '871', '451']
['105', '491', '484', '489', '238', '932', '889', '417', '270', '289', '887', '223', '443', '475', '144', '72', '974', '515', '95', '968', '531', '452', '324', '571', '334']
['218', '765', '806', '976', '77', '961', '600', '256', '300', '697', '104', '142', '606', '739', '894', '769', '813', '377', '340', '45', '689']
['231', '329', '439', '483', '273', '653', '931', '90', '73', '910', '459', '768', '4', '742', '8', '464', '240', '615', '770', '71', '388']
['536', '48', '11', '812', '23', '760', '18', '560', '745', '383', '472', '831', '638', '310', '357', '782', '292', '857', '673', '407', '984', '279', '906', '762', '803', '854', '217', '977', '247']
['126', '269', '83', '80', '422', '907', '586', '440', '886', '528', '129', '561', '361', '297', '899', '225', '146', '578', '0']
['174', '169', '3', '829', '333', '916', '165', '208', '210', '859', '902', '876', '306', '840', '520', '133', '818', '232', '775', '102', '874', '137', '393', '467']
['602', '450', '570', '757', '298', '5', '754', '181', '557', '975', '58', '201', '576', '786', '972', '896', '457', '630', '374', '182', '875', '323', '66', '764', '346', '942', '198']
['604', '24', '224', '814', '316', '527', '852', '312', '736', '634', '124', '979', '342', '938', '260', '424', '921', '892', '368', '370', '194', '347', '585', '195', '110', '989', '611', '641', '705']
['873', '704', '431', '287', '315', '384', '504', '890', '843', '572', '741', '317', '380', '282', '695', '969', '936', '983']
['981', '171', '67', '652', '242', '575', '667', '458', '294', '354', '501', '927', '847', '214', '321', '542', '125', '148', '519', '487']
['268', '428', '783', '823', '672', '36', '19', '212', '401', '398', '136', '663', '64', '97', '658', '141', '188', '462', '131', '901', '563', '882', '773', '584', '923', '514', '830', '617', '922']
['7', '780', '348', '409', '245', '2', '838', '230', '69', '369', '844', '192', '538', '646', '35', '861', '250', '229', '186', '176']
['601', '781', '503', '719', '55', '603', '645', '644', '96', '710', '493', '391', '40', '99', '304', '827', '429', '552', '412', '930']
['410', '150', '47', '243', '68', '339', '239', '525', '244', '522', '779', '183', '29', '964', '947', '660', '360', '655', '338', '526', '358', '687', '156', '851']
['308', '895', '178', '189', '541', '185', '959', '530', '119', '796', '650', '811', '505', '15', '978', '946', '408', '866', '355', '909']
['610', '492', '714', '597', '21', '539', '963', '22', '291', '108', '832', '609', '93', '730', '203', '158', '62', '444', '613', '629', '43', '301', '132']
['227', '732', '671', '703', '824', '275', '205', '622', '367', '434', '143', '117', '980', '92', '283', '325', '516', '167', '235', '353', '701', '905', '123']
['776', '788', '731', '470', '418', '25', '1', '190', '74', '903', '616', '637', '726', '211', '507', '506', '787', '423', '498', '309', '982']
['534', '654', '808', '729', '466', '533', '118', '711', '427', '917', '849', '112', '127', '331', '234', '508', '915', '288', '555', '662', '679', '179', '920', '759']
['471', '657', '161', '495', '753', '991', '554', '389', '937', '799', '755', '164', '565', '558', '349', '690', '943', '682']
['582', '879', '376', '987', '825', '828', '858', '884', '228', '956', '437', '313', '835', '933', '709', '473', '27', '512', '79']
['299', '948', '253', '945', '448', '481', '620', '594', '82', '698', '631', '421', '744', '385', '474', '350', '322', '86', '152', '114', '908', '42', '683', '904', '941', '145', '314']
['461', '303', '926', '568', '341', '454', '747', '624', '364', '668', '869', '258', '625', '706', '880', '107', '815', '465', '264', '251', '213', '581', '128', '406', '953', '278', '359']
['390', '479', '877', '14', '850', '91', '447', '774', '839', '138', '669', '170', '476', '897', '199', '791', '60', '469']
['430', '81', '691', '154', '659', '623', '863', '929', '130', '952', '295', '445', '720', '992', '712', '441', '694', '842', '743', '666', '614', '518', '862']
['496', '202', '511', '168', '643', '386', '254', '305', '777', '521', '583', '265', '985', '853', '122', '436', '116']
['748', '31', '608', '546', '200', '413', '661', '911', '277', '206', '865', '848', '246', '846', '737', '480', '13', '517', '771', '402', '856', '140', '293', '693', '61', '233']
['656', '196', '236', '967', '810', '248', '70', '821', '885', '913', '855', '790', '817', '914', '540', '327', '375', '403']
['28', '642', '688', '85', '272', '54', '20', '605', '794', '500', '834', '276', '717', '939', '686', '664', '163', '628', '621', '446', '864', '336']
['510', '549', '699', '607', '121', '241', '456', '792', '351', '290', '274', '193', '392', '548', '618', '120', '912', '878']
['219', '970', '723', '396', '702', '756', '63', '197', '382', '9', '311', '728', '187', '573', '795', '497', '149', '685', '716', '772', '524', '793', '707', '215', '89']
['680', '400', '113', '151', '612', '395', '52', '599', '226', '752', '184', '566', '733', '280', '535', '337', '868', '819']
['598', '87', '12', '255', '175', '636', '6', '807', '59', '751', '919', '34', '191', '809', '918', '766', '708', '633', '595']
['574', '84', '725', '237', '867', '371', '550', '785', '559', '365', '88', '632', '950', '881', '115', '49', '537', '433', '362', '900']
['153', '46', '678', '551', '589', '222', '529', '619', '958', '639', '438', '944', '934', '870', '319', '147', '547', '789', '453', '670', '94', '343', '696', '373', '296', '940', '556', '103', '502']
['442', '898', '330', '39', '78', '286', '57', '335', '284', '738', '76', '160', '651', '271', '32', '41', '569', '180', '363', '986', '44']
