['840', '656', '569', '61', '868', '485', '487', '81', '711', '118', '940', '303', '463', '67', '689', '473', '607', '853', '392', '593', '288', '71', '342', '365', '930', '194', '49', '614', '123', '776', '957', '747']
['642', '935', '374', '480', '253', '401', '726', '521', '565', '716', '180', '315', '218', '239', '122', '99', '460', '13', '830', '661', '523', '448', '630', '334', '573', '472', '901', '297', '425', '34', '692', '927']
['332', '466', '871', '691', '678', '888', '149', '950', '956', '176', '276', '581', '237', '850', '771', '249', '90', '364', '16', '318', '264', '131', '922', '130', '866', '137', '283', '618', '377', '602', '112', '489']
['508', '372', '193', '43', '608', '21', '346', '209', '555', '658', '923', '671', '812', '142', '304', '814', '278', '873', '208', '507', '238', '643', '198', '101', '727', '741', '785', '219', '743', '615', '948', '872']
['411', '524', '862', '666', '590', '413', '682', '277', '329', '211', '361', '70', '310', '292', '944', '772', '190', '477', '657', '286', '856', '31', '446', '102', '178', '381', '7', '634', '805', '418', '412', '525']
['150', '559', '384', '885', '781', '882', '851', '72', '483', '554', '203', '388', '567', '762', '352', '549', '718', '301', '255', '266', '63', '734', '447', '397', '159', '879', '461', '520', '261', '795', '39', '428']
['243', '586', '952', '19', '954', '639', '847', '393', '550', '210', '136', '933', '204', '400', '669', '422', '516', '774', '179', '433', '645', '595', '415', '475', '543', '406', '530', '46', '4', '874', '40', '222']
['14', '649', '828', '35', '773', '723', '450', '512', '314', '788', '811', '387', '898', '68', '224', '22', '769', '438', '823', '728', '403', '443', '646', '827', '698', '274', '494', '226', '232', '220', '854', '588']
['617', '163', '240', '394', '641', '416', '58', '552', '746', '312', '777', '215', '943', '749', '713', '50', '834', '467', '452', '358', '188', '951', '558', '173', '285', '76', '313', '936', '391', '517', '414', '687']
['651', '754', '256', '206', '435', '674', '259', '819', '407', '932', '27', '462', '845', '65', '107', '881', '442', '750', '30', '770', '289', '151', '557', '791', '6', '459', '196', '924', '79', '2', '59', '432']
['702', '576', '62', '216', '295', '212', '822', '564', '177', '80', '52', '527', '729', '269', '544', '574', '839', '675', '106', '405', '328', '660', '591', '533', '897', '430', '833', '806', '685', '457', '132', '644']
['653', '420', '29', '398', '126', '693', '501', '140', '125', '538', '491', '195', '154', '353', '680', '941', '41', '444', '925', '486', '121', '119', '362', '378', '810', '627', '296', '75', '592', '650', '409', '280']
['503', '344', '610', '594', '664', '284', '20', '234', '399', '504', '36', '5', '495', '514', '109', '670', '684', '799', '493', '185', '100', '616', '739', '402', '690', '227', '502', '546', '545', '258', '780', '510']
['143', '385', '955', '579', '920', '744', '892', '688', '268', '858', '714', '319', '300', '380', '441', '878', '719', '389', '15', '436', '165', '228', '370', '673', '562', '889', '148', '528', '311', '937', '349', '60']
['382', '793', '831', '513', '182', '242', '54', '267', '419', '807', '456', '431', '913', '890', '860', '934', '761', '623', '191', '3', '751', '808', '947', '695', '45', '230', '244', '766', '481', '213', '748']
['515', '582', '120', '522', '343', '842', '891', '424', '404', '437', '333', '505', '612', '371', '896', '202', '383', '846', '694', '9', '568', '836', '783', '818', '351', '147', '53', '928']
['0', '598', '469', '755', '797', '127', '281', '103', '363', '11', '25', '917', '124', '679', '235', '157', '532', '918', '369', '742', '69', '931', '64', '560', '700', '737', '575', '663', '174', '167']
['74', '217', '676', '961', '175', '632', '330', '697', '341', '570', '916', '410', '260', '921', '23', '395', '287', '893', '959', '864', '768', '408', '763', '57', '535', '625', '870', '547', '725', '168', '637', '662']
['715', '863', '223', '171', '181', '500', '609', '129', '855', '887', '829', '599', '245', '526', '611', '254', '229', '708', '904', '478', '184', '784', '804', '236', '189', '316', '170', '884', '471', '949']
['775', '886', '765', '93', '519', '335', '359', '114', '298', '135', '465', '85', '18', '946', '146', '585', '686', '835', '899', '843', '33', '87', '668', '677', '338', '681', '540', '44', '360', '587', '859']
['357', '894', '134', '273', '710', '24', '38', '596', '37', '77', '683', '869', '876', '305', '945', '648', '731', '790', '117', '821', '492', '782', '757', '506', '800', '445']
['86', '837', '605', '116', '706', '355', '94', '633', '78', '12', '537', '629', '825', '367', '145', '738', '247', '572', '539', '848', '826', '291', '282', '375', '169', '792', '654', '186', '324', '938']
['509', '241', '745', '89', '798', '553', '183', '699', '619', '903', '640', '390', '454', '809', '583', '696', '499', '373', '356', '337', '613', '221', '534', '600', '665', '759']
['497', '511', '231', '577', '251', '138', '496', '589', '655', '192', '205', '631', '604', '197', '199', '919', '907', '566', '293', '760', '479', '434', '563', '262', '307', '376', '895', '914', '115', '865', '327']
['905', '265', '794', '48', '712', '758', '248', '647', '498', '529', '51', '736', '622', '815', '852', '912', '724', '817', '233', '929', '166', '635', '597', '17', '802', '908', '778', '730', '536', '386', '271']
['915', '628', '263', '152', '47', '272', '449', '73', '201', '366', '225', '28', '160', '476', '308', '88', '556', '877', '250', '867', '105', '187', '141', '705', '752', '345', '722', '354', '786']
['732', '10', '958', '321', '474', '701', '83', '926', '348', '789', '482', '672', '464', '96', '518', '659', '421', '294', '458', '787', '796', '803', '56', '440', '91', '66', '427', '621', '322', '172', '551', '844']
['721', '667', '336', '350', '155', '423', '309', '252', '331', '638', '82', '426', '624', '832', '531', '606', '113', '8', '813', '306', '417', '541', '339', '561', '32', '580', '161', '207', '347', '396', '84']
['110', '1', '767', '92', '290', '704', '158', '368', '317', '801', '910', '246', '95', '764', '42', '490', '451', '838', '453', '902', '133', '620', '214', '542', '820', '162', '735', '455', '470', '942', '26']
['111', '707', '108', '849', '909', '128', '875', '299', '439', '636', '740', '323', '302', '911', '720', '900', '857', '841', '733', '953', '960', '325', '488', '379', '883', '753', '279', '55', '571', '257', '584']
['816', '861', '626', '326', '880', '144', '270', '484', '779', '164', '717', '601', '153', '468', '652', '709', '200', '104', '320', '97', '275', '824', '603', '548', '578', '98', '156', '139', '939', '906', '703', '429']
