['235', '83', '683', '53', '165', '113', '914', '977', '34', '195', '997', '497', '278', '906', '942', '271', '986', '1', '375', '828', '809', '299', '153', '771', '958', '457', '811', '725', '414', '33', '443', '996', '857', '777', '583', '388']
['32', '692', '587', '700', '413', '179', '150', '221', '326', '35', '787', '823', '635', '58', '183', '554', '6', '200', '380', '662', '526', '190', '670', '701', '643', '79', '521', '792', '804', '217', '845', '225', '637', '600', '218', '252', '985', '613', '42', '994']
['185', '944', '954', '819', '808', '967', '495', '227', '88', '419', '529', '312', '172', '928', '916', '784', '525', '30', '100', '976', '219', '657', '265', '786']
['815', '607', '625', '222', '858', '95', '106', '740', '723', '125', '673', '247', '500', '248', '368', '795', '427', '169', '966', '955', '454', '827', '510', '558', '991', '610', '360', '449', '812', '631', '16', '357']
['962', '504', '717', '167', '793', '549', '957', '745', '314', '556', '148', '429', '796', '417', '321', '690', '166', '256', '665', '733', '748', '617', '870', '685', '681', '249', '209', '601', '920', '351', '774', '535']
['505', '983', '261', '244', '900', '434', '300', '888', '400', '496', '131', '288', '111', '270', '258', '879', '135', '109', '696', '982', '968', '123', '255', '981', '305', '731', '161', '479', '579', '821', '213']
['820', '970', '103', '239', '799', '706', '519', '860', '499', '528', '128', '149', '776', '54', '557', '757', '485', '852', '214', '608', '346', '710', '21', '929', '313', '822', '869', '563', '143', '676', '513', '618', '848']
['566', '403', '736', '854', '290', '769', '14', '426', '260', '602', '45', '435', '385', '493', '905', '250', '574', '220', '721', '19', '397', '378', '408', '649', '266', '935', '656', '619', '932', '729', '327']
['302', '348', '867', '129', '538', '91', '807', '553', '147', '366', '328', '761', '318', '672', '433', '511', '754', '892', '334', '974', '444', '646', '352', '425', '118', '564', '963', '886', '71', '622', '363', '340', '437', '844']
['682', '272', '912', '872', '349', '539', '17', '767', '780', '956', '484', '951', '438', '965', '208', '687', '580', '708', '69', '818', '628', '623', '911', '568', '835', '713', '565', '837', '759', '598', '803', '768']
['412', '894', '550', '48', '939', '234', '624', '382', '282', '164', '614', '488', '182', '24', '921', '990', '758', '192', '503', '926', '611', '876', '203', '597', '49', '107', '361', '859', '229', '715', '853', '466', '756', '652', '233', '952', '119', '401', '904', '542']
['975', '402', '145', '455', '469', '971', '274', '353', '87', '642', '603', '707', '193', '297', '415', '562', '101', '961', '409', '231', '276', '38', '78', '666', '589', '874', '269', '591', '832', '817', '60', '473', '739', '428']
['194', '336', '9', '81', '188', '838', '659', '560', '546', '120', '273', '369', '948', '317', '989', '187', '345', '394', '395', '133', '936', '520', '571', '644', '636', '783', '764', '705', '442', '281', '325', '441', '887', '323', '726', '478', '199', '367', '732', '320']
['72', '893', '877', '931', '788', '634', '157', '127', '2', '875', '805', '391', '813', '70', '178', '907', '257', '474', '253', '230', '941', '322', '851', '639', '541', '112', '743', '154', '878', '581', '206']
['181', '559', '372', '39', '55', '470', '953', '102', '547', '979', '864', '585', '138', '950', '202', '651', '68', '376', '371', '25', '577', '609', '398', '446', '387', '44', '702', '86', '515', '933', '141']
['459', '492', '27', '160', '719', '527', '291', '791', '347', '984', '287', '432', '654', '339', '379', '114', '4', '663', '84', '335', '569', '94', '310', '480', '130', '847', '170', '801', '742', '638', '264', '824', '674', '516', '508', '475', '316', '737', '362', '800']
['468', '543', '57', '627', '688', '524', '64', '772', '124', '902', '789', '341', '655', '50', '36', '686', '461', '85', '590', '117', '938', '588', '507', '746', '899', '158', '483', '26', '29', '377', '592', '641', '572', '891', '596', '406', '364', '669']
['132', '661', '96', '664', '861', '584', '943', '259', '197', '381', '995', '883', '855', '621', '358', '333', '765', '548', '487', '460', '152', '226', '237', '998', '171', '5', '294', '486', '180', '895', '595', '11', '969', '407', '677', '431']
['319', '284', '917', '972', '866', '75', '421', '399', '47', '897', '440', '137', '695', '753', '416', '65', '698', '660', '359', '615', '959', '463', '46', '570', '92', '0', '482', '871']
['56', '653', '741', '738', '735', '650', '80', '675', '211', '62', '834', '668', '684', '678', '552', '533', '750', '207', '296', '115', '616', '785', '722', '841', '576', '337', '778', '251', '766', '593', '605', '949', '604']
['61', '814', '781', '262', '465', '232', '452', '3', '862', '467', '798', '342', '392', '420', '980', '494', '594', '43', '712', '393', '697', '41', '810', '779', '567', '901', '973', '240', '396', '518', '73']
['246', '285', '23', '599', '267', '794', '116', '647', '770', '89', '882', '77', '275', '184', '918', '204', '175', '923', '561', '76', '544', '531', '728', '354', '374', '829', '934', '714', '699', '704', '885', '903', '512', '162', '331', '825', '913', '418']
['880', '215', '236', '797', '140', '782', '760', '843', '330', '751', '295', '626', '978', '108', '224', '13', '67', '898', '389', '826', '709', '242', '59', '104', '523', '151', '620', '840', '241', '988', '10', '456', '7', '40', '846']
['489', '987', '177', '927', '304', '727', '612', '324', '343', '863', '303', '747', '311', '773', '517', '937', '365', '168', '439', '384', '329', '633', '536', '268', '122', '919', '279', '20', '856']
['575', '18', '930', '90', '424', '66', '502', '245', '189', '356', '289', '238', '404', '292', '884', '210', '458', '191', '373', '640', '134', '176', '471']
['667', '15', '355', '344', '839', '586', '629', '850', '370', '514', '332', '630', '606', '752', '679', '205', '280', '22', '645', '298', '445', '691', '530', '52', '293', '693', '849', '947', '277', '924', '286', '51', '144']
['763', '680', '307', '833', '97', '842', '925', '121', '730', '749', '301', '915', '506', '501', '689', '551', '993', '522', '881', '734', '139', '464', '992', '802', '423', '99', '462', '940', '453', '31', '481']
['831', '711', '98', '28', '509', '126', '909', '448', '142', '198', '960', '476', '724', '196', '716', '775', '410', '648', '173', '890', '836', '450', '8', '216', '491', '405', '671', '390', '110', '632', '718', '309', '159', '411', '873', '658', '283']
['350', '720', '308', '910', '63', '703', '174', '534', '163', '490', '254', '694', '223', '806', '865', '93', '578', '383', '105', '755', '830', '477', '540', '12', '999', '964', '315', '532', '537', '155', '37', '186', '790', '74', '908', '573']
['816', '263', '868', '212', '306', '896', '889', '498', '422', '136', '146', '156', '201', '945', '338', '555', '228', '243', '430', '582', '545', '386', '82', '436', '451', '946', '762', '472', '922', '447', '744']
