['233', '26', '8', '41', '552']
['336', '18', '258']
['158', '33', '499', '574']
['283', '472']
['204', '117', '517']
['443', '493', '175', '198']
['263', '365', '310']
['556', '113']
['179', '318', '379']
['357', '361', '36', '192', '196', '521', '104']
['376', '360']
['490', '16', '266', '448']
['234', '341', '464', '177']
['488', '290', '558', '384', '324']
['50', '559', '134']
['276', '274']
['248', '544', '293', '58']
['317', '563', '216']
['569', '245']
['303', '436']
['181', '480', '32', '354']
['40', '492', '289', '462', '475', '385']
['44', '315', '555', '507']
['320', '176', '583']
['38', '69', '427', '165']
['51', '553', '536']
['98']
['406', '97', '566', '240']
['380', '110', '78', '309']
['415']
['424', '588', '95', '114']
['22', '580', '366']
['350', '146', '344', '561', '445']
['221', '142', '190', '249']
['512', '191', '431', '551']
['532', '213', '214']
['171']
['511', '337', '65', '497', '92', '537', '280']
['144']
['418']
['223']
['273', '108']
['348', '145', '549']
['392', '242', '346']
['186', '76', '589', '576']
['420']
['356', '340', '345', '162']
['105', '378']
['154', '339', '456', '183']
['259', '180', '308']
['13', '160']
['586', '9', '562', '231', '260', '170']
['476', '548', '37', '400']
['247', '434', '130', '253']
['5', '473', '215']
['43', '174', '389']
['256', '403']
['312', '269']
['197', '185', '428', '294', '12']
['71', '430', '203', '567']
['381', '327']
['275']
['17', '129', '60', '468', '85', '311']
['387', '597', '45', '126', '335']
['587', '295']
['80', '314', '28', '342']
['194']
['220', '46', '81', '4', '575']
['226', '35']
['207', '323', '332']
['573']
['501', '486']
['148', '152', '595']
['410']
['228', '395', '397', '106', '584']
['264']
['596', '421', '120', '287', '441', '393']
['10', '585', '267', '48', '166']
['173', '212', '7', '167']
['132', '67']
['64', '225', '371']
['416', '140']
['161', '322']
['219', '135']
['370', '49']
['217', '514', '353', '374', '355', '408']
['495', '73', '369', '25', '237']
['560', '458', '372', '422']
['235', '291', '391']
['491', '189']
['439', '459']
['502', '590']
['136', '516', '382']
['149', '90']
['494', '127']
['440', '68', '261']
['178']
['524', '485', '297', '543', '347']
['508', '47']
['29', '466', '446']
['470']
['599']
['352', '527']
['525', '386']
['93', '172', '373']
['124', '444', '281', '419']
['168']
['75', '570', '343']
['504', '367', '255', '304']
['450', '252', '271', '31']
['568', '94', '202', '321']
['34', '61', '21', '279']
['530', '102', '334', '141', '157']
['278', '539']
['541', '330', '442']
['547', '396', '128']
['201', '187', '150']
['413', '107', '306', '30']
['244', '594', '301', '383']
['565']
['133', '417', '86', '489']
['426', '91', '425']
['211', '364', '39']
['112', '368', '592', '591']
['550', '103', '62', '319', '542']
['577', '270', '1', '11']
['546', '484', '452', '578']
['302', '362', '15', '506', '222']
['232', '498', '487', '363']
['54', '409', '545']
['137', '52', '100']
['224', '14', '163', '482']
['447', '284', '169']
['454', '540', '19', '394']
['463']
['3', '265', '89']
['57', '554', '298', '118']
['109', '205']
['272']
['333', '151']
['402', '307']
['257', '125', '79', '193', '254', '288']
['465', '184', '195', '496', '390']
['503', '405', '534', '250', '457']
['523']
['227', '479']
['123', '238']
['437']
['528', '122', '116']
['20', '407', '533']
['509', '74', '153', '557', '313']
['375', '23', '292']
['398', '147', '229']
['70', '282', '564']
['239', '429', '478']
['326', '83', '53']
['453', '119']
['432', '481']
['121', '399', '449', '159']
['42', '349']
['451']
['236', '101']
['433']
['598']
['455', '199', '435']
['461', '401', '377']
['593', '529', '230', '510']
['331', '526', '206', '296']
['182']
['515']
['518', '474', '55']
['519', '115']
['520', '210', '460']
['411', '2']
['477', '139']
['286', '96']
['469', '82']
['56', '143', '77']
['328', '24', '6', '155', '359', '63']
['388', '582']
['138']
['358', '246']
['438']
['262', '572', '531']
['513', '299']
['111', '305', '329']
['99', '268', '522']
['88']
['535', '277', '241', '404']
['300', '467', '84']
['338', '285', '156', '571', '325']
['66']
['87', '72', '500']
['209', '251']
['188', '0', '59', '131', '471', '243']
['412', '218', '579', '164']
['483', '27', '316', '505']
['200', '538', '351']
['414', '423', '208']
['581']
