['817', '483', '331', '324', '441']
['909', '398', '477', '762', '800', '60']
['599', '303', '189']
['705', '48', '103', '323', '230', '371']
['44', '717']
['397', '684', '573', '345']
['136', '72', '727', '198']
['685', '534', '840', '833']
['889', '864', '269', '83']
['432', '466', '388', '469', '59', '633']
['946', '939', '216', '16', '495', '649', '887', '707', '750']
['423', '643', '82', '279', '992', '318']
['818', '130', '29', '650', '297', '365']
['156', '330', '272', '588', '846', '672']
['886', '110', '908', '783', '270', '167', '511', '530']
['688', '648', '835']
['53', '226', '761', '881']
['854', '348', '712']
['768', '779', '880']
['706', '888', '824']
['496', '78', '538']
['0', '393', '458']
['195', '565', '214', '473', '710']
['515', '651', '100', '219', '738', '579', '304', '144']
['2', '165', '760']
['461', '347']
['905', '74', '484', '42', '539']
['576', '879', '614']
['517', '686', '201', '842']
['687', '406', '26', '862', '310']
['756', '865', '690', '925', '949']
['61', '355', '934', '206', '510']
['514', '117', '695']
['936', '525', '502']
['440', '121']
['172', '254', '715', '250', '128', '729', '475', '661']
['433', '542', '629', '462', '664', '325', '109']
['58', '102', '13', '308', '552', '930', '321', '222']
['583', '385', '741', '639', '505', '523', '422']
['804', '916', '628', '606', '143', '954']
['805', '810', '122', '519', '5']
['76', '735', '374', '874', '610', '884', '780', '937']
['546', '170', '580', '612', '114', '277', '555', '33']
['200', '747', '513', '656', '663', '426', '900', '820']
['752', '238', '65', '541']
['986', '497', '273', '607', '301']
['798', '882', '97', '357', '659', '597']
['890', '769', '782', '245', '368']
['591', '616', '212', '623', '203', '636', '283', '256']
['63', '788', '673', '562']
['386', '415', '965', '307']
['125', '208', '47', '480', '746', '611', '427']
['540', '559']
['621', '869', '969', '98', '298']
['776', '734', '602', '999', '159', '470', '731']
['944', '983', '850', '464', '932', '545', '569', '594', '694', '141']
['793', '827', '566', '204']
['797', '642', '634', '755', '253', '199', '960', '168']
['971', '468', '383', '967', '106', '799']
['803', '836', '796']
['434', '751', '549']
['261', '85', '183', '108', '550', '933']
['259', '235', '363', '935', '7', '955']
['721', '142', '945', '22', '677', '134']
['699', '858', '953', '234', '574', '791', '481', '171', '41', '457']
['739', '180', '228', '152', '740', '389', '617']
['786', '701', '153', '193', '445', '316', '367', '129', '12']
['906', '589', '901', '32', '326', '320']
['488', '247', '524', '823', '816']
['413', '105', '723', '795']
['409', '609', '821', '417', '668', '407']
['49', '210', '176', '449']
['558', '190', '507', '391', '773', '37', '830', '770', '529']
['718', '697']
['626', '173', '743', '841', '781']
['275']
['344', '671']
['218', '785', '421', '192', '446', '147']
['698', '674', '938', '93', '123', '839', '31', '236']
['382', '568', '806', '996']
['18', '683', '903', '849']
['928', '450', '902', '554', '390', '395', '287', '265']
['220', '742', '179']
['66', '571']
['138', '28', '853', '956', '926']
['241', '876', '89', '777', '294', '410', '342']
['630', '979', '288', '233']
['581', '595', '877']
['62', '722']
['150', '593', '239', '658', '675', '577', '350', '459', '140']
['202', '400', '486', '181']
['229', '431', '716', '952']
['771', '563', '11', '553', '55', '950']
['619', '508', '17', '613']
['947', '154', '868', '984', '225', '544', '794']
['75', '209', '708']
['313', '732', '548', '271', '766', '305', '119', '334', '455']
['551', '605', '681', '472']
['401', '286', '404']
['645', '353', '328', '314', '116', '280', '961', '980']
['561', '859', '802']
['90', '57', '416', '758', '774', '737', '975', '733', '921', '543']
['268', '444', '904', '45', '127', '92']
['814', '826']
['572', '362', '94', '487']
['91', '335', '736', '38']
['920', '302', '215', '657', '494', '873', '537', '258']
['891', '533', '724', '528', '145']
['343', '910', '133']
['789', '875', '178']
['709', '670']
['36', '191', '354', '693', '811', '213']
['641', '221', '217', '358', '989']
['299', '175', '998', '848', '392']
['981', '536', '570', '296']
['931', '3', '113', '155']
['467', '23', '443', '624']
['520', '157', '381']
['24', '1', '70', '405', '333', '107', '730']
['88', '703', '598', '719', '73', '21']
['689', '844', '959', '863']
['131', '476', '485']
['289', '182', '691', '958', '111']
['825', '725', '158', '878', '845', '714', '99', '370', '351']
['20', '977']
['322', '567', '828', '987', '509', '51', '474']
['196', '260', '424']
['941', '655', '456', '311']
['379', '586']
['438', '644', '951', '512', '56']
['166', '112', '266', '990']
['790', '411', '10', '527', '652', '575']
['957', '96', '244', '231', '359', '665']
['759', '372']
['360', '585', '329', '498', '860', '584', '164', '620']
['728', '812', '808', '978', '822']
['493', '647']
['339', '748', '377', '852', '306']
['883']
['531', '711', '893', '174', '662']
['163', '753', '327', '118']
['993', '637', '148', '600', '378', '813']
['838', '764', '587', '346']
['317', '169', '463', '95', '46']
['369', '162', '948']
['309', '504', '126', '263', '364', '185', '787']
['490', '829', '556', '27', '478', '77', '778', '807']
['535', '516', '894', '4']
['700', '435', '631', '847', '898']
['71', '501', '356']
['749', '972', '669', '188', '19']
['522', '396', '809', '14', '87', '139', '412']
['79', '187', '454', '856', '843', '923']
['224', '68', '679', '638']
['194', '861', '394', '578']
['744', '471', '627', '976', '994']
['720', '211', '907', '267', '375', '34']
['207', '678', '366', '80', '104']
['429', '285']
['491', '667', '151', '30', '439', '596']
['660', '895']
['913', '282', '704', '420', '319', '653']
['592', '243', '384', '402']
['292', '232', '430', '274', '64', '819', '67']
['380', '765', '506', '349', '373']
['248', '885', '666']
['914', '973', '205', '184', '84', '929', '676', '963']
['177', '518', '784', '767']
['851', '801']
['115', '866', '414', '399', '453', '970']
['702', '352', '745', '964']
['6', '899', '340', '408', '918', '927']
['124', '161', '460', '242', '227', '479', '338']
['625', '582']
['917', '8', '526']
['291', '919', '837', '911', '974', '452', '146']
['50', '264', '387', '940']
['985', '521', '942', '223']
['54', '341', '492', '81', '772', '40']
['101', '419', '160', '262']
['246', '560']
['376', '25', '428', '132', '336', '425', '284']
['448', '197', '564', '692', '436']
['447', '276', '15', '252', '186', '871']
['682', '503', '135', '278', '300', '451', '726']
['489', '255', '855', '713', '35', '69']
['257', '293', '532', '646', '867', '237', '332']
['312', '557', '870']
['601', '640', '43', '337', '834', '968', '763']
['137', '915', '696', '754']
['872', '897', '680', '240', '86', '604']
['815', '962', '499', '966', '39', '149', '924']
['982', '120', '997', '635', '654', '403', '912']
['418', '832', '991', '547', '315', '361', '615', '988']
['442', '52', '249', '281', '792']
['622', '9', '618', '500', '943']
['632', '857', '465']
['608', '892', '437', '590', '757', '251', '290']
['482', '831', '775']
['922', '603', '995', '295', '896']
