['367', '499', '420', '302', '220', '307', '142', '40', '209', '517', '345', '184', '530', '213', '278', '566', '122', '106', '272', '477', '42', '589', '296', '197', '387', '428', '509', '321', '271', '279']
['284', '120', '397', '412', '319', '378', '195', '4', '121', '300', '446', '396', '523', '476', '36', '417', '268', '67', '312', '233', '467', '249', '334', '210', '465', '136', '473', '44', '595', '85']
['3', '102', '81', '294', '524', '228', '104', '480', '57', '546', '112', '238', '532', '227', '165', '39', '550', '105', '92', '100', '275', '426', '508', '398', '72', '327', '88', '169', '483', '200']
['520', '38', '51', '143', '277', '415', '191', '23', '407', '504', '539', '560', '374', '423', '242', '581', '386', '449', '237', '289', '94', '544', '383', '573', '442', '86', '133', '127', '166', '419']
['461', '239', '434', '485', '261', '58', '393', '405', '139', '6', '496', '146', '8', '159', '584', '347', '74', '547', '75', '316']
['216', '304', '82', '377', '80', '232', '444', '2', '452', '540', '314', '55', '424', '590', '341', '360', '427', '552', '414', '240', '511', '435', '515', '152', '89', '337', '534', '391']
['46', '598', '196', '163', '371', '548', '118', '30', '202', '399', '299', '17', '156', '250', '293', '155', '116', '487', '179', '259', '50', '364', '580', '574', '193', '553', '186', '221', '236', '87']
['212', '69', '219', '403', '466', '14', '60', '16', '19', '203', '410', '185', '561', '408', '107', '463', '229', '224', '436', '591', '194', '432', '266']
['469', '41', '576', '558', '346', '140', '308', '282', '183', '422', '324', '281', '421', '171', '123', '507', '177', '543', '445', '93', '287']
['538', '404', '339', '207', '222', '291', '134', '241', '257', '32', '260', '160', '1', '502', '531', '518', '18', '206', '490', '379', '273', '141']
['230', '488', '522', '493', '145', '533', '119', '113', '320', '565', '381', '481', '262', '471', '225', '479', '440', '201', '451', '9', '350', '5', '76', '153', '429']
['20', '226', '258', '365', '109', '549', '439', '342', '168', '181', '322', '395', '352', '130', '144', '173', '15', '333', '172', '338', '447', '416', '437', '117', '138', '363', '131', '217', '375']
['356', '527', '108', '91', '516', '450', '586', '77', '353', '564', '54', '370', '174', '303', '11', '514', '129', '326', '48', '336']
['98', '348', '53', '180', '501', '167', '500', '418', '24', '59', '468', '254', '62', '28', '372', '472', '214', '470', '37', '599', '73', '489', '318', '495', '150']
['244', '596', '455', '164', '64', '35', '135', '555', '535', '34', '192', '528', '301', '351', '369', '96', '323', '497', '83', '453', '110', '208', '147', '430', '579']
['554', '215', '545', '536', '61', '246', '462', '389', '256', '47', '332', '313', '264', '506', '486', '484', '335', '587', '401', '288', '306', '178']
['366', '392', '132', '310', '491', '234', '182', '0', '99', '274', '231', '340', '309', '542', '269', '63', '357', '388', '562', '344', '585', '151', '510', '292', '583', '10', '189', '114', '248']
['101', '537', '27', '12', '137', '448', '376', '441', '494', '311', '526', '513', '380', '315', '158', '325', '29', '223', '556', '575', '456', '199', '283', '170', '295', '355', '68']
['90', '276', '597', '71', '25', '478', '457', '559', '162', '390', '354', '263', '255', '267', '512', '525', '413', '569']
['175', '349', '563', '103', '551', '297', '503', '529', '247', '572', '425', '498', '285', '588', '373', '475', '43', '474', '438', '358']
['400', '331', '541', '394', '459', '115', '368', '66', '411', '362', '521', '49', '157', '126', '128', '245', '111', '265', '433', '218', '570', '577']
['361', '235', '329', '286', '290', '33', '45', '443', '78', '402', '568', '464', '198']
['582', '52', '31', '593', '154', '70', '343', '253', '460', '205', '252', '519', '251', '454', '95', '482', '190', '385', '204', '211', '328', '149', '243', '592', '84']
['148', '97', '161', '176', '21', '409', '188', '280', '124', '382', '187', '22', '330', '56', '359', '594', '578', '7', '571', '298']
['305', '431', '13', '125', '505', '79', '26', '458', '406', '270', '567', '492', '557', '317', '65', '384']
