['178', '702', '8', '708', '692', '729', '315', '929', '759']
['150', '682', '639', '99', '880', '997', '948', '574', '881', '885', '811']
['317', '650', '535', '324', '666', '857', '994', '93', '139', '725', '833']
['337', '914', '316', '321', '78']
['202', '98', '916', '542', '935', '448', '684', '602']
['402', '493', '257', '758', '876', '0', '818', '557', '550', '999']
['434', '976', '728', '614', '623', '282', '88', '526', '871', '63']
['351', '724', '756', '515', '789', '884', '548', '32']
['510', '924', '65', '594', '681', '264', '774', '604', '101', '291', '212']
['984', '361', '714', '985', '887', '584', '754', '141', '386', '367', '539', '157', '422', '12', '912']
['224', '77', '718', '149', '813', '965', '40', '814', '799']
['240', '104', '922', '327', '42', '981', '75', '201', '825', '862', '348', '941']
['953', '640', '943', '537', '664', '755', '882']
['432', '699', '326', '524', '261', '856', '803', '986', '848', '53']
['385', '598', '676', '223', '130', '899', '117', '626', '429', '890', '469']
['990', '617', '988', '366', '307', '41', '218', '183']
['693', '289', '442', '797', '971', '740', '30', '970', '372', '900']
['573', '802', '731', '839', '299', '630', '679', '387', '308', '393']
['108', '975', '376', '937', '764', '300', '509']
['312', '832', '406', '161', '589', '917', '81', '499', '353', '395', '795', '381']
['278', '186', '252', '865', '516', '187']
['255', '364', '87', '271', '689', '707', '15']
['430', '760', '810', '670', '216', '979', '173', '235', '671', '420', '296']
['534', '444', '973', '747', '551', '355', '213', '215', '723']
['280', '134', '171', '494', '821', '256', '570', '638', '605', '547']
['132', '830', '166', '435', '265', '492', '162', '552', '194', '275', '403']
['428', '919', '411', '816', '531', '769', '582', '918', '96']
['898', '290', '458', '622']
['549', '447', '995', '437', '964', '518', '805', '586', '635', '148', '873', '629', '977', '330']
['222', '383', '196', '931', '342', '335']
['345', '921', '270', '533', '652', '651', '686']
['603', '657', '92', '697', '712', '836', '453', '390', '989', '860', '663', '786', '743']
['942', '483', '710', '164', '905', '168', '147', '123']
['609', '263', '246', '463', '644', '523', '721', '158', '901', '660', '26', '527', '391', '960']
['293', '722', '690', '675', '67', '694', '118', '864']
['76', '553', '452', '203', '450', '770', '773']
['842', '85', '974', '151', '190', '191', '248', '33', '126', '980', '69', '445']
['195', '145', '883', '17', '86', '794', '615', '543', '538']
['244', '874', '642', '945', '661', '144', '703']
['608', '142', '963', '600', '561', '866', '433', '354', '610', '214', '414']
['480', '915', '479', '512', '926', '254', '511', '762', '109', '983', '834']
['902', '612', '968', '217', '891', '909', '826']
['234', '503', '177', '489', '809', '204', '665', '267', '766', '567', '105', '577', '73', '923']
['114', '854', '768', '49', '628', '591', '419', '808', '159', '472', '946', '482', '243', '318']
['927', '474', '991', '653', '647', '125', '377', '236', '930']
['621', '35', '7', '38', '787', '14', '525', '249', '806']
['112', '908', '107', '66', '925', '752', '192', '827', '804', '691', '785', '323', '911']
['181', '398', '648', '835', '122', '392', '637', '490', '333', '379', '620']
['332', '781', '340', '350', '641', '110', '751', '853', '55']
['904', '855', '735', '495', '954', '409', '852', '368', '339', '297']
['89', '79', '645', '22', '522', '528', '260']
['801', '31', '485', '320', '229', '325', '131', '124', '119', '29', '711', '475']
['992', '851', '779', '1', '673']
['505', '303', '677', '897', '459', '285', '662', '696', '868', '709', '501', '6', '133', '388']
['633', '938', '790', '176', '560', '678', '674', '748', '761', '410']
['744', '658', '831', '233', '529', '576', '71', '613', '156']
['556', '588', '627', '659', '331', '185', '840', '384', '266', '750', '732', '476', '741', '152', '484', '301', '812']
['424', '771', '58', '606', '188', '27', '10', '245', '877', '745']
['457', '738', '791', '952', '62', '778', '219', '488', '491', '207', '777', '294', '165', '595', '906']
['655', '343', '338', '449', '120', '319', '238']
['121', '903', '262', '465', '872', '396', '961', '431', '668', '554', '820', '45']
['83', '962', '581', '858', '378', '97', '19', '780', '470', '102', '541']
['928', '656', '426', '838', '746', '407', '82', '471', '957', '34']
['399', '706', '198', '341', '616', '956', '520']
['421', '455', '2', '206', '727', '932', '451', '268', '907', '717']
['580', '140', '631', '936', '365', '713', '427', '464', '967', '28', '863', '993', '91', '352', '50']
['153', '783', '454', '286', '57', '888', '239', '170', '829', '60', '466', '313']
['636', '3', '401', '211', '416', '356', '221', '796', '68']
['138', '408', '456', '16', '418', '36', '596', '51', '611', '155']
['322', '562', '43', '128', '517', '413', '817', '822', '583', '841', '143', '298', '344', '497', '555']
['859', '180', '934', '715', '892', '59', '646', '607', '850', '592', '100', '274', '532', '417']
['625', '619', '103', '283', '776', '304']
['540', '4', '228', '688', '618', '585', '473', '579']
['893', '95', '886', '52', '578', '336', '292', '590', '227', '920', '259', '477', '193', '793', '502', '281', '896']
['380', '169', '359', '546', '558', '179', '634', '295', '358', '996', '184']
['369', '478', '695', '823', '423', '436', '978']
['371', '163', '425', '775', '446', '504', '772']
['643', '189', '514', '113', '287', '669', '667', '843']
['389', '349', '575', '328', '895', '220', '844', '72', '370', '462', '46', '375', '334', '687', '951']
['807', '18', '939', '969', '135', '48', '569', '498', '276', '716', '867', '737']
['870', '226', '894', '949', '231', '242', '137']
['563', '199', '649', '160', '889', '940', '277', '819', '438']
['439', '284', '521', '136', '129', '765', '311', '20', '70', '329', '757', '500', '742', '404', '545']
['680', '998', '111', '571', '363', '601', '753', '837', '519']
['966', '208', '405', '182', '461', '273', '347', '559', '90', '230', '701', '5', '397', '507', '632']
['879', '258', '506', '587', '467', '987', '544', '154', '944', '197', '210', '172', '698']
['116', '237', '565', '412', '564', '933', '146', '513', '374', '302', '415']
['734', '720', '84', '250', '730', '972', '700', '683']
['950', '847', '47', '251', '947', '685', '704', '9', '792', '94', '568', '115', '24', '441', '80', '400']
['39', '846', '357', '705', '174', '798', '530', '878']
['279', '373', '875', '205', '726', '784', '845', '54', '496', '288', '486', '624', '782']
['749', '209', '61', '232', '593', '468', '440', '572', '910', '869', '106', '175', '200', '861']
['362', '314', '25', '225', '44', '654', '305', '460']
['64', '56', '739', '958', '481', '13', '269', '736', '597', '959', '272', '443', '788', '382']
['982', '309', '310', '508', '849', '767', '763', '815', '241', '74']
['487', '913', '566', '672', '127', '247', '11', '824', '599']
['23', '306', '828', '253', '37', '955']
['167', '800', '346', '719', '360', '536', '21', '733', '394']
