['830', '221', '707', '429', '458', '323', '835', '82', '114', '289', '579', '461', '694', '433', '297', '657', '702', '705', '711', '807', '5', '570', '858', '674', '84', '362', '315', '533']
['622', '693', '584', '201', '526', '922', '169', '739', '781', '326', '331', '935', '185', '611', '64', '760', '817', '168', '121', '841', '527', '374', '101', '437', '220', '619', '7', '563', '87', '581', '917']
['364', '876', '44', '660', '357', '228', '147', '679', '909', '513', '898', '615', '211', '402', '193', '528', '476', '824', '577', '197', '75', '386', '273', '972', '652', '974']
['134', '278', '893', '110', '414', '271', '747', '700', '430', '665', '210', '630', '847', '799', '675', '489', '686', '561', '531', '410', '92', '148', '255', '891', '158']
['742', '788', '882', '137', '470', '85', '146', '564', '553', '874', '862', '640', '378', '877', '829', '425', '492', '999', '729', '633', '408', '941', '546', '895', '624', '21', '187', '243', '463', '68']
['995', '286', '846', '845', '424', '225', '976', '962', '816', '469', '339', '487', '66', '238', '307', '988', '13', '350', '826', '609', '510']
['310', '915', '166', '80', '59', '751', '699', '467', '451', '617', '714', '240', '277', '800', '344', '885', '538', '549', '170', '598', '115', '545', '750', '337', '785']
['213', '41', '150', '151', '628', '161', '332', '352', '16', '434', '418', '790', '93', '313', '359', '371', '904', '603', '334', '55', '733', '17', '940', '720', '537', '250', '871', '341', '924', '393', '576', '879', '506', '304']
['634', '322', '926', '292', '734', '266', '48', '759', '680', '715', '938', '844', '803', '998', '309', '681', '502', '141', '475', '235', '508', '346', '366', '325', '159', '294', '736', '443', '748', '47']
['403', '365', '592', '388', '706', '123', '385', '448', '792', '279', '820', '232', '949', '787', '305', '738', '330', '335', '49', '769', '198', '112', '413', '111', '512', '823', '482', '456', '276']
['832', '370', '196', '953', '821', '26', '190', '78', '438', '806', '175', '251', '918', '129', '338', '342', '499', '804', '435', '407', '766', '911', '497', '663', '797', '854', '959', '30', '177', '440', '411', '125', '886']
['428', '505', '605', '903', '216', '155', '468', '301', '143', '86', '247', '164', '316', '620', '687', '637', '165', '67', '191', '928', '416', '676', '524', '590', '772', '646', '795', '404', '328', '973', '870', '809', '349', '732']
['737', '672', '989', '670', '914', '70', '596', '776', '568', '3', '612', '62', '491', '290', '381', '507', '214', '671', '481', '124', '19', '677', '896', '108', '400', '303', '95', '283', '610', '372', '892', '536', '52', '649']
['682', '626', '224', '815', '869', '102', '478', '888', '415', '471', '479', '840', '539', '447', '56', '358', '990', '20', '6', '219', '522', '215', '336']
['811', '565', '50', '763', '887', '745', '857', '754', '33', '648', '237', '77', '462', '455', '270', '647', '460', '601', '678', '925', '516', '317', '302', '58', '523', '61']
['195', '965', '227', '432', '985', '910', '908', '775', '183', '593', '360', '23', '765', '275', '36', '409', '380', '574', '655', '920', '31', '363', '948', '559', '934']
['39', '383', '723', '511', '850', '127', '351', '964', '128', '860', '394', '81', '956', '517', '970', '704', '392', '348', '38', '368', '119', '719', '450', '894', '591', '139', '122', '955', '465', '454', '14', '543', '688']
['90', '856', '691', '472', '145', '377', '262', '104', '15', '810', '653', '107', '113', '864', '311', '245', '446', '757', '192', '8']
['960', '756', '10', '132', '97', '607', '566', '695', '318', '942', '594', '133', '961', '120', '181', '445', '954', '484', '99', '881', '654']
['431', '54', '260', '716', '725', '2', '852', '884', '572', '412', '899', '486', '186', '943', '45', '778', '710', '257', '501', '154', '902', '208', '583', '551', '977', '916', '755', '578', '801', '834', '138']
['722', '299', '320', '842', '153', '865', '466', '994', '975', '580', '236', '9', '532', '163', '768', '883', '109', '905', '57', '731', '485', '230', '144', '689', '442', '690', '293', '831', '176', '217', '200']
['541', '958', '632', '717', '692', '126', '641', '25', '873', '701', '63', '837', '22', '417', '389', '100', '116', '420', '142', '263', '117', '436', '540', '728', '32', '157', '11', '91', '779', '631', '178']
['939', '798', '4', '718', '397', '172', '979', '118', '638', '387', '708', '771', '587', '229', '932', '498', '818', '503', '582', '242', '919', '696', '868', '343', '713', '872', '836', '996', '406']
['833', '794', '608', '382', '53', '944', '483', '79', '931', '629', '459', '390', '256', '421', '712', '547', '597', '849', '562', '656', '356', '980', '249', '189', '162', '752', '376', '589', '825', '306']
['900', '843', '789', '324', '727', '773', '764', '500', '983', '783', '427', '550', '569', '600', '627', '253', '480', '43', '668', '782', '519', '963', '171', '642']
['140', '379', '743', '246', '889', '664', '106', '721', '37', '264', '422', '984', '149', '167', '966', '515', '819', '740', '912', '753', '848', '863', '697', '490', '730', '828', '274', '28', '866', '813']
['94', '188', '855', '535', '709', '890', '69', '395', '353', '29', '96', '514', '673', '968', '859', '933', '521', '76', '265', '625', '231', '929', '51', '853', '252', '452', '280', '131', '623', '504', '878', '98', '0', '667', '464', '997']
['46', '761', '683', '296', '396', '89', '205', '780', '735', '991', '268', '923', '173', '981', '703', '269', '261', '558', '618', '156', '449', '987', '613', '439', '897', '969']
['423', '258', '927', '291', '284', '312', '744', '88', '585', '658', '986', '548', '875', '645', '222', '802', '650', '194', '74', '457', '907', '555', '530', '588', '921', '573', '373', '212', '661', '669']
['473', '34', '209', '822', '784', '851', '494', '901', '160', '509', '327', '992', '777', '529', '993', '298', '398', '354', '950', '35', '951', '347', '666', '520', '136', '234', '474', '749', '602', '525', '604', '827']
['554', '375', '945', '248', '384', '355', '72', '281', '288', '199', '203', '233', '223', '534', '441', '786', '659', '947', '444', '937', '774', '27', '287', '204', '321']
['982', '206', '272', '295', '254', '684', '369', '180', '419', '636', '135', '399', '259', '662', '333', '105', '586', '488', '724', '42', '24', '906', '184', '103', '367', '518', '405', '544', '812', '314', '552', '244']
['651', '152', '73', '207', '571', '556', '767', '644', '936', '913', '621', '267', '308', '340', '814', '808', '226', '791', '567', '796', '575', '179', '218', '345', '319', '643', '477', '805', '1', '241', '971']
['838', '635', '300', '762', '614', '329', '60', '496', '606', '967', '793', '493', '639', '595', '40', '239', '952', '557', '978', '18', '401', '71']
['426', '130', '285', '182', '65', '770', '957', '560', '453', '698', '861', '542', '616', '746', '867', '758', '361', '12', '83', '202', '495', '946', '282', '726', '930', '685', '741', '391', '174', '880', '599', '839']
