['620', '357', '116', '694', '888', '773', '55']
['199', '551', '76']
['422', '679', '388', '68', '628', '435', '398']
['908', '382', '90', '755', '105', '265']
['460', '950', '290']
['284', '205', '184', '514']
['893', '521', '56', '787', '677']
['958', '889', '619', '547', '100', '557']
['546', '203', '892', '670', '46']
['564', '377', '157', '627', '119']
['555', '142', '816', '165', '3']
['924', '685', '629']
['921', '993', '809', '401', '277']
['754', '63', '674', '120', '268', '148', '135']
['304', '918', '795', '801', '140', '818', '649']
['975', '709', '903', '705', '198', '704', '308', '880']
['329', '769', '410', '820', '278', '831', '321']
['106', '956', '293', '775', '138']
['114', '799', '927', '600']
['175', '971', '394', '916']
['72', '286', '89', '905', '26', '785', '311', '991']
['625', '891', '37', '85', '788', '173', '573']
['224', '73', '339']
['865', '520', '324', '672', '146']
['454', '667', '985', '701', '898', '900', '826', '200']
['827', '879', '470', '528']
['497', '35', '699', '332']
['603', '465', '441', '144']
['946', '957', '697', '689', '270', '195', '87', '358', '700', '13']
['559', '149', '342', '477', '334']
['347', '152', '789', '797', '160', '147']
['911', '643', '182', '867']
['707', '168', '575', '169', '738', '638', '757', '416']
['480', '941', '786', '969']
['803', '47', '717', '734', '767']
['532', '907', '539']
['458', '550', '297', '763', '174', '343']
['370', '405', '896', '678', '944', '235', '386']
['252', '214', '464']
['82', '274', '451', '59', '653', '476', '540', '66', '443', '577']
['39', '18', '257', '166', '197', '145']
['762', '935', '338', '228', '425', '6']
['552', '276', '740', '810', '408', '611', '937', '413', '885']
['178', '607', '74', '239', '488']
['722', '815', '295', '949', '666']
['647', '137', '525', '984', '122']
['213']
['223', '371', '567', '959', '380', '990', '793', '177', '504']
['0', '807', '469', '790', '209', '109']
['227', '613', '854', '312', '118']
['372', '77', '641']
['409', '54', '129', '733', '988', '505', '675']
['328', '406', '11', '367']
['319', '41', '571', '310', '945', '637', '876', '107', '379', '610', '393']
['904', '23', '206', '702', '417', '378', '167']
['901', '541', '53', '258', '730', '428', '93', '95']
['835', '255', '459', '502', '101', '752', '995', '774']
['760', '220', '92', '272', '847', '579', '345', '626', '348']
['84', '229', '873', '804', '599', '389']
['531', '622', '7', '836', '951', '682', '103']
['69', '922', '837', '237', '141']
['27', '360', '602', '212', '661']
['750', '574', '511', '288']
['225', '202', '534', '335', '434', '462', '646', '608']
['778', '684', '97', '36', '910']
['728', '920', '570', '771', '291']
['842', '448', '853', '756']
['963', '569']
['840', '639', '414', '554', '656']
['449', '822', '635', '606']
['432', '981', '719', '515', '58', '125']
['686', '800', '127', '430']
['783', '598', '623', '490']
['895', '979', '499', '576', '471', '500']
['516', '529', '134', '207', '249']
['983', '115', '782', '301', '636', '445']
['596', '721', '226', '549', '366', '691']
['952', '943', '233', '535', '919', '645', '948', '216', '426']
['543', '494', '726', '28', '687', '523', '779', '267', '987', '524', '897', '316', '163', '857']
['715', '253', '187', '814', '104', '337']
['438', '749', '124']
['479', '248', '673', '671', '183', '355', '369']
['578', '495', '411', '617', '861', '768']
['31', '589', '259']
['845', '859', '544']
['71', '586', '881', '400', '932', '972', '269', '289']
['190', '2', '743', '352', '886', '70']
['877', '318', '102', '384', '858', '654']
['150', '399', '863', '727', '201', '665', '527', '12', '565']
['604', '651', '305', '17', '436', '906', '683', '737']
['875', '777', '60', '483', '136', '632']
['823', '245', '961', '313', '359', '572']
['361', '19', '131', '283', '711', '874', '498']
['934', '780', '884', '681']
['185', '49', '980', '302']
['387', '240']
['703', '484', '680', '868', '595']
['866', '522', '560', '94']
['856', '478', '812', '234']
['720', '668', '307', '513', '24']
['375', '729', '396', '805', '327']
['475', '170', '251', '832', '315', '238', '299', '872', '713']
['871', '44', '954', '341', '909', '791', '467']
['830', '193', '538', '997', '427', '365', '48', '735', '349', '802', '848', '5']
['176', '776', '336', '590']
['706', '423', '914', '322', '996', '605']
['162', '296', '591', '350', '473']
['489', '748', '452', '32', '320', '970']
['621', '580', '929', '442', '461', '658', '368', '899', '821']
['376', '947', '96', '965']
['217', '88', '933']
['155', '615', '241', '374', '222', '940']
['614', '510', '381', '708', '566']
['188', '262', '486', '25', '210']
['561', '942', '78', '506']
['824', '254', '331']
['98', '592', '172', '132', '354']
['230', '10', '753', '736', '968', '568']
['383', '925', '419', '16', '65']
['798', '648', '281', '298', '29', '915', '663', '117', '446', '261', '741', '4', '463']
['303', '977', '878', '128', '111']
['402', '731', '14', '834', '273', '841', '912']
['825', '764', '537', '457', '421', '695', '1', '186', '8']
['466', '208', '882']
['487', '616', '744', '724', '171', '650']
['631', '52', '215', '688']
['344', '130', '693']
['966', '15', '57']
['923', '415', '594', '50', '481', '512', '501', '264', '792', '429', '33', '887']
['582', '609', '630', '660', '159']
['9', '211', '153', '939', '758']
['507', '139', '732', '593', '113']
['333', '22', '584', '690', '51', '363', '390', '829']
['838', '624', '151', '439', '62', '633', '696', '583']
['601', '385', '158', '765', '326', '271', '447', '191', '770']
['612', '545', '280', '79', '851', '926', '548']
['492', '407', '644', '244', '994', '808', '242', '218']
['123', '742', '468', '844', '34', '491']
['325', '913', '931', '317', '263', '156']
['38', '964', '250', '30', '503', '862']
['243', '517', '472', '716', '817']
['508', '391', '597', '530', '437', '676', '108', '902']
['154', '246', '364', '256', '179', '581', '811', '542']
['75', '739', '634']
['725', '282', '746', '340', '440']
['346', '356', '455', '655', '781', '292']
['285', '723', '64', '982', '21', '164']
['917', '266']
['61', '796', '751', '978', '456', '989']
['330', '692', '870', '556', '247']
['86', '936', '474', '221', '718', '323']
['973', '121', '938', '558', '745', '431']
['843', '420', '362', '91', '766']
['883', '181', '553', '309', '669', '860']
['314', '404', '112', '890']
['300', '161', '714', '99', '192']
['813', '533', '80', '563', '444', '640']
['998', '231', '20', '194']
['986', '657', '999']
['412', '928', '189', '967']
['992', '260', '204', '662', '955', '42']
['794', '849', '852', '894', '784']
['587', '864', '40']
['953', '395', '433', '485']
['562', '664', '294', '110', '759', '712', '418', '353']
['747', '850', '83']
['839', '974', '976', '133', '397', '962', '45', '819']
['196', '828', '710', '180', '518']
['496', '698', '960', '509', '232']
['279', '43', '67']
['453', '275', '806', '536']
['126', '403', '588', '493']
['585', '392', '351', '761']
['482', '81', '424']
['869', '306']
['846', '450', '833', '143', '618', '772']
['236', '855', '287', '526', '519', '652', '930', '642', '373', '219', '659']
