['267']
['383']
['693', '257', '361', '224', '596', '729', '38', '784']
['419', '182', '112', '341', '140']
['438', '85', '546', '814']
['794', '504', '303', '445', '691', '529']
['328', '246', '736', '300']
['444', '810', '564', '407', '582']
['573', '312', '339']
['133', '204', '818', '610', '402', '374']
['741', '767', '314', '594', '346', '181']
['584', '319', '147', '87']
['340', '589', '695']
['11']
['344', '572', '448', '88', '422']
['730', '651', '452', '389']
['568', '579', '399', '198']
['84', '74']
['689', '809', '206', '569', '200', '343', '458']
['481', '719', '453', '542', '369']
['666', '158']
['539', '505', '115']
['318', '723', '5', '420']
['518', '323', '96', '473', '796']
['522', '263', '644', '94']
['79', '23', '424']
['364', '667', '325', '513']
['203']
['405', '351', '477', '223']
['759', '122', '37', '598']
['232', '472', '510']
['416', '807', '674', '146']
['149', '776', '738', '484']
['168', '712', '271', '454']
['377', '494']
['260', '497', '604']
['214', '72', '228', '93', '659', '571']
['59', '29', '630']
['509', '431']
['295', '406', '2', '700']
['456', '293', '671']
['107', '342', '372']
['656', '727', '621']
['744', '487']
['770', '130', '498']
['1', '390', '600', '559']
['202', '82', '720', '320', '555', '187']
['721', '435', '51', '728', '613', '501']
['272', '154', '675']
['380', '670', '440', '44', '153', '433', '109', '394']
['215', '265', '813']
['337', '629', '219', '443']
['713', '142', '476']
['486', '57', '235', '54']
['482', '134', '709']
['742', '511', '417', '447', '552', '10', '229', '519']
['366', '331', '375']
['301', '25', '411']
['679', '266', '410']
['165', '753', '368', '490', '647', '414']
['141', '350', '549', '554']
['20', '100', '22', '537', '327', '188']
['28', '515', '654', '169', '216', '159', '119']
['18', '285', '236', '33', '299', '273']
['242', '391', '9']
['597', '561', '811']
['488', '467', '799']
['782', '222', '126']
['581', '798', '262', '427', '171']
['354', '376', '0', '699']
['283', '116', '381', '297']
['478', '694', '398', '225', '172']
['660', '335', '294', '606']
['24', '485', '321', '282']
['106', '31']
['449', '370', '80']
['655', '771']
['468', '135', '69', '802']
['157', '623']
['737', '212', '274', '170']
['580', '247', '101']
['429', '628']
['326', '783', '230']
['682', '226']
['178', '249']
['48']
['245', '330', '816', '698', '201', '363']
['161', '317', '179', '152']
['56', '710', '347', '523']
['42', '553', '173']
['251', '608', '92', '548']
['213', '768', '98']
['281', '517', '787', '15', '532']
['345', '61', '491', '528']
['717', '408', '702', '436', '194', '65']
['637', '631', '4', '166', '63']
['349']
['492', '113', '746', '780']
['164', '648', '521', '550', '662']
['131', '334', '55', '21', '352', '739']
['83', '45']
['103', '455', '155']
['743', '121', '461', '16']
['751']
['502', '117', '665', '463', '110', '457']
['618', '805', '565', '144', '316', '163']
['535', '193', '304', '183']
['527', '239', '395', '672', '393']
['678', '764', '653']
['680', '308', '423']
['756', '176', '718', '256', '603']
['306', '781', '668', '808', '307']
['514', '464', '609', '99', '673', '175', '139']
['261', '428', '412', '696']
['322', '441', '76']
['14', '13', '401', '786', '67', '508']
['551', '127', '526', '421', '359']
['617', '400', '313', '290', '136']
['790', '748', '754', '8']
['298', '566', '52']
['137', '726', '763', '755', '499']
['612', '310', '577', '208']
['277', '360', '775', '684', '270']
['595', '415', '619', '75']
['760', '734', '118', '426', '442']
['645', '286']
['599', '418', '817', '240']
['268', '233', '386']
['167', '291', '586']
['643', '731', '388', '503', '86']
['41', '774', '209']
['353', '507', '512', '575']
['471', '39']
['32', '151', '68', '601', '483']
['58', '633', '707']
['218', '605', '197', '174', '588']
['716', '128', '385', '437', '500', '516', '365', '114']
['593', '102']
['53', '697']
['238', '64', '632', '470', '231', '541']
['545']
['217', '302', '434', '6', '576', '3', '89', '773']
['578', '78', '620']
['591', '355', '186', '248', '801', '592']
['30', '278', '557', '378', '615', '255', '338', '640']
['724', '373', '27', '469', '451', '252']
['180', '761']
['749', '40', '196', '324']
['732', '567', '616']
['547', '556']
['708', '459', '626', '534', '715']
['683', '638', '43', '143']
['205', '46', '50', '258']
['642', '430', '465', '540', '714', '95', '543', '220']
['757', '681', '289', '81', '495']
['210', '703']
['123', '221', '244', '533']
['250', '211', '36', '778']
['49', '791', '634', '279', '264', '358', '396']
['124', '725', '70', '12']
['7']
['357', '132']
['362', '462', '800', '332']
['184', '641']
['287', '762', '71']
['311', '563', '315']
['160', '280', '243']
['766', '111']
['797', '129']
['740']
['474', '475', '379']
['657', '587', '305']
['692', '237']
['583', '450', '460', '733', '646']
['611', '145', '493']
['590', '758']
['425', '207', '292', '191', '585']
['241', '90', '66', '26']
['199', '156', '677', '777', '185', '520']
['711', '789']
['663', '108', '792', '685', '253', '701']
['627', '745', '466']
['804', '192', '387', '195', '531']
['392', '148', '397']
['138', '735', '536']
['652', '793', '60']
['705', '356']
['150']
['309', '506', '97']
['432', '259', '189', '254']
['62', '688', '190']
['446', '639', '752']
['669', '336', '706', '676']
['384', '91', '658']
['772', '815', '371']
['409', '17']
['649', '560', '125']
['234', '602']
['348', '722', '769']
['524', '525']
['479', '382', '650', '367', '803']
['413', '795', '104', '284', '296', '704', '269']
['120']
['333', '625', '636', '288', '162', '664', '19', '785', '747']
['750', '329', '570', '812', '779', '105']
['614', '558', '686', '489', '404']
['788', '403', '496', '227']
['275', '690', '624', '77', '47', '544', '765']
['73', '661', '276']
['480', '806', '439', '562']
['622']
['635', '177', '607', '35', '530', '574']
['34', '687', '538']
