['210', '28', '314', '34', '382', '408']
['254', '200', '135']
['111', '216', '10', '362', '143', '106']
['49', '378', '251', '221', '232', '124']
['60', '397', '203']
['370', '257', '304', '181']
['355', '55', '395', '287', '67']
['217', '366', '129', '442', '471']
['132', '498', '476', '374', '35', '372']
['416', '58', '472', '275', '353']
['364', '5', '387', '108', '402', '318']
['31', '419', '215', '444', '413', '431']
['95', '297', '411', '390', '194', '208']
['109', '267', '354', '107', '33']
['489', '92', '244']
['296', '484', '246', '249']
['36', '455', '283', '346', '65']
['146', '99', '459', '148']
['18', '447']
['126', '134', '116', '317', '487']
['52', '162', '77', '410', '288', '201']
['16', '96', '344', '164', '357', '166']
['141', '480', '202', '446', '91', '451']
['19', '337', '256', '338', '345', '40']
['189', '182', '268', '47']
['87', '187', '110', '316', '56', '415']
['356', '463', '59', '191', '363', '145']
['335', '80', '239', '339', '154']
['139', '88', '260', '438', '383', '456']
['259', '483', '361', '454', '15', '13']
['185', '71', '475', '102', '462', '157']
['293', '359', '20', '331']
['122', '14', '499', '136', '177', '66']
['457', '125', '94', '269', '198', '85']
['104', '417', '349', '340', '258']
['460', '70', '46', '495', '243']
['389', '449', '329', '53', '400', '420']
['285', '101', '325']
['412', '238', '380', '282', '54', '326']
['403', '155', '264', '226', '7', '323']
['213', '358', '429', '482', '319', '167']
['230', '137', '214', '169', '360']
['328', '398', '174', '175', '73', '381']
['172', '458', '245', '4', '183']
['468', '466', '51']
['369', '204', '291', '306', '448', '228']
['424', '392', '173', '452', '23']
['142', '197', '250', '273', '44']
['279', '461', '423', '199', '161', '367']
['64']
['186', '474', '147', '42']
['289', '435', '422', '82']
['493', '41', '488', '313', '295']
['121', '277', '469', '440', '144']
['152', '196', '481', '234', '428', '379']
['305', '486', '494', '490', '231']
['69', '117', '350', '90']
['84', '190', '303']
['25', '63', '261', '272', '263']
['321', '220']
['309', '118', '394', '453', '430', '352']
['464', '171', '62', '178', '300']
['188', '307', '2', '270', '421', '434']
['130', '348', '396']
['120', '262', '131', '465', '43']
['427', '276', '93', '233', '308']
['209', '341', '299', '72', '371', '477']
['68', '103', '388', '330', '418', '436']
['332', '113', '368', '21']
['253', '426', '320', '229']
['248', '241', '281', '450']
['386', '27', '89', '114', '312', '195']
['1', '274', '252', '222', '280', '333']
['271', '160']
['311', '24', '38', '479', '391']
['176', '75', '324', '81']
['6', '266', '437', '83', '184', '207']
['365', '290', '467', '441', '45']
['301', '432', '401', '163', '242', '140']
['206', '98', '156', '127']
['211', '100', '334', '79', '29', '212']
['399', '112', '138', '193', '3', '384']
['179', '236', '377', '57', '192', '235']
['336', '407', '342', '310', '128', '298']
['119', '159', '11', '292', '485', '240']
['224', '48', '376', '302', '294']
['30', '37', '284', '433', '151']
['404', '492', '373', '327']
['219', '105', '227', '115', '265']
['405', '473', '9', '286', '149', '414']
['170', '225', '406', '343', '8']
['409', '237', '278', '76', '205']
['496', '470', '218', '165', '97', '247']
['425', '158', '375', '123', '150']
['393', '255', '153', '439']
['26', '491']
['78', '443', '322', '478', '315', '180']
['347', '32', '0', '385', '223', '17']
['351', '61', '86', '133', '39', '445']
['50', '12', '497', '74', '22', '168']
