['546', '232']
['463', '620', '803', '60', '839']
['400', '16', '208', '663', '328', '895']
['230', '853', '611', '293']
['816', '504', '666', '532', '425', '195']
['639', '531', '813', '122', '142', '101', '686']
['318', '262', '343']
['260', '246', '215']
['634', '683', '234', '65', '219']
['45', '220', '486', '69']
['17', '74', '705', '896', '424']
['589', '559', '25', '653']
['398', '831', '173', '123', '841']
['909', '210', '211']
['330', '562', '538', '464', '394']
['150']
['312', '366', '548', '46', '462', '285']
['190', '506']
['151', '489', '776']
['661', '295', '1', '768', '245']
['728', '617', '738', '453', '857', '684', '38', '554']
['320', '866', '826']
['52', '437']
['744', '79', '326']
['42']
['571', '573', '849']
['139', '575', '618', '459']
['732', '518', '495', '747', '426']
['787', '942', '115', '384', '718']
['83']
['36', '288', '378', '716', '323', '455']
['171', '926', '379', '892', '321']
['125', '607', '419', '7', '820', '97', '197']
['392', '662', '943', '902', '488']
['235', '317', '780', '140', '918']
['541', '501', '616']
['878', '809', '481']
['791', '537', '202', '920', '476', '947', '144']
['584', '664', '594']
['391', '614', '911', '929']
['862', '298', '867', '837', '519']
['793', '286', '271']
['748', '948', '721', '153']
['283', '864']
['651', '723', '478']
['811', '407', '116', '471']
['740', '610', '458', '192']
['344', '845', '572', '619', '454', '919', '725', '814']
['15', '429', '577', '412', '267']
['275', '241']
['667', '691', '704']
['687', '66', '891']
['731', '799', '690']
['216', '351']
['23', '885']
['24', '357', '621', '834', '345']
['113', '931', '325', '355']
['764', '706', '484', '337', '177', '300', '685']
['410', '677', '742', '749']
['313', '792', '726', '307']
['509', '456', '447']
['296', '427', '71']
['823', '675']
['782', '745', '702', '750', '299', '8']
['540', '505', '176', '882', '907']
['734', '95', '405', '109', '870']
['80', '574']
['596', '442']
['316', '329']
['137', '88', '124', '110']
['552', '940']
['85', '758', '179', '859', '894', '549']
['50', '37', '636', '528']
['688', '178', '261', '762', '274']
['898', '930', '61', '436', '466']
['408', '952']
['149', '431']
['268', '198', '689', '114', '586']
['950', '658', '340', '386', '917', '703']
['774', '752', '290', '763', '96']
['599', '207', '336', '901']
['644', '126', '430', '630']
['233', '860', '588', '824']
['51', '696', '767', '165']
['558', '162', '339', '570', '154']
['659', '785']
['693', '58', '761', '169']
['401']
['303', '128', '694', '182', '665', '380']
['842', '498', '635', '105', '223']
['564', '604', '529', '491', '441']
['701', '722', '89', '508', '775', '914', '592', '674']
['954', '755', '324', '622', '409', '315']
['650', '27', '238']
['871', '869', '526', '403', '522']
['281', '633', '152']
['912', '473']
['530', '709']
['872', '98', '422', '33', '647']
['359', '925', '585', '624', '308', '334']
['542', '277', '805', '836', '830']
['304', '472', '648']
['189', '147', '259']
['680', '423']
['421', '533', '932', '769', '457']
['213', '938', '174', '448', '117']
['949', '94']
['256', '756', '638', '62']
['411', '934', '26', '786', '474', '470']
['272', '646', '493', '492', '582', '642', '265', '771']
['583', '939', '49']
['717', '652', '70', '480', '711']
['500']
['34', '794', '225', '418']
['800', '353', '490']
['832', '214', '102', '264', '29', '319']
['863', '765', '435', '627', '266', '899']
['852', '432', '86', '712', '561', '0']
['156', '670', '187', '331']
['822', '672', '844']
['19']
['367', '724', '556', '175', '129']
['567', '55', '28']
['655', '342', '346']
['888', '371', '338', '244', '373', '236', '671', '414']
['188', '360', '229', '160', '887']
['846', '30', '511']
['557', '922', '494', '590', '118', '812', '450']
['654', '727']
['383', '482']
['676', '578', '497', '310', '91', '606']
['369', '795', '3']
['217', '858']
['477', '257', '297']
['714', '358', '200', '697', '657']
['876', '751', '90']
['910']
['76']
['829', '468', '372']
['145', '547']
['781', '513', '479']
['333', '399', '796']
['416', '890', '881']
['196', '75', '778', '720']
['729', '78', '20', '825']
['413', '170', '746']
['248', '301', '439', '376', '396', '382']
['161', '517']
['861', '13', '908', '449', '946']
['566', '507', '404']
['104', '754', '390', '889', '660', '913', '204']
['32', '807']
['6', '475', '893', '551', '875', '924', '760']
['121', '111', '39', '444', '415']
['348', '397', '759', '168', '417', '641', '54', '41']
['375', '306']
['158', '605', '388']
['815', '569']
['868', '59', '249']
['428', '135', '341', '838']
['280', '368', '226', '695', '810', '597', '350']
['291', '550', '227', '833', '370', '251', '5']
['302', '77', '905']
['733', '292', '873', '57', '221', '553', '460', '576']
['840', '821', '183', '185']
['146', '535', '669']
['132', '18', '856', '850', '804']
['903', '270', '753', '335']
['31', '587', '44', '679', '141']
['180', '543', '865', '927', '120']
['483', '67', '623', '467', '668']
['835', '904']
['130', '21', '678', '82', '136']
['503', '681', '469', '112', '563']
['953', '936', '193']
['612', '944', '2', '649', '629']
['305', '640', '349']
['955']
['172', '828', '915', '514', '656']
['527']
['445']
['851', '708']
['206', '420', '632', '108']
['279', '218', '106', '516']
['789', '252', '790', '99', '434']
['387', '568', '719']
['364', '515', '73', '311', '14', '848']
['438', '801', '736', '100']
['224', '131', '377', '385']
['512', '523', '239']
['92', '243', '278', '485']
['933', '56', '11', '897', '502']
['806', '788', '626', '9', '700']
['181', '35']
['625']
['465', '773', '545']
['93', '770', '900', '451']
['818', '698', '22']
['855', '164', '772', '682', '12', '253', '739']
['777', '363', '461']
['134', '68', '10', '4', '544', '595']
['707', '757', '242', '880', '715', '496']
['322', '808', '269', '937', '433', '730']
['199', '692', '603', '645', '362', '107']
['81', '402']
['713', '138', '237']
['928', '203', '555', '205', '935']
['309', '737', '941', '443', '186']
['231', '209']
['883', '643', '615', '314', '510', '440', '525', '923', '539']
['565', '157', '119', '240', '133', '287']
['797', '389', '874', '499', '819', '258', '332']
['406', '395', '356']
['84', '766', '43']
['155', '72', '247']
['817', '159', '347', '536', '847']
['854', '148', '602']
['452', '167', '783', '212', '637']
['906', '591']
['276', '381', '779']
['294', '921', '282', '284']
['699', '184', '593', '222', '916']
['951', '289', '560']
['201', '374', '601', '191', '354']
['581', '600', '534']
['877', '886', '263', '673', '608', '520', '631']
['361', '784', '798', '143', '48']
['710']
['945', '579']
['273', '47', '609', '393']
['53', '446']
['194', '127']
['827', '228', '802', '487', '103', '580']
['598', '255', '254', '250', '743']
['741', '613', '40']
['87', '628', '735', '956', '843']
['884', '163', '327']
['63', '64', '521']
['365', '166', '352', '879', '524']
