['25', '749']
['132', '561', '627', '193', '286', '634', '536']
['652', '489', '743', '498', '828']
['6', '688', '247', '768']
['231', '512', '537', '767']
['444', '689']
['168', '398', '53', '823']
['728', '702']
['402', '202', '529', '485', '677', '58', '391']
['748', '287']
['704', '511']
['481', '682', '376', '293', '130', '18', '416', '239']
['458', '509', '439']
['256', '1', '255', '487', '745', '42', '20', '419', '114']
['381', '730', '162', '545']
['296', '88', '187']
['330', '486']
['244', '224']
['574']
['52', '727', '429']
['660', '600', '796', '113']
['300', '716']
['751', '496', '766']
['560']
['85', '605', '145']
['821', '759']
['538', '773']
['820', '790', '308']
['80']
['457', '414', '810', '635']
['709', '212', '394', '720', '602']
['792', '640', '97', '126', '501']
['698', '5']
['249', '404', '706', '56', '198']
['98', '712', '137', '278']
['803', '651', '203']
['251']
['674']
['11', '378', '117']
['758']
['228', '294', '180', '144', '265']
['795', '725', '596']
['797', '527', '625', '676']
['507', '462', '649']
['435', '721']
['331', '205', '500', '66']
['40', '464', '315']
['484', '79', '122', '510']
['288', '357', '36', '329']
['190', '418', '349', '559', '495']
['450', '172', '532', '227', '528', '694']
['581', '316', '246']
['776', '744', '408', '452', '107']
['281', '798']
['420', '143', '16']
['215', '112', '808', '597']
['171', '403', '148']
['157', '665', '387']
['393', '68', '737', '644']
['534', '659', '779', '110', '65']
['70', '361', '805']
['333', '303', '799']
['342', '131', '348', '587']
['413', '155', '194']
['438', '468']
['738', '243', '657', '729']
['94', '775']
['257', '365', '291']
['519', '153', '566']
['250', '695', '723', '277', '41', '101', '530']
['374', '541', '185', '817']
['483', '237', '214', '90']
['830', '585']
['514', '427']
['339', '827']
['124']
['119', '326', '69']
['492', '636', '266', '181', '494', '33', '664']
['318', '785', '601']
['643', '104']
['150', '164']
['733', '836', '470', '818']
['740', '2', '177', '619']
['610', '22', '788', '763', '338', '35']
['216', '350']
['577', '169', '421']
['499', '598']
['822', '3', '196', '370', '521', '395', '406']
['446']
['672', '283', '116', '686']
['285', '739', '304']
['410', '140', '29', '93']
['637', '259']
['84', '592', '434', '355', '425', '149']
['565', '26', '103', '13']
['638', '825', '341']
['687', '621', '539']
['37', '523', '578']
['607', '594', '780']
['476', '713', '407']
['642', '791', '718']
['755', '567', '747', '460', '167', '21', '106', '128', '397']
['719', '575', '382']
['648', '447']
['310', '469', '49', '673', '441', '666', '800', '325']
['366', '789']
['473', '824', '750', '606', '292', '669']
['375', '693']
['50', '646', '667', '82', '588']
['472', '422', '603']
['165', '38', '195', '210']
['321']
['346']
['274', '207', '72', '261']
['161']
['43', '174']
['482', '670', '115', '815']
['465', '765']
['263']
['580', '697']
['731', '622', '160']
['471', '268', '506']
['522', '478']
['28', '616']
['34', '787']
['834', '632', '222', '443', '64', '807']
['192', '833', '547']
['736', '275', '700']
['770', '83', '615']
['550', '831', '188', '835', '358', '696']
['60', '284', '647']
['761', '253', '136']
['340']
['663', '258', '806', '129']
['741', '504']
['219', '841', '505', '424', '475', '563', '437', '217']
['557', '295', '118']
['359', '453', '186']
['74', '59', '242']
['445', '546']
['589', '213', '372', '734', '380']
['629', '262', '624', '639']
['54', '134']
['240', '111']
['582', '364', '73', '311', '555', '47', '508', '89']
['493', '76', '533', '515']
['15', '525', '715']
['95', '654']
['373']
['618', '829']
['272', '173']
['267', '158']
['843', '163', '384', '477', '516', '490']
['271']
['297', '678', '61']
['7', '226', '584', '479', '426']
['32', '412', '752', '235', '551']
['488', '699', '503', '517']
['812', '220', '611']
['684', '146', '467']
['554', '456', '78', '655']
['838', '777']
['579', '524']
['531', '241', '289']
['99', '832']
['613']
['233', '232']
['8', '182', '4']
['661', '280', '459']
['609', '312', '343', '760']
['183', '630']
['705', '690', '717', '502']
['440']
['722', '756', '109', '323']
['816']
['454', '753', '30', '156']
['383', '328']
['612', '264']
['769']
['324', '75', '801']
['814', '299', '12', '430']
['334', '840', '411']
['201', '269', '356', '417']
['301', '772', '0', '571', '371']
['317', '248', '360']
['396', '783', '771', '653']
['51', '121', '151']
['307', '553']
['23', '282']
['191', '662', '270', '81', '707', '319', '363', '221']
['63', '774']
['497', '691', '474']
['455', '703', '92', '209', '724', '442']
['572', '650', '842', '39']
['105', '746', '764', '535']
['332']
['367', '352', '320', '96']
['604', '543', '229']
['336', '377', '692', '345']
['67']
['461', '252', '279', '593']
['147', '552', '451']
['179', '645']
['369', '139', '354', '108']
['433', '448', '400']
['623', '701', '298', '10', '347', '633']
['176', '811', '223', '390', '120']
['732', '236', '436', '200']
['826', '141', '781', '726', '802', '526']
['218', '513']
['631', '178', '463']
['14', '784']
['757', '549', '166', '742', '159']
['793', '675', '305']
['234', '138', '679', '57']
['19', '327', '658', '586']
['714', '322']
['405']
['480', '100', '685', '302']
['206', '813', '389', '392']
['608', '260', '710', '428']
['170', '86', '368', '362']
['344', '626', '415', '620']
['184', '544', '778', '520']
['431']
['656', '754', '309']
['71']
['681', '351']
['595', '135', '844', '804']
['491', '31', '353', '211']
['133', '839']
['254', '556', '17']
['62', '708', '449', '762']
['711', '306', '573', '562']
['837', '570', '540']
['409']
['123', '614']
['154', '9']
['735', '683', '385', '290', '542']
['238']
['55', '102']
['558', '45', '337']
['91', '204', '48']
['175', '208', '77', '388', '782', '87']
['335', '273']
['379', '313']
['590', '189', '794']
['466', '518', '230']
['401', '245', '568', '564', '819', '399']
['386', '142', '423']
['27', '24', '225', '809', '548', '314', '46']
['569', '599', '786']
['152']
['125', '276']
['583', '680', '432', '671']
['576', '641', '668']
['127', '197']
['591', '617', '628', '199', '44']
