['209', '33', '100', '403', '356', '365', '113', '217', '488', '412', '308', '470', '160', '178', '335', '272', '184', '235', '283', '114', '39', '27', '95', '343', '134', '32', '429', '69', '188', '158', '354', '120', '330', '154', '397', '491']
['426', '446', '59', '143', '310', '68', '437', '324', '224', '222', '484', '455', '2', '192', '428', '350', '31', '149']
['269', '480', '204', '238', '172', '182', '206', '363', '142', '90', '24', '15', '290', '270', '162', '430', '241', '104', '400', '170', '16', '368']
['389', '482', '43', '371', '263', '198', '239', '387', '314', '96', '313', '157', '440', '357', '315', '186', '228', '380', '287']
['396', '129', '81', '92', '449', '489', '107', '131', '181', '165', '432', '167', '41', '496', '340', '348', '22', '7', '469', '342', '97', '378', '415', '333', '355', '374']
['450', '475', '164', '230', '338', '347', '487', '486', '11', '1', '259', '232', '99', '36', '109', '319', '58', '471', '273', '464', '497', '385', '38', '495', '327']
['45', '94', '118', '288', '373', '17', '101', '468', '133', '297', '360', '150', '494', '23', '292', '274', '466', '458', '138', '414', '321', '80', '341', '299', '6', '498', '123']
['289', '477', '279', '214', '444', '462', '456', '185', '60', '13', '438', '485', '416', '481', '211', '105', '280', '369', '490', '409', '401', '328', '472', '8', '106', '200', '264', '234', '244', '434', '20']
['51', '431', '55', '393', '256', '381', '451', '212', '70', '30', '323', '253', '443', '73', '127', '325', '76', '174', '344', '135', '407', '122', '473', '483', '136']
['257', '44', '254', '447', '379', '277', '199', '284', '14', '295', '427', '304', '386', '173', '366', '317', '459', '255', '305', '26', '77']
['424', '417', '208', '394', '218', '98', '202', '146', '420', '191', '406', '219', '367', '130', '111', '454', '34', '40', '345', '223']
['156', '320', '207', '28', '339', '302', '349', '249', '169', '436', '110', '442', '56', '37', '423', '388', '419', '364', '21', '463', '346', '53', '362', '63']
['210', '132', '124', '377', '144', '201', '29', '12', '54', '251', '220', '332', '372', '316', '177', '168', '457', '112', '145', '329', '352', '474', '465', '318']
['103', '312', '18', '298', '383', '195', '137', '433', '248', '50', '91', '306', '190', '413', '159', '66', '286', '75', '307', '180', '425', '4', '82', '225']
['411', '467', '448', '309', '171', '86', '408', '265', '246', '237', '285', '260', '155', '435', '236', '115', '245', '5', '84', '229', '303', '233', '375', '390', '301', '398', '266', '187', '83', '353', '102', '49']
['418', '213', '422', '392', '476', '268', '331', '203', '108', '117', '183', '240', '405', '161', '271', '247', '300', '322', '252', '336', '376', '275', '226', '87', '194', '197', '141', '35', '42']
['492', '337', '402', '296', '262', '370', '64', '152', '281', '404', '278', '499', '205', '52', '196', '461', '148', '74', '493', '93', '151', '334', '0', '126', '250', '311', '452']
['231', '410', '221', '358', '258', '47', '215', '25', '382', '359', '175', '293', '62', '140', '216', '71', '193', '445', '439', '125', '460', '179', '78', '261', '85']
['478', '3', '384', '119', '276', '163', '282', '291', '147', '89', '79', '361', '479', '391', '399', '176', '67', '153', '139', '128', '326', '441', '421']
['243', '166', '121', '61', '453', '116', '10', '227', '48', '88', '351', '267', '57', '72', '294', '189', '242', '65', '46', '19', '9', '395']
