['787', '131', '132']
['248', '658', '338', '628', '541', '607', '642']
['300', '202', '296']
['164', '730', '47']
['634', '398']
['590', '776']
['720', '98', '377', '194', '478', '520']
['174', '682', '764', '304']
['253', '514', '560']
['614', '184']
['95', '15', '358', '403', '581']
['468', '794', '631', '404', '323']
['655', '134']
['542', '416', '734', '48', '126']
['599', '26', '567', '651']
['620', '399', '569', '149', '103', '624']
['345', '138', '363', '229', '277']
['287', '649', '321']
['740', '509', '76', '523']
['551', '276', '65']
['93', '378', '68', '692']
['301', '637']
['611', '522', '1', '570', '383']
['769', '386', '313', '643']
['293', '150', '727', '574']
['271', '503', '689', '89']
['231', '351', '144', '601', '671']
['17', '691', '709', '450']
['579', '266', '412']
['80', '433', '421', '2']
['256', '798', '592', '763', '216', '486']
['326', '133']
['151', '286', '181']
['449', '615']
['143', '480']
['488']
['456', '622', '618', '550', '372']
['172', '744', '263', '38']
['477', '63', '595', '557']
['470', '18', '62', '13', '677', '580', '747']
['537', '417']
['78', '571']
['51', '60', '445', '23', '46', '105', '751']
['563', '280', '81', '760']
['75', '318']
['158', '314', '240']
['556', '311', '220', '384']
['153', '32']
['465', '420', '289']
['292', '214', '43', '407']
['462', '460', '733', '191', '665', '361']
['498', '64']
['328', '199']
['265', '173', '483', '582']
['688', '605', '79', '728', '224']
['783', '29', '685', '222', '207']
['357', '487', '452']
['505', '792', '374', '739', '663', '246', '678']
['578', '223']
['302', '54', '428', '777', '3']
['70', '525', '235', '435']
['531', '247']
['233', '745', '476']
['352', '243', '175', '145', '306']
['530', '566', '793', '180', '591', '555', '602']
['245', '758']
['336', '90', '55']
['58', '588', '508']
['285', '492', '529']
['625', '430', '112', '264']
['517', '482', '534']
['409', '697', '319', '200', '616', '431', '127']
['201', '432', '299', '659', '308', '30']
['392', '74', '756', '368', '244']
['290']
['718', '765', '330', '690']
['573', '754', '272']
['506', '211', '320', '4', '226', '350', '725']
['7', '502', '250', '213', '148', '110']
['206', '288', '178', '442']
['788', '370', '19', '405']
['484', '364', '401']
['548', '130', '497', '652']
['14', '721', '121', '36', '799', '170', '668']
['536', '436', '662', '519']
['101', '600', '332', '726', '188']
['171', '111', '167', '621']
['785', '594', '186']
['796', '122', '251', '485', '683', '627']
['596', '354', '12']
['373', '135', '139']
['577', '704', '457']
['767', '443']
['710', '504', '282']
['786', '474', '772']
['31', '489', '576', '393', '565']
['397', '141', '177']
['790', '331', '124']
['217', '50', '461', '208', '451']
['735', '385', '464']
['632', '136', '230', '598', '603']
['561', '650', '234', '340', '773']
['9', '34', '424', '440']
['795', '714', '630', '241']
['701', '494', '554', '676', '115', '100', '661']
['748', '558', '42', '390', '169']
['528', '761', '635', '447', '645', '232']
['707', '317', '458', '708']
['667', '686', '797']
['225', '77', '540', '106', '165', '597', '696']
['587', '684', '524', '700', '381']
['310', '711', '512', '239', '303', '52', '316']
['37', '324', '274']
['496']
['693', '119', '362', '455', '72', '539', '157']
['467', '108']
['273', '212', '25', '160', '109']
['538', '743', '791', '168', '85', '147']
['322', '203', '298']
['441', '391', '359']
['257', '27']
['466', '657', '99']
['209', '56']
['57', '395', '71']
['546', '228', '647']
['402', '41', '687', '159', '619']
['197', '437']
['639', '269', '335']
['664', '633', '719', '722', '155', '593', '552']
['623', '656']
['195', '575', '275']
['699', '137', '53', '129', '91', '355', '104']
['774', '116', '472', '762', '681', '270', '61']
['371', '125', '382']
['146', '114', '254', '775', '653', '249']
['309', '333', '454', '491']
['367', '490', '717', '513']
['532', '218', '329', '187', '346']
['339', '44', '182', '86', '11']
['67', '749', '387', '394', '516']
['553', '5', '154', '279']
['501', '242', '781', '446', '778', '162']
['706', '544', '315', '33', '469']
['564', '613', '204']
['348', '654', '481', '438']
['281', '84', '549', '559', '365']
['267', '411']
['583', '49']
['260', '156', '475']
['196', '140', '533']
['545', '584']
['675', '69', '515']
['698', '39', '238', '507']
['94', '500']
['670', '205', '444', '473', '295']
['284', '192']
['715', '562', '572']
['66', '759', '526']
['771', '705', '259', '40', '375', '261']
['679', '463', '198', '410', '35', '703', '379']
['617', '604', '702']
['343', '24', '648', '415', '28']
['640', '742', '45', '521', '750', '255']
['741']
['753', '189', '92', '626']
['163', '6', '128', '221']
['325', '369', '22']
['434', '712', '612']
['784', '219', '183', '729', '518']
['672', '738', '96', '746', '608', '107', '716']
['152', '782']
['16', '568', '337', '429', '423', '0', '589']
['396', '120', '262', '660', '20', '780']
['389', '215', '646', '406', '258']
['123', '166', '674', '408']
['236', '342', '510']
['297', '459', '237', '366', '713']
['586', '400', '252', '644', '341']
['736', '453']
['82', '117', '479', '724', '768']
['87', '427', '347']
['732', '344', '770', '353']
['102', '59', '334', '376', '471']
['161', '610']
['757', '88']
['543', '349', '283', '779', '680']
['499', '83', '731', '356', '723']
['294', '21', '419', '113', '495']
['327', '8', '425', '766']
['636', '307', '142', '585', '641']
['448', '413', '380', '305']
['694', '190', '118', '179']
['695', '638', '789', '210', '176', '493', '673']
['609', '278', '629']
['422', '185', '535', '193', '755', '439', '547']
['666', '669', '388']
['312', '97', '426', '418']
['268', '73', '527']
['606', '291']
['227', '737', '414', '10', '360', '511', '752']
