['190', '397', '488', '93', '158', '920', '51', '66', '616', '877', '364', '369', '761', '155', '624', '606', '800', '179', '307', '482', '575', '576', '115', '965', '946', '885', '603', '421', '968', '666', '599', '268', '835', '256', '880', '312']
['610', '641', '358', '353', '471', '737', '993', '333', '615', '949', '173', '727', '982', '627', '787', '102', '103', '860', '939', '512', '506', '144', '318', '156', '733', '830', '254', '92', '46', '238', '199', '72', '378', '600', '665', '252']
['702', '34', '99', '468', '413', '943', '505', '961', '315', '496', '78', '538', '838', '902', '186', '756', '321', '348', '718', '143', '357', '422', '956', '923', '165']
['75', '541', '470', '26', '151', '652', '49', '653', '269', '129', '145', '984', '263', '934', '988', '463', '439', '16']
['997', '435', '709', '117', '543', '762', '672', '491', '45', '772', '760', '189', '626', '519', '55', '363', '840', '809', '324', '426', '716', '424', '979', '501', '919']
['878', '253', '604', '834', '57', '875', '292', '724', '502', '846', '97', '587', '196', '743', '157', '310', '22', '194']
['350', '560', '675', '449', '784', '824', '618', '320', '833', '389', '816', '430', '764', '79', '7', '588', '27', '418', '438', '722', '680']
['388', '865', '621', '146', '644', '25', '859', '786', '808', '670', '297', '788', '711', '191', '586', '916', '278', '959', '570', '514', '328', '561', '932', '780', '277', '712', '399', '890', '688', '962']
['515', '18', '300', '12', '132', '525', '564', '44', '628', '193', '590', '569', '305', '172', '398', '8', '632', '966', '771', '690', '290', '742', '509', '380']
['149', '927', '406', '286', '858', '64', '567', '301', '251', '507', '423', '693', '61', '246', '907', '329', '749', '887', '37', '676', '884']
['233', '763', '401', '535', '708', '23', '694', '664', '459', '826', '15', '319', '753', '597', '451', '700', '810', '69', '1', '359', '420', '524', '387', '217', '346', '631', '989']
['572', '283', '195', '536', '655', '218', '65', '667', '936', '354', '35', '465', '113', '476', '854', '289', '647', '434', '540', '229', '356', '205', '232', '266']
['82', '245', '466', '95', '137', '520', '160', '790', '171', '692', '200', '921', '682', '582', '216', '32', '796', '128', '918', '469', '836', '996', '183', '88', '823', '124', '579']
['247', '951', '589', '355', '417', '710', '910', '42', '180', '870', '174', '908', '872', '924', '789', '366', '122', '740', '945', '863', '557', '898', '843', '367', '585', '336', '110', '944', '998', '596']
['720', '262', '972', '458', '454', '812', '941', '759', '28', '261', '926', '121', '442', '995', '152', '623', '935', '612', '164', '645', '416', '298', '370', '981', '738', '409', '394']
['650', '980', '900', '73', '303', '107', '279', '373', '86', '198', '577', '40', '542', '799', '495', '640', '689', '754', '405', '201', '3', '112', '999', '654', '527']
['441', '559', '53', '912', '135', '793', '973', '39', '659', '381', '777', '852', '545', '985', '485', '48', '691', '986', '393', '548', '642', '731', '4', '687']
['976', '211', '862', '14', '236', '630', '721', '403', '148', '594', '625', '609', '414', '929', '456', '386', '87', '178', '992', '638', '748', '881', '127', '648', '841', '296', '341', '280', '425', '24', '605', '445', '166', '255']
['62', '436', '407', '806', '915', '651', '284', '728', '43', '801', '345', '339', '950', '978', '765', '162', '697', '637', '869', '331', '258', '674', '896', '361', '337']
['139', '234', '815', '914', '717', '474', '503', '827', '131', '285', '758', '167', '114', '375', '224', '108']
['2', '325', '565', '20', '779', '619', '207', '842', '562', '169', '513', '492', '494', '658', '390', '450', '231', '876']
['500', '864', '704', '837', '529', '119', '271', '408', '636', '479', '159', '573', '969', '821', '371', '105', '134', '696', '882', '383', '499', '175', '349', '629', '316', '68', '47', '400', '244', '311']
['395', '955', '975', '782', '116', '829', '259', '120', '508', '338', '578', '661', '140']
['308', '89', '905', '819', '614', '467', '662', '747', '484', '481', '281', '221', '792', '861', '461', '109', '745', '991', '306', '903', '84', '504', '239', '6', '227', '130', '699', '342', '327', '181', '472', '76', '967']
['497', '460', '820', '101', '313', '528', '634', '13', '698', '715', '215', '10', '150', '410', '714', '50', '532', '192', '464', '856', '147', '913', '326', '118', '480', '917', '684', '111', '895', '883']
['734', '126', '437', '994', '222', '904', '706', '483', '347', '566', '362', '671', '811', '202', '29', '741', '376', '958', '91', '264', '265', '549', '983']
['701', '486', '74', '197', '773', '798', '267', '446', '21', '365', '601', '240', '335', '80', '299', '526', '377', '744', '67', '228']
['374', '901', '83', '161', '726', '893', '922', '803', '248', '563', '317', '766', '457', '30', '411', '170', '611', '270', '443', '552', '719', '81', '453']
['260', '487', '241', '521', '873', '595', '713', '850', '85', '938', '971', '510', '275', '668', '686', '274', '553', '795']
['385', '182', '889', '379', '226', '77', '930', '360', '163', '33', '867', '138', '433', '736', '580', '237', '948', '891', '774', '293', '511', '775', '344', '805', '368', '498', '9', '235', '591']
['663', '427', '54', '11', '813', '412', '617', '767', '554', '533', '839', '250', '489', '750', '817', '807', '473', '952', '177', '547', '669', '384', '106']
['415', '928', '844', '705', '59', '153', '314', '778', '729', '868', '294', '539', '203', '187', '210']
['516', '36', '871', '462', '783', '977', '574', '477', '888', '931', '60', '732', '678', '802', '695', '937', '17', '478', '987', '894', '781', '957', '243']
['755', '188', '770', '964', '295', '925', '897', '646', '523', '537', '352', '309', '432', '242', '444', '752', '633', '791', '963', '206', '396', '70', '372', '38', '19', '906', '302', '776', '649']
['493', '592', '276', '323', '822', '953', '185', '230', '558', '94', '90', '475', '673', '847', '455', '219', '909', '125', '136', '534', '768', '622', '857', '851', '214', '886', '874', '402', '391', '273']
['518', '382', '168', '584', '703', '343', '304', '794', '546', '593', '141', '581', '849', '176', '735', '725', '866', '154', '429', '639', '620', '814', '52']
['225', '660', '31', '98', '184', '804', '249', '607', '213', '828', '257', '598', '332', '208', '204', '223', '832', '960', '933', '322', '5', '892']
['340', '970', '100', '452', '769', '643', '974', '272', '288', '911', '531', '757', '685', '855', '613', '58', '71', '635', '555', '447', '330', '142', '845', '723', '220']
['568', '571', '947', '657', '818', '825', '490', '656', '517', '104', '879', '351', '785', '608', '448', '739', '404', '556', '392', '990', '291', '56', '522', '940', '63', '899', '41', '334', '419', '707']
['431', '287', '282', '848', '602', '677', '681', '954', '550', '679', '583', '212', '0', '746', '209', '96', '730', '530', '751', '428', '440', '831', '544', '551', '853', '797', '683', '942', '123']
