['704', '238', '622', '326', '202', '220', '413', '501', '785', '181', '582', '443', '538', '34', '909', '503', '972', '897', '112', '773', '586', '474', '902', '475', '471', '576', '403', '58', '375', '486', '468', '349', '192', '617', '629', '685', '915', '263', '388']
['720', '889', '121', '929', '390', '524', '900', '171', '363', '808', '139', '16', '670', '516', '97', '654', '931', '445', '843', '893', '212', '612', '414', '465', '73', '3', '201', '556', '426', '989']
['389', '541', '788', '726', '648', '511', '164', '52', '311', '306', '611', '988', '738', '771', '595', '830', '755', '708', '260', '277', '295', '44', '216', '8', '954', '703', '833', '672', '278', '558', '461', '276', '224', '324', '877']
['898', '583', '113', '978', '84', '922', '187', '464', '14', '354', '504', '469', '106', '895', '119', '809', '208', '203', '836', '352', '876', '812', '107', '691', '941', '863', '42', '221', '480', '615', '598', '416', '659', '10', '300', '218', '200', '314', '800', '834']
['250', '729', '983', '385', '942', '0', '551', '86', '436', '795', '952', '153', '797', '286', '767', '342', '466', '206', '77', '619', '409', '674', '72', '273', '660', '248', '459', '341', '481', '62', '979']
['681', '777', '344', '577', '827', '36', '528', '127', '883', '734', '237', '651', '246', '807', '268', '713', '780', '319', '792', '462', '934', '148', '963', '768', '9', '951', '969', '737', '236', '284']
['166', '225', '215', '440', '824', '534', '933', '657', '867', '865', '184', '844', '179', '297', '13', '337', '626', '987', '427', '806', '66', '285', '291', '937', '67', '219', '881', '683', '463', '175', '75', '716', '451', '694']
['946', '95', '886', '803', '799', '392', '751', '28', '369', '639', '102', '993', '384', '526', '669', '761', '128', '332', '408', '911', '790', '568', '994', '745', '776', '517', '232', '543', '274', '944', '243', '765', '945', '770', '789', '540', '351', '152', '223', '290']
['25', '926', '613', '636', '839', '348', '905', '20', '399', '53', '242', '272', '820', '688', '497', '549', '444', '801', '162', '21', '804', '163', '292', '743', '199', '82', '682', '798', '255', '778', '625', '752', '456', '614']
['908', '706', '134', '888', '507', '287', '372', '405', '858', '601', '70', '588', '479', '901', '930', '177', '90', '623', '269', '450', '525', '79', '457', '485', '759', '378', '563']
['802', '365', '724', '241', '80', '350', '825', '418', '27', '539', '307', '327', '323', '46', '940', '431', '811', '835', '282', '575', '487', '939', '308', '861', '61', '855', '531', '879', '852', '904']
['675', '719', '791', '829', '174', '356', '186', '394', '198', '624', '571', '912', '925', '180', '333', '379', '762', '92', '585', '315', '376', '230', '640', '823', '774', '647']
['31', '977', '239', '892', '301', '907', '917', '261', '335', '787', '168', '183', '47', '561', '544', '49', '766', '992', '213', '644', '810', '438', '948', '51', '590', '965', '846', '256', '920', '754']
['396', '679', '742', '697', '55', '980', '710', '554', '320', '367', '631', '581', '417', '398', '26', '359', '819', '513', '593', '733', '560', '193', '502', '54', '172']
['701', '87', '530', '245', '772', '191', '437', '510', '303', '358', '158', '973', '509', '197', '512', '775', '604', '373', '608', '822', '499', '564', '550', '170', '818', '488', '133', '603', '448']
['420', '693', '832', '628', '493', '299', '265', '986', '447', '884', '435', '959', '145', '749', '339', '515', '1', '304', '64', '94', '705', '257', '620', '395', '757', '569', '57', '935', '63', '542', '722']
['600', '434', '677', '266', '30', '288', '345', '869', '91', '769', '536', '160', '758', '594', '676', '709', '559', '794', '643', '698', '587', '632', '616', '873', '518', '955', '821', '890', '756', '124', '870', '684', '866', '313', '537', '137', '735', '730', '234', '386']
['65', '60', '310', '222', '707', '258', '519', '784', '891', '423', '391', '621', '921', '353', '961', '98', '231', '293', '633', '938', '837', '425', '240', '815', '154', '971', '235', '786', '114', '566', '627', '422']
['401', '763', '334', '355', '842', '610', '161', '412', '331', '840', '947', '226', '523', '329', '325', '853', '210', '204', '532', '826', '746', '747', '805', '910', '483', '182', '662', '368', '104', '251', '814', '740', '135', '695', '129', '81', '596', '918', '458', '848']
['364', '428', '421', '851', '33', '322', '872', '491', '985', '860', '23', '196', '144', '711', '673', '535', '498', '856', '841', '346', '147', '473', '111', '17', '294', '663', '489', '964', '700', '441', '85']
['702', '793', '336', '424', '557', '467', '653', '400', '415', '686', '132', '602', '387', '668', '981', '83', '476', '259', '482', '89', '529', '116', '957', '859', '330', '924', '176', '123', '477', '546', '125', '492', '103', '205', '494', '635', '460', '712', '692', '849']
['578', '592', '591', '982', '120', '247', '159', '151', '753', '552', '914', '658', '652', '264', '995', '143', '430', '150', '779', '927', '781', '343', '56', '723', '936', '533', '687', '715', '744', '126', '584', '580', '29', '962', '18', '37', '857', '318', '547']
['949', '195', '599', '649', '605', '165', '109', '943', '950', '149', '739', '847', '347', '442', '189', '169', '845', '862', '665', '967', '664', '432', '923', '11', '650', '508', '696', '990', '439', '406', '490', '976', '831', '366', '371', '597', '689', '7', '122', '321']
['638', '108', '796', '131', '296', '338', '958', '875', '880', '380', '71', '253', '894', '141', '381', '404', '100', '138', '146', '360', '156', '732', '309', '382', '868', '589', '782', '484', '630', '680', '140', '817', '410', '402']
['453', '642', '455', '22', '115', '727', '850', '579', '35', '470', '209', '433', '728', '505', '553', '919', '117', '419', '637', '12', '178', '838', '813', '887', '280', '449', '227', '6', '966', '968']
['896', '562', '718', '305', '864', '882', '229', '271', '361', '383', '960', '736', '555', '24', '472', '521', '249', '167', '885', '39', '607', '520', '731', '74', '370', '99', '574', '570', '750', '646', '916', '279', '118']
['567', '641', '275', '678', '609', '76', '446', '136', '634', '211', '667', '101', '452', '854', '496', '671', '362', '173', '783', '50', '974', '38', '878', '725', '953', '984', '871', '43', '93', '32', '573', '816', '906', '545']
['68', '357', '59', '714', '340', '655', '548', '302', '760', '928', '262', '874', '411', '185', '233', '717', '506', '572', '991', '69', '970', '105', '478', '913', '429', '975', '228', '267', '495', '283']
['454', '317', '522', '666', '690', '748', '88', '244', '932', '899', '514', '903', '130', '78', '699', '328', '41', '19', '500', '397', '4', '312', '656', '298', '5', '110', '15', '155', '96']
['721', '316', '281', '142', '764', '956', '606', '270', '254', '188', '741', '2', '217', '618', '207', '194', '393', '252', '289', '645', '48', '661', '374', '190', '214', '407', '527', '565', '45', '828', '157', '40', '377']
