['385', '139', '390', '175', '383', '36', '373', '441', '165', '551', '526', '484', '9', '487', '458', '476', '398', '567', '320', '396', '201', '366', '615', '332', '54', '7', '580']
['663', '645', '594', '646', '447', '220', '359', '198', '323', '481', '603', '418', '306', '123', '347', '538']
['513', '555', '636', '86', '263', '684', '625', '688', '278', '539', '104', '593', '1', '337', '429', '475', '425', '609', '683', '85', '639', '588', '619', '129', '182']
['527', '261', '290', '315', '181', '214', '117', '72', '154', '634', '191', '135', '549', '556', '612', '66', '149', '210', '446', '692', '483', '657', '95', '687', '246']
['362', '426', '68', '330', '635', '600', '294', '563', '266', '560', '341', '331', '489', '99', '141', '682', '10', '243', '188', '106', '434']
['176', '388', '169', '514', '622', '669', '177', '694', '300', '413', '558', '245', '623', '90', '518', '206', '174', '310', '626', '122', '195', '31', '231', '12', '303', '419', '566', '89', '416', '356']
['49', '515', '137', '462', '321', '376', '125', '199', '632', '212', '357', '61', '254', '322', '225', '681', '443', '490', '351', '35']
['109', '482', '92', '387', '559', '219', '421', '253', '134', '29', '572', '644', '229', '171', '545', '468', '547', '203', '233', '404', '698', '286', '130', '524', '157']
['493', '209', '686', '620', '575', '465', '502', '693', '287', '193', '27', '598', '100', '275', '24', '367', '252', '369', '74', '523', '435', '653', '226', '642', '643', '614', '521', '345', '190', '194']
['22', '81', '674', '649', '536', '628', '255', '55', '283', '399', '401', '76', '587', '562', '633', '121', '608', '467', '234', '668', '113', '621']
['202', '240', '597', '377', '459', '96', '630', '591', '411', '378', '590', '423', '167', '617', '170', '164', '503', '179']
['473', '570', '152', '168', '691', '227', '249', '409', '237', '247', '34', '87', '450', '370', '299', '64', '2', '284', '534', '346', '344', '544', '138', '690', '145', '204', '108', '433', '469', '301']
['402', '265', '579', '349', '205', '37', '267', '605', '185', '200', '585', '116', '82', '304', '127', '312', '394', '110', '528', '250', '577', '180', '354', '159', '119']
['463', '500', '530', '192', '375', '537', '136', '297', '532', '561', '353', '631', '148', '126', '314', '466', '140', '33', '581', '13', '596', '624', '101', '238', '281', '309', '102', '239', '415', '189']
['326', '302', '150', '595', '430', '42', '412', '244', '62', '696', '519', '454', '640', '678']
['470', '564', '274', '672', '627', '647', '607', '172', '305', '77', '517', '319', '146', '45', '474', '533', '342', '665', '20', '695', '428', '457', '3', '264', '273', '400', '471']
['689', '133', '115', '494', '276', '295', '19', '280', '520', '217', '25', '248', '60', '464']
['492', '512', '343', '91', '44', '372', '105', '40', '242', '699', '616', '408', '236', '651', '339', '196', '407', '316', '386', '403', '307']
['552', '350', '80', '308', '445', '78', '213', '440', '648', '43', '363', '638', '656', '568', '288', '358', '52', '348', '93', '272', '162', '311', '84', '504', '241', '11']
['124', '495', '277', '98', '75', '371', '666', '360', '70', '420', '329', '437', '497', '79', '456', '30', '73', '197', '680', '83', '184', '334', '211']
['41', '228', '335', '221', '675', '516', '161', '142', '659', '328', '670', '671', '352', '451', '47', '599', '673', '364', '59', '505', '406', '317', '340', '384', '230']
['173', '216', '424', '293', '485', '114', '327', '658', '477', '6', '132', '569', '355', '685', '8', '333', '662', '480', '510', '128', '56', '39', '541', '298', '417', '557', '58', '166', '361', '318']
['260', '285', '147', '410', '565', '679', '111', '4', '368', '472', '163', '389', '21', '156', '94', '112', '131', '548', '15', '28', '677', '313', '535']
['573', '488', '613', '610', '232', '259', '478', '158', '507', '153', '506', '444', '637', '268', '291', '498', '436', '223', '178', '455', '414', '546', '151', '592', '460', '554', '289', '540', '602', '486']
['448', '664', '262', '491', '432', '442', '667', '338', '63', '379', '107', '282', '542', '155', '23', '325', '67', '391', '207', '576', '395']
['50', '584', '501', '144', '224', '618', '574', '97', '381', '218', '251', '71', '652', '449', '543', '186', '0', '438', '38']
['641', '271', '611', '405', '26', '215', '439', '380', '393', '529', '69', '589', '16', '571', '629', '269', '661', '397', '697', '427', '324', '183']
['374', '17', '496', '18', '525', '606', '14', '531', '336', '46', '32', '160', '422', '235', '479', '676', '655', '222', '88', '601']
['256', '660', '120', '522', '48', '187', '508', '257', '511', '292', '53', '604', '296', '499', '553']
['431', '118', '586', '51', '103', '258', '578', '453', '65', '654', '365', '461', '208', '382', '57', '5', '392', '509', '583', '270', '650', '582', '279', '143', '550', '452']
